[0.132s] Invoking command in '/ros2/carbi/build/rplidar_ros': CMAKE_PREFIX_PATH=${CMAKE_PREFIX_PATH}:/opt/ros/humble /usr/bin/cmake --build /ros2/carbi/build/rplidar_ros -- -j4 -l4
[0.345s] [ 77%] Built target rplidar_composition_node
[0.395s] [100%] Built target rplidar_composition
[0.445s] Invoked command in '/ros2/carbi/build/rplidar_ros' returned '0': CMAKE_PREFIX_PATH=${CMAKE_PREFIX_PATH}:/opt/ros/humble /usr/bin/cmake --build /ros2/carbi/build/rplidar_ros -- -j4 -l4
[0.548s] Invoking command in '/ros2/carbi/build/rplidar_ros': CMAKE_PREFIX_PATH=${CMAKE_PREFIX_PATH}:/opt/ros/humble /usr/bin/cmake --install /ros2/carbi/build/rplidar_ros
[0.564s] -- Install configuration: ""
[0.564s] -- Up-to-date: /ros2/carbi/install/rplidar_ros/lib/rplidar_ros/rplidar_composition
[0.565s] -- Up-to-date: /ros2/carbi/install/rplidar_ros/share/rplidar_ros/launch
[0.565s] -- Up-to-date: /ros2/carbi/install/rplidar_ros/share/rplidar_ros/launch/rplidar_s1.launch.py
[0.565s] -- Up-to-date: /ros2/carbi/install/rplidar_ros/share/rplidar_ros/launch/rplidar.launch.py
[0.565s] -- Up-to-date: /ros2/carbi/install/rplidar_ros/share/rplidar_ros/launch/rplidar_a3.launch.py
[0.565s] -- Up-to-date: /ros2/carbi/install/rplidar_ros/share/rplidar_ros/launch/view_rplidar_a3.launch.py
[0.565s] -- Up-to-date: /ros2/carbi/install/rplidar_ros/share/rplidar_ros/launch/view_rplidar_s1_tcp.launch.py
[0.565s] -- Up-to-date: /ros2/carbi/install/rplidar_ros/share/rplidar_ros/launch/test_rplidar_a3.launch.py
[0.565s] -- Up-to-date: /ros2/carbi/install/rplidar_ros/share/rplidar_ros/launch/view_rplidar.launch.py
[0.565s] -- Up-to-date: /ros2/carbi/install/rplidar_ros/share/rplidar_ros/launch/view_rplidar_s1.launch.py
[0.565s] -- Up-to-date: /ros2/carbi/install/rplidar_ros/share/rplidar_ros/launch/rplidar_s1_tcp.launch.py
[0.566s] -- Up-to-date: /ros2/carbi/install/rplidar_ros/share/rplidar_ros/rviz
[0.566s] -- Up-to-date: /ros2/carbi/install/rplidar_ros/share/rplidar_ros/rviz/rplidar.rviz
[0.566s] -- Up-to-date: /ros2/carbi/install/rplidar_ros/lib/librplidar_composition_node.so
[0.566s] -- Up-to-date: /ros2/carbi/install/rplidar_ros/include
[0.566s] -- Up-to-date: /ros2/carbi/install/rplidar_ros/include/rplidar_node.hpp
[0.566s] -- Up-to-date: /ros2/carbi/install/rplidar_ros/include/visibility.h
[0.566s] -- Up-to-date: /ros2/carbi/install/rplidar_ros/lib/rplidar_ros/rplidar_composition
[0.566s] -- Up-to-date: /ros2/carbi/install/rplidar_ros/share/ament_index/resource_index/package_run_dependencies/rplidar_ros
[0.566s] -- Up-to-date: /ros2/carbi/install/rplidar_ros/share/ament_index/resource_index/parent_prefix_path/rplidar_ros
[0.566s] -- Up-to-date: /ros2/carbi/install/rplidar_ros/share/rplidar_ros/environment/ament_prefix_path.sh
[0.566s] -- Up-to-date: /ros2/carbi/install/rplidar_ros/share/rplidar_ros/environment/ament_prefix_path.dsv
[0.567s] -- Up-to-date: /ros2/carbi/install/rplidar_ros/share/rplidar_ros/environment/path.sh
[0.567s] -- Up-to-date: /ros2/carbi/install/rplidar_ros/share/rplidar_ros/environment/path.dsv
[0.567s] -- Up-to-date: /ros2/carbi/install/rplidar_ros/share/rplidar_ros/local_setup.bash
[0.567s] -- Up-to-date: /ros2/carbi/install/rplidar_ros/share/rplidar_ros/local_setup.sh
[0.567s] -- Up-to-date: /ros2/carbi/install/rplidar_ros/share/rplidar_ros/local_setup.zsh
[0.567s] -- Up-to-date: /ros2/carbi/install/rplidar_ros/share/rplidar_ros/local_setup.dsv
[0.567s] -- Installing: /ros2/carbi/install/rplidar_ros/share/rplidar_ros/package.dsv
[0.567s] -- Up-to-date: /ros2/carbi/install/rplidar_ros/share/ament_index/resource_index/packages/rplidar_ros
[0.567s] -- Up-to-date: /ros2/carbi/install/rplidar_ros/share/ament_index/resource_index/rclcpp_components/rplidar_ros
[0.568s] -- Up-to-date: /ros2/carbi/install/rplidar_ros/share/rplidar_ros/cmake/ament_cmake_export_dependencies-extras.cmake
[0.568s] -- Up-to-date: /ros2/carbi/install/rplidar_ros/share/rplidar_ros/cmake/ament_cmake_export_include_directories-extras.cmake
[0.568s] -- Up-to-date: /ros2/carbi/install/rplidar_ros/share/rplidar_ros/cmake/rplidar_rosConfig.cmake
[0.568s] -- Up-to-date: /ros2/carbi/install/rplidar_ros/share/rplidar_ros/cmake/rplidar_rosConfig-version.cmake
[0.568s] -- Up-to-date: /ros2/carbi/install/rplidar_ros/share/rplidar_ros/package.xml
[0.572s] Invoked command in '/ros2/carbi/build/rplidar_ros' returned '0': CMAKE_PREFIX_PATH=${CMAKE_PREFIX_PATH}:/opt/ros/humble /usr/bin/cmake --install /ros2/carbi/build/rplidar_ros
