[0.168s] DEBUG:colcon:Command line arguments: ['/usr/bin/colcon', 'build']
[0.168s] DEBUG:colcon:Parsed command line arguments: Namespace(log_base=None, log_level=None, verb_name='build', build_base='build', install_base='install', merge_install=False, symlink_install=False, test_result_base=None, continue_on_error=False, executor='parallel', parallel_workers=4, event_handlers=None, ignore_user_meta=False, metas=['./colcon.meta'], base_paths=['.'], packages_ignore=None, packages_ignore_regex=None, paths=None, packages_up_to=None, packages_up_to_regex=None, packages_above=None, packages_above_and_dependencies=None, packages_above_depth=None, packages_select_by_dep=None, packages_skip_by_dep=None, packages_skip_up_to=None, packages_select_build_failed=False, packages_skip_build_finished=False, packages_select_test_failures=False, packages_skip_test_passed=False, packages_select=None, packages_skip=None, packages_select_regex=None, packages_skip_regex=None, packages_start=None, packages_end=None, cmake_args=None, cmake_target=None, cmake_target_skip_unavailable=False, cmake_clean_cache=False, cmake_clean_first=False, cmake_force_configure=False, ament_cmake_args=None, catkin_cmake_args=None, catkin_skip_building_tests=False, mixin_files=None, mixin=None, verb_parser=<colcon_mixin.mixin.mixin_argument.MixinArgumentDecorator object at 0xffffafd9bf40>, verb_extension=<colcon_core.verb.build.BuildVerb object at 0xffffafd9ba00>, main=<bound method BuildVerb.main of <colcon_core.verb.build.BuildVerb object at 0xffffafd9ba00>>, mixin_verb=('build',))
[0.365s] Level 1:colcon.colcon_core.package_discovery:discover_packages(colcon_meta) check parameters
[0.366s] INFO:colcon.colcon_metadata.package_discovery.colcon_meta:Using configuration from '/root/.colcon/metadata/default/Gazebo.meta'
[0.367s] INFO:colcon.colcon_metadata.package_discovery.colcon_meta:Using configuration from '/root/.colcon/metadata/default/fastrtps.meta'
[0.367s] Level 1:colcon.colcon_core.package_discovery:discover_packages(recursive) check parameters
[0.367s] Level 1:colcon.colcon_core.package_discovery:discover_packages(ignore) check parameters
[0.367s] Level 1:colcon.colcon_core.package_discovery:discover_packages(path) check parameters
[0.367s] Level 1:colcon.colcon_core.package_discovery:discover_packages(colcon_meta) discover
[0.367s] Level 1:colcon.colcon_core.package_discovery:discover_packages(recursive) discover
[0.367s] INFO:colcon.colcon_core.package_discovery:Crawling recursively for packages in '/ros2/carbi'
[0.367s] Level 1:colcon.colcon_core.package_identification:_identify(.) by extensions ['ignore', 'ignore_ament_install']
[0.367s] Level 1:colcon.colcon_core.package_identification:_identify(.) by extension 'ignore'
[0.367s] Level 1:colcon.colcon_core.package_identification:_identify(.) by extension 'ignore_ament_install'
[0.368s] Level 1:colcon.colcon_core.package_identification:_identify(.) by extensions ['colcon_pkg']
[0.368s] Level 1:colcon.colcon_core.package_identification:_identify(.) by extension 'colcon_pkg'
[0.368s] Level 1:colcon.colcon_core.package_identification:_identify(.) by extensions ['colcon_meta']
[0.368s] Level 1:colcon.colcon_core.package_identification:_identify(.) by extension 'colcon_meta'
[0.368s] Level 1:colcon.colcon_core.package_identification:_identify(.) by extensions ['ros']
[0.368s] Level 1:colcon.colcon_core.package_identification:_identify(.) by extension 'ros'
[0.384s] Level 1:colcon.colcon_core.package_identification:_identify(.) by extensions ['cmake', 'python']
[0.384s] Level 1:colcon.colcon_core.package_identification:_identify(.) by extension 'cmake'
[0.384s] Level 1:colcon.colcon_core.package_identification:_identify(.) by extension 'python'
[0.384s] Level 1:colcon.colcon_core.package_identification:_identify(.) by extensions ['python_setup_py']
[0.385s] Level 1:colcon.colcon_core.package_identification:_identify(.) by extension 'python_setup_py'
[0.385s] Level 1:colcon.colcon_core.package_identification:_identify(build) by extensions ['ignore', 'ignore_ament_install']
[0.385s] Level 1:colcon.colcon_core.package_identification:_identify(build) by extension 'ignore'
[0.385s] Level 1:colcon.colcon_core.package_identification:_identify(build) ignored
[0.385s] Level 1:colcon.colcon_core.package_identification:_identify(install) by extensions ['ignore', 'ignore_ament_install']
[0.385s] Level 1:colcon.colcon_core.package_identification:_identify(install) by extension 'ignore'
[0.385s] Level 1:colcon.colcon_core.package_identification:_identify(install) ignored
[0.386s] Level 1:colcon.colcon_core.package_identification:_identify(log) by extensions ['ignore', 'ignore_ament_install']
[0.386s] Level 1:colcon.colcon_core.package_identification:_identify(log) by extension 'ignore'
[0.386s] Level 1:colcon.colcon_core.package_identification:_identify(log) ignored
[0.386s] Level 1:colcon.colcon_core.package_identification:_identify(src) by extensions ['ignore', 'ignore_ament_install']
[0.386s] Level 1:colcon.colcon_core.package_identification:_identify(src) by extension 'ignore'
[0.386s] Level 1:colcon.colcon_core.package_identification:_identify(src) by extension 'ignore_ament_install'
[0.386s] Level 1:colcon.colcon_core.package_identification:_identify(src) by extensions ['colcon_pkg']
[0.386s] Level 1:colcon.colcon_core.package_identification:_identify(src) by extension 'colcon_pkg'
[0.386s] Level 1:colcon.colcon_core.package_identification:_identify(src) by extensions ['colcon_meta']
[0.386s] Level 1:colcon.colcon_core.package_identification:_identify(src) by extension 'colcon_meta'
[0.386s] Level 1:colcon.colcon_core.package_identification:_identify(src) by extensions ['ros']
[0.386s] Level 1:colcon.colcon_core.package_identification:_identify(src) by extension 'ros'
[0.386s] Level 1:colcon.colcon_core.package_identification:_identify(src) by extensions ['cmake', 'python']
[0.386s] Level 1:colcon.colcon_core.package_identification:_identify(src) by extension 'cmake'
[0.386s] Level 1:colcon.colcon_core.package_identification:_identify(src) by extension 'python'
[0.386s] Level 1:colcon.colcon_core.package_identification:_identify(src) by extensions ['python_setup_py']
[0.386s] Level 1:colcon.colcon_core.package_identification:_identify(src) by extension 'python_setup_py'
[0.387s] Level 1:colcon.colcon_core.package_identification:_identify(src/carbi_bridge) by extensions ['ignore', 'ignore_ament_install']
[0.387s] Level 1:colcon.colcon_core.package_identification:_identify(src/carbi_bridge) by extension 'ignore'
[0.387s] Level 1:colcon.colcon_core.package_identification:_identify(src/carbi_bridge) by extension 'ignore_ament_install'
[0.387s] Level 1:colcon.colcon_core.package_identification:_identify(src/carbi_bridge) by extensions ['colcon_pkg']
[0.387s] Level 1:colcon.colcon_core.package_identification:_identify(src/carbi_bridge) by extension 'colcon_pkg'
[0.387s] Level 1:colcon.colcon_core.package_identification:_identify(src/carbi_bridge) by extensions ['colcon_meta']
[0.387s] Level 1:colcon.colcon_core.package_identification:_identify(src/carbi_bridge) by extension 'colcon_meta'
[0.387s] Level 1:colcon.colcon_core.package_identification:_identify(src/carbi_bridge) by extensions ['ros']
[0.387s] Level 1:colcon.colcon_core.package_identification:_identify(src/carbi_bridge) by extension 'ros'
[0.393s] DEBUG:colcon.colcon_core.package_identification:Package 'src/carbi_bridge' with type 'ros.ament_cmake' and name 'carbi_bridge'
[0.393s] Level 1:colcon.colcon_core.package_identification:_identify(src/carbi_kinematics) by extensions ['ignore', 'ignore_ament_install']
[0.394s] Level 1:colcon.colcon_core.package_identification:_identify(src/carbi_kinematics) by extension 'ignore'
[0.394s] Level 1:colcon.colcon_core.package_identification:_identify(src/carbi_kinematics) by extension 'ignore_ament_install'
[0.394s] Level 1:colcon.colcon_core.package_identification:_identify(src/carbi_kinematics) by extensions ['colcon_pkg']
[0.394s] Level 1:colcon.colcon_core.package_identification:_identify(src/carbi_kinematics) by extension 'colcon_pkg'
[0.394s] Level 1:colcon.colcon_core.package_identification:_identify(src/carbi_kinematics) by extensions ['colcon_meta']
[0.394s] Level 1:colcon.colcon_core.package_identification:_identify(src/carbi_kinematics) by extension 'colcon_meta'
[0.394s] Level 1:colcon.colcon_core.package_identification:_identify(src/carbi_kinematics) by extensions ['ros']
[0.394s] Level 1:colcon.colcon_core.package_identification:_identify(src/carbi_kinematics) by extension 'ros'
[0.395s] DEBUG:colcon.colcon_core.package_identification:Package 'src/carbi_kinematics' with type 'ros.ament_cmake' and name 'carbi_kinematics'
[0.395s] Level 1:colcon.colcon_core.package_identification:_identify(src/carbi_robot_description) by extensions ['ignore', 'ignore_ament_install']
[0.395s] Level 1:colcon.colcon_core.package_identification:_identify(src/carbi_robot_description) by extension 'ignore'
[0.395s] Level 1:colcon.colcon_core.package_identification:_identify(src/carbi_robot_description) by extension 'ignore_ament_install'
[0.395s] Level 1:colcon.colcon_core.package_identification:_identify(src/carbi_robot_description) by extensions ['colcon_pkg']
[0.395s] Level 1:colcon.colcon_core.package_identification:_identify(src/carbi_robot_description) by extension 'colcon_pkg'
[0.395s] Level 1:colcon.colcon_core.package_identification:_identify(src/carbi_robot_description) by extensions ['colcon_meta']
[0.395s] Level 1:colcon.colcon_core.package_identification:_identify(src/carbi_robot_description) by extension 'colcon_meta'
[0.396s] Level 1:colcon.colcon_core.package_identification:_identify(src/carbi_robot_description) by extensions ['ros']
[0.396s] Level 1:colcon.colcon_core.package_identification:_identify(src/carbi_robot_description) by extension 'ros'
[0.396s] DEBUG:colcon.colcon_core.package_identification:Package 'src/carbi_robot_description' with type 'ros.ament_cmake' and name 'carbi_robot_description'
[0.396s] Level 1:colcon.colcon_core.package_identification:_identify(src/carbi_sensor_interface) by extensions ['ignore', 'ignore_ament_install']
[0.396s] Level 1:colcon.colcon_core.package_identification:_identify(src/carbi_sensor_interface) by extension 'ignore'
[0.396s] Level 1:colcon.colcon_core.package_identification:_identify(src/carbi_sensor_interface) by extension 'ignore_ament_install'
[0.396s] Level 1:colcon.colcon_core.package_identification:_identify(src/carbi_sensor_interface) by extensions ['colcon_pkg']
[0.396s] Level 1:colcon.colcon_core.package_identification:_identify(src/carbi_sensor_interface) by extension 'colcon_pkg'
[0.397s] Level 1:colcon.colcon_core.package_identification:_identify(src/carbi_sensor_interface) by extensions ['colcon_meta']
[0.397s] Level 1:colcon.colcon_core.package_identification:_identify(src/carbi_sensor_interface) by extension 'colcon_meta'
[0.397s] Level 1:colcon.colcon_core.package_identification:_identify(src/carbi_sensor_interface) by extensions ['ros']
[0.397s] Level 1:colcon.colcon_core.package_identification:_identify(src/carbi_sensor_interface) by extension 'ros'
[0.397s] DEBUG:colcon.colcon_core.package_identification:Package 'src/carbi_sensor_interface' with type 'ros.ament_cmake' and name 'carbi_sensor_interface'
[0.397s] Level 1:colcon.colcon_core.package_identification:_identify(src/rplidar_ros2) by extensions ['ignore', 'ignore_ament_install']
[0.397s] Level 1:colcon.colcon_core.package_identification:_identify(src/rplidar_ros2) by extension 'ignore'
[0.397s] Level 1:colcon.colcon_core.package_identification:_identify(src/rplidar_ros2) by extension 'ignore_ament_install'
[0.397s] Level 1:colcon.colcon_core.package_identification:_identify(src/rplidar_ros2) by extensions ['colcon_pkg']
[0.398s] Level 1:colcon.colcon_core.package_identification:_identify(src/rplidar_ros2) by extension 'colcon_pkg'
[0.398s] Level 1:colcon.colcon_core.package_identification:_identify(src/rplidar_ros2) by extensions ['colcon_meta']
[0.398s] Level 1:colcon.colcon_core.package_identification:_identify(src/rplidar_ros2) by extension 'colcon_meta'
[0.398s] Level 1:colcon.colcon_core.package_identification:_identify(src/rplidar_ros2) by extensions ['ros']
[0.398s] Level 1:colcon.colcon_core.package_identification:_identify(src/rplidar_ros2) by extension 'ros'
[0.399s] DEBUG:colcon.colcon_core.package_identification:Package 'src/rplidar_ros2' with type 'ros.ament_cmake' and name 'rplidar_ros'
[0.399s] Level 1:colcon.colcon_core.package_discovery:discover_packages(recursive) using defaults
[0.399s] Level 1:colcon.colcon_core.package_discovery:discover_packages(ignore) discover
[0.399s] Level 1:colcon.colcon_core.package_discovery:discover_packages(ignore) using defaults
[0.399s] Level 1:colcon.colcon_core.package_discovery:discover_packages(path) discover
[0.399s] Level 1:colcon.colcon_core.package_discovery:discover_packages(path) using defaults
[0.425s] Level 5:colcon.colcon_core.verb:set package 'carbi_bridge' build argument 'cmake_args' from command line to 'None'
[0.425s] Level 5:colcon.colcon_core.verb:set package 'carbi_bridge' build argument 'cmake_target' from command line to 'None'
[0.425s] Level 5:colcon.colcon_core.verb:set package 'carbi_bridge' build argument 'cmake_target_skip_unavailable' from command line to 'False'
[0.425s] Level 5:colcon.colcon_core.verb:set package 'carbi_bridge' build argument 'cmake_clean_cache' from command line to 'False'
[0.426s] Level 5:colcon.colcon_core.verb:set package 'carbi_bridge' build argument 'cmake_clean_first' from command line to 'False'
[0.426s] Level 5:colcon.colcon_core.verb:set package 'carbi_bridge' build argument 'cmake_force_configure' from command line to 'False'
[0.426s] Level 5:colcon.colcon_core.verb:set package 'carbi_bridge' build argument 'ament_cmake_args' from command line to 'None'
[0.426s] Level 5:colcon.colcon_core.verb:set package 'carbi_bridge' build argument 'catkin_cmake_args' from command line to 'None'
[0.426s] Level 5:colcon.colcon_core.verb:set package 'carbi_bridge' build argument 'catkin_skip_building_tests' from command line to 'False'
[0.426s] DEBUG:colcon.colcon_core.verb:Building package 'carbi_bridge' with the following arguments: {'ament_cmake_args': None, 'build_base': '/ros2/carbi/build/carbi_bridge', 'catkin_cmake_args': None, 'catkin_skip_building_tests': False, 'cmake_args': None, 'cmake_clean_cache': False, 'cmake_clean_first': False, 'cmake_force_configure': False, 'cmake_target': None, 'cmake_target_skip_unavailable': False, 'install_base': '/ros2/carbi/install/carbi_bridge', 'merge_install': False, 'path': '/ros2/carbi/src/carbi_bridge', 'symlink_install': False, 'test_result_base': None}
[0.426s] Level 5:colcon.colcon_core.verb:set package 'carbi_kinematics' build argument 'cmake_args' from command line to 'None'
[0.426s] Level 5:colcon.colcon_core.verb:set package 'carbi_kinematics' build argument 'cmake_target' from command line to 'None'
[0.426s] Level 5:colcon.colcon_core.verb:set package 'carbi_kinematics' build argument 'cmake_target_skip_unavailable' from command line to 'False'
[0.426s] Level 5:colcon.colcon_core.verb:set package 'carbi_kinematics' build argument 'cmake_clean_cache' from command line to 'False'
[0.426s] Level 5:colcon.colcon_core.verb:set package 'carbi_kinematics' build argument 'cmake_clean_first' from command line to 'False'
[0.426s] Level 5:colcon.colcon_core.verb:set package 'carbi_kinematics' build argument 'cmake_force_configure' from command line to 'False'
[0.426s] Level 5:colcon.colcon_core.verb:set package 'carbi_kinematics' build argument 'ament_cmake_args' from command line to 'None'
[0.426s] Level 5:colcon.colcon_core.verb:set package 'carbi_kinematics' build argument 'catkin_cmake_args' from command line to 'None'
[0.426s] Level 5:colcon.colcon_core.verb:set package 'carbi_kinematics' build argument 'catkin_skip_building_tests' from command line to 'False'
[0.426s] DEBUG:colcon.colcon_core.verb:Building package 'carbi_kinematics' with the following arguments: {'ament_cmake_args': None, 'build_base': '/ros2/carbi/build/carbi_kinematics', 'catkin_cmake_args': None, 'catkin_skip_building_tests': False, 'cmake_args': None, 'cmake_clean_cache': False, 'cmake_clean_first': False, 'cmake_force_configure': False, 'cmake_target': None, 'cmake_target_skip_unavailable': False, 'install_base': '/ros2/carbi/install/carbi_kinematics', 'merge_install': False, 'path': '/ros2/carbi/src/carbi_kinematics', 'symlink_install': False, 'test_result_base': None}
[0.427s] Level 5:colcon.colcon_core.verb:set package 'carbi_robot_description' build argument 'cmake_args' from command line to 'None'
[0.427s] Level 5:colcon.colcon_core.verb:set package 'carbi_robot_description' build argument 'cmake_target' from command line to 'None'
[0.427s] Level 5:colcon.colcon_core.verb:set package 'carbi_robot_description' build argument 'cmake_target_skip_unavailable' from command line to 'False'
[0.427s] Level 5:colcon.colcon_core.verb:set package 'carbi_robot_description' build argument 'cmake_clean_cache' from command line to 'False'
[0.427s] Level 5:colcon.colcon_core.verb:set package 'carbi_robot_description' build argument 'cmake_clean_first' from command line to 'False'
[0.427s] Level 5:colcon.colcon_core.verb:set package 'carbi_robot_description' build argument 'cmake_force_configure' from command line to 'False'
[0.427s] Level 5:colcon.colcon_core.verb:set package 'carbi_robot_description' build argument 'ament_cmake_args' from command line to 'None'
[0.427s] Level 5:colcon.colcon_core.verb:set package 'carbi_robot_description' build argument 'catkin_cmake_args' from command line to 'None'
[0.427s] Level 5:colcon.colcon_core.verb:set package 'carbi_robot_description' build argument 'catkin_skip_building_tests' from command line to 'False'
[0.427s] DEBUG:colcon.colcon_core.verb:Building package 'carbi_robot_description' with the following arguments: {'ament_cmake_args': None, 'build_base': '/ros2/carbi/build/carbi_robot_description', 'catkin_cmake_args': None, 'catkin_skip_building_tests': False, 'cmake_args': None, 'cmake_clean_cache': False, 'cmake_clean_first': False, 'cmake_force_configure': False, 'cmake_target': None, 'cmake_target_skip_unavailable': False, 'install_base': '/ros2/carbi/install/carbi_robot_description', 'merge_install': False, 'path': '/ros2/carbi/src/carbi_robot_description', 'symlink_install': False, 'test_result_base': None}
[0.427s] Level 5:colcon.colcon_core.verb:set package 'carbi_sensor_interface' build argument 'cmake_args' from command line to 'None'
[0.427s] Level 5:colcon.colcon_core.verb:set package 'carbi_sensor_interface' build argument 'cmake_target' from command line to 'None'
[0.428s] Level 5:colcon.colcon_core.verb:set package 'carbi_sensor_interface' build argument 'cmake_target_skip_unavailable' from command line to 'False'
[0.428s] Level 5:colcon.colcon_core.verb:set package 'carbi_sensor_interface' build argument 'cmake_clean_cache' from command line to 'False'
[0.428s] Level 5:colcon.colcon_core.verb:set package 'carbi_sensor_interface' build argument 'cmake_clean_first' from command line to 'False'
[0.428s] Level 5:colcon.colcon_core.verb:set package 'carbi_sensor_interface' build argument 'cmake_force_configure' from command line to 'False'
[0.428s] Level 5:colcon.colcon_core.verb:set package 'carbi_sensor_interface' build argument 'ament_cmake_args' from command line to 'None'
[0.428s] Level 5:colcon.colcon_core.verb:set package 'carbi_sensor_interface' build argument 'catkin_cmake_args' from command line to 'None'
[0.428s] Level 5:colcon.colcon_core.verb:set package 'carbi_sensor_interface' build argument 'catkin_skip_building_tests' from command line to 'False'
[0.428s] DEBUG:colcon.colcon_core.verb:Building package 'carbi_sensor_interface' with the following arguments: {'ament_cmake_args': None, 'build_base': '/ros2/carbi/build/carbi_sensor_interface', 'catkin_cmake_args': None, 'catkin_skip_building_tests': False, 'cmake_args': None, 'cmake_clean_cache': False, 'cmake_clean_first': False, 'cmake_force_configure': False, 'cmake_target': None, 'cmake_target_skip_unavailable': False, 'install_base': '/ros2/carbi/install/carbi_sensor_interface', 'merge_install': False, 'path': '/ros2/carbi/src/carbi_sensor_interface', 'symlink_install': False, 'test_result_base': None}
[0.428s] Level 5:colcon.colcon_core.verb:set package 'rplidar_ros' build argument 'cmake_args' from command line to 'None'
[0.428s] Level 5:colcon.colcon_core.verb:set package 'rplidar_ros' build argument 'cmake_target' from command line to 'None'
[0.428s] Level 5:colcon.colcon_core.verb:set package 'rplidar_ros' build argument 'cmake_target_skip_unavailable' from command line to 'False'
[0.428s] Level 5:colcon.colcon_core.verb:set package 'rplidar_ros' build argument 'cmake_clean_cache' from command line to 'False'
[0.428s] Level 5:colcon.colcon_core.verb:set package 'rplidar_ros' build argument 'cmake_clean_first' from command line to 'False'
[0.428s] Level 5:colcon.colcon_core.verb:set package 'rplidar_ros' build argument 'cmake_force_configure' from command line to 'False'
[0.428s] Level 5:colcon.colcon_core.verb:set package 'rplidar_ros' build argument 'ament_cmake_args' from command line to 'None'
[0.428s] Level 5:colcon.colcon_core.verb:set package 'rplidar_ros' build argument 'catkin_cmake_args' from command line to 'None'
[0.428s] Level 5:colcon.colcon_core.verb:set package 'rplidar_ros' build argument 'catkin_skip_building_tests' from command line to 'False'
[0.428s] DEBUG:colcon.colcon_core.verb:Building package 'rplidar_ros' with the following arguments: {'ament_cmake_args': None, 'build_base': '/ros2/carbi/build/rplidar_ros', 'catkin_cmake_args': None, 'catkin_skip_building_tests': False, 'cmake_args': None, 'cmake_clean_cache': False, 'cmake_clean_first': False, 'cmake_force_configure': False, 'cmake_target': None, 'cmake_target_skip_unavailable': False, 'install_base': '/ros2/carbi/install/rplidar_ros', 'merge_install': False, 'path': '/ros2/carbi/src/rplidar_ros2', 'symlink_install': False, 'test_result_base': None}
[0.429s] INFO:colcon.colcon_core.executor:Executing jobs using 'parallel' executor
[0.430s] DEBUG:colcon.colcon_parallel_executor.executor.parallel:run_until_complete
[0.431s] INFO:colcon.colcon_ros.task.ament_cmake.build:Building ROS package in '/ros2/carbi/src/carbi_bridge' with build type 'ament_cmake'
[0.431s] INFO:colcon.colcon_cmake.task.cmake.build:Building CMake package in '/ros2/carbi/src/carbi_bridge'
[0.434s] INFO:colcon.colcon_core.plugin_system:Skipping extension 'colcon_core.shell.bat': Not used on non-Windows systems
[0.434s] INFO:colcon.colcon_core.shell:Skip shell extension 'powershell' for command environment: Not usable outside of PowerShell
[0.434s] DEBUG:colcon.colcon_core.shell:Skip shell extension 'dsv' for command environment
[0.441s] INFO:colcon.colcon_ros.task.ament_cmake.build:Building ROS package in '/ros2/carbi/src/carbi_kinematics' with build type 'ament_cmake'
[0.442s] INFO:colcon.colcon_cmake.task.cmake.build:Building CMake package in '/ros2/carbi/src/carbi_kinematics'
[0.444s] INFO:colcon.colcon_core.shell:Skip shell extension 'powershell' for command environment: Not usable outside of PowerShell
[0.444s] DEBUG:colcon.colcon_core.shell:Skip shell extension 'dsv' for command environment
[0.451s] INFO:colcon.colcon_ros.task.ament_cmake.build:Building ROS package in '/ros2/carbi/src/carbi_robot_description' with build type 'ament_cmake'
[0.452s] INFO:colcon.colcon_cmake.task.cmake.build:Building CMake package in '/ros2/carbi/src/carbi_robot_description'
[0.452s] INFO:colcon.colcon_core.shell:Skip shell extension 'powershell' for command environment: Not usable outside of PowerShell
[0.452s] DEBUG:colcon.colcon_core.shell:Skip shell extension 'dsv' for command environment
[0.459s] INFO:colcon.colcon_ros.task.ament_cmake.build:Building ROS package in '/ros2/carbi/src/carbi_sensor_interface' with build type 'ament_cmake'
[0.460s] INFO:colcon.colcon_cmake.task.cmake.build:Building CMake package in '/ros2/carbi/src/carbi_sensor_interface'
[0.460s] INFO:colcon.colcon_core.shell:Skip shell extension 'powershell' for command environment: Not usable outside of PowerShell
[0.460s] DEBUG:colcon.colcon_core.shell:Skip shell extension 'dsv' for command environment
[0.474s] DEBUG:colcon.colcon_core.event_handler.log_command:Invoking command in '/ros2/carbi/build/carbi_bridge': CMAKE_PREFIX_PATH=${CMAKE_PREFIX_PATH}:/opt/ros/humble /usr/bin/cmake --build /ros2/carbi/build/carbi_bridge -- -j4 -l4
[0.481s] DEBUG:colcon.colcon_core.event_handler.log_command:Invoking command in '/ros2/carbi/build/carbi_kinematics': CMAKE_PREFIX_PATH=${CMAKE_PREFIX_PATH}:/opt/ros/humble /usr/bin/cmake --build /ros2/carbi/build/carbi_kinematics -- -j4 -l4
[0.485s] DEBUG:colcon.colcon_core.event_handler.log_command:Invoking command in '/ros2/carbi/build/carbi_robot_description': CMAKE_PREFIX_PATH=${CMAKE_PREFIX_PATH}:/opt/ros/humble /usr/bin/cmake --build /ros2/carbi/build/carbi_robot_description -- -j4 -l4
[0.503s] DEBUG:colcon.colcon_core.event_handler.log_command:Invoking command in '/ros2/carbi/build/carbi_sensor_interface': CMAKE_PREFIX_PATH=${CMAKE_PREFIX_PATH}:/opt/ros/humble /usr/bin/cmake --build /ros2/carbi/build/carbi_sensor_interface -- -j4 -l4
[0.580s] DEBUG:colcon.colcon_core.event_handler.log_command:Invoked command in '/ros2/carbi/build/carbi_bridge' returned '0': CMAKE_PREFIX_PATH=${CMAKE_PREFIX_PATH}:/opt/ros/humble /usr/bin/cmake --build /ros2/carbi/build/carbi_bridge -- -j4 -l4
[0.589s] DEBUG:colcon.colcon_core.event_handler.log_command:Invoked command in '/ros2/carbi/build/carbi_kinematics' returned '0': CMAKE_PREFIX_PATH=${CMAKE_PREFIX_PATH}:/opt/ros/humble /usr/bin/cmake --build /ros2/carbi/build/carbi_kinematics -- -j4 -l4
[0.601s] DEBUG:colcon.colcon_core.event_handler.log_command:Invoked command in '/ros2/carbi/build/carbi_robot_description' returned '0': CMAKE_PREFIX_PATH=${CMAKE_PREFIX_PATH}:/opt/ros/humble /usr/bin/cmake --build /ros2/carbi/build/carbi_robot_description -- -j4 -l4
[0.620s] DEBUG:colcon.colcon_core.event_handler.log_command:Invoked command in '/ros2/carbi/build/carbi_sensor_interface' returned '0': CMAKE_PREFIX_PATH=${CMAKE_PREFIX_PATH}:/opt/ros/humble /usr/bin/cmake --build /ros2/carbi/build/carbi_sensor_interface -- -j4 -l4
[0.704s] DEBUG:colcon.colcon_core.event_handler.log_command:Invoking command in '/ros2/carbi/build/carbi_bridge': CMAKE_PREFIX_PATH=${CMAKE_PREFIX_PATH}:/opt/ros/humble /usr/bin/cmake --install /ros2/carbi/build/carbi_bridge
[0.708s] DEBUG:colcon.colcon_core.event_handler.log_command:Invoking command in '/ros2/carbi/build/carbi_kinematics': CMAKE_PREFIX_PATH=${CMAKE_PREFIX_PATH}:/opt/ros/humble /usr/bin/cmake --install /ros2/carbi/build/carbi_kinematics
[0.713s] DEBUG:colcon.colcon_core.event_handler.log_command:Invoking command in '/ros2/carbi/build/carbi_robot_description': CMAKE_PREFIX_PATH=${CMAKE_PREFIX_PATH}:/opt/ros/humble /usr/bin/cmake --install /ros2/carbi/build/carbi_robot_description
[0.731s] DEBUG:colcon.colcon_core.event_handler.log_command:Invoking command in '/ros2/carbi/build/carbi_sensor_interface': CMAKE_PREFIX_PATH=${CMAKE_PREFIX_PATH}:/opt/ros/humble /usr/bin/cmake --install /ros2/carbi/build/carbi_sensor_interface
[0.739s] Level 1:colcon.colcon_core.environment:create_environment_scripts_only(carbi_bridge)
[0.743s] DEBUG:colcon.colcon_core.event_handler.log_command:Invoked command in '/ros2/carbi/build/carbi_bridge' returned '0': CMAKE_PREFIX_PATH=${CMAKE_PREFIX_PATH}:/opt/ros/humble /usr/bin/cmake --install /ros2/carbi/build/carbi_bridge
[0.750s] Level 1:colcon.colcon_core.environment:checking '/ros2/carbi/install/carbi_bridge' for CMake module files
[0.753s] Level 1:colcon.colcon_core.environment:checking '/ros2/carbi/install/carbi_bridge' for CMake config files
[0.753s] Level 1:colcon.colcon_core.shell:create_environment_hook('carbi_bridge', 'cmake_prefix_path')
[0.754s] INFO:colcon.colcon_core.shell:Creating environment hook '/ros2/carbi/install/carbi_bridge/share/carbi_bridge/hook/cmake_prefix_path.ps1'
[0.755s] INFO:colcon.colcon_core.shell:Creating environment descriptor '/ros2/carbi/install/carbi_bridge/share/carbi_bridge/hook/cmake_prefix_path.dsv'
[0.756s] INFO:colcon.colcon_core.shell:Creating environment hook '/ros2/carbi/install/carbi_bridge/share/carbi_bridge/hook/cmake_prefix_path.sh'
[0.758s] Level 1:colcon.colcon_core.environment:checking '/ros2/carbi/install/carbi_bridge/lib'
[0.759s] Level 1:colcon.colcon_core.environment:checking '/ros2/carbi/install/carbi_bridge/bin'
[0.759s] Level 1:colcon.colcon_core.environment:checking '/ros2/carbi/install/carbi_bridge/lib/pkgconfig/carbi_bridge.pc'
[0.764s] Level 1:colcon.colcon_core.environment:checking '/ros2/carbi/install/carbi_bridge/lib/python3.10/site-packages'
[0.764s] Level 1:colcon.colcon_core.environment:checking '/ros2/carbi/install/carbi_bridge/bin'
[0.771s] INFO:colcon.colcon_core.shell:Creating package script '/ros2/carbi/install/carbi_bridge/share/carbi_bridge/package.ps1'
[0.774s] INFO:colcon.colcon_core.shell:Creating package descriptor '/ros2/carbi/install/carbi_bridge/share/carbi_bridge/package.dsv'
[0.776s] INFO:colcon.colcon_core.shell:Creating package script '/ros2/carbi/install/carbi_bridge/share/carbi_bridge/package.sh'
[0.777s] INFO:colcon.colcon_core.shell:Creating package script '/ros2/carbi/install/carbi_bridge/share/carbi_bridge/package.bash'
[0.779s] INFO:colcon.colcon_core.shell:Creating package script '/ros2/carbi/install/carbi_bridge/share/carbi_bridge/package.zsh'
[0.781s] Level 1:colcon.colcon_core.environment:create_file_with_runtime_dependencies(/ros2/carbi/install/carbi_bridge/share/colcon-core/packages/carbi_bridge)
[0.795s] Level 1:colcon.colcon_core.environment:create_environment_scripts_only(carbi_kinematics)
[0.796s] Level 1:colcon.colcon_core.environment:checking '/ros2/carbi/install/carbi_kinematics' for CMake module files
[0.797s] Level 1:colcon.colcon_core.environment:checking '/ros2/carbi/install/carbi_kinematics' for CMake config files
[0.798s] Level 1:colcon.colcon_core.shell:create_environment_hook('carbi_kinematics', 'cmake_prefix_path')
[0.798s] INFO:colcon.colcon_core.shell:Creating environment hook '/ros2/carbi/install/carbi_kinematics/share/carbi_kinematics/hook/cmake_prefix_path.ps1'
[0.800s] INFO:colcon.colcon_core.shell:Creating environment descriptor '/ros2/carbi/install/carbi_kinematics/share/carbi_kinematics/hook/cmake_prefix_path.dsv'
[0.801s] DEBUG:colcon.colcon_core.event_handler.log_command:Invoked command in '/ros2/carbi/build/carbi_kinematics' returned '0': CMAKE_PREFIX_PATH=${CMAKE_PREFIX_PATH}:/opt/ros/humble /usr/bin/cmake --install /ros2/carbi/build/carbi_kinematics
[0.801s] INFO:colcon.colcon_core.shell:Creating environment hook '/ros2/carbi/install/carbi_kinematics/share/carbi_kinematics/hook/cmake_prefix_path.sh'
[0.803s] Level 1:colcon.colcon_core.environment:checking '/ros2/carbi/install/carbi_kinematics/lib'
[0.804s] Level 1:colcon.colcon_core.environment:checking '/ros2/carbi/install/carbi_kinematics/bin'
[0.804s] Level 1:colcon.colcon_core.environment:checking '/ros2/carbi/install/carbi_kinematics/lib/pkgconfig/carbi_kinematics.pc'
[0.805s] Level 1:colcon.colcon_core.environment:checking '/ros2/carbi/install/carbi_kinematics/lib/python3.10/site-packages'
[0.805s] Level 1:colcon.colcon_core.environment:checking '/ros2/carbi/install/carbi_kinematics/bin'
[0.806s] INFO:colcon.colcon_core.shell:Creating package script '/ros2/carbi/install/carbi_kinematics/share/carbi_kinematics/package.ps1'
[0.810s] INFO:colcon.colcon_core.shell:Creating package descriptor '/ros2/carbi/install/carbi_kinematics/share/carbi_kinematics/package.dsv'
[0.811s] INFO:colcon.colcon_core.shell:Creating package script '/ros2/carbi/install/carbi_kinematics/share/carbi_kinematics/package.sh'
[0.817s] INFO:colcon.colcon_core.shell:Creating package script '/ros2/carbi/install/carbi_kinematics/share/carbi_kinematics/package.bash'
[0.819s] INFO:colcon.colcon_core.shell:Creating package script '/ros2/carbi/install/carbi_kinematics/share/carbi_kinematics/package.zsh'
[0.821s] Level 1:colcon.colcon_core.environment:create_file_with_runtime_dependencies(/ros2/carbi/install/carbi_kinematics/share/colcon-core/packages/carbi_kinematics)
[0.837s] Level 1:colcon.colcon_core.environment:create_environment_scripts_only(carbi_robot_description)
[0.839s] Level 1:colcon.colcon_core.environment:checking '/ros2/carbi/install/carbi_robot_description' for CMake module files
[0.840s] DEBUG:colcon.colcon_core.event_handler.log_command:Invoked command in '/ros2/carbi/build/carbi_robot_description' returned '0': CMAKE_PREFIX_PATH=${CMAKE_PREFIX_PATH}:/opt/ros/humble /usr/bin/cmake --install /ros2/carbi/build/carbi_robot_description
[0.842s] Level 1:colcon.colcon_core.environment:checking '/ros2/carbi/install/carbi_robot_description' for CMake config files
[0.844s] Level 1:colcon.colcon_core.shell:create_environment_hook('carbi_robot_description', 'cmake_prefix_path')
[0.847s] INFO:colcon.colcon_core.shell:Creating environment hook '/ros2/carbi/install/carbi_robot_description/share/carbi_robot_description/hook/cmake_prefix_path.ps1'
[0.851s] INFO:colcon.colcon_core.shell:Creating environment descriptor '/ros2/carbi/install/carbi_robot_description/share/carbi_robot_description/hook/cmake_prefix_path.dsv'
[0.859s] INFO:colcon.colcon_core.shell:Creating environment hook '/ros2/carbi/install/carbi_robot_description/share/carbi_robot_description/hook/cmake_prefix_path.sh'
[0.863s] Level 1:colcon.colcon_core.environment:checking '/ros2/carbi/install/carbi_robot_description/bin'
[0.863s] Level 1:colcon.colcon_core.environment:checking '/ros2/carbi/install/carbi_robot_description/lib/pkgconfig/carbi_robot_description.pc'
[0.864s] Level 1:colcon.colcon_core.environment:checking '/ros2/carbi/install/carbi_robot_description/lib/python3.10/site-packages'
[0.864s] Level 1:colcon.colcon_core.environment:checking '/ros2/carbi/install/carbi_robot_description/bin'
[0.865s] INFO:colcon.colcon_core.shell:Creating package script '/ros2/carbi/install/carbi_robot_description/share/carbi_robot_description/package.ps1'
[0.872s] INFO:colcon.colcon_core.shell:Creating package descriptor '/ros2/carbi/install/carbi_robot_description/share/carbi_robot_description/package.dsv'
[0.887s] INFO:colcon.colcon_core.shell:Creating package script '/ros2/carbi/install/carbi_robot_description/share/carbi_robot_description/package.sh'
[0.888s] INFO:colcon.colcon_core.shell:Creating package script '/ros2/carbi/install/carbi_robot_description/share/carbi_robot_description/package.bash'
[0.889s] INFO:colcon.colcon_core.shell:Creating package script '/ros2/carbi/install/carbi_robot_description/share/carbi_robot_description/package.zsh'
[0.890s] Level 1:colcon.colcon_core.environment:create_file_with_runtime_dependencies(/ros2/carbi/install/carbi_robot_description/share/colcon-core/packages/carbi_robot_description)
[0.896s] Level 1:colcon.colcon_core.environment:create_environment_scripts_only(carbi_sensor_interface)
[0.897s] DEBUG:colcon.colcon_core.event_handler.log_command:Invoked command in '/ros2/carbi/build/carbi_sensor_interface' returned '0': CMAKE_PREFIX_PATH=${CMAKE_PREFIX_PATH}:/opt/ros/humble /usr/bin/cmake --install /ros2/carbi/build/carbi_sensor_interface
[0.897s] Level 1:colcon.colcon_core.environment:checking '/ros2/carbi/install/carbi_sensor_interface' for CMake module files
[0.898s] Level 1:colcon.colcon_core.environment:checking '/ros2/carbi/install/carbi_sensor_interface' for CMake config files
[0.899s] Level 1:colcon.colcon_core.shell:create_environment_hook('carbi_sensor_interface', 'cmake_prefix_path')
[0.900s] INFO:colcon.colcon_core.shell:Creating environment hook '/ros2/carbi/install/carbi_sensor_interface/share/carbi_sensor_interface/hook/cmake_prefix_path.ps1'
[0.901s] INFO:colcon.colcon_core.shell:Creating environment descriptor '/ros2/carbi/install/carbi_sensor_interface/share/carbi_sensor_interface/hook/cmake_prefix_path.dsv'
[0.902s] INFO:colcon.colcon_core.shell:Creating environment hook '/ros2/carbi/install/carbi_sensor_interface/share/carbi_sensor_interface/hook/cmake_prefix_path.sh'
[0.909s] Level 1:colcon.colcon_core.environment:checking '/ros2/carbi/install/carbi_sensor_interface/lib'
[0.909s] Level 1:colcon.colcon_core.environment:checking '/ros2/carbi/install/carbi_sensor_interface/bin'
[0.909s] Level 1:colcon.colcon_core.environment:checking '/ros2/carbi/install/carbi_sensor_interface/lib/pkgconfig/carbi_sensor_interface.pc'
[0.910s] Level 1:colcon.colcon_core.environment:checking '/ros2/carbi/install/carbi_sensor_interface/lib/python3.10/site-packages'
[0.911s] Level 1:colcon.colcon_core.environment:checking '/ros2/carbi/install/carbi_sensor_interface/bin'
[0.912s] INFO:colcon.colcon_core.shell:Creating package script '/ros2/carbi/install/carbi_sensor_interface/share/carbi_sensor_interface/package.ps1'
[0.918s] INFO:colcon.colcon_core.shell:Creating package descriptor '/ros2/carbi/install/carbi_sensor_interface/share/carbi_sensor_interface/package.dsv'
[0.919s] INFO:colcon.colcon_core.shell:Creating package script '/ros2/carbi/install/carbi_sensor_interface/share/carbi_sensor_interface/package.sh'
[0.920s] INFO:colcon.colcon_core.shell:Creating package script '/ros2/carbi/install/carbi_sensor_interface/share/carbi_sensor_interface/package.bash'
[0.921s] INFO:colcon.colcon_core.shell:Creating package script '/ros2/carbi/install/carbi_sensor_interface/share/carbi_sensor_interface/package.zsh'
[0.922s] Level 1:colcon.colcon_core.environment:create_file_with_runtime_dependencies(/ros2/carbi/install/carbi_sensor_interface/share/colcon-core/packages/carbi_sensor_interface)
[0.935s] Level 1:colcon.colcon_core.environment:create_environment_scripts_only(carbi_bridge)
[0.936s] Level 1:colcon.colcon_core.environment:checking '/ros2/carbi/install/carbi_bridge' for CMake module files
[0.937s] Level 1:colcon.colcon_core.environment:checking '/ros2/carbi/install/carbi_bridge' for CMake config files
[0.937s] Level 1:colcon.colcon_core.shell:create_environment_hook('carbi_bridge', 'cmake_prefix_path')
[0.938s] INFO:colcon.colcon_core.shell:Creating environment hook '/ros2/carbi/install/carbi_bridge/share/carbi_bridge/hook/cmake_prefix_path.ps1'
[0.947s] INFO:colcon.colcon_core.shell:Creating environment descriptor '/ros2/carbi/install/carbi_bridge/share/carbi_bridge/hook/cmake_prefix_path.dsv'
[0.948s] INFO:colcon.colcon_core.shell:Creating environment hook '/ros2/carbi/install/carbi_bridge/share/carbi_bridge/hook/cmake_prefix_path.sh'
[0.950s] Level 1:colcon.colcon_core.environment:checking '/ros2/carbi/install/carbi_bridge/lib'
[0.950s] Level 1:colcon.colcon_core.environment:checking '/ros2/carbi/install/carbi_bridge/bin'
[0.952s] Level 1:colcon.colcon_core.environment:checking '/ros2/carbi/install/carbi_bridge/lib/pkgconfig/carbi_bridge.pc'
[0.952s] Level 1:colcon.colcon_core.environment:checking '/ros2/carbi/install/carbi_bridge/lib/python3.10/site-packages'
[0.953s] Level 1:colcon.colcon_core.environment:checking '/ros2/carbi/install/carbi_bridge/bin'
[0.954s] INFO:colcon.colcon_core.shell:Creating package script '/ros2/carbi/install/carbi_bridge/share/carbi_bridge/package.ps1'
[0.958s] INFO:colcon.colcon_core.shell:Creating package descriptor '/ros2/carbi/install/carbi_bridge/share/carbi_bridge/package.dsv'
[0.961s] INFO:colcon.colcon_core.shell:Creating package script '/ros2/carbi/install/carbi_bridge/share/carbi_bridge/package.sh'
[0.963s] INFO:colcon.colcon_core.shell:Creating package script '/ros2/carbi/install/carbi_bridge/share/carbi_bridge/package.bash'
[0.966s] INFO:colcon.colcon_core.shell:Creating package script '/ros2/carbi/install/carbi_bridge/share/carbi_bridge/package.zsh'
[0.967s] Level 1:colcon.colcon_core.environment:create_file_with_runtime_dependencies(/ros2/carbi/install/carbi_bridge/share/colcon-core/packages/carbi_bridge)
[0.974s] INFO:colcon.colcon_ros.task.ament_cmake.build:Building ROS package in '/ros2/carbi/src/rplidar_ros2' with build type 'ament_cmake'
[0.975s] INFO:colcon.colcon_cmake.task.cmake.build:Building CMake package in '/ros2/carbi/src/rplidar_ros2'
[0.976s] INFO:colcon.colcon_core.shell:Skip shell extension 'powershell' for command environment: Not usable outside of PowerShell
[0.976s] DEBUG:colcon.colcon_core.shell:Skip shell extension 'dsv' for command environment
[1.003s] DEBUG:colcon.colcon_core.event_handler.log_command:Invoking command in '/ros2/carbi/build/rplidar_ros': CMAKE_PREFIX_PATH=${CMAKE_PREFIX_PATH}:/opt/ros/humble /usr/bin/cmake --build /ros2/carbi/build/rplidar_ros -- -j4 -l4
[1.024s] Level 1:colcon.colcon_core.environment:create_environment_scripts_only(carbi_robot_description)
[1.025s] Level 1:colcon.colcon_core.environment:checking '/ros2/carbi/install/carbi_robot_description' for CMake module files
[1.028s] Level 1:colcon.colcon_core.environment:checking '/ros2/carbi/install/carbi_robot_description' for CMake config files
[1.036s] Level 1:colcon.colcon_core.shell:create_environment_hook('carbi_robot_description', 'cmake_prefix_path')
[1.037s] INFO:colcon.colcon_core.shell:Creating environment hook '/ros2/carbi/install/carbi_robot_description/share/carbi_robot_description/hook/cmake_prefix_path.ps1'
[1.039s] INFO:colcon.colcon_core.shell:Creating environment descriptor '/ros2/carbi/install/carbi_robot_description/share/carbi_robot_description/hook/cmake_prefix_path.dsv'
[1.040s] INFO:colcon.colcon_core.shell:Creating environment hook '/ros2/carbi/install/carbi_robot_description/share/carbi_robot_description/hook/cmake_prefix_path.sh'
[1.044s] Level 1:colcon.colcon_core.environment:checking '/ros2/carbi/install/carbi_robot_description/bin'
[1.045s] Level 1:colcon.colcon_core.environment:checking '/ros2/carbi/install/carbi_robot_description/lib/pkgconfig/carbi_robot_description.pc'
[1.046s] Level 1:colcon.colcon_core.environment:checking '/ros2/carbi/install/carbi_robot_description/lib/python3.10/site-packages'
[1.046s] Level 1:colcon.colcon_core.environment:checking '/ros2/carbi/install/carbi_robot_description/bin'
[1.047s] INFO:colcon.colcon_core.shell:Creating package script '/ros2/carbi/install/carbi_robot_description/share/carbi_robot_description/package.ps1'
[1.050s] INFO:colcon.colcon_core.shell:Creating package descriptor '/ros2/carbi/install/carbi_robot_description/share/carbi_robot_description/package.dsv'
[1.052s] INFO:colcon.colcon_core.shell:Creating package script '/ros2/carbi/install/carbi_robot_description/share/carbi_robot_description/package.sh'
[1.054s] INFO:colcon.colcon_core.shell:Creating package script '/ros2/carbi/install/carbi_robot_description/share/carbi_robot_description/package.bash'
[1.056s] INFO:colcon.colcon_core.shell:Creating package script '/ros2/carbi/install/carbi_robot_description/share/carbi_robot_description/package.zsh'
[1.058s] Level 1:colcon.colcon_core.environment:create_file_with_runtime_dependencies(/ros2/carbi/install/carbi_robot_description/share/colcon-core/packages/carbi_robot_description)
[1.065s] Level 1:colcon.colcon_core.environment:create_environment_scripts_only(carbi_kinematics)
[1.066s] Level 1:colcon.colcon_core.environment:checking '/ros2/carbi/install/carbi_kinematics' for CMake module files
[1.067s] Level 1:colcon.colcon_core.environment:checking '/ros2/carbi/install/carbi_kinematics' for CMake config files
[1.069s] Level 1:colcon.colcon_core.shell:create_environment_hook('carbi_kinematics', 'cmake_prefix_path')
[1.070s] INFO:colcon.colcon_core.shell:Creating environment hook '/ros2/carbi/install/carbi_kinematics/share/carbi_kinematics/hook/cmake_prefix_path.ps1'
[1.073s] INFO:colcon.colcon_core.shell:Creating environment descriptor '/ros2/carbi/install/carbi_kinematics/share/carbi_kinematics/hook/cmake_prefix_path.dsv'
[1.074s] INFO:colcon.colcon_core.shell:Creating environment hook '/ros2/carbi/install/carbi_kinematics/share/carbi_kinematics/hook/cmake_prefix_path.sh'
[1.076s] Level 1:colcon.colcon_core.environment:checking '/ros2/carbi/install/carbi_kinematics/lib'
[1.076s] Level 1:colcon.colcon_core.environment:checking '/ros2/carbi/install/carbi_kinematics/bin'
[1.076s] Level 1:colcon.colcon_core.environment:checking '/ros2/carbi/install/carbi_kinematics/lib/pkgconfig/carbi_kinematics.pc'
[1.081s] Level 1:colcon.colcon_core.environment:checking '/ros2/carbi/install/carbi_kinematics/lib/python3.10/site-packages'
[1.082s] Level 1:colcon.colcon_core.environment:checking '/ros2/carbi/install/carbi_kinematics/bin'
[1.083s] INFO:colcon.colcon_core.shell:Creating package script '/ros2/carbi/install/carbi_kinematics/share/carbi_kinematics/package.ps1'
[1.084s] INFO:colcon.colcon_core.shell:Creating package descriptor '/ros2/carbi/install/carbi_kinematics/share/carbi_kinematics/package.dsv'
[1.085s] INFO:colcon.colcon_core.shell:Creating package script '/ros2/carbi/install/carbi_kinematics/share/carbi_kinematics/package.sh'
[1.086s] INFO:colcon.colcon_core.shell:Creating package script '/ros2/carbi/install/carbi_kinematics/share/carbi_kinematics/package.bash'
[1.087s] INFO:colcon.colcon_core.shell:Creating package script '/ros2/carbi/install/carbi_kinematics/share/carbi_kinematics/package.zsh'
[1.090s] Level 1:colcon.colcon_core.environment:create_file_with_runtime_dependencies(/ros2/carbi/install/carbi_kinematics/share/colcon-core/packages/carbi_kinematics)
[1.095s] Level 1:colcon.colcon_core.environment:create_environment_scripts_only(carbi_sensor_interface)
[1.096s] Level 1:colcon.colcon_core.environment:checking '/ros2/carbi/install/carbi_sensor_interface' for CMake module files
[1.098s] Level 1:colcon.colcon_core.environment:checking '/ros2/carbi/install/carbi_sensor_interface' for CMake config files
[1.099s] Level 1:colcon.colcon_core.shell:create_environment_hook('carbi_sensor_interface', 'cmake_prefix_path')
[1.100s] INFO:colcon.colcon_core.shell:Creating environment hook '/ros2/carbi/install/carbi_sensor_interface/share/carbi_sensor_interface/hook/cmake_prefix_path.ps1'
[1.101s] INFO:colcon.colcon_core.shell:Creating environment descriptor '/ros2/carbi/install/carbi_sensor_interface/share/carbi_sensor_interface/hook/cmake_prefix_path.dsv'
[1.102s] INFO:colcon.colcon_core.shell:Creating environment hook '/ros2/carbi/install/carbi_sensor_interface/share/carbi_sensor_interface/hook/cmake_prefix_path.sh'
[1.103s] Level 1:colcon.colcon_core.environment:checking '/ros2/carbi/install/carbi_sensor_interface/lib'
[1.103s] Level 1:colcon.colcon_core.environment:checking '/ros2/carbi/install/carbi_sensor_interface/bin'
[1.103s] Level 1:colcon.colcon_core.environment:checking '/ros2/carbi/install/carbi_sensor_interface/lib/pkgconfig/carbi_sensor_interface.pc'
[1.104s] Level 1:colcon.colcon_core.environment:checking '/ros2/carbi/install/carbi_sensor_interface/lib/python3.10/site-packages'
[1.105s] Level 1:colcon.colcon_core.environment:checking '/ros2/carbi/install/carbi_sensor_interface/bin'
[1.105s] INFO:colcon.colcon_core.shell:Creating package script '/ros2/carbi/install/carbi_sensor_interface/share/carbi_sensor_interface/package.ps1'
[1.107s] INFO:colcon.colcon_core.shell:Creating package descriptor '/ros2/carbi/install/carbi_sensor_interface/share/carbi_sensor_interface/package.dsv'
[1.108s] INFO:colcon.colcon_core.shell:Creating package script '/ros2/carbi/install/carbi_sensor_interface/share/carbi_sensor_interface/package.sh'
[1.109s] INFO:colcon.colcon_core.shell:Creating package script '/ros2/carbi/install/carbi_sensor_interface/share/carbi_sensor_interface/package.bash'
[1.110s] INFO:colcon.colcon_core.shell:Creating package script '/ros2/carbi/install/carbi_sensor_interface/share/carbi_sensor_interface/package.zsh'
[1.111s] Level 1:colcon.colcon_core.environment:create_file_with_runtime_dependencies(/ros2/carbi/install/carbi_sensor_interface/share/colcon-core/packages/carbi_sensor_interface)
[1.323s] DEBUG:colcon.colcon_core.event_handler.log_command:Invoked command in '/ros2/carbi/build/rplidar_ros' returned '0': CMAKE_PREFIX_PATH=${CMAKE_PREFIX_PATH}:/opt/ros/humble /usr/bin/cmake --build /ros2/carbi/build/rplidar_ros -- -j4 -l4
[1.402s] DEBUG:colcon.colcon_core.event_handler.log_command:Invoking command in '/ros2/carbi/build/rplidar_ros': CMAKE_PREFIX_PATH=${CMAKE_PREFIX_PATH}:/opt/ros/humble /usr/bin/cmake --install /ros2/carbi/build/rplidar_ros
[1.424s] Level 1:colcon.colcon_core.environment:create_environment_scripts_only(rplidar_ros)
[1.425s] Level 1:colcon.colcon_core.environment:checking '/ros2/carbi/install/rplidar_ros' for CMake module files
[1.425s] DEBUG:colcon.colcon_core.event_handler.log_command:Invoked command in '/ros2/carbi/build/rplidar_ros' returned '0': CMAKE_PREFIX_PATH=${CMAKE_PREFIX_PATH}:/opt/ros/humble /usr/bin/cmake --install /ros2/carbi/build/rplidar_ros
[1.426s] Level 1:colcon.colcon_core.environment:checking '/ros2/carbi/install/rplidar_ros' for CMake config files
[1.426s] Level 1:colcon.colcon_core.shell:create_environment_hook('rplidar_ros', 'cmake_prefix_path')
[1.427s] INFO:colcon.colcon_core.shell:Creating environment hook '/ros2/carbi/install/rplidar_ros/share/rplidar_ros/hook/cmake_prefix_path.ps1'
[1.427s] INFO:colcon.colcon_core.shell:Creating environment descriptor '/ros2/carbi/install/rplidar_ros/share/rplidar_ros/hook/cmake_prefix_path.dsv'
[1.428s] INFO:colcon.colcon_core.shell:Creating environment hook '/ros2/carbi/install/rplidar_ros/share/rplidar_ros/hook/cmake_prefix_path.sh'
[1.429s] Level 1:colcon.colcon_core.environment:checking '/ros2/carbi/install/rplidar_ros/lib'
[1.429s] Level 1:colcon.colcon_core.shell:create_environment_hook('rplidar_ros', 'ld_library_path_lib')
[1.429s] INFO:colcon.colcon_core.shell:Creating environment hook '/ros2/carbi/install/rplidar_ros/share/rplidar_ros/hook/ld_library_path_lib.ps1'
[1.429s] INFO:colcon.colcon_core.shell:Creating environment descriptor '/ros2/carbi/install/rplidar_ros/share/rplidar_ros/hook/ld_library_path_lib.dsv'
[1.430s] INFO:colcon.colcon_core.shell:Creating environment hook '/ros2/carbi/install/rplidar_ros/share/rplidar_ros/hook/ld_library_path_lib.sh'
[1.430s] Level 1:colcon.colcon_core.environment:checking '/ros2/carbi/install/rplidar_ros/bin'
[1.430s] Level 1:colcon.colcon_core.environment:checking '/ros2/carbi/install/rplidar_ros/lib/pkgconfig/rplidar_ros.pc'
[1.431s] Level 1:colcon.colcon_core.environment:checking '/ros2/carbi/install/rplidar_ros/lib/python3.10/site-packages'
[1.431s] Level 1:colcon.colcon_core.environment:checking '/ros2/carbi/install/rplidar_ros/bin'
[1.431s] INFO:colcon.colcon_core.shell:Creating package script '/ros2/carbi/install/rplidar_ros/share/rplidar_ros/package.ps1'
[1.432s] INFO:colcon.colcon_core.shell:Creating package descriptor '/ros2/carbi/install/rplidar_ros/share/rplidar_ros/package.dsv'
[1.433s] INFO:colcon.colcon_core.shell:Creating package script '/ros2/carbi/install/rplidar_ros/share/rplidar_ros/package.sh'
[1.433s] INFO:colcon.colcon_core.shell:Creating package script '/ros2/carbi/install/rplidar_ros/share/rplidar_ros/package.bash'
[1.434s] INFO:colcon.colcon_core.shell:Creating package script '/ros2/carbi/install/rplidar_ros/share/rplidar_ros/package.zsh'
[1.434s] Level 1:colcon.colcon_core.environment:create_file_with_runtime_dependencies(/ros2/carbi/install/rplidar_ros/share/colcon-core/packages/rplidar_ros)
[1.518s] Level 1:colcon.colcon_core.environment:create_environment_scripts_only(rplidar_ros)
[1.518s] Level 1:colcon.colcon_core.environment:checking '/ros2/carbi/install/rplidar_ros' for CMake module files
[1.519s] Level 1:colcon.colcon_core.environment:checking '/ros2/carbi/install/rplidar_ros' for CMake config files
[1.520s] Level 1:colcon.colcon_core.shell:create_environment_hook('rplidar_ros', 'cmake_prefix_path')
[1.520s] INFO:colcon.colcon_core.shell:Creating environment hook '/ros2/carbi/install/rplidar_ros/share/rplidar_ros/hook/cmake_prefix_path.ps1'
[1.521s] INFO:colcon.colcon_core.shell:Creating environment descriptor '/ros2/carbi/install/rplidar_ros/share/rplidar_ros/hook/cmake_prefix_path.dsv'
[1.521s] INFO:colcon.colcon_core.shell:Creating environment hook '/ros2/carbi/install/rplidar_ros/share/rplidar_ros/hook/cmake_prefix_path.sh'
[1.522s] Level 1:colcon.colcon_core.environment:checking '/ros2/carbi/install/rplidar_ros/lib'
[1.522s] Level 1:colcon.colcon_core.shell:create_environment_hook('rplidar_ros', 'ld_library_path_lib')
[1.523s] INFO:colcon.colcon_core.shell:Creating environment hook '/ros2/carbi/install/rplidar_ros/share/rplidar_ros/hook/ld_library_path_lib.ps1'
[1.523s] INFO:colcon.colcon_core.shell:Creating environment descriptor '/ros2/carbi/install/rplidar_ros/share/rplidar_ros/hook/ld_library_path_lib.dsv'
[1.524s] INFO:colcon.colcon_core.shell:Creating environment hook '/ros2/carbi/install/rplidar_ros/share/rplidar_ros/hook/ld_library_path_lib.sh'
[1.524s] Level 1:colcon.colcon_core.environment:checking '/ros2/carbi/install/rplidar_ros/bin'
[1.524s] Level 1:colcon.colcon_core.environment:checking '/ros2/carbi/install/rplidar_ros/lib/pkgconfig/rplidar_ros.pc'
[1.525s] Level 1:colcon.colcon_core.environment:checking '/ros2/carbi/install/rplidar_ros/lib/python3.10/site-packages'
[1.525s] Level 1:colcon.colcon_core.environment:checking '/ros2/carbi/install/rplidar_ros/bin'
[1.526s] INFO:colcon.colcon_core.shell:Creating package script '/ros2/carbi/install/rplidar_ros/share/rplidar_ros/package.ps1'
[1.527s] INFO:colcon.colcon_core.shell:Creating package descriptor '/ros2/carbi/install/rplidar_ros/share/rplidar_ros/package.dsv'
[1.527s] INFO:colcon.colcon_core.shell:Creating package script '/ros2/carbi/install/rplidar_ros/share/rplidar_ros/package.sh'
[1.528s] INFO:colcon.colcon_core.shell:Creating package script '/ros2/carbi/install/rplidar_ros/share/rplidar_ros/package.bash'
[1.529s] INFO:colcon.colcon_core.shell:Creating package script '/ros2/carbi/install/rplidar_ros/share/rplidar_ros/package.zsh'
[1.529s] Level 1:colcon.colcon_core.environment:create_file_with_runtime_dependencies(/ros2/carbi/install/rplidar_ros/share/colcon-core/packages/rplidar_ros)
[1.530s] DEBUG:colcon.colcon_parallel_executor.executor.parallel:closing loop
[1.530s] DEBUG:colcon.colcon_parallel_executor.executor.parallel:loop closed
[1.531s] DEBUG:colcon.colcon_parallel_executor.executor.parallel:run_until_complete finished with '0'
[1.531s] DEBUG:colcon.colcon_core.event_reactor:joining thread
[1.575s] INFO:colcon.colcon_core.plugin_system:Skipping extension 'colcon_notification.desktop_notification.notify_send': Could not find 'notify-send'
[1.575s] INFO:colcon.colcon_core.plugin_system:Skipping extension 'colcon_notification.desktop_notification.terminal_notifier': Not used on non-Darwin systems
[1.575s] INFO:colcon.colcon_core.plugin_system:Skipping extension 'colcon_notification.desktop_notification.win32': Not used on non-Windows systems
[1.575s] INFO:colcon.colcon_notification.desktop_notification:Sending desktop notification using 'notify2'
[1.581s] DEBUG:colcon.colcon_notification.desktop_notification.notify2:Failed to initialize notify2: org.freedesktop.DBus.Error.Spawn.ExecFailed: /usr/bin/dbus-launch terminated abnormally without any error message
[1.581s] DEBUG:colcon.colcon_core.event_reactor:joined thread
[1.582s] INFO:colcon.colcon_core.shell:Creating prefix script '/ros2/carbi/install/local_setup.ps1'
[1.584s] INFO:colcon.colcon_core.shell:Creating prefix util module '/ros2/carbi/install/_local_setup_util_ps1.py'
[1.587s] INFO:colcon.colcon_core.shell:Creating prefix chain script '/ros2/carbi/install/setup.ps1'
[1.589s] INFO:colcon.colcon_core.shell:Creating prefix script '/ros2/carbi/install/local_setup.sh'
[1.589s] INFO:colcon.colcon_core.shell:Creating prefix util module '/ros2/carbi/install/_local_setup_util_sh.py'
[1.590s] INFO:colcon.colcon_core.shell:Creating prefix chain script '/ros2/carbi/install/setup.sh'
[1.592s] INFO:colcon.colcon_core.shell:Creating prefix script '/ros2/carbi/install/local_setup.bash'
[1.593s] INFO:colcon.colcon_core.shell:Creating prefix chain script '/ros2/carbi/install/setup.bash'
[1.594s] INFO:colcon.colcon_core.shell:Creating prefix script '/ros2/carbi/install/local_setup.zsh'
[1.595s] INFO:colcon.colcon_core.shell:Creating prefix chain script '/ros2/carbi/install/setup.zsh'
