[0.080s] Invoking command in '/ros2/carbi/build/carbi_robot_description': CMAKE_PREFIX_PATH=${CMAKE_PREFIX_PATH}:/opt/ros/humble /usr/bin/cmake --build /ros2/carbi/build/carbi_robot_description -- -j4 -l4
[0.198s] Invoked command in '/ros2/carbi/build/carbi_robot_description' returned '0': CMAKE_PREFIX_PATH=${CMAKE_PREFIX_PATH}:/opt/ros/humble /usr/bin/cmake --build /ros2/carbi/build/carbi_robot_description -- -j4 -l4
[0.341s] Invoking command in '/ros2/carbi/build/carbi_robot_description': CMAKE_PREFIX_PATH=${CMAKE_PREFIX_PATH}:/opt/ros/humble /usr/bin/cmake --install /ros2/carbi/build/carbi_robot_description
[0.382s] -- Install configuration: ""
[0.382s] -- Up-to-date: /ros2/carbi/install/carbi_robot_description/share/carbi_robot_description/launch
[0.382s] -- Up-to-date: /ros2/carbi/install/carbi_robot_description/share/carbi_robot_description/launch/display.launch.py
[0.384s] -- Up-to-date: /ros2/carbi/install/carbi_robot_description/share/carbi_robot_description/description
[0.384s] -- Up-to-date: /ros2/carbi/install/carbi_robot_description/share/carbi_robot_description/description/robot.urdf.xacro
[0.385s] -- Up-to-date: /ros2/carbi/install/carbi_robot_description/share/carbi_robot_description/description/robot_config.xacro
[0.385s] -- Up-to-date: /ros2/carbi/install/carbi_robot_description/share/carbi_robot_description/description/BGK_robot.urdf.xacro
[0.386s] -- Up-to-date: /ros2/carbi/install/carbi_robot_description/share/carbi_robot_description/rviz
[0.386s] -- Up-to-date: /ros2/carbi/install/carbi_robot_description/share/carbi_robot_description/rviz/display.rviz
[0.387s] -- Up-to-date: /ros2/carbi/install/carbi_robot_description/share/ament_index/resource_index/package_run_dependencies/carbi_robot_description
[0.387s] -- Up-to-date: /ros2/carbi/install/carbi_robot_description/share/ament_index/resource_index/parent_prefix_path/carbi_robot_description
[0.388s] -- Up-to-date: /ros2/carbi/install/carbi_robot_description/share/carbi_robot_description/environment/ament_prefix_path.sh
[0.395s] -- Up-to-date: /ros2/carbi/install/carbi_robot_description/share/carbi_robot_description/environment/ament_prefix_path.dsv
[0.397s] -- Up-to-date: /ros2/carbi/install/carbi_robot_description/share/carbi_robot_description/environment/path.sh
[0.398s] -- Up-to-date: /ros2/carbi/install/carbi_robot_description/share/carbi_robot_description/environment/path.dsv
[0.399s] -- Up-to-date: /ros2/carbi/install/carbi_robot_description/share/carbi_robot_description/local_setup.bash
[0.401s] -- Up-to-date: /ros2/carbi/install/carbi_robot_description/share/carbi_robot_description/local_setup.sh
[0.402s] -- Up-to-date: /ros2/carbi/install/carbi_robot_description/share/carbi_robot_description/local_setup.zsh
[0.403s] -- Up-to-date: /ros2/carbi/install/carbi_robot_description/share/carbi_robot_description/local_setup.dsv
[0.403s] -- Installing: /ros2/carbi/install/carbi_robot_description/share/carbi_robot_description/package.dsv
[0.421s] -- Up-to-date: /ros2/carbi/install/carbi_robot_description/share/ament_index/resource_index/packages/carbi_robot_description
[0.422s] -- Up-to-date: /ros2/carbi/install/carbi_robot_description/share/carbi_robot_description/cmake/carbi_robot_descriptionConfig.cmake
[0.422s] -- Up-to-date: /ros2/carbi/install/carbi_robot_description/share/carbi_robot_description/cmake/carbi_robot_descriptionConfig-version.cmake
[0.422s] -- Up-to-date: /ros2/carbi/install/carbi_robot_description/share/carbi_robot_description/package.xml
[0.497s] Invoked command in '/ros2/carbi/build/carbi_robot_description' returned '0': CMAKE_PREFIX_PATH=${CMAKE_PREFIX_PATH}:/opt/ros/humble /usr/bin/cmake --install /ros2/carbi/build/carbi_robot_description
