[0.024s] Invoking command in '/ros2/carbi/build/carbi_robot_description': CMAKE_PREFIX_PATH=/opt/ros/humble /usr/bin/cmake /ros2/carbi/src/carbi_robot_description -DCMAKE_INSTALL_PREFIX=/ros2/carbi/install/carbi_robot_description
[0.872s] -- The C compiler identification is GNU 11.4.0
[1.289s] -- The CXX compiler identification is GNU 11.4.0
[1.312s] -- Detecting C compiler ABI info
[1.516s] -- Detecting C compiler ABI info - done
[1.531s] -- Check for working C compiler: /usr/bin/cc - skipped
[1.532s] -- Detecting C compile features
[1.533s] -- Detecting C compile features - done
[1.539s] -- Detecting CXX compiler ABI info
[1.762s] -- Detecting CXX compiler ABI info - done
[1.773s] -- Check for working CXX compiler: /usr/bin/c++ - skipped
[1.773s] -- Detecting CXX compile features
[1.773s] -- Detecting CXX compile features - done
[1.784s] -- Found ament_cmake: 1.3.8 (/opt/ros/humble/share/ament_cmake/cmake)
[2.114s] -- Found Python3: /usr/bin/python3 (found version "3.10.12") found components: Interpreter 
[2.362s] -- Found ament_lint_auto: 0.12.10 (/opt/ros/humble/share/ament_lint_auto/cmake)
[2.541s] -- Added test 'flake8' to check Python code syntax and style conventions
[2.542s] -- Added test 'lint_cmake' to check CMake code style
[2.543s] -- Added test 'pep257' to check Python code against some of the docstring style conventions in PEP 257
[2.545s] -- Added test 'xmllint' to check XML markup files
[2.549s] -- Configuring done
[2.554s] -- Generating done
[2.556s] -- Build files have been written to: /ros2/carbi/build/carbi_robot_description
[2.569s] Invoked command in '/ros2/carbi/build/carbi_robot_description' returned '0': CMAKE_PREFIX_PATH=/opt/ros/humble /usr/bin/cmake /ros2/carbi/src/carbi_robot_description -DCMAKE_INSTALL_PREFIX=/ros2/carbi/install/carbi_robot_description
[2.571s] Invoking command in '/ros2/carbi/build/carbi_robot_description': CMAKE_PREFIX_PATH=/opt/ros/humble /usr/bin/cmake --build /ros2/carbi/build/carbi_robot_description -- -j4 -l4
[2.656s] Invoked command in '/ros2/carbi/build/carbi_robot_description' returned '0': CMAKE_PREFIX_PATH=/opt/ros/humble /usr/bin/cmake --build /ros2/carbi/build/carbi_robot_description -- -j4 -l4
[2.762s] Invoking command in '/ros2/carbi/build/carbi_robot_description': CMAKE_PREFIX_PATH=/opt/ros/humble /usr/bin/cmake --install /ros2/carbi/build/carbi_robot_description
[2.789s] -- Install configuration: ""
[2.789s] -- Installing: /ros2/carbi/install/carbi_robot_description/share/carbi_robot_description/launch
[2.790s] -- Installing: /ros2/carbi/install/carbi_robot_description/share/carbi_robot_description/launch/display.launch.py
[2.791s] -- Installing: /ros2/carbi/install/carbi_robot_description/share/carbi_robot_description/description
[2.791s] -- Installing: /ros2/carbi/install/carbi_robot_description/share/carbi_robot_description/description/robot.urdf.xacro
[2.792s] -- Installing: /ros2/carbi/install/carbi_robot_description/share/carbi_robot_description/description/robot_config.xacro
[2.792s] -- Installing: /ros2/carbi/install/carbi_robot_description/share/carbi_robot_description/description/BGK_robot.urdf.xacro
[2.793s] -- Installing: /ros2/carbi/install/carbi_robot_description/share/carbi_robot_description/rviz
[2.793s] -- Installing: /ros2/carbi/install/carbi_robot_description/share/carbi_robot_description/rviz/display.rviz
[2.794s] -- Installing: /ros2/carbi/install/carbi_robot_description/share/ament_index/resource_index/package_run_dependencies/carbi_robot_description
[2.794s] -- Installing: /ros2/carbi/install/carbi_robot_description/share/ament_index/resource_index/parent_prefix_path/carbi_robot_description
[2.795s] -- Installing: /ros2/carbi/install/carbi_robot_description/share/carbi_robot_description/environment/ament_prefix_path.sh
[2.795s] -- Installing: /ros2/carbi/install/carbi_robot_description/share/carbi_robot_description/environment/ament_prefix_path.dsv
[2.795s] -- Installing: /ros2/carbi/install/carbi_robot_description/share/carbi_robot_description/environment/path.sh
[2.796s] -- Installing: /ros2/carbi/install/carbi_robot_description/share/carbi_robot_description/environment/path.dsv
[2.796s] -- Installing: /ros2/carbi/install/carbi_robot_description/share/carbi_robot_description/local_setup.bash
[2.796s] -- Installing: /ros2/carbi/install/carbi_robot_description/share/carbi_robot_description/local_setup.sh
[2.797s] -- Installing: /ros2/carbi/install/carbi_robot_description/share/carbi_robot_description/local_setup.zsh
[2.797s] -- Installing: /ros2/carbi/install/carbi_robot_description/share/carbi_robot_description/local_setup.dsv
[2.797s] -- Installing: /ros2/carbi/install/carbi_robot_description/share/carbi_robot_description/package.dsv
[2.798s] -- Installing: /ros2/carbi/install/carbi_robot_description/share/ament_index/resource_index/packages/carbi_robot_description
[2.798s] -- Installing: /ros2/carbi/install/carbi_robot_description/share/carbi_robot_description/cmake/carbi_robot_descriptionConfig.cmake
[2.798s] -- Installing: /ros2/carbi/install/carbi_robot_description/share/carbi_robot_description/cmake/carbi_robot_descriptionConfig-version.cmake
[2.798s] -- Installing: /ros2/carbi/install/carbi_robot_description/share/carbi_robot_description/package.xml
[2.803s] Invoked command in '/ros2/carbi/build/carbi_robot_description' returned '0': CMAKE_PREFIX_PATH=/opt/ros/humble /usr/bin/cmake --install /ros2/carbi/build/carbi_robot_description
