[0.071s] Invoking command in '/ros2/carbi/build/carbi_bridge': CMAKE_PREFIX_PATH=${CMAKE_PREFIX_PATH}:/opt/ros/humble /usr/bin/cmake --build /ros2/carbi/build/carbi_bridge -- -j4 -l4
[0.213s] Invoked command in '/ros2/carbi/build/carbi_bridge' returned '0': CMAKE_PREFIX_PATH=${CMAKE_PREFIX_PATH}:/opt/ros/humble /usr/bin/cmake --build /ros2/carbi/build/carbi_bridge -- -j4 -l4
[0.383s] Invoking command in '/ros2/carbi/build/carbi_bridge': CMAKE_PREFIX_PATH=${CMAKE_PREFIX_PATH}:/opt/ros/humble /usr/bin/cmake --install /ros2/carbi/build/carbi_bridge
[0.426s] -- Install configuration: ""
[0.427s] -- Up-to-date: /ros2/carbi/install/carbi_bridge/lib/carbi_bridge/bridge.py
[0.427s] -- Up-to-date: /ros2/carbi/install/carbi_bridge/lib/carbi_bridge/kinematics.py
[0.427s] -- Up-to-date: /ros2/carbi/install/carbi_bridge/share/carbi_bridge/scripts
[0.427s] -- Up-to-date: /ros2/carbi/install/carbi_bridge/share/carbi_bridge/scripts/kinematics.py
[0.427s] -- Up-to-date: /ros2/carbi/install/carbi_bridge/share/carbi_bridge/scripts/bridge.py
[0.427s] -- Up-to-date: /ros2/carbi/install/carbi_bridge/share/carbi_bridge/launch
[0.427s] -- Up-to-date: /ros2/carbi/install/carbi_bridge/share/carbi_bridge/launch/carbi.launch.py
[0.428s] -- Up-to-date: /ros2/carbi/install/carbi_bridge/share/ament_index/resource_index/package_run_dependencies/carbi_bridge
[0.428s] -- Up-to-date: /ros2/carbi/install/carbi_bridge/share/ament_index/resource_index/parent_prefix_path/carbi_bridge
[0.428s] -- Up-to-date: /ros2/carbi/install/carbi_bridge/share/carbi_bridge/environment/ament_prefix_path.sh
[0.428s] -- Up-to-date: /ros2/carbi/install/carbi_bridge/share/carbi_bridge/environment/ament_prefix_path.dsv
[0.429s] -- Up-to-date: /ros2/carbi/install/carbi_bridge/share/carbi_bridge/environment/path.sh
[0.429s] -- Up-to-date: /ros2/carbi/install/carbi_bridge/share/carbi_bridge/environment/path.dsv
[0.430s] -- Up-to-date: /ros2/carbi/install/carbi_bridge/share/carbi_bridge/local_setup.bash
[0.431s] -- Up-to-date: /ros2/carbi/install/carbi_bridge/share/carbi_bridge/local_setup.sh
[0.432s] -- Up-to-date: /ros2/carbi/install/carbi_bridge/share/carbi_bridge/local_setup.zsh
[0.432s] -- Up-to-date: /ros2/carbi/install/carbi_bridge/share/carbi_bridge/local_setup.dsv
[0.433s] -- Installing: /ros2/carbi/install/carbi_bridge/share/carbi_bridge/package.dsv
[0.466s] -- Up-to-date: /ros2/carbi/install/carbi_bridge/share/ament_index/resource_index/packages/carbi_bridge
[0.466s] -- Up-to-date: /ros2/carbi/install/carbi_bridge/share/carbi_bridge/cmake/carbi_bridgeConfig.cmake
[0.466s] -- Up-to-date: /ros2/carbi/install/carbi_bridge/share/carbi_bridge/cmake/carbi_bridgeConfig-version.cmake
[0.466s] -- Up-to-date: /ros2/carbi/install/carbi_bridge/share/carbi_bridge/package.xml
[0.553s] Invoked command in '/ros2/carbi/build/carbi_bridge' returned '0': CMAKE_PREFIX_PATH=${CMAKE_PREFIX_PATH}:/opt/ros/humble /usr/bin/cmake --install /ros2/carbi/build/carbi_bridge
