[0.170s] DEBUG:colcon:Command line arguments: ['/usr/bin/colcon', 'build']
[0.171s] DEBUG:colcon:Parsed command line arguments: Namespace(log_base=None, log_level=None, verb_name='build', build_base='build', install_base='install', merge_install=False, symlink_install=False, test_result_base=None, continue_on_error=False, executor='parallel', parallel_workers=4, event_handlers=None, ignore_user_meta=False, metas=['./colcon.meta'], base_paths=['.'], packages_ignore=None, packages_ignore_regex=None, paths=None, packages_up_to=None, packages_up_to_regex=None, packages_above=None, packages_above_and_dependencies=None, packages_above_depth=None, packages_select_by_dep=None, packages_skip_by_dep=None, packages_skip_up_to=None, packages_select_build_failed=False, packages_skip_build_finished=False, packages_select_test_failures=False, packages_skip_test_passed=False, packages_select=None, packages_skip=None, packages_select_regex=None, packages_skip_regex=None, packages_start=None, packages_end=None, cmake_args=None, cmake_target=None, cmake_target_skip_unavailable=False, cmake_clean_cache=False, cmake_clean_first=False, cmake_force_configure=False, ament_cmake_args=None, catkin_cmake_args=None, catkin_skip_building_tests=False, mixin_files=None, mixin=None, verb_parser=<colcon_mixin.mixin.mixin_argument.MixinArgumentDecorator object at 0xffffb109ff40>, verb_extension=<colcon_core.verb.build.BuildVerb object at 0xffffb109fa00>, main=<bound method BuildVerb.main of <colcon_core.verb.build.BuildVerb object at 0xffffb109fa00>>, mixin_verb=('build',))
[0.366s] Level 1:colcon.colcon_core.package_discovery:discover_packages(colcon_meta) check parameters
[0.367s] INFO:colcon.colcon_metadata.package_discovery.colcon_meta:Using configuration from '/root/.colcon/metadata/default/Gazebo.meta'
[0.368s] INFO:colcon.colcon_metadata.package_discovery.colcon_meta:Using configuration from '/root/.colcon/metadata/default/fastrtps.meta'
[0.368s] Level 1:colcon.colcon_core.package_discovery:discover_packages(recursive) check parameters
[0.368s] Level 1:colcon.colcon_core.package_discovery:discover_packages(ignore) check parameters
[0.368s] Level 1:colcon.colcon_core.package_discovery:discover_packages(path) check parameters
[0.368s] Level 1:colcon.colcon_core.package_discovery:discover_packages(colcon_meta) discover
[0.368s] Level 1:colcon.colcon_core.package_discovery:discover_packages(recursive) discover
[0.368s] INFO:colcon.colcon_core.package_discovery:Crawling recursively for packages in '/ros2/carbi'
[0.368s] Level 1:colcon.colcon_core.package_identification:_identify(.) by extensions ['ignore', 'ignore_ament_install']
[0.368s] Level 1:colcon.colcon_core.package_identification:_identify(.) by extension 'ignore'
[0.368s] Level 1:colcon.colcon_core.package_identification:_identify(.) by extension 'ignore_ament_install'
[0.368s] Level 1:colcon.colcon_core.package_identification:_identify(.) by extensions ['colcon_pkg']
[0.368s] Level 1:colcon.colcon_core.package_identification:_identify(.) by extension 'colcon_pkg'
[0.369s] Level 1:colcon.colcon_core.package_identification:_identify(.) by extensions ['colcon_meta']
[0.369s] Level 1:colcon.colcon_core.package_identification:_identify(.) by extension 'colcon_meta'
[0.369s] Level 1:colcon.colcon_core.package_identification:_identify(.) by extensions ['ros']
[0.369s] Level 1:colcon.colcon_core.package_identification:_identify(.) by extension 'ros'
[0.389s] Level 1:colcon.colcon_core.package_identification:_identify(.) by extensions ['cmake', 'python']
[0.389s] Level 1:colcon.colcon_core.package_identification:_identify(.) by extension 'cmake'
[0.389s] Level 1:colcon.colcon_core.package_identification:_identify(.) by extension 'python'
[0.389s] Level 1:colcon.colcon_core.package_identification:_identify(.) by extensions ['python_setup_py']
[0.389s] Level 1:colcon.colcon_core.package_identification:_identify(.) by extension 'python_setup_py'
[0.389s] Level 1:colcon.colcon_core.package_identification:_identify(build) by extensions ['ignore', 'ignore_ament_install']
[0.390s] Level 1:colcon.colcon_core.package_identification:_identify(build) by extension 'ignore'
[0.390s] Level 1:colcon.colcon_core.package_identification:_identify(build) ignored
[0.390s] Level 1:colcon.colcon_core.package_identification:_identify(install) by extensions ['ignore', 'ignore_ament_install']
[0.390s] Level 1:colcon.colcon_core.package_identification:_identify(install) by extension 'ignore'
[0.390s] Level 1:colcon.colcon_core.package_identification:_identify(install) ignored
[0.390s] Level 1:colcon.colcon_core.package_identification:_identify(log) by extensions ['ignore', 'ignore_ament_install']
[0.391s] Level 1:colcon.colcon_core.package_identification:_identify(log) by extension 'ignore'
[0.391s] Level 1:colcon.colcon_core.package_identification:_identify(log) ignored
[0.391s] Level 1:colcon.colcon_core.package_identification:_identify(src) by extensions ['ignore', 'ignore_ament_install']
[0.391s] Level 1:colcon.colcon_core.package_identification:_identify(src) by extension 'ignore'
[0.391s] Level 1:colcon.colcon_core.package_identification:_identify(src) by extension 'ignore_ament_install'
[0.391s] Level 1:colcon.colcon_core.package_identification:_identify(src) by extensions ['colcon_pkg']
[0.391s] Level 1:colcon.colcon_core.package_identification:_identify(src) by extension 'colcon_pkg'
[0.391s] Level 1:colcon.colcon_core.package_identification:_identify(src) by extensions ['colcon_meta']
[0.391s] Level 1:colcon.colcon_core.package_identification:_identify(src) by extension 'colcon_meta'
[0.391s] Level 1:colcon.colcon_core.package_identification:_identify(src) by extensions ['ros']
[0.391s] Level 1:colcon.colcon_core.package_identification:_identify(src) by extension 'ros'
[0.391s] Level 1:colcon.colcon_core.package_identification:_identify(src) by extensions ['cmake', 'python']
[0.391s] Level 1:colcon.colcon_core.package_identification:_identify(src) by extension 'cmake'
[0.391s] Level 1:colcon.colcon_core.package_identification:_identify(src) by extension 'python'
[0.392s] Level 1:colcon.colcon_core.package_identification:_identify(src) by extensions ['python_setup_py']
[0.392s] Level 1:colcon.colcon_core.package_identification:_identify(src) by extension 'python_setup_py'
[0.392s] Level 1:colcon.colcon_core.package_identification:_identify(src/carbi_bridge) by extensions ['ignore', 'ignore_ament_install']
[0.392s] Level 1:colcon.colcon_core.package_identification:_identify(src/carbi_bridge) by extension 'ignore'
[0.392s] Level 1:colcon.colcon_core.package_identification:_identify(src/carbi_bridge) by extension 'ignore_ament_install'
[0.392s] Level 1:colcon.colcon_core.package_identification:_identify(src/carbi_bridge) by extensions ['colcon_pkg']
[0.392s] Level 1:colcon.colcon_core.package_identification:_identify(src/carbi_bridge) by extension 'colcon_pkg'
[0.392s] Level 1:colcon.colcon_core.package_identification:_identify(src/carbi_bridge) by extensions ['colcon_meta']
[0.392s] Level 1:colcon.colcon_core.package_identification:_identify(src/carbi_bridge) by extension 'colcon_meta'
[0.392s] Level 1:colcon.colcon_core.package_identification:_identify(src/carbi_bridge) by extensions ['ros']
[0.392s] Level 1:colcon.colcon_core.package_identification:_identify(src/carbi_bridge) by extension 'ros'
[0.398s] DEBUG:colcon.colcon_core.package_identification:Package 'src/carbi_bridge' with type 'ros.ament_cmake' and name 'carbi_bridge'
[0.399s] Level 1:colcon.colcon_core.package_identification:_identify(src/carbi_kinematics) by extensions ['ignore', 'ignore_ament_install']
[0.399s] Level 1:colcon.colcon_core.package_identification:_identify(src/carbi_kinematics) by extension 'ignore'
[0.399s] Level 1:colcon.colcon_core.package_identification:_identify(src/carbi_kinematics) by extension 'ignore_ament_install'
[0.399s] Level 1:colcon.colcon_core.package_identification:_identify(src/carbi_kinematics) by extensions ['colcon_pkg']
[0.399s] Level 1:colcon.colcon_core.package_identification:_identify(src/carbi_kinematics) by extension 'colcon_pkg'
[0.399s] Level 1:colcon.colcon_core.package_identification:_identify(src/carbi_kinematics) by extensions ['colcon_meta']
[0.399s] Level 1:colcon.colcon_core.package_identification:_identify(src/carbi_kinematics) by extension 'colcon_meta'
[0.399s] Level 1:colcon.colcon_core.package_identification:_identify(src/carbi_kinematics) by extensions ['ros']
[0.399s] Level 1:colcon.colcon_core.package_identification:_identify(src/carbi_kinematics) by extension 'ros'
[0.400s] DEBUG:colcon.colcon_core.package_identification:Package 'src/carbi_kinematics' with type 'ros.ament_cmake' and name 'carbi_kinematics'
[0.400s] Level 1:colcon.colcon_core.package_identification:_identify(src/carbi_robot_description) by extensions ['ignore', 'ignore_ament_install']
[0.400s] Level 1:colcon.colcon_core.package_identification:_identify(src/carbi_robot_description) by extension 'ignore'
[0.401s] Level 1:colcon.colcon_core.package_identification:_identify(src/carbi_robot_description) by extension 'ignore_ament_install'
[0.401s] Level 1:colcon.colcon_core.package_identification:_identify(src/carbi_robot_description) by extensions ['colcon_pkg']
[0.401s] Level 1:colcon.colcon_core.package_identification:_identify(src/carbi_robot_description) by extension 'colcon_pkg'
[0.401s] Level 1:colcon.colcon_core.package_identification:_identify(src/carbi_robot_description) by extensions ['colcon_meta']
[0.401s] Level 1:colcon.colcon_core.package_identification:_identify(src/carbi_robot_description) by extension 'colcon_meta'
[0.401s] Level 1:colcon.colcon_core.package_identification:_identify(src/carbi_robot_description) by extensions ['ros']
[0.401s] Level 1:colcon.colcon_core.package_identification:_identify(src/carbi_robot_description) by extension 'ros'
[0.401s] DEBUG:colcon.colcon_core.package_identification:Package 'src/carbi_robot_description' with type 'ros.ament_cmake' and name 'carbi_robot_description'
[0.401s] Level 1:colcon.colcon_core.package_identification:_identify(src/carbi_sensor_interface) by extensions ['ignore', 'ignore_ament_install']
[0.402s] Level 1:colcon.colcon_core.package_identification:_identify(src/carbi_sensor_interface) by extension 'ignore'
[0.402s] Level 1:colcon.colcon_core.package_identification:_identify(src/carbi_sensor_interface) by extension 'ignore_ament_install'
[0.402s] Level 1:colcon.colcon_core.package_identification:_identify(src/carbi_sensor_interface) by extensions ['colcon_pkg']
[0.402s] Level 1:colcon.colcon_core.package_identification:_identify(src/carbi_sensor_interface) by extension 'colcon_pkg'
[0.402s] Level 1:colcon.colcon_core.package_identification:_identify(src/carbi_sensor_interface) by extensions ['colcon_meta']
[0.402s] Level 1:colcon.colcon_core.package_identification:_identify(src/carbi_sensor_interface) by extension 'colcon_meta'
[0.402s] Level 1:colcon.colcon_core.package_identification:_identify(src/carbi_sensor_interface) by extensions ['ros']
[0.402s] Level 1:colcon.colcon_core.package_identification:_identify(src/carbi_sensor_interface) by extension 'ros'
[0.402s] DEBUG:colcon.colcon_core.package_identification:Package 'src/carbi_sensor_interface' with type 'ros.ament_cmake' and name 'carbi_sensor_interface'
[0.403s] Level 1:colcon.colcon_core.package_identification:_identify(src/rplidar_ros2) by extensions ['ignore', 'ignore_ament_install']
[0.403s] Level 1:colcon.colcon_core.package_identification:_identify(src/rplidar_ros2) by extension 'ignore'
[0.403s] Level 1:colcon.colcon_core.package_identification:_identify(src/rplidar_ros2) by extension 'ignore_ament_install'
[0.403s] Level 1:colcon.colcon_core.package_identification:_identify(src/rplidar_ros2) by extensions ['colcon_pkg']
[0.403s] Level 1:colcon.colcon_core.package_identification:_identify(src/rplidar_ros2) by extension 'colcon_pkg'
[0.403s] Level 1:colcon.colcon_core.package_identification:_identify(src/rplidar_ros2) by extensions ['colcon_meta']
[0.403s] Level 1:colcon.colcon_core.package_identification:_identify(src/rplidar_ros2) by extension 'colcon_meta'
[0.403s] Level 1:colcon.colcon_core.package_identification:_identify(src/rplidar_ros2) by extensions ['ros']
[0.403s] Level 1:colcon.colcon_core.package_identification:_identify(src/rplidar_ros2) by extension 'ros'
[0.404s] DEBUG:colcon.colcon_core.package_identification:Package 'src/rplidar_ros2' with type 'ros.ament_cmake' and name 'rplidar_ros'
[0.404s] Level 1:colcon.colcon_core.package_discovery:discover_packages(recursive) using defaults
[0.404s] Level 1:colcon.colcon_core.package_discovery:discover_packages(ignore) discover
[0.404s] Level 1:colcon.colcon_core.package_discovery:discover_packages(ignore) using defaults
[0.404s] Level 1:colcon.colcon_core.package_discovery:discover_packages(path) discover
[0.404s] Level 1:colcon.colcon_core.package_discovery:discover_packages(path) using defaults
[0.431s] Level 5:colcon.colcon_core.verb:set package 'carbi_bridge' build argument 'cmake_args' from command line to 'None'
[0.431s] Level 5:colcon.colcon_core.verb:set package 'carbi_bridge' build argument 'cmake_target' from command line to 'None'
[0.431s] Level 5:colcon.colcon_core.verb:set package 'carbi_bridge' build argument 'cmake_target_skip_unavailable' from command line to 'False'
[0.431s] Level 5:colcon.colcon_core.verb:set package 'carbi_bridge' build argument 'cmake_clean_cache' from command line to 'False'
[0.431s] Level 5:colcon.colcon_core.verb:set package 'carbi_bridge' build argument 'cmake_clean_first' from command line to 'False'
[0.431s] Level 5:colcon.colcon_core.verb:set package 'carbi_bridge' build argument 'cmake_force_configure' from command line to 'False'
[0.431s] Level 5:colcon.colcon_core.verb:set package 'carbi_bridge' build argument 'ament_cmake_args' from command line to 'None'
[0.431s] Level 5:colcon.colcon_core.verb:set package 'carbi_bridge' build argument 'catkin_cmake_args' from command line to 'None'
[0.431s] Level 5:colcon.colcon_core.verb:set package 'carbi_bridge' build argument 'catkin_skip_building_tests' from command line to 'False'
[0.431s] DEBUG:colcon.colcon_core.verb:Building package 'carbi_bridge' with the following arguments: {'ament_cmake_args': None, 'build_base': '/ros2/carbi/build/carbi_bridge', 'catkin_cmake_args': None, 'catkin_skip_building_tests': False, 'cmake_args': None, 'cmake_clean_cache': False, 'cmake_clean_first': False, 'cmake_force_configure': False, 'cmake_target': None, 'cmake_target_skip_unavailable': False, 'install_base': '/ros2/carbi/install/carbi_bridge', 'merge_install': False, 'path': '/ros2/carbi/src/carbi_bridge', 'symlink_install': False, 'test_result_base': None}
[0.431s] Level 5:colcon.colcon_core.verb:set package 'carbi_kinematics' build argument 'cmake_args' from command line to 'None'
[0.431s] Level 5:colcon.colcon_core.verb:set package 'carbi_kinematics' build argument 'cmake_target' from command line to 'None'
[0.431s] Level 5:colcon.colcon_core.verb:set package 'carbi_kinematics' build argument 'cmake_target_skip_unavailable' from command line to 'False'
[0.432s] Level 5:colcon.colcon_core.verb:set package 'carbi_kinematics' build argument 'cmake_clean_cache' from command line to 'False'
[0.432s] Level 5:colcon.colcon_core.verb:set package 'carbi_kinematics' build argument 'cmake_clean_first' from command line to 'False'
[0.432s] Level 5:colcon.colcon_core.verb:set package 'carbi_kinematics' build argument 'cmake_force_configure' from command line to 'False'
[0.432s] Level 5:colcon.colcon_core.verb:set package 'carbi_kinematics' build argument 'ament_cmake_args' from command line to 'None'
[0.432s] Level 5:colcon.colcon_core.verb:set package 'carbi_kinematics' build argument 'catkin_cmake_args' from command line to 'None'
[0.432s] Level 5:colcon.colcon_core.verb:set package 'carbi_kinematics' build argument 'catkin_skip_building_tests' from command line to 'False'
[0.432s] DEBUG:colcon.colcon_core.verb:Building package 'carbi_kinematics' with the following arguments: {'ament_cmake_args': None, 'build_base': '/ros2/carbi/build/carbi_kinematics', 'catkin_cmake_args': None, 'catkin_skip_building_tests': False, 'cmake_args': None, 'cmake_clean_cache': False, 'cmake_clean_first': False, 'cmake_force_configure': False, 'cmake_target': None, 'cmake_target_skip_unavailable': False, 'install_base': '/ros2/carbi/install/carbi_kinematics', 'merge_install': False, 'path': '/ros2/carbi/src/carbi_kinematics', 'symlink_install': False, 'test_result_base': None}
[0.432s] Level 5:colcon.colcon_core.verb:set package 'carbi_robot_description' build argument 'cmake_args' from command line to 'None'
[0.432s] Level 5:colcon.colcon_core.verb:set package 'carbi_robot_description' build argument 'cmake_target' from command line to 'None'
[0.432s] Level 5:colcon.colcon_core.verb:set package 'carbi_robot_description' build argument 'cmake_target_skip_unavailable' from command line to 'False'
[0.432s] Level 5:colcon.colcon_core.verb:set package 'carbi_robot_description' build argument 'cmake_clean_cache' from command line to 'False'
[0.432s] Level 5:colcon.colcon_core.verb:set package 'carbi_robot_description' build argument 'cmake_clean_first' from command line to 'False'
[0.432s] Level 5:colcon.colcon_core.verb:set package 'carbi_robot_description' build argument 'cmake_force_configure' from command line to 'False'
[0.432s] Level 5:colcon.colcon_core.verb:set package 'carbi_robot_description' build argument 'ament_cmake_args' from command line to 'None'
[0.432s] Level 5:colcon.colcon_core.verb:set package 'carbi_robot_description' build argument 'catkin_cmake_args' from command line to 'None'
[0.432s] Level 5:colcon.colcon_core.verb:set package 'carbi_robot_description' build argument 'catkin_skip_building_tests' from command line to 'False'
[0.432s] DEBUG:colcon.colcon_core.verb:Building package 'carbi_robot_description' with the following arguments: {'ament_cmake_args': None, 'build_base': '/ros2/carbi/build/carbi_robot_description', 'catkin_cmake_args': None, 'catkin_skip_building_tests': False, 'cmake_args': None, 'cmake_clean_cache': False, 'cmake_clean_first': False, 'cmake_force_configure': False, 'cmake_target': None, 'cmake_target_skip_unavailable': False, 'install_base': '/ros2/carbi/install/carbi_robot_description', 'merge_install': False, 'path': '/ros2/carbi/src/carbi_robot_description', 'symlink_install': False, 'test_result_base': None}
[0.433s] Level 5:colcon.colcon_core.verb:set package 'carbi_sensor_interface' build argument 'cmake_args' from command line to 'None'
[0.433s] Level 5:colcon.colcon_core.verb:set package 'carbi_sensor_interface' build argument 'cmake_target' from command line to 'None'
[0.433s] Level 5:colcon.colcon_core.verb:set package 'carbi_sensor_interface' build argument 'cmake_target_skip_unavailable' from command line to 'False'
[0.433s] Level 5:colcon.colcon_core.verb:set package 'carbi_sensor_interface' build argument 'cmake_clean_cache' from command line to 'False'
[0.433s] Level 5:colcon.colcon_core.verb:set package 'carbi_sensor_interface' build argument 'cmake_clean_first' from command line to 'False'
[0.433s] Level 5:colcon.colcon_core.verb:set package 'carbi_sensor_interface' build argument 'cmake_force_configure' from command line to 'False'
[0.433s] Level 5:colcon.colcon_core.verb:set package 'carbi_sensor_interface' build argument 'ament_cmake_args' from command line to 'None'
[0.433s] Level 5:colcon.colcon_core.verb:set package 'carbi_sensor_interface' build argument 'catkin_cmake_args' from command line to 'None'
[0.433s] Level 5:colcon.colcon_core.verb:set package 'carbi_sensor_interface' build argument 'catkin_skip_building_tests' from command line to 'False'
[0.433s] DEBUG:colcon.colcon_core.verb:Building package 'carbi_sensor_interface' with the following arguments: {'ament_cmake_args': None, 'build_base': '/ros2/carbi/build/carbi_sensor_interface', 'catkin_cmake_args': None, 'catkin_skip_building_tests': False, 'cmake_args': None, 'cmake_clean_cache': False, 'cmake_clean_first': False, 'cmake_force_configure': False, 'cmake_target': None, 'cmake_target_skip_unavailable': False, 'install_base': '/ros2/carbi/install/carbi_sensor_interface', 'merge_install': False, 'path': '/ros2/carbi/src/carbi_sensor_interface', 'symlink_install': False, 'test_result_base': None}
[0.433s] Level 5:colcon.colcon_core.verb:set package 'rplidar_ros' build argument 'cmake_args' from command line to 'None'
[0.433s] Level 5:colcon.colcon_core.verb:set package 'rplidar_ros' build argument 'cmake_target' from command line to 'None'
[0.433s] Level 5:colcon.colcon_core.verb:set package 'rplidar_ros' build argument 'cmake_target_skip_unavailable' from command line to 'False'
[0.433s] Level 5:colcon.colcon_core.verb:set package 'rplidar_ros' build argument 'cmake_clean_cache' from command line to 'False'
[0.433s] Level 5:colcon.colcon_core.verb:set package 'rplidar_ros' build argument 'cmake_clean_first' from command line to 'False'
[0.434s] Level 5:colcon.colcon_core.verb:set package 'rplidar_ros' build argument 'cmake_force_configure' from command line to 'False'
[0.434s] Level 5:colcon.colcon_core.verb:set package 'rplidar_ros' build argument 'ament_cmake_args' from command line to 'None'
[0.434s] Level 5:colcon.colcon_core.verb:set package 'rplidar_ros' build argument 'catkin_cmake_args' from command line to 'None'
[0.434s] Level 5:colcon.colcon_core.verb:set package 'rplidar_ros' build argument 'catkin_skip_building_tests' from command line to 'False'
[0.434s] DEBUG:colcon.colcon_core.verb:Building package 'rplidar_ros' with the following arguments: {'ament_cmake_args': None, 'build_base': '/ros2/carbi/build/rplidar_ros', 'catkin_cmake_args': None, 'catkin_skip_building_tests': False, 'cmake_args': None, 'cmake_clean_cache': False, 'cmake_clean_first': False, 'cmake_force_configure': False, 'cmake_target': None, 'cmake_target_skip_unavailable': False, 'install_base': '/ros2/carbi/install/rplidar_ros', 'merge_install': False, 'path': '/ros2/carbi/src/rplidar_ros2', 'symlink_install': False, 'test_result_base': None}
[0.434s] INFO:colcon.colcon_core.executor:Executing jobs using 'parallel' executor
[0.435s] DEBUG:colcon.colcon_parallel_executor.executor.parallel:run_until_complete
[0.436s] INFO:colcon.colcon_ros.task.ament_cmake.build:Building ROS package in '/ros2/carbi/src/carbi_bridge' with build type 'ament_cmake'
[0.436s] INFO:colcon.colcon_cmake.task.cmake.build:Building CMake package in '/ros2/carbi/src/carbi_bridge'
[0.440s] INFO:colcon.colcon_core.plugin_system:Skipping extension 'colcon_core.shell.bat': Not used on non-Windows systems
[0.441s] INFO:colcon.colcon_core.shell:Skip shell extension 'powershell' for command environment: Not usable outside of PowerShell
[0.441s] DEBUG:colcon.colcon_core.shell:Skip shell extension 'dsv' for command environment
[0.452s] INFO:colcon.colcon_ros.task.ament_cmake.build:Building ROS package in '/ros2/carbi/src/carbi_kinematics' with build type 'ament_cmake'
[0.452s] INFO:colcon.colcon_cmake.task.cmake.build:Building CMake package in '/ros2/carbi/src/carbi_kinematics'
[0.453s] INFO:colcon.colcon_core.shell:Skip shell extension 'powershell' for command environment: Not usable outside of PowerShell
[0.453s] DEBUG:colcon.colcon_core.shell:Skip shell extension 'dsv' for command environment
[0.460s] INFO:colcon.colcon_ros.task.ament_cmake.build:Building ROS package in '/ros2/carbi/src/carbi_robot_description' with build type 'ament_cmake'
[0.460s] INFO:colcon.colcon_cmake.task.cmake.build:Building CMake package in '/ros2/carbi/src/carbi_robot_description'
[0.460s] INFO:colcon.colcon_core.shell:Skip shell extension 'powershell' for command environment: Not usable outside of PowerShell
[0.460s] DEBUG:colcon.colcon_core.shell:Skip shell extension 'dsv' for command environment
[0.473s] INFO:colcon.colcon_ros.task.ament_cmake.build:Building ROS package in '/ros2/carbi/src/carbi_sensor_interface' with build type 'ament_cmake'
[0.473s] INFO:colcon.colcon_cmake.task.cmake.build:Building CMake package in '/ros2/carbi/src/carbi_sensor_interface'
[0.474s] INFO:colcon.colcon_core.shell:Skip shell extension 'powershell' for command environment: Not usable outside of PowerShell
[0.474s] DEBUG:colcon.colcon_core.shell:Skip shell extension 'dsv' for command environment
[0.487s] DEBUG:colcon.colcon_core.event_handler.log_command:Invoking command in '/ros2/carbi/build/carbi_bridge': CMAKE_PREFIX_PATH=${CMAKE_PREFIX_PATH}:/opt/ros/humble /usr/bin/cmake --build /ros2/carbi/build/carbi_bridge -- -j4 -l4
[0.492s] DEBUG:colcon.colcon_core.event_handler.log_command:Invoking command in '/ros2/carbi/build/carbi_kinematics': CMAKE_PREFIX_PATH=${CMAKE_PREFIX_PATH}:/opt/ros/humble /usr/bin/cmake --build /ros2/carbi/build/carbi_kinematics -- -j4 -l4
[0.506s] DEBUG:colcon.colcon_core.event_handler.log_command:Invoking command in '/ros2/carbi/build/carbi_robot_description': CMAKE_PREFIX_PATH=${CMAKE_PREFIX_PATH}:/opt/ros/humble /usr/bin/cmake --build /ros2/carbi/build/carbi_robot_description -- -j4 -l4
[0.547s] DEBUG:colcon.colcon_core.event_handler.log_command:Invoking command in '/ros2/carbi/build/carbi_sensor_interface': CMAKE_PREFIX_PATH=${CMAKE_PREFIX_PATH}:/opt/ros/humble /usr/bin/cmake --build /ros2/carbi/build/carbi_sensor_interface -- -j4 -l4
[0.593s] DEBUG:colcon.colcon_core.event_handler.log_command:Invoked command in '/ros2/carbi/build/carbi_kinematics' returned '0': CMAKE_PREFIX_PATH=${CMAKE_PREFIX_PATH}:/opt/ros/humble /usr/bin/cmake --build /ros2/carbi/build/carbi_kinematics -- -j4 -l4
[0.609s] DEBUG:colcon.colcon_core.event_handler.log_command:Invoked command in '/ros2/carbi/build/carbi_bridge' returned '0': CMAKE_PREFIX_PATH=${CMAKE_PREFIX_PATH}:/opt/ros/humble /usr/bin/cmake --build /ros2/carbi/build/carbi_bridge -- -j4 -l4
[0.614s] DEBUG:colcon.colcon_core.event_handler.log_command:Invoked command in '/ros2/carbi/build/carbi_robot_description' returned '0': CMAKE_PREFIX_PATH=${CMAKE_PREFIX_PATH}:/opt/ros/humble /usr/bin/cmake --build /ros2/carbi/build/carbi_robot_description -- -j4 -l4
[0.665s] DEBUG:colcon.colcon_core.event_handler.log_command:Invoking command in '/ros2/carbi/build/carbi_kinematics': CMAKE_PREFIX_PATH=${CMAKE_PREFIX_PATH}:/opt/ros/humble /usr/bin/cmake --install /ros2/carbi/build/carbi_kinematics
[0.670s] DEBUG:colcon.colcon_core.event_handler.log_command:Invoking command in '/ros2/carbi/build/carbi_robot_description': CMAKE_PREFIX_PATH=${CMAKE_PREFIX_PATH}:/opt/ros/humble /usr/bin/cmake --install /ros2/carbi/build/carbi_robot_description
[0.674s] DEBUG:colcon.colcon_core.event_handler.log_command:Invoking command in '/ros2/carbi/build/carbi_bridge': CMAKE_PREFIX_PATH=${CMAKE_PREFIX_PATH}:/opt/ros/humble /usr/bin/cmake --install /ros2/carbi/build/carbi_bridge
[0.691s] DEBUG:colcon.colcon_core.event_handler.log_command:Invoked command in '/ros2/carbi/build/carbi_sensor_interface' returned '0': CMAKE_PREFIX_PATH=${CMAKE_PREFIX_PATH}:/opt/ros/humble /usr/bin/cmake --build /ros2/carbi/build/carbi_sensor_interface -- -j4 -l4
[0.698s] Level 1:colcon.colcon_core.environment:create_environment_scripts_only(carbi_robot_description)
[0.703s] DEBUG:colcon.colcon_core.event_handler.log_command:Invoked command in '/ros2/carbi/build/carbi_robot_description' returned '0': CMAKE_PREFIX_PATH=${CMAKE_PREFIX_PATH}:/opt/ros/humble /usr/bin/cmake --install /ros2/carbi/build/carbi_robot_description
[0.705s] Level 1:colcon.colcon_core.environment:checking '/ros2/carbi/install/carbi_robot_description' for CMake module files
[0.705s] Level 1:colcon.colcon_core.environment:checking '/ros2/carbi/install/carbi_robot_description' for CMake config files
[0.706s] Level 1:colcon.colcon_core.shell:create_environment_hook('carbi_robot_description', 'cmake_prefix_path')
[0.706s] INFO:colcon.colcon_core.shell:Creating environment hook '/ros2/carbi/install/carbi_robot_description/share/carbi_robot_description/hook/cmake_prefix_path.ps1'
[0.707s] INFO:colcon.colcon_core.shell:Creating environment descriptor '/ros2/carbi/install/carbi_robot_description/share/carbi_robot_description/hook/cmake_prefix_path.dsv'
[0.708s] INFO:colcon.colcon_core.shell:Creating environment hook '/ros2/carbi/install/carbi_robot_description/share/carbi_robot_description/hook/cmake_prefix_path.sh'
[0.709s] Level 1:colcon.colcon_core.environment:checking '/ros2/carbi/install/carbi_robot_description/bin'
[0.710s] Level 1:colcon.colcon_core.environment:checking '/ros2/carbi/install/carbi_robot_description/lib/pkgconfig/carbi_robot_description.pc'
[0.713s] Level 1:colcon.colcon_core.environment:checking '/ros2/carbi/install/carbi_robot_description/lib/python3.10/site-packages'
[0.713s] Level 1:colcon.colcon_core.environment:checking '/ros2/carbi/install/carbi_robot_description/bin'
[0.714s] INFO:colcon.colcon_core.shell:Creating package script '/ros2/carbi/install/carbi_robot_description/share/carbi_robot_description/package.ps1'
[0.715s] INFO:colcon.colcon_core.shell:Creating package descriptor '/ros2/carbi/install/carbi_robot_description/share/carbi_robot_description/package.dsv'
[0.716s] INFO:colcon.colcon_core.shell:Creating package script '/ros2/carbi/install/carbi_robot_description/share/carbi_robot_description/package.sh'
[0.718s] INFO:colcon.colcon_core.shell:Creating package script '/ros2/carbi/install/carbi_robot_description/share/carbi_robot_description/package.bash'
[0.719s] INFO:colcon.colcon_core.shell:Creating package script '/ros2/carbi/install/carbi_robot_description/share/carbi_robot_description/package.zsh'
[0.720s] Level 1:colcon.colcon_core.environment:create_file_with_runtime_dependencies(/ros2/carbi/install/carbi_robot_description/share/colcon-core/packages/carbi_robot_description)
[0.722s] Level 1:colcon.colcon_core.environment:create_environment_scripts_only(carbi_kinematics)
[0.722s] DEBUG:colcon.colcon_core.event_handler.log_command:Invoked command in '/ros2/carbi/build/carbi_kinematics' returned '0': CMAKE_PREFIX_PATH=${CMAKE_PREFIX_PATH}:/opt/ros/humble /usr/bin/cmake --install /ros2/carbi/build/carbi_kinematics
[0.723s] Level 1:colcon.colcon_core.environment:checking '/ros2/carbi/install/carbi_kinematics' for CMake module files
[0.724s] Level 1:colcon.colcon_core.environment:checking '/ros2/carbi/install/carbi_kinematics' for CMake config files
[0.724s] Level 1:colcon.colcon_core.shell:create_environment_hook('carbi_kinematics', 'cmake_prefix_path')
[0.725s] INFO:colcon.colcon_core.shell:Creating environment hook '/ros2/carbi/install/carbi_kinematics/share/carbi_kinematics/hook/cmake_prefix_path.ps1'
[0.725s] INFO:colcon.colcon_core.shell:Creating environment descriptor '/ros2/carbi/install/carbi_kinematics/share/carbi_kinematics/hook/cmake_prefix_path.dsv'
[0.726s] INFO:colcon.colcon_core.shell:Creating environment hook '/ros2/carbi/install/carbi_kinematics/share/carbi_kinematics/hook/cmake_prefix_path.sh'
[0.727s] Level 1:colcon.colcon_core.environment:checking '/ros2/carbi/install/carbi_kinematics/lib'
[0.728s] Level 1:colcon.colcon_core.environment:checking '/ros2/carbi/install/carbi_kinematics/bin'
[0.728s] Level 1:colcon.colcon_core.environment:checking '/ros2/carbi/install/carbi_kinematics/lib/pkgconfig/carbi_kinematics.pc'
[0.728s] Level 1:colcon.colcon_core.environment:checking '/ros2/carbi/install/carbi_kinematics/lib/python3.10/site-packages'
[0.729s] Level 1:colcon.colcon_core.environment:checking '/ros2/carbi/install/carbi_kinematics/bin'
[0.729s] INFO:colcon.colcon_core.shell:Creating package script '/ros2/carbi/install/carbi_kinematics/share/carbi_kinematics/package.ps1'
[0.730s] INFO:colcon.colcon_core.shell:Creating package descriptor '/ros2/carbi/install/carbi_kinematics/share/carbi_kinematics/package.dsv'
[0.731s] INFO:colcon.colcon_core.shell:Creating package script '/ros2/carbi/install/carbi_kinematics/share/carbi_kinematics/package.sh'
[0.732s] INFO:colcon.colcon_core.shell:Creating package script '/ros2/carbi/install/carbi_kinematics/share/carbi_kinematics/package.bash'
[0.733s] INFO:colcon.colcon_core.shell:Creating package script '/ros2/carbi/install/carbi_kinematics/share/carbi_kinematics/package.zsh'
[0.734s] Level 1:colcon.colcon_core.environment:create_file_with_runtime_dependencies(/ros2/carbi/install/carbi_kinematics/share/colcon-core/packages/carbi_kinematics)
[0.737s] Level 1:colcon.colcon_core.environment:create_environment_scripts_only(carbi_bridge)
[0.738s] DEBUG:colcon.colcon_core.event_handler.log_command:Invoked command in '/ros2/carbi/build/carbi_bridge' returned '0': CMAKE_PREFIX_PATH=${CMAKE_PREFIX_PATH}:/opt/ros/humble /usr/bin/cmake --install /ros2/carbi/build/carbi_bridge
[0.738s] Level 1:colcon.colcon_core.environment:checking '/ros2/carbi/install/carbi_bridge' for CMake module files
[0.739s] Level 1:colcon.colcon_core.environment:checking '/ros2/carbi/install/carbi_bridge' for CMake config files
[0.739s] Level 1:colcon.colcon_core.shell:create_environment_hook('carbi_bridge', 'cmake_prefix_path')
[0.740s] INFO:colcon.colcon_core.shell:Creating environment hook '/ros2/carbi/install/carbi_bridge/share/carbi_bridge/hook/cmake_prefix_path.ps1'
[0.741s] INFO:colcon.colcon_core.shell:Creating environment descriptor '/ros2/carbi/install/carbi_bridge/share/carbi_bridge/hook/cmake_prefix_path.dsv'
[0.741s] INFO:colcon.colcon_core.shell:Creating environment hook '/ros2/carbi/install/carbi_bridge/share/carbi_bridge/hook/cmake_prefix_path.sh'
[0.742s] Level 1:colcon.colcon_core.environment:checking '/ros2/carbi/install/carbi_bridge/bin'
[0.742s] Level 1:colcon.colcon_core.environment:checking '/ros2/carbi/install/carbi_bridge/lib/pkgconfig/carbi_bridge.pc'
[0.743s] Level 1:colcon.colcon_core.environment:checking '/ros2/carbi/install/carbi_bridge/lib/python3.10/site-packages'
[0.743s] Level 1:colcon.colcon_core.environment:checking '/ros2/carbi/install/carbi_bridge/bin'
[0.744s] INFO:colcon.colcon_core.shell:Creating package script '/ros2/carbi/install/carbi_bridge/share/carbi_bridge/package.ps1'
[0.745s] INFO:colcon.colcon_core.shell:Creating package descriptor '/ros2/carbi/install/carbi_bridge/share/carbi_bridge/package.dsv'
[0.746s] INFO:colcon.colcon_core.shell:Creating package script '/ros2/carbi/install/carbi_bridge/share/carbi_bridge/package.sh'
[0.747s] INFO:colcon.colcon_core.shell:Creating package script '/ros2/carbi/install/carbi_bridge/share/carbi_bridge/package.bash'
[0.748s] INFO:colcon.colcon_core.shell:Creating package script '/ros2/carbi/install/carbi_bridge/share/carbi_bridge/package.zsh'
[0.748s] Level 1:colcon.colcon_core.environment:create_file_with_runtime_dependencies(/ros2/carbi/install/carbi_bridge/share/colcon-core/packages/carbi_bridge)
[0.752s] DEBUG:colcon.colcon_core.event_handler.log_command:Invoking command in '/ros2/carbi/build/carbi_sensor_interface': CMAKE_PREFIX_PATH=${CMAKE_PREFIX_PATH}:/opt/ros/humble /usr/bin/cmake --install /ros2/carbi/build/carbi_sensor_interface
[0.793s] Level 1:colcon.colcon_core.environment:create_environment_scripts_only(carbi_sensor_interface)
[0.794s] DEBUG:colcon.colcon_core.event_handler.log_command:Invoked command in '/ros2/carbi/build/carbi_sensor_interface' returned '0': CMAKE_PREFIX_PATH=${CMAKE_PREFIX_PATH}:/opt/ros/humble /usr/bin/cmake --install /ros2/carbi/build/carbi_sensor_interface
[0.795s] Level 1:colcon.colcon_core.environment:checking '/ros2/carbi/install/carbi_sensor_interface' for CMake module files
[0.797s] Level 1:colcon.colcon_core.environment:checking '/ros2/carbi/install/carbi_sensor_interface' for CMake config files
[0.798s] Level 1:colcon.colcon_core.shell:create_environment_hook('carbi_sensor_interface', 'cmake_prefix_path')
[0.798s] INFO:colcon.colcon_core.shell:Creating environment hook '/ros2/carbi/install/carbi_sensor_interface/share/carbi_sensor_interface/hook/cmake_prefix_path.ps1'
[0.801s] INFO:colcon.colcon_core.shell:Creating environment descriptor '/ros2/carbi/install/carbi_sensor_interface/share/carbi_sensor_interface/hook/cmake_prefix_path.dsv'
[0.803s] INFO:colcon.colcon_core.shell:Creating environment hook '/ros2/carbi/install/carbi_sensor_interface/share/carbi_sensor_interface/hook/cmake_prefix_path.sh'
[0.806s] Level 1:colcon.colcon_core.environment:checking '/ros2/carbi/install/carbi_sensor_interface/lib'
[0.806s] Level 1:colcon.colcon_core.environment:checking '/ros2/carbi/install/carbi_sensor_interface/bin'
[0.807s] Level 1:colcon.colcon_core.environment:checking '/ros2/carbi/install/carbi_sensor_interface/lib/pkgconfig/carbi_sensor_interface.pc'
[0.808s] Level 1:colcon.colcon_core.environment:checking '/ros2/carbi/install/carbi_sensor_interface/lib/python3.10/site-packages'
[0.809s] Level 1:colcon.colcon_core.environment:checking '/ros2/carbi/install/carbi_sensor_interface/bin'
[0.810s] INFO:colcon.colcon_core.shell:Creating package script '/ros2/carbi/install/carbi_sensor_interface/share/carbi_sensor_interface/package.ps1'
[0.812s] INFO:colcon.colcon_core.shell:Creating package descriptor '/ros2/carbi/install/carbi_sensor_interface/share/carbi_sensor_interface/package.dsv'
[0.816s] INFO:colcon.colcon_core.shell:Creating package script '/ros2/carbi/install/carbi_sensor_interface/share/carbi_sensor_interface/package.sh'
[0.819s] INFO:colcon.colcon_core.shell:Creating package script '/ros2/carbi/install/carbi_sensor_interface/share/carbi_sensor_interface/package.bash'
[0.821s] INFO:colcon.colcon_core.shell:Creating package script '/ros2/carbi/install/carbi_sensor_interface/share/carbi_sensor_interface/package.zsh'
[0.824s] Level 1:colcon.colcon_core.environment:create_file_with_runtime_dependencies(/ros2/carbi/install/carbi_sensor_interface/share/colcon-core/packages/carbi_sensor_interface)
[0.828s] Level 1:colcon.colcon_core.environment:create_environment_scripts_only(carbi_kinematics)
[0.829s] Level 1:colcon.colcon_core.environment:checking '/ros2/carbi/install/carbi_kinematics' for CMake module files
[0.831s] Level 1:colcon.colcon_core.environment:checking '/ros2/carbi/install/carbi_kinematics' for CMake config files
[0.832s] Level 1:colcon.colcon_core.shell:create_environment_hook('carbi_kinematics', 'cmake_prefix_path')
[0.833s] INFO:colcon.colcon_core.shell:Creating environment hook '/ros2/carbi/install/carbi_kinematics/share/carbi_kinematics/hook/cmake_prefix_path.ps1'
[0.834s] INFO:colcon.colcon_core.shell:Creating environment descriptor '/ros2/carbi/install/carbi_kinematics/share/carbi_kinematics/hook/cmake_prefix_path.dsv'
[0.837s] INFO:colcon.colcon_core.shell:Creating environment hook '/ros2/carbi/install/carbi_kinematics/share/carbi_kinematics/hook/cmake_prefix_path.sh'
[0.839s] Level 1:colcon.colcon_core.environment:checking '/ros2/carbi/install/carbi_kinematics/lib'
[0.839s] Level 1:colcon.colcon_core.environment:checking '/ros2/carbi/install/carbi_kinematics/bin'
[0.839s] Level 1:colcon.colcon_core.environment:checking '/ros2/carbi/install/carbi_kinematics/lib/pkgconfig/carbi_kinematics.pc'
[0.839s] Level 1:colcon.colcon_core.environment:checking '/ros2/carbi/install/carbi_kinematics/lib/python3.10/site-packages'
[0.840s] Level 1:colcon.colcon_core.environment:checking '/ros2/carbi/install/carbi_kinematics/bin'
[0.841s] INFO:colcon.colcon_core.shell:Creating package script '/ros2/carbi/install/carbi_kinematics/share/carbi_kinematics/package.ps1'
[0.842s] INFO:colcon.colcon_core.shell:Creating package descriptor '/ros2/carbi/install/carbi_kinematics/share/carbi_kinematics/package.dsv'
[0.844s] INFO:colcon.colcon_core.shell:Creating package script '/ros2/carbi/install/carbi_kinematics/share/carbi_kinematics/package.sh'
[0.845s] INFO:colcon.colcon_core.shell:Creating package script '/ros2/carbi/install/carbi_kinematics/share/carbi_kinematics/package.bash'
[0.846s] INFO:colcon.colcon_core.shell:Creating package script '/ros2/carbi/install/carbi_kinematics/share/carbi_kinematics/package.zsh'
[0.847s] Level 1:colcon.colcon_core.environment:create_file_with_runtime_dependencies(/ros2/carbi/install/carbi_kinematics/share/colcon-core/packages/carbi_kinematics)
[0.848s] Level 1:colcon.colcon_core.environment:create_environment_scripts_only(carbi_robot_description)
[0.850s] Level 1:colcon.colcon_core.environment:checking '/ros2/carbi/install/carbi_robot_description' for CMake module files
[0.851s] Level 1:colcon.colcon_core.environment:checking '/ros2/carbi/install/carbi_robot_description' for CMake config files
[0.851s] Level 1:colcon.colcon_core.shell:create_environment_hook('carbi_robot_description', 'cmake_prefix_path')
[0.852s] INFO:colcon.colcon_core.shell:Creating environment hook '/ros2/carbi/install/carbi_robot_description/share/carbi_robot_description/hook/cmake_prefix_path.ps1'
[0.853s] INFO:colcon.colcon_core.shell:Creating environment descriptor '/ros2/carbi/install/carbi_robot_description/share/carbi_robot_description/hook/cmake_prefix_path.dsv'
[0.855s] INFO:colcon.colcon_core.shell:Creating environment hook '/ros2/carbi/install/carbi_robot_description/share/carbi_robot_description/hook/cmake_prefix_path.sh'
[0.857s] Level 1:colcon.colcon_core.environment:checking '/ros2/carbi/install/carbi_robot_description/bin'
[0.858s] Level 1:colcon.colcon_core.environment:checking '/ros2/carbi/install/carbi_robot_description/lib/pkgconfig/carbi_robot_description.pc'
[0.859s] Level 1:colcon.colcon_core.environment:checking '/ros2/carbi/install/carbi_robot_description/lib/python3.10/site-packages'
[0.859s] Level 1:colcon.colcon_core.environment:checking '/ros2/carbi/install/carbi_robot_description/bin'
[0.860s] INFO:colcon.colcon_core.shell:Creating package script '/ros2/carbi/install/carbi_robot_description/share/carbi_robot_description/package.ps1'
[0.863s] INFO:colcon.colcon_core.shell:Creating package descriptor '/ros2/carbi/install/carbi_robot_description/share/carbi_robot_description/package.dsv'
[0.870s] INFO:colcon.colcon_core.shell:Creating package script '/ros2/carbi/install/carbi_robot_description/share/carbi_robot_description/package.sh'
[0.873s] INFO:colcon.colcon_core.shell:Creating package script '/ros2/carbi/install/carbi_robot_description/share/carbi_robot_description/package.bash'
[0.875s] INFO:colcon.colcon_core.shell:Creating package script '/ros2/carbi/install/carbi_robot_description/share/carbi_robot_description/package.zsh'
[0.877s] Level 1:colcon.colcon_core.environment:create_file_with_runtime_dependencies(/ros2/carbi/install/carbi_robot_description/share/colcon-core/packages/carbi_robot_description)
[0.879s] INFO:colcon.colcon_ros.task.ament_cmake.build:Building ROS package in '/ros2/carbi/src/rplidar_ros2' with build type 'ament_cmake'
[0.880s] INFO:colcon.colcon_cmake.task.cmake.build:Building CMake package in '/ros2/carbi/src/rplidar_ros2'
[0.881s] INFO:colcon.colcon_core.shell:Skip shell extension 'powershell' for command environment: Not usable outside of PowerShell
[0.881s] DEBUG:colcon.colcon_core.shell:Skip shell extension 'dsv' for command environment
[0.894s] Level 1:colcon.colcon_core.environment:create_environment_scripts_only(carbi_bridge)
[0.895s] Level 1:colcon.colcon_core.environment:checking '/ros2/carbi/install/carbi_bridge' for CMake module files
[0.896s] Level 1:colcon.colcon_core.environment:checking '/ros2/carbi/install/carbi_bridge' for CMake config files
[0.897s] Level 1:colcon.colcon_core.shell:create_environment_hook('carbi_bridge', 'cmake_prefix_path')
[0.898s] INFO:colcon.colcon_core.shell:Creating environment hook '/ros2/carbi/install/carbi_bridge/share/carbi_bridge/hook/cmake_prefix_path.ps1'
[0.901s] INFO:colcon.colcon_core.shell:Creating environment descriptor '/ros2/carbi/install/carbi_bridge/share/carbi_bridge/hook/cmake_prefix_path.dsv'
[0.903s] INFO:colcon.colcon_core.shell:Creating environment hook '/ros2/carbi/install/carbi_bridge/share/carbi_bridge/hook/cmake_prefix_path.sh'
[0.906s] Level 1:colcon.colcon_core.environment:checking '/ros2/carbi/install/carbi_bridge/bin'
[0.906s] Level 1:colcon.colcon_core.environment:checking '/ros2/carbi/install/carbi_bridge/lib/pkgconfig/carbi_bridge.pc'
[0.907s] Level 1:colcon.colcon_core.environment:checking '/ros2/carbi/install/carbi_bridge/lib/python3.10/site-packages'
[0.907s] Level 1:colcon.colcon_core.environment:checking '/ros2/carbi/install/carbi_bridge/bin'
[0.908s] INFO:colcon.colcon_core.shell:Creating package script '/ros2/carbi/install/carbi_bridge/share/carbi_bridge/package.ps1'
[0.910s] INFO:colcon.colcon_core.shell:Creating package descriptor '/ros2/carbi/install/carbi_bridge/share/carbi_bridge/package.dsv'
[0.912s] INFO:colcon.colcon_core.shell:Creating package script '/ros2/carbi/install/carbi_bridge/share/carbi_bridge/package.sh'
[0.914s] INFO:colcon.colcon_core.shell:Creating package script '/ros2/carbi/install/carbi_bridge/share/carbi_bridge/package.bash'
[0.915s] INFO:colcon.colcon_core.shell:Creating package script '/ros2/carbi/install/carbi_bridge/share/carbi_bridge/package.zsh'
[0.917s] Level 1:colcon.colcon_core.environment:create_file_with_runtime_dependencies(/ros2/carbi/install/carbi_bridge/share/colcon-core/packages/carbi_bridge)
[0.928s] DEBUG:colcon.colcon_core.event_handler.log_command:Invoking command in '/ros2/carbi/build/rplidar_ros': CMAKE_PREFIX_PATH=${CMAKE_PREFIX_PATH}:/opt/ros/humble /usr/bin/cmake --build /ros2/carbi/build/rplidar_ros -- -j4 -l4
[0.936s] Level 1:colcon.colcon_core.environment:create_environment_scripts_only(carbi_sensor_interface)
[0.936s] Level 1:colcon.colcon_core.environment:checking '/ros2/carbi/install/carbi_sensor_interface' for CMake module files
[0.939s] Level 1:colcon.colcon_core.environment:checking '/ros2/carbi/install/carbi_sensor_interface' for CMake config files
[0.939s] Level 1:colcon.colcon_core.shell:create_environment_hook('carbi_sensor_interface', 'cmake_prefix_path')
[0.940s] INFO:colcon.colcon_core.shell:Creating environment hook '/ros2/carbi/install/carbi_sensor_interface/share/carbi_sensor_interface/hook/cmake_prefix_path.ps1'
[0.941s] INFO:colcon.colcon_core.shell:Creating environment descriptor '/ros2/carbi/install/carbi_sensor_interface/share/carbi_sensor_interface/hook/cmake_prefix_path.dsv'
[0.942s] INFO:colcon.colcon_core.shell:Creating environment hook '/ros2/carbi/install/carbi_sensor_interface/share/carbi_sensor_interface/hook/cmake_prefix_path.sh'
[0.943s] Level 1:colcon.colcon_core.environment:checking '/ros2/carbi/install/carbi_sensor_interface/lib'
[0.943s] Level 1:colcon.colcon_core.environment:checking '/ros2/carbi/install/carbi_sensor_interface/bin'
[0.944s] Level 1:colcon.colcon_core.environment:checking '/ros2/carbi/install/carbi_sensor_interface/lib/pkgconfig/carbi_sensor_interface.pc'
[0.944s] Level 1:colcon.colcon_core.environment:checking '/ros2/carbi/install/carbi_sensor_interface/lib/python3.10/site-packages'
[0.945s] Level 1:colcon.colcon_core.environment:checking '/ros2/carbi/install/carbi_sensor_interface/bin'
[0.945s] INFO:colcon.colcon_core.shell:Creating package script '/ros2/carbi/install/carbi_sensor_interface/share/carbi_sensor_interface/package.ps1'
[0.947s] INFO:colcon.colcon_core.shell:Creating package descriptor '/ros2/carbi/install/carbi_sensor_interface/share/carbi_sensor_interface/package.dsv'
[0.949s] INFO:colcon.colcon_core.shell:Creating package script '/ros2/carbi/install/carbi_sensor_interface/share/carbi_sensor_interface/package.sh'
[0.950s] INFO:colcon.colcon_core.shell:Creating package script '/ros2/carbi/install/carbi_sensor_interface/share/carbi_sensor_interface/package.bash'
[0.951s] INFO:colcon.colcon_core.shell:Creating package script '/ros2/carbi/install/carbi_sensor_interface/share/carbi_sensor_interface/package.zsh'
[0.952s] Level 1:colcon.colcon_core.environment:create_file_with_runtime_dependencies(/ros2/carbi/install/carbi_sensor_interface/share/colcon-core/packages/carbi_sensor_interface)
[1.196s] DEBUG:colcon.colcon_core.event_handler.log_command:Invoked command in '/ros2/carbi/build/rplidar_ros' returned '0': CMAKE_PREFIX_PATH=${CMAKE_PREFIX_PATH}:/opt/ros/humble /usr/bin/cmake --build /ros2/carbi/build/rplidar_ros -- -j4 -l4
[1.273s] DEBUG:colcon.colcon_core.event_handler.log_command:Invoking command in '/ros2/carbi/build/rplidar_ros': CMAKE_PREFIX_PATH=${CMAKE_PREFIX_PATH}:/opt/ros/humble /usr/bin/cmake --install /ros2/carbi/build/rplidar_ros
[1.296s] Level 1:colcon.colcon_core.environment:create_environment_scripts_only(rplidar_ros)
[1.296s] Level 1:colcon.colcon_core.environment:checking '/ros2/carbi/install/rplidar_ros' for CMake module files
[1.297s] DEBUG:colcon.colcon_core.event_handler.log_command:Invoked command in '/ros2/carbi/build/rplidar_ros' returned '0': CMAKE_PREFIX_PATH=${CMAKE_PREFIX_PATH}:/opt/ros/humble /usr/bin/cmake --install /ros2/carbi/build/rplidar_ros
[1.297s] Level 1:colcon.colcon_core.environment:checking '/ros2/carbi/install/rplidar_ros' for CMake config files
[1.298s] Level 1:colcon.colcon_core.shell:create_environment_hook('rplidar_ros', 'cmake_prefix_path')
[1.298s] INFO:colcon.colcon_core.shell:Creating environment hook '/ros2/carbi/install/rplidar_ros/share/rplidar_ros/hook/cmake_prefix_path.ps1'
[1.299s] INFO:colcon.colcon_core.shell:Creating environment descriptor '/ros2/carbi/install/rplidar_ros/share/rplidar_ros/hook/cmake_prefix_path.dsv'
[1.299s] INFO:colcon.colcon_core.shell:Creating environment hook '/ros2/carbi/install/rplidar_ros/share/rplidar_ros/hook/cmake_prefix_path.sh'
[1.300s] Level 1:colcon.colcon_core.environment:checking '/ros2/carbi/install/rplidar_ros/lib'
[1.300s] Level 1:colcon.colcon_core.shell:create_environment_hook('rplidar_ros', 'ld_library_path_lib')
[1.300s] INFO:colcon.colcon_core.shell:Creating environment hook '/ros2/carbi/install/rplidar_ros/share/rplidar_ros/hook/ld_library_path_lib.ps1'
[1.301s] INFO:colcon.colcon_core.shell:Creating environment descriptor '/ros2/carbi/install/rplidar_ros/share/rplidar_ros/hook/ld_library_path_lib.dsv'
[1.301s] INFO:colcon.colcon_core.shell:Creating environment hook '/ros2/carbi/install/rplidar_ros/share/rplidar_ros/hook/ld_library_path_lib.sh'
[1.302s] Level 1:colcon.colcon_core.environment:checking '/ros2/carbi/install/rplidar_ros/bin'
[1.302s] Level 1:colcon.colcon_core.environment:checking '/ros2/carbi/install/rplidar_ros/lib/pkgconfig/rplidar_ros.pc'
[1.302s] Level 1:colcon.colcon_core.environment:checking '/ros2/carbi/install/rplidar_ros/lib/python3.10/site-packages'
[1.302s] Level 1:colcon.colcon_core.environment:checking '/ros2/carbi/install/rplidar_ros/bin'
[1.303s] INFO:colcon.colcon_core.shell:Creating package script '/ros2/carbi/install/rplidar_ros/share/rplidar_ros/package.ps1'
[1.303s] INFO:colcon.colcon_core.shell:Creating package descriptor '/ros2/carbi/install/rplidar_ros/share/rplidar_ros/package.dsv'
[1.304s] INFO:colcon.colcon_core.shell:Creating package script '/ros2/carbi/install/rplidar_ros/share/rplidar_ros/package.sh'
[1.305s] INFO:colcon.colcon_core.shell:Creating package script '/ros2/carbi/install/rplidar_ros/share/rplidar_ros/package.bash'
[1.305s] INFO:colcon.colcon_core.shell:Creating package script '/ros2/carbi/install/rplidar_ros/share/rplidar_ros/package.zsh'
[1.305s] Level 1:colcon.colcon_core.environment:create_file_with_runtime_dependencies(/ros2/carbi/install/rplidar_ros/share/colcon-core/packages/rplidar_ros)
[1.376s] Level 1:colcon.colcon_core.environment:create_environment_scripts_only(rplidar_ros)
[1.376s] Level 1:colcon.colcon_core.environment:checking '/ros2/carbi/install/rplidar_ros' for CMake module files
[1.377s] Level 1:colcon.colcon_core.environment:checking '/ros2/carbi/install/rplidar_ros' for CMake config files
[1.378s] Level 1:colcon.colcon_core.shell:create_environment_hook('rplidar_ros', 'cmake_prefix_path')
[1.378s] INFO:colcon.colcon_core.shell:Creating environment hook '/ros2/carbi/install/rplidar_ros/share/rplidar_ros/hook/cmake_prefix_path.ps1'
[1.379s] INFO:colcon.colcon_core.shell:Creating environment descriptor '/ros2/carbi/install/rplidar_ros/share/rplidar_ros/hook/cmake_prefix_path.dsv'
[1.379s] INFO:colcon.colcon_core.shell:Creating environment hook '/ros2/carbi/install/rplidar_ros/share/rplidar_ros/hook/cmake_prefix_path.sh'
[1.380s] Level 1:colcon.colcon_core.environment:checking '/ros2/carbi/install/rplidar_ros/lib'
[1.381s] Level 1:colcon.colcon_core.shell:create_environment_hook('rplidar_ros', 'ld_library_path_lib')
[1.381s] INFO:colcon.colcon_core.shell:Creating environment hook '/ros2/carbi/install/rplidar_ros/share/rplidar_ros/hook/ld_library_path_lib.ps1'
[1.382s] INFO:colcon.colcon_core.shell:Creating environment descriptor '/ros2/carbi/install/rplidar_ros/share/rplidar_ros/hook/ld_library_path_lib.dsv'
[1.382s] INFO:colcon.colcon_core.shell:Creating environment hook '/ros2/carbi/install/rplidar_ros/share/rplidar_ros/hook/ld_library_path_lib.sh'
[1.383s] Level 1:colcon.colcon_core.environment:checking '/ros2/carbi/install/rplidar_ros/bin'
[1.383s] Level 1:colcon.colcon_core.environment:checking '/ros2/carbi/install/rplidar_ros/lib/pkgconfig/rplidar_ros.pc'
[1.383s] Level 1:colcon.colcon_core.environment:checking '/ros2/carbi/install/rplidar_ros/lib/python3.10/site-packages'
[1.384s] Level 1:colcon.colcon_core.environment:checking '/ros2/carbi/install/rplidar_ros/bin'
[1.384s] INFO:colcon.colcon_core.shell:Creating package script '/ros2/carbi/install/rplidar_ros/share/rplidar_ros/package.ps1'
[1.385s] INFO:colcon.colcon_core.shell:Creating package descriptor '/ros2/carbi/install/rplidar_ros/share/rplidar_ros/package.dsv'
[1.386s] INFO:colcon.colcon_core.shell:Creating package script '/ros2/carbi/install/rplidar_ros/share/rplidar_ros/package.sh'
[1.386s] INFO:colcon.colcon_core.shell:Creating package script '/ros2/carbi/install/rplidar_ros/share/rplidar_ros/package.bash'
[1.387s] INFO:colcon.colcon_core.shell:Creating package script '/ros2/carbi/install/rplidar_ros/share/rplidar_ros/package.zsh'
[1.387s] Level 1:colcon.colcon_core.environment:create_file_with_runtime_dependencies(/ros2/carbi/install/rplidar_ros/share/colcon-core/packages/rplidar_ros)
[1.388s] DEBUG:colcon.colcon_parallel_executor.executor.parallel:closing loop
[1.388s] DEBUG:colcon.colcon_parallel_executor.executor.parallel:loop closed
[1.389s] DEBUG:colcon.colcon_parallel_executor.executor.parallel:run_until_complete finished with '0'
[1.389s] DEBUG:colcon.colcon_core.event_reactor:joining thread
[1.426s] INFO:colcon.colcon_core.plugin_system:Skipping extension 'colcon_notification.desktop_notification.notify_send': Could not find 'notify-send'
[1.427s] INFO:colcon.colcon_core.plugin_system:Skipping extension 'colcon_notification.desktop_notification.terminal_notifier': Not used on non-Darwin systems
[1.427s] INFO:colcon.colcon_core.plugin_system:Skipping extension 'colcon_notification.desktop_notification.win32': Not used on non-Windows systems
[1.427s] INFO:colcon.colcon_notification.desktop_notification:Sending desktop notification using 'notify2'
[1.432s] DEBUG:colcon.colcon_notification.desktop_notification.notify2:Failed to initialize notify2: org.freedesktop.DBus.Error.Spawn.ExecFailed: /usr/bin/dbus-launch terminated abnormally without any error message
[1.432s] DEBUG:colcon.colcon_core.event_reactor:joined thread
[1.433s] INFO:colcon.colcon_core.shell:Creating prefix script '/ros2/carbi/install/local_setup.ps1'
[1.435s] INFO:colcon.colcon_core.shell:Creating prefix util module '/ros2/carbi/install/_local_setup_util_ps1.py'
[1.437s] INFO:colcon.colcon_core.shell:Creating prefix chain script '/ros2/carbi/install/setup.ps1'
[1.439s] INFO:colcon.colcon_core.shell:Creating prefix script '/ros2/carbi/install/local_setup.sh'
[1.440s] INFO:colcon.colcon_core.shell:Creating prefix util module '/ros2/carbi/install/_local_setup_util_sh.py'
[1.440s] INFO:colcon.colcon_core.shell:Creating prefix chain script '/ros2/carbi/install/setup.sh'
[1.442s] INFO:colcon.colcon_core.shell:Creating prefix script '/ros2/carbi/install/local_setup.bash'
[1.443s] INFO:colcon.colcon_core.shell:Creating prefix chain script '/ros2/carbi/install/setup.bash'
[1.445s] INFO:colcon.colcon_core.shell:Creating prefix script '/ros2/carbi/install/local_setup.zsh'
[1.445s] INFO:colcon.colcon_core.shell:Creating prefix chain script '/ros2/carbi/install/setup.zsh'
