[0.065s] Invoking command in '/ros2/carbi/build/carbi_kinematics': CMAKE_PREFIX_PATH=${CMAKE_PREFIX_PATH}:/opt/ros/humble /usr/bin/cmake --build /ros2/carbi/build/carbi_kinematics -- -j4 -l4
[0.158s] Invoked command in '/ros2/carbi/build/carbi_kinematics' returned '0': CMAKE_PREFIX_PATH=${CMAKE_PREFIX_PATH}:/opt/ros/humble /usr/bin/cmake --build /ros2/carbi/build/carbi_kinematics -- -j4 -l4
[0.347s] Invoking command in '/ros2/carbi/build/carbi_kinematics': CMAKE_PREFIX_PATH=${CMAKE_PREFIX_PATH}:/opt/ros/humble /usr/bin/cmake --install /ros2/carbi/build/carbi_kinematics
[0.382s] -- Install configuration: ""
[0.382s] -- Up-to-date: /ros2/carbi/install/carbi_kinematics/lib/carbi_kinematics/kinematics.py
[0.382s] -- Up-to-date: /ros2/carbi/install/carbi_kinematics/share/carbi_kinematics/scripts
[0.387s] -- Up-to-date: /ros2/carbi/install/carbi_kinematics/share/carbi_kinematics/scripts/kinematics.py
[0.395s] -- Up-to-date: /ros2/carbi/install/carbi_kinematics/share/ament_index/resource_index/package_run_dependencies/carbi_kinematics
[0.403s] -- Up-to-date: /ros2/carbi/install/carbi_kinematics/share/ament_index/resource_index/parent_prefix_path/carbi_kinematics
[0.403s] -- Up-to-date: /ros2/carbi/install/carbi_kinematics/share/carbi_kinematics/environment/ament_prefix_path.sh
[0.404s] -- Up-to-date: /ros2/carbi/install/carbi_kinematics/share/carbi_kinematics/environment/ament_prefix_path.dsv
[0.404s] -- Up-to-date: /ros2/carbi/install/carbi_kinematics/share/carbi_kinematics/environment/path.sh
[0.404s] -- Up-to-date: /ros2/carbi/install/carbi_kinematics/share/carbi_kinematics/environment/path.dsv
[0.411s] -- Up-to-date: /ros2/carbi/install/carbi_kinematics/share/carbi_kinematics/local_setup.bash
[0.413s] -- Up-to-date: /ros2/carbi/install/carbi_kinematics/share/carbi_kinematics/local_setup.sh
[0.413s] -- Up-to-date: /ros2/carbi/install/carbi_kinematics/share/carbi_kinematics/local_setup.zsh
[0.414s] -- Up-to-date: /ros2/carbi/install/carbi_kinematics/share/carbi_kinematics/local_setup.dsv
[0.414s] -- Installing: /ros2/carbi/install/carbi_kinematics/share/carbi_kinematics/package.dsv
[0.415s] -- Up-to-date: /ros2/carbi/install/carbi_kinematics/share/ament_index/resource_index/packages/carbi_kinematics
[0.415s] -- Up-to-date: /ros2/carbi/install/carbi_kinematics/share/carbi_kinematics/cmake/carbi_kinematicsConfig.cmake
[0.416s] -- Up-to-date: /ros2/carbi/install/carbi_kinematics/share/carbi_kinematics/cmake/carbi_kinematicsConfig-version.cmake
[0.417s] -- Up-to-date: /ros2/carbi/install/carbi_kinematics/share/carbi_kinematics/package.xml
[0.551s] Invoked command in '/ros2/carbi/build/carbi_kinematics' returned '0': CMAKE_PREFIX_PATH=${CMAKE_PREFIX_PATH}:/opt/ros/humble /usr/bin/cmake --install /ros2/carbi/build/carbi_kinematics
