[0.056s] Invoking command in '/ros2/carbi/build/carbi_kinematics': CMAKE_PREFIX_PATH=${CMAKE_PREFIX_PATH}:/opt/ros/humble /usr/bin/cmake --build /ros2/carbi/build/carbi_kinematics -- -j4 -l4
[0.262s] Invoked command in '/ros2/carbi/build/carbi_kinematics' returned '0': CMAKE_PREFIX_PATH=${CMAKE_PREFIX_PATH}:/opt/ros/humble /usr/bin/cmake --build /ros2/carbi/build/carbi_kinematics -- -j4 -l4
[0.370s] Invoking command in '/ros2/carbi/build/carbi_kinematics': CMAKE_PREFIX_PATH=${CMAKE_PREFIX_PATH}:/opt/ros/humble /usr/bin/cmake --install /ros2/carbi/build/carbi_kinematics
[0.394s] -- Install configuration: ""
[0.403s] -- Up-to-date: /ros2/carbi/install/carbi_kinematics/lib/carbi_kinematics/kinematics.py
[0.426s] -- Up-to-date: /ros2/carbi/install/carbi_kinematics/share/carbi_kinematics/scripts
[0.427s] -- Up-to-date: /ros2/carbi/install/carbi_kinematics/share/carbi_kinematics/scripts/kinematics.py
[0.428s] -- Up-to-date: /ros2/carbi/install/carbi_kinematics/share/ament_index/resource_index/package_run_dependencies/carbi_kinematics
[0.428s] -- Up-to-date: /ros2/carbi/install/carbi_kinematics/share/ament_index/resource_index/parent_prefix_path/carbi_kinematics
[0.428s] -- Up-to-date: /ros2/carbi/install/carbi_kinematics/share/carbi_kinematics/environment/ament_prefix_path.sh
[0.429s] -- Up-to-date: /ros2/carbi/install/carbi_kinematics/share/carbi_kinematics/environment/ament_prefix_path.dsv
[0.429s] -- Up-to-date: /ros2/carbi/install/carbi_kinematics/share/carbi_kinematics/environment/path.sh
[0.430s] -- Up-to-date: /ros2/carbi/install/carbi_kinematics/share/carbi_kinematics/environment/path.dsv
[0.431s] -- Up-to-date: /ros2/carbi/install/carbi_kinematics/share/carbi_kinematics/local_setup.bash
[0.431s] -- Up-to-date: /ros2/carbi/install/carbi_kinematics/share/carbi_kinematics/local_setup.sh
[0.431s] -- Up-to-date: /ros2/carbi/install/carbi_kinematics/share/carbi_kinematics/local_setup.zsh
[0.431s] -- Up-to-date: /ros2/carbi/install/carbi_kinematics/share/carbi_kinematics/local_setup.dsv
[0.432s] -- Installing: /ros2/carbi/install/carbi_kinematics/share/carbi_kinematics/package.dsv
[0.432s] -- Up-to-date: /ros2/carbi/install/carbi_kinematics/share/ament_index/resource_index/packages/carbi_kinematics
[0.432s] -- Up-to-date: /ros2/carbi/install/carbi_kinematics/share/carbi_kinematics/cmake/carbi_kinematicsConfig.cmake
[0.432s] -- Up-to-date: /ros2/carbi/install/carbi_kinematics/share/carbi_kinematics/cmake/carbi_kinematicsConfig-version.cmake
[0.433s] -- Up-to-date: /ros2/carbi/install/carbi_kinematics/share/carbi_kinematics/package.xml
[0.481s] Invoked command in '/ros2/carbi/build/carbi_kinematics' returned '0': CMAKE_PREFIX_PATH=${CMAKE_PREFIX_PATH}:/opt/ros/humble /usr/bin/cmake --install /ros2/carbi/build/carbi_kinematics
