[0.047s] Invoking command in '/ros2/carbi/build/rtabmap_python': /usr/bin/cmake /ros2/carbi/src/rtabmap_ros/rtabmap_python -DCATKIN_INSTALL_INTO_PREFIX_ROOT=0 -DCMAKE_INSTALL_PREFIX=/ros2/carbi/install/rtabmap_python
[0.710s] -- The C compiler identification is GNU 11.4.0
[1.212s] -- The CXX compiler identification is GNU 11.4.0
[1.306s] -- Detecting C compiler ABI info
[1.552s] -- Detecting C compiler ABI info - done
[1.564s] -- Check for working C compiler: /usr/bin/cc - skipped
[1.566s] -- Detecting C compile features
[1.566s] -- Detecting C compile features - done
[1.577s] -- Detecting CXX compiler ABI info
[1.872s] -- Detecting CXX compiler ABI info - done
[1.904s] -- Check for working CXX compiler: /usr/bin/c++ - skipped
[1.904s] -- Detecting CXX compile features
[1.905s] -- Detecting CXX compile features - done
[1.984s] -- Configuring incomplete, errors occurred!
[1.987s] See also "/ros2/carbi/build/rtabmap_python/CMakeFiles/CMakeOutput.log".
[1.988s] [31mCMake Error at CMakeLists.txt:4 (find_package):
[1.989s]   By not providing "Findcatkin.cmake" in CMAKE_MODULE_PATH this project has
[1.994s]   asked CMake to find a package configuration file provided by "catkin", but
[1.994s]   CMake did not find one.
[1.995s] 
[1.995s]   Could not find a package configuration file provided by "catkin" with any
[1.995s]   of the following names:
[1.995s] 
[2.000s]     catkinConfig.cmake
[2.002s]     catkin-config.cmake
[2.002s] 
[2.002s]   Add the installation prefix of "catkin" to CMAKE_PREFIX_PATH or set
[2.003s]   "catkin_DIR" to a directory containing one of the above files.  If "catkin"
[2.003s]   provides a separate development package or SDK, be sure it has been
[2.003s]   installed.
[2.003s] 
[2.003s] [0m
[2.007s] Invoked command in '/ros2/carbi/build/rtabmap_python' returned '1': /usr/bin/cmake /ros2/carbi/src/rtabmap_ros/rtabmap_python -DCATKIN_INSTALL_INTO_PREFIX_ROOT=0 -DCMAKE_INSTALL_PREFIX=/ros2/carbi/install/rtabmap_python
