[0.182s] DEBUG:colcon:Command line arguments: ['/usr/bin/colcon', 'build']
[0.182s] DEBUG:colcon:Parsed command line arguments: Namespace(log_base=None, log_level=None, verb_name='build', build_base='build', install_base='install', merge_install=False, symlink_install=False, test_result_base=None, continue_on_error=False, executor='parallel', parallel_workers=4, event_handlers=None, ignore_user_meta=False, metas=['./colcon.meta'], base_paths=['.'], packages_ignore=None, packages_ignore_regex=None, paths=None, packages_up_to=None, packages_up_to_regex=None, packages_above=None, packages_above_and_dependencies=None, packages_above_depth=None, packages_select_by_dep=None, packages_skip_by_dep=None, packages_skip_up_to=None, packages_select_build_failed=False, packages_skip_build_finished=False, packages_select_test_failures=False, packages_skip_test_passed=False, packages_select=None, packages_skip=None, packages_select_regex=None, packages_skip_regex=None, packages_start=None, packages_end=None, cmake_args=None, cmake_target=None, cmake_target_skip_unavailable=False, cmake_clean_cache=False, cmake_clean_first=False, cmake_force_configure=False, ament_cmake_args=None, catkin_cmake_args=None, catkin_skip_building_tests=False, mixin_files=None, mixin=None, verb_parser=<colcon_mixin.mixin.mixin_argument.MixinArgumentDecorator object at 0xffff9902ff40>, verb_extension=<colcon_core.verb.build.BuildVerb object at 0xffff9902fa00>, main=<bound method BuildVerb.main of <colcon_core.verb.build.BuildVerb object at 0xffff9902fa00>>, mixin_verb=('build',))
[0.379s] Level 1:colcon.colcon_core.package_discovery:discover_packages(colcon_meta) check parameters
[0.380s] INFO:colcon.colcon_metadata.package_discovery.colcon_meta:Using configuration from '/root/.colcon/metadata/default/Gazebo.meta'
[0.381s] INFO:colcon.colcon_metadata.package_discovery.colcon_meta:Using configuration from '/root/.colcon/metadata/default/fastrtps.meta'
[0.381s] Level 1:colcon.colcon_core.package_discovery:discover_packages(recursive) check parameters
[0.381s] Level 1:colcon.colcon_core.package_discovery:discover_packages(ignore) check parameters
[0.381s] Level 1:colcon.colcon_core.package_discovery:discover_packages(path) check parameters
[0.381s] Level 1:colcon.colcon_core.package_discovery:discover_packages(colcon_meta) discover
[0.381s] Level 1:colcon.colcon_core.package_discovery:discover_packages(recursive) discover
[0.381s] INFO:colcon.colcon_core.package_discovery:Crawling recursively for packages in '/ros2/carbi'
[0.381s] Level 1:colcon.colcon_core.package_identification:_identify(.) by extensions ['ignore', 'ignore_ament_install']
[0.381s] Level 1:colcon.colcon_core.package_identification:_identify(.) by extension 'ignore'
[0.382s] Level 1:colcon.colcon_core.package_identification:_identify(.) by extension 'ignore_ament_install'
[0.382s] Level 1:colcon.colcon_core.package_identification:_identify(.) by extensions ['colcon_pkg']
[0.382s] Level 1:colcon.colcon_core.package_identification:_identify(.) by extension 'colcon_pkg'
[0.382s] Level 1:colcon.colcon_core.package_identification:_identify(.) by extensions ['colcon_meta']
[0.382s] Level 1:colcon.colcon_core.package_identification:_identify(.) by extension 'colcon_meta'
[0.382s] Level 1:colcon.colcon_core.package_identification:_identify(.) by extensions ['ros']
[0.382s] Level 1:colcon.colcon_core.package_identification:_identify(.) by extension 'ros'
[0.398s] Level 1:colcon.colcon_core.package_identification:_identify(.) by extensions ['cmake', 'python']
[0.398s] Level 1:colcon.colcon_core.package_identification:_identify(.) by extension 'cmake'
[0.398s] Level 1:colcon.colcon_core.package_identification:_identify(.) by extension 'python'
[0.398s] Level 1:colcon.colcon_core.package_identification:_identify(.) by extensions ['python_setup_py']
[0.398s] Level 1:colcon.colcon_core.package_identification:_identify(.) by extension 'python_setup_py'
[0.398s] Level 1:colcon.colcon_core.package_identification:_identify(build) by extensions ['ignore', 'ignore_ament_install']
[0.398s] Level 1:colcon.colcon_core.package_identification:_identify(build) by extension 'ignore'
[0.399s] Level 1:colcon.colcon_core.package_identification:_identify(build) ignored
[0.399s] Level 1:colcon.colcon_core.package_identification:_identify(install) by extensions ['ignore', 'ignore_ament_install']
[0.399s] Level 1:colcon.colcon_core.package_identification:_identify(install) by extension 'ignore'
[0.399s] Level 1:colcon.colcon_core.package_identification:_identify(install) ignored
[0.399s] Level 1:colcon.colcon_core.package_identification:_identify(log) by extensions ['ignore', 'ignore_ament_install']
[0.399s] Level 1:colcon.colcon_core.package_identification:_identify(log) by extension 'ignore'
[0.399s] Level 1:colcon.colcon_core.package_identification:_identify(log) ignored
[0.399s] Level 1:colcon.colcon_core.package_identification:_identify(src) by extensions ['ignore', 'ignore_ament_install']
[0.400s] Level 1:colcon.colcon_core.package_identification:_identify(src) by extension 'ignore'
[0.400s] Level 1:colcon.colcon_core.package_identification:_identify(src) by extension 'ignore_ament_install'
[0.400s] Level 1:colcon.colcon_core.package_identification:_identify(src) by extensions ['colcon_pkg']
[0.400s] Level 1:colcon.colcon_core.package_identification:_identify(src) by extension 'colcon_pkg'
[0.400s] Level 1:colcon.colcon_core.package_identification:_identify(src) by extensions ['colcon_meta']
[0.400s] Level 1:colcon.colcon_core.package_identification:_identify(src) by extension 'colcon_meta'
[0.400s] Level 1:colcon.colcon_core.package_identification:_identify(src) by extensions ['ros']
[0.400s] Level 1:colcon.colcon_core.package_identification:_identify(src) by extension 'ros'
[0.400s] Level 1:colcon.colcon_core.package_identification:_identify(src) by extensions ['cmake', 'python']
[0.400s] Level 1:colcon.colcon_core.package_identification:_identify(src) by extension 'cmake'
[0.400s] Level 1:colcon.colcon_core.package_identification:_identify(src) by extension 'python'
[0.400s] Level 1:colcon.colcon_core.package_identification:_identify(src) by extensions ['python_setup_py']
[0.400s] Level 1:colcon.colcon_core.package_identification:_identify(src) by extension 'python_setup_py'
[0.400s] Level 1:colcon.colcon_core.package_identification:_identify(src/carbi_bridge) by extensions ['ignore', 'ignore_ament_install']
[0.400s] Level 1:colcon.colcon_core.package_identification:_identify(src/carbi_bridge) by extension 'ignore'
[0.400s] Level 1:colcon.colcon_core.package_identification:_identify(src/carbi_bridge) by extension 'ignore_ament_install'
[0.400s] Level 1:colcon.colcon_core.package_identification:_identify(src/carbi_bridge) by extensions ['colcon_pkg']
[0.400s] Level 1:colcon.colcon_core.package_identification:_identify(src/carbi_bridge) by extension 'colcon_pkg'
[0.401s] Level 1:colcon.colcon_core.package_identification:_identify(src/carbi_bridge) by extensions ['colcon_meta']
[0.401s] Level 1:colcon.colcon_core.package_identification:_identify(src/carbi_bridge) by extension 'colcon_meta'
[0.401s] Level 1:colcon.colcon_core.package_identification:_identify(src/carbi_bridge) by extensions ['ros']
[0.401s] Level 1:colcon.colcon_core.package_identification:_identify(src/carbi_bridge) by extension 'ros'
[0.407s] DEBUG:colcon.colcon_core.package_identification:Package 'src/carbi_bridge' with type 'ros.ament_cmake' and name 'carbi_bridge'
[0.407s] Level 1:colcon.colcon_core.package_identification:_identify(src/carbi_kinematics) by extensions ['ignore', 'ignore_ament_install']
[0.407s] Level 1:colcon.colcon_core.package_identification:_identify(src/carbi_kinematics) by extension 'ignore'
[0.407s] Level 1:colcon.colcon_core.package_identification:_identify(src/carbi_kinematics) by extension 'ignore_ament_install'
[0.407s] Level 1:colcon.colcon_core.package_identification:_identify(src/carbi_kinematics) by extensions ['colcon_pkg']
[0.407s] Level 1:colcon.colcon_core.package_identification:_identify(src/carbi_kinematics) by extension 'colcon_pkg'
[0.407s] Level 1:colcon.colcon_core.package_identification:_identify(src/carbi_kinematics) by extensions ['colcon_meta']
[0.407s] Level 1:colcon.colcon_core.package_identification:_identify(src/carbi_kinematics) by extension 'colcon_meta'
[0.407s] Level 1:colcon.colcon_core.package_identification:_identify(src/carbi_kinematics) by extensions ['ros']
[0.407s] Level 1:colcon.colcon_core.package_identification:_identify(src/carbi_kinematics) by extension 'ros'
[0.408s] DEBUG:colcon.colcon_core.package_identification:Package 'src/carbi_kinematics' with type 'ros.ament_cmake' and name 'carbi_kinematics'
[0.408s] Level 1:colcon.colcon_core.package_identification:_identify(src/carbi_robot_description) by extensions ['ignore', 'ignore_ament_install']
[0.408s] Level 1:colcon.colcon_core.package_identification:_identify(src/carbi_robot_description) by extension 'ignore'
[0.409s] Level 1:colcon.colcon_core.package_identification:_identify(src/carbi_robot_description) by extension 'ignore_ament_install'
[0.409s] Level 1:colcon.colcon_core.package_identification:_identify(src/carbi_robot_description) by extensions ['colcon_pkg']
[0.409s] Level 1:colcon.colcon_core.package_identification:_identify(src/carbi_robot_description) by extension 'colcon_pkg'
[0.409s] Level 1:colcon.colcon_core.package_identification:_identify(src/carbi_robot_description) by extensions ['colcon_meta']
[0.409s] Level 1:colcon.colcon_core.package_identification:_identify(src/carbi_robot_description) by extension 'colcon_meta'
[0.409s] Level 1:colcon.colcon_core.package_identification:_identify(src/carbi_robot_description) by extensions ['ros']
[0.409s] Level 1:colcon.colcon_core.package_identification:_identify(src/carbi_robot_description) by extension 'ros'
[0.409s] DEBUG:colcon.colcon_core.package_identification:Package 'src/carbi_robot_description' with type 'ros.ament_cmake' and name 'carbi_robot_description'
[0.409s] Level 1:colcon.colcon_core.package_identification:_identify(src/carbi_sensor_interface) by extensions ['ignore', 'ignore_ament_install']
[0.410s] Level 1:colcon.colcon_core.package_identification:_identify(src/carbi_sensor_interface) by extension 'ignore'
[0.410s] Level 1:colcon.colcon_core.package_identification:_identify(src/carbi_sensor_interface) by extension 'ignore_ament_install'
[0.410s] Level 1:colcon.colcon_core.package_identification:_identify(src/carbi_sensor_interface) by extensions ['colcon_pkg']
[0.410s] Level 1:colcon.colcon_core.package_identification:_identify(src/carbi_sensor_interface) by extension 'colcon_pkg'
[0.410s] Level 1:colcon.colcon_core.package_identification:_identify(src/carbi_sensor_interface) by extensions ['colcon_meta']
[0.410s] Level 1:colcon.colcon_core.package_identification:_identify(src/carbi_sensor_interface) by extension 'colcon_meta'
[0.410s] Level 1:colcon.colcon_core.package_identification:_identify(src/carbi_sensor_interface) by extensions ['ros']
[0.410s] Level 1:colcon.colcon_core.package_identification:_identify(src/carbi_sensor_interface) by extension 'ros'
[0.410s] DEBUG:colcon.colcon_core.package_identification:Package 'src/carbi_sensor_interface' with type 'ros.ament_cmake' and name 'carbi_sensor_interface'
[0.411s] Level 1:colcon.colcon_core.package_identification:_identify(src/rplidar_ros2) by extensions ['ignore', 'ignore_ament_install']
[0.411s] Level 1:colcon.colcon_core.package_identification:_identify(src/rplidar_ros2) by extension 'ignore'
[0.411s] Level 1:colcon.colcon_core.package_identification:_identify(src/rplidar_ros2) by extension 'ignore_ament_install'
[0.411s] Level 1:colcon.colcon_core.package_identification:_identify(src/rplidar_ros2) by extensions ['colcon_pkg']
[0.411s] Level 1:colcon.colcon_core.package_identification:_identify(src/rplidar_ros2) by extension 'colcon_pkg'
[0.411s] Level 1:colcon.colcon_core.package_identification:_identify(src/rplidar_ros2) by extensions ['colcon_meta']
[0.411s] Level 1:colcon.colcon_core.package_identification:_identify(src/rplidar_ros2) by extension 'colcon_meta'
[0.411s] Level 1:colcon.colcon_core.package_identification:_identify(src/rplidar_ros2) by extensions ['ros']
[0.411s] Level 1:colcon.colcon_core.package_identification:_identify(src/rplidar_ros2) by extension 'ros'
[0.412s] DEBUG:colcon.colcon_core.package_identification:Package 'src/rplidar_ros2' with type 'ros.ament_cmake' and name 'rplidar_ros'
[0.412s] Level 1:colcon.colcon_core.package_discovery:discover_packages(recursive) using defaults
[0.412s] Level 1:colcon.colcon_core.package_discovery:discover_packages(ignore) discover
[0.412s] Level 1:colcon.colcon_core.package_discovery:discover_packages(ignore) using defaults
[0.412s] Level 1:colcon.colcon_core.package_discovery:discover_packages(path) discover
[0.412s] Level 1:colcon.colcon_core.package_discovery:discover_packages(path) using defaults
[0.439s] Level 5:colcon.colcon_core.verb:set package 'carbi_bridge' build argument 'cmake_args' from command line to 'None'
[0.439s] Level 5:colcon.colcon_core.verb:set package 'carbi_bridge' build argument 'cmake_target' from command line to 'None'
[0.439s] Level 5:colcon.colcon_core.verb:set package 'carbi_bridge' build argument 'cmake_target_skip_unavailable' from command line to 'False'
[0.439s] Level 5:colcon.colcon_core.verb:set package 'carbi_bridge' build argument 'cmake_clean_cache' from command line to 'False'
[0.439s] Level 5:colcon.colcon_core.verb:set package 'carbi_bridge' build argument 'cmake_clean_first' from command line to 'False'
[0.439s] Level 5:colcon.colcon_core.verb:set package 'carbi_bridge' build argument 'cmake_force_configure' from command line to 'False'
[0.439s] Level 5:colcon.colcon_core.verb:set package 'carbi_bridge' build argument 'ament_cmake_args' from command line to 'None'
[0.439s] Level 5:colcon.colcon_core.verb:set package 'carbi_bridge' build argument 'catkin_cmake_args' from command line to 'None'
[0.439s] Level 5:colcon.colcon_core.verb:set package 'carbi_bridge' build argument 'catkin_skip_building_tests' from command line to 'False'
[0.439s] DEBUG:colcon.colcon_core.verb:Building package 'carbi_bridge' with the following arguments: {'ament_cmake_args': None, 'build_base': '/ros2/carbi/build/carbi_bridge', 'catkin_cmake_args': None, 'catkin_skip_building_tests': False, 'cmake_args': None, 'cmake_clean_cache': False, 'cmake_clean_first': False, 'cmake_force_configure': False, 'cmake_target': None, 'cmake_target_skip_unavailable': False, 'install_base': '/ros2/carbi/install/carbi_bridge', 'merge_install': False, 'path': '/ros2/carbi/src/carbi_bridge', 'symlink_install': False, 'test_result_base': None}
[0.440s] Level 5:colcon.colcon_core.verb:set package 'carbi_kinematics' build argument 'cmake_args' from command line to 'None'
[0.440s] Level 5:colcon.colcon_core.verb:set package 'carbi_kinematics' build argument 'cmake_target' from command line to 'None'
[0.440s] Level 5:colcon.colcon_core.verb:set package 'carbi_kinematics' build argument 'cmake_target_skip_unavailable' from command line to 'False'
[0.440s] Level 5:colcon.colcon_core.verb:set package 'carbi_kinematics' build argument 'cmake_clean_cache' from command line to 'False'
[0.440s] Level 5:colcon.colcon_core.verb:set package 'carbi_kinematics' build argument 'cmake_clean_first' from command line to 'False'
[0.440s] Level 5:colcon.colcon_core.verb:set package 'carbi_kinematics' build argument 'cmake_force_configure' from command line to 'False'
[0.440s] Level 5:colcon.colcon_core.verb:set package 'carbi_kinematics' build argument 'ament_cmake_args' from command line to 'None'
[0.440s] Level 5:colcon.colcon_core.verb:set package 'carbi_kinematics' build argument 'catkin_cmake_args' from command line to 'None'
[0.440s] Level 5:colcon.colcon_core.verb:set package 'carbi_kinematics' build argument 'catkin_skip_building_tests' from command line to 'False'
[0.440s] DEBUG:colcon.colcon_core.verb:Building package 'carbi_kinematics' with the following arguments: {'ament_cmake_args': None, 'build_base': '/ros2/carbi/build/carbi_kinematics', 'catkin_cmake_args': None, 'catkin_skip_building_tests': False, 'cmake_args': None, 'cmake_clean_cache': False, 'cmake_clean_first': False, 'cmake_force_configure': False, 'cmake_target': None, 'cmake_target_skip_unavailable': False, 'install_base': '/ros2/carbi/install/carbi_kinematics', 'merge_install': False, 'path': '/ros2/carbi/src/carbi_kinematics', 'symlink_install': False, 'test_result_base': None}
[0.440s] Level 5:colcon.colcon_core.verb:set package 'carbi_robot_description' build argument 'cmake_args' from command line to 'None'
[0.440s] Level 5:colcon.colcon_core.verb:set package 'carbi_robot_description' build argument 'cmake_target' from command line to 'None'
[0.440s] Level 5:colcon.colcon_core.verb:set package 'carbi_robot_description' build argument 'cmake_target_skip_unavailable' from command line to 'False'
[0.440s] Level 5:colcon.colcon_core.verb:set package 'carbi_robot_description' build argument 'cmake_clean_cache' from command line to 'False'
[0.441s] Level 5:colcon.colcon_core.verb:set package 'carbi_robot_description' build argument 'cmake_clean_first' from command line to 'False'
[0.441s] Level 5:colcon.colcon_core.verb:set package 'carbi_robot_description' build argument 'cmake_force_configure' from command line to 'False'
[0.441s] Level 5:colcon.colcon_core.verb:set package 'carbi_robot_description' build argument 'ament_cmake_args' from command line to 'None'
[0.441s] Level 5:colcon.colcon_core.verb:set package 'carbi_robot_description' build argument 'catkin_cmake_args' from command line to 'None'
[0.441s] Level 5:colcon.colcon_core.verb:set package 'carbi_robot_description' build argument 'catkin_skip_building_tests' from command line to 'False'
[0.441s] DEBUG:colcon.colcon_core.verb:Building package 'carbi_robot_description' with the following arguments: {'ament_cmake_args': None, 'build_base': '/ros2/carbi/build/carbi_robot_description', 'catkin_cmake_args': None, 'catkin_skip_building_tests': False, 'cmake_args': None, 'cmake_clean_cache': False, 'cmake_clean_first': False, 'cmake_force_configure': False, 'cmake_target': None, 'cmake_target_skip_unavailable': False, 'install_base': '/ros2/carbi/install/carbi_robot_description', 'merge_install': False, 'path': '/ros2/carbi/src/carbi_robot_description', 'symlink_install': False, 'test_result_base': None}
[0.441s] Level 5:colcon.colcon_core.verb:set package 'carbi_sensor_interface' build argument 'cmake_args' from command line to 'None'
[0.441s] Level 5:colcon.colcon_core.verb:set package 'carbi_sensor_interface' build argument 'cmake_target' from command line to 'None'
[0.441s] Level 5:colcon.colcon_core.verb:set package 'carbi_sensor_interface' build argument 'cmake_target_skip_unavailable' from command line to 'False'
[0.441s] Level 5:colcon.colcon_core.verb:set package 'carbi_sensor_interface' build argument 'cmake_clean_cache' from command line to 'False'
[0.441s] Level 5:colcon.colcon_core.verb:set package 'carbi_sensor_interface' build argument 'cmake_clean_first' from command line to 'False'
[0.441s] Level 5:colcon.colcon_core.verb:set package 'carbi_sensor_interface' build argument 'cmake_force_configure' from command line to 'False'
[0.441s] Level 5:colcon.colcon_core.verb:set package 'carbi_sensor_interface' build argument 'ament_cmake_args' from command line to 'None'
[0.441s] Level 5:colcon.colcon_core.verb:set package 'carbi_sensor_interface' build argument 'catkin_cmake_args' from command line to 'None'
[0.441s] Level 5:colcon.colcon_core.verb:set package 'carbi_sensor_interface' build argument 'catkin_skip_building_tests' from command line to 'False'
[0.441s] DEBUG:colcon.colcon_core.verb:Building package 'carbi_sensor_interface' with the following arguments: {'ament_cmake_args': None, 'build_base': '/ros2/carbi/build/carbi_sensor_interface', 'catkin_cmake_args': None, 'catkin_skip_building_tests': False, 'cmake_args': None, 'cmake_clean_cache': False, 'cmake_clean_first': False, 'cmake_force_configure': False, 'cmake_target': None, 'cmake_target_skip_unavailable': False, 'install_base': '/ros2/carbi/install/carbi_sensor_interface', 'merge_install': False, 'path': '/ros2/carbi/src/carbi_sensor_interface', 'symlink_install': False, 'test_result_base': None}
[0.442s] Level 5:colcon.colcon_core.verb:set package 'rplidar_ros' build argument 'cmake_args' from command line to 'None'
[0.442s] Level 5:colcon.colcon_core.verb:set package 'rplidar_ros' build argument 'cmake_target' from command line to 'None'
[0.442s] Level 5:colcon.colcon_core.verb:set package 'rplidar_ros' build argument 'cmake_target_skip_unavailable' from command line to 'False'
[0.442s] Level 5:colcon.colcon_core.verb:set package 'rplidar_ros' build argument 'cmake_clean_cache' from command line to 'False'
[0.442s] Level 5:colcon.colcon_core.verb:set package 'rplidar_ros' build argument 'cmake_clean_first' from command line to 'False'
[0.442s] Level 5:colcon.colcon_core.verb:set package 'rplidar_ros' build argument 'cmake_force_configure' from command line to 'False'
[0.442s] Level 5:colcon.colcon_core.verb:set package 'rplidar_ros' build argument 'ament_cmake_args' from command line to 'None'
[0.442s] Level 5:colcon.colcon_core.verb:set package 'rplidar_ros' build argument 'catkin_cmake_args' from command line to 'None'
[0.442s] Level 5:colcon.colcon_core.verb:set package 'rplidar_ros' build argument 'catkin_skip_building_tests' from command line to 'False'
[0.442s] DEBUG:colcon.colcon_core.verb:Building package 'rplidar_ros' with the following arguments: {'ament_cmake_args': None, 'build_base': '/ros2/carbi/build/rplidar_ros', 'catkin_cmake_args': None, 'catkin_skip_building_tests': False, 'cmake_args': None, 'cmake_clean_cache': False, 'cmake_clean_first': False, 'cmake_force_configure': False, 'cmake_target': None, 'cmake_target_skip_unavailable': False, 'install_base': '/ros2/carbi/install/rplidar_ros', 'merge_install': False, 'path': '/ros2/carbi/src/rplidar_ros2', 'symlink_install': False, 'test_result_base': None}
[0.442s] INFO:colcon.colcon_core.executor:Executing jobs using 'parallel' executor
[0.444s] DEBUG:colcon.colcon_parallel_executor.executor.parallel:run_until_complete
[0.444s] INFO:colcon.colcon_ros.task.ament_cmake.build:Building ROS package in '/ros2/carbi/src/carbi_bridge' with build type 'ament_cmake'
[0.445s] INFO:colcon.colcon_cmake.task.cmake.build:Building CMake package in '/ros2/carbi/src/carbi_bridge'
[0.448s] INFO:colcon.colcon_core.plugin_system:Skipping extension 'colcon_core.shell.bat': Not used on non-Windows systems
[0.448s] INFO:colcon.colcon_core.shell:Skip shell extension 'powershell' for command environment: Not usable outside of PowerShell
[0.448s] DEBUG:colcon.colcon_core.shell:Skip shell extension 'dsv' for command environment
[0.458s] INFO:colcon.colcon_ros.task.ament_cmake.build:Building ROS package in '/ros2/carbi/src/carbi_kinematics' with build type 'ament_cmake'
[0.458s] INFO:colcon.colcon_cmake.task.cmake.build:Building CMake package in '/ros2/carbi/src/carbi_kinematics'
[0.459s] INFO:colcon.colcon_core.shell:Skip shell extension 'powershell' for command environment: Not usable outside of PowerShell
[0.459s] DEBUG:colcon.colcon_core.shell:Skip shell extension 'dsv' for command environment
[0.480s] INFO:colcon.colcon_ros.task.ament_cmake.build:Building ROS package in '/ros2/carbi/src/carbi_robot_description' with build type 'ament_cmake'
[0.481s] INFO:colcon.colcon_cmake.task.cmake.build:Building CMake package in '/ros2/carbi/src/carbi_robot_description'
[0.481s] INFO:colcon.colcon_core.shell:Skip shell extension 'powershell' for command environment: Not usable outside of PowerShell
[0.482s] DEBUG:colcon.colcon_core.shell:Skip shell extension 'dsv' for command environment
[0.494s] INFO:colcon.colcon_ros.task.ament_cmake.build:Building ROS package in '/ros2/carbi/src/carbi_sensor_interface' with build type 'ament_cmake'
[0.495s] INFO:colcon.colcon_cmake.task.cmake.build:Building CMake package in '/ros2/carbi/src/carbi_sensor_interface'
[0.496s] INFO:colcon.colcon_core.shell:Skip shell extension 'powershell' for command environment: Not usable outside of PowerShell
[0.496s] DEBUG:colcon.colcon_core.shell:Skip shell extension 'dsv' for command environment
[0.521s] DEBUG:colcon.colcon_core.event_handler.log_command:Invoking command in '/ros2/carbi/build/carbi_bridge': CMAKE_PREFIX_PATH=${CMAKE_PREFIX_PATH}:/opt/ros/humble /usr/bin/cmake --build /ros2/carbi/build/carbi_bridge -- -j4 -l4
[0.528s] DEBUG:colcon.colcon_core.event_handler.log_command:Invoking command in '/ros2/carbi/build/carbi_kinematics': CMAKE_PREFIX_PATH=${CMAKE_PREFIX_PATH}:/opt/ros/humble /usr/bin/cmake --build /ros2/carbi/build/carbi_kinematics -- -j4 -l4
[0.532s] DEBUG:colcon.colcon_core.event_handler.log_command:Invoking command in '/ros2/carbi/build/carbi_robot_description': CMAKE_PREFIX_PATH=${CMAKE_PREFIX_PATH}:/opt/ros/humble /usr/bin/cmake --build /ros2/carbi/build/carbi_robot_description -- -j4 -l4
[0.572s] DEBUG:colcon.colcon_core.event_handler.log_command:Invoking command in '/ros2/carbi/build/carbi_sensor_interface': CMAKE_PREFIX_PATH=${CMAKE_PREFIX_PATH}:/opt/ros/humble /usr/bin/cmake --build /ros2/carbi/build/carbi_sensor_interface -- -j4 -l4
[0.725s] DEBUG:colcon.colcon_core.event_handler.log_command:Invoked command in '/ros2/carbi/build/carbi_robot_description' returned '0': CMAKE_PREFIX_PATH=${CMAKE_PREFIX_PATH}:/opt/ros/humble /usr/bin/cmake --build /ros2/carbi/build/carbi_robot_description -- -j4 -l4
[0.746s] DEBUG:colcon.colcon_core.event_handler.log_command:Invoked command in '/ros2/carbi/build/carbi_bridge' returned '0': CMAKE_PREFIX_PATH=${CMAKE_PREFIX_PATH}:/opt/ros/humble /usr/bin/cmake --build /ros2/carbi/build/carbi_bridge -- -j4 -l4
[0.754s] DEBUG:colcon.colcon_core.event_handler.log_command:Invoked command in '/ros2/carbi/build/carbi_kinematics' returned '0': CMAKE_PREFIX_PATH=${CMAKE_PREFIX_PATH}:/opt/ros/humble /usr/bin/cmake --build /ros2/carbi/build/carbi_kinematics -- -j4 -l4
[0.783s] DEBUG:colcon.colcon_core.event_handler.log_command:Invoked command in '/ros2/carbi/build/carbi_sensor_interface' returned '0': CMAKE_PREFIX_PATH=${CMAKE_PREFIX_PATH}:/opt/ros/humble /usr/bin/cmake --build /ros2/carbi/build/carbi_sensor_interface -- -j4 -l4
[0.868s] DEBUG:colcon.colcon_core.event_handler.log_command:Invoking command in '/ros2/carbi/build/carbi_bridge': CMAKE_PREFIX_PATH=${CMAKE_PREFIX_PATH}:/opt/ros/humble /usr/bin/cmake --install /ros2/carbi/build/carbi_bridge
[0.880s] DEBUG:colcon.colcon_core.event_handler.log_command:Invoking command in '/ros2/carbi/build/carbi_sensor_interface': CMAKE_PREFIX_PATH=${CMAKE_PREFIX_PATH}:/opt/ros/humble /usr/bin/cmake --install /ros2/carbi/build/carbi_sensor_interface
[0.904s] DEBUG:colcon.colcon_core.event_handler.log_command:Invoking command in '/ros2/carbi/build/carbi_robot_description': CMAKE_PREFIX_PATH=${CMAKE_PREFIX_PATH}:/opt/ros/humble /usr/bin/cmake --install /ros2/carbi/build/carbi_robot_description
[0.919s] DEBUG:colcon.colcon_core.event_handler.log_command:Invoking command in '/ros2/carbi/build/carbi_kinematics': CMAKE_PREFIX_PATH=${CMAKE_PREFIX_PATH}:/opt/ros/humble /usr/bin/cmake --install /ros2/carbi/build/carbi_kinematics
[0.937s] Level 1:colcon.colcon_core.environment:create_environment_scripts_only(carbi_bridge)
[0.950s] DEBUG:colcon.colcon_core.event_handler.log_command:Invoked command in '/ros2/carbi/build/carbi_bridge' returned '0': CMAKE_PREFIX_PATH=${CMAKE_PREFIX_PATH}:/opt/ros/humble /usr/bin/cmake --install /ros2/carbi/build/carbi_bridge
[0.957s] Level 1:colcon.colcon_core.environment:checking '/ros2/carbi/install/carbi_bridge' for CMake module files
[0.958s] Level 1:colcon.colcon_core.environment:checking '/ros2/carbi/install/carbi_bridge' for CMake config files
[0.959s] Level 1:colcon.colcon_core.shell:create_environment_hook('carbi_bridge', 'cmake_prefix_path')
[0.959s] INFO:colcon.colcon_core.shell:Creating environment hook '/ros2/carbi/install/carbi_bridge/share/carbi_bridge/hook/cmake_prefix_path.ps1'
[0.962s] INFO:colcon.colcon_core.shell:Creating environment descriptor '/ros2/carbi/install/carbi_bridge/share/carbi_bridge/hook/cmake_prefix_path.dsv'
[0.964s] INFO:colcon.colcon_core.shell:Creating environment hook '/ros2/carbi/install/carbi_bridge/share/carbi_bridge/hook/cmake_prefix_path.sh'
[0.968s] Level 1:colcon.colcon_core.environment:checking '/ros2/carbi/install/carbi_bridge/lib'
[0.968s] Level 1:colcon.colcon_core.environment:checking '/ros2/carbi/install/carbi_bridge/bin'
[0.969s] Level 1:colcon.colcon_core.environment:checking '/ros2/carbi/install/carbi_bridge/lib/pkgconfig/carbi_bridge.pc'
[0.977s] Level 1:colcon.colcon_core.environment:checking '/ros2/carbi/install/carbi_bridge/lib/python3.10/site-packages'
[0.978s] Level 1:colcon.colcon_core.environment:checking '/ros2/carbi/install/carbi_bridge/bin'
[0.978s] INFO:colcon.colcon_core.shell:Creating package script '/ros2/carbi/install/carbi_bridge/share/carbi_bridge/package.ps1'
[0.981s] INFO:colcon.colcon_core.shell:Creating package descriptor '/ros2/carbi/install/carbi_bridge/share/carbi_bridge/package.dsv'
[0.982s] INFO:colcon.colcon_core.shell:Creating package script '/ros2/carbi/install/carbi_bridge/share/carbi_bridge/package.sh'
[0.984s] INFO:colcon.colcon_core.shell:Creating package script '/ros2/carbi/install/carbi_bridge/share/carbi_bridge/package.bash'
[0.990s] INFO:colcon.colcon_core.shell:Creating package script '/ros2/carbi/install/carbi_bridge/share/carbi_bridge/package.zsh'
[0.992s] Level 1:colcon.colcon_core.environment:create_file_with_runtime_dependencies(/ros2/carbi/install/carbi_bridge/share/colcon-core/packages/carbi_bridge)
[1.016s] Level 1:colcon.colcon_core.environment:create_environment_scripts_only(carbi_robot_description)
[1.017s] DEBUG:colcon.colcon_core.event_handler.log_command:Invoked command in '/ros2/carbi/build/carbi_robot_description' returned '0': CMAKE_PREFIX_PATH=${CMAKE_PREFIX_PATH}:/opt/ros/humble /usr/bin/cmake --install /ros2/carbi/build/carbi_robot_description
[1.018s] Level 1:colcon.colcon_core.environment:checking '/ros2/carbi/install/carbi_robot_description' for CMake module files
[1.020s] Level 1:colcon.colcon_core.environment:checking '/ros2/carbi/install/carbi_robot_description' for CMake config files
[1.021s] Level 1:colcon.colcon_core.shell:create_environment_hook('carbi_robot_description', 'cmake_prefix_path')
[1.022s] INFO:colcon.colcon_core.shell:Creating environment hook '/ros2/carbi/install/carbi_robot_description/share/carbi_robot_description/hook/cmake_prefix_path.ps1'
[1.029s] INFO:colcon.colcon_core.shell:Creating environment descriptor '/ros2/carbi/install/carbi_robot_description/share/carbi_robot_description/hook/cmake_prefix_path.dsv'
[1.032s] INFO:colcon.colcon_core.shell:Creating environment hook '/ros2/carbi/install/carbi_robot_description/share/carbi_robot_description/hook/cmake_prefix_path.sh'
[1.037s] Level 1:colcon.colcon_core.environment:checking '/ros2/carbi/install/carbi_robot_description/bin'
[1.037s] Level 1:colcon.colcon_core.environment:checking '/ros2/carbi/install/carbi_robot_description/lib/pkgconfig/carbi_robot_description.pc'
[1.038s] Level 1:colcon.colcon_core.environment:checking '/ros2/carbi/install/carbi_robot_description/lib/python3.10/site-packages'
[1.038s] Level 1:colcon.colcon_core.environment:checking '/ros2/carbi/install/carbi_robot_description/bin'
[1.039s] INFO:colcon.colcon_core.shell:Creating package script '/ros2/carbi/install/carbi_robot_description/share/carbi_robot_description/package.ps1'
[1.051s] INFO:colcon.colcon_core.shell:Creating package descriptor '/ros2/carbi/install/carbi_robot_description/share/carbi_robot_description/package.dsv'
[1.053s] INFO:colcon.colcon_core.shell:Creating package script '/ros2/carbi/install/carbi_robot_description/share/carbi_robot_description/package.sh'
[1.055s] INFO:colcon.colcon_core.shell:Creating package script '/ros2/carbi/install/carbi_robot_description/share/carbi_robot_description/package.bash'
[1.056s] INFO:colcon.colcon_core.shell:Creating package script '/ros2/carbi/install/carbi_robot_description/share/carbi_robot_description/package.zsh'
[1.058s] Level 1:colcon.colcon_core.environment:create_file_with_runtime_dependencies(/ros2/carbi/install/carbi_robot_description/share/colcon-core/packages/carbi_robot_description)
[1.068s] Level 1:colcon.colcon_core.environment:create_environment_scripts_only(carbi_sensor_interface)
[1.069s] Level 1:colcon.colcon_core.environment:checking '/ros2/carbi/install/carbi_sensor_interface' for CMake module files
[1.070s] Level 1:colcon.colcon_core.environment:checking '/ros2/carbi/install/carbi_sensor_interface' for CMake config files
[1.071s] DEBUG:colcon.colcon_core.event_handler.log_command:Invoked command in '/ros2/carbi/build/carbi_sensor_interface' returned '0': CMAKE_PREFIX_PATH=${CMAKE_PREFIX_PATH}:/opt/ros/humble /usr/bin/cmake --install /ros2/carbi/build/carbi_sensor_interface
[1.074s] Level 1:colcon.colcon_core.shell:create_environment_hook('carbi_sensor_interface', 'cmake_prefix_path')
[1.081s] INFO:colcon.colcon_core.shell:Creating environment hook '/ros2/carbi/install/carbi_sensor_interface/share/carbi_sensor_interface/hook/cmake_prefix_path.ps1'
[1.096s] INFO:colcon.colcon_core.shell:Creating environment descriptor '/ros2/carbi/install/carbi_sensor_interface/share/carbi_sensor_interface/hook/cmake_prefix_path.dsv'
[1.100s] INFO:colcon.colcon_core.shell:Creating environment hook '/ros2/carbi/install/carbi_sensor_interface/share/carbi_sensor_interface/hook/cmake_prefix_path.sh'
[1.104s] Level 1:colcon.colcon_core.environment:checking '/ros2/carbi/install/carbi_sensor_interface/lib'
[1.107s] Level 1:colcon.colcon_core.environment:checking '/ros2/carbi/install/carbi_sensor_interface/bin'
[1.108s] Level 1:colcon.colcon_core.environment:checking '/ros2/carbi/install/carbi_sensor_interface/lib/pkgconfig/carbi_sensor_interface.pc'
[1.110s] Level 1:colcon.colcon_core.environment:checking '/ros2/carbi/install/carbi_sensor_interface/lib/python3.10/site-packages'
[1.111s] Level 1:colcon.colcon_core.environment:checking '/ros2/carbi/install/carbi_sensor_interface/bin'
[1.113s] INFO:colcon.colcon_core.shell:Creating package script '/ros2/carbi/install/carbi_sensor_interface/share/carbi_sensor_interface/package.ps1'
[1.116s] INFO:colcon.colcon_core.shell:Creating package descriptor '/ros2/carbi/install/carbi_sensor_interface/share/carbi_sensor_interface/package.dsv'
[1.118s] INFO:colcon.colcon_core.shell:Creating package script '/ros2/carbi/install/carbi_sensor_interface/share/carbi_sensor_interface/package.sh'
[1.119s] INFO:colcon.colcon_core.shell:Creating package script '/ros2/carbi/install/carbi_sensor_interface/share/carbi_sensor_interface/package.bash'
[1.120s] INFO:colcon.colcon_core.shell:Creating package script '/ros2/carbi/install/carbi_sensor_interface/share/carbi_sensor_interface/package.zsh'
[1.122s] Level 1:colcon.colcon_core.environment:create_file_with_runtime_dependencies(/ros2/carbi/install/carbi_sensor_interface/share/colcon-core/packages/carbi_sensor_interface)
[1.128s] Level 1:colcon.colcon_core.environment:create_environment_scripts_only(carbi_kinematics)
[1.129s] DEBUG:colcon.colcon_core.event_handler.log_command:Invoked command in '/ros2/carbi/build/carbi_kinematics' returned '0': CMAKE_PREFIX_PATH=${CMAKE_PREFIX_PATH}:/opt/ros/humble /usr/bin/cmake --install /ros2/carbi/build/carbi_kinematics
[1.130s] Level 1:colcon.colcon_core.environment:checking '/ros2/carbi/install/carbi_kinematics' for CMake module files
[1.131s] Level 1:colcon.colcon_core.environment:checking '/ros2/carbi/install/carbi_kinematics' for CMake config files
[1.132s] Level 1:colcon.colcon_core.shell:create_environment_hook('carbi_kinematics', 'cmake_prefix_path')
[1.133s] INFO:colcon.colcon_core.shell:Creating environment hook '/ros2/carbi/install/carbi_kinematics/share/carbi_kinematics/hook/cmake_prefix_path.ps1'
[1.134s] INFO:colcon.colcon_core.shell:Creating environment descriptor '/ros2/carbi/install/carbi_kinematics/share/carbi_kinematics/hook/cmake_prefix_path.dsv'
[1.140s] INFO:colcon.colcon_core.shell:Creating environment hook '/ros2/carbi/install/carbi_kinematics/share/carbi_kinematics/hook/cmake_prefix_path.sh'
[1.142s] Level 1:colcon.colcon_core.environment:checking '/ros2/carbi/install/carbi_kinematics/lib'
[1.143s] Level 1:colcon.colcon_core.environment:checking '/ros2/carbi/install/carbi_kinematics/bin'
[1.143s] Level 1:colcon.colcon_core.environment:checking '/ros2/carbi/install/carbi_kinematics/lib/pkgconfig/carbi_kinematics.pc'
[1.144s] Level 1:colcon.colcon_core.environment:checking '/ros2/carbi/install/carbi_kinematics/lib/python3.10/site-packages'
[1.145s] Level 1:colcon.colcon_core.environment:checking '/ros2/carbi/install/carbi_kinematics/bin'
[1.146s] INFO:colcon.colcon_core.shell:Creating package script '/ros2/carbi/install/carbi_kinematics/share/carbi_kinematics/package.ps1'
[1.148s] INFO:colcon.colcon_core.shell:Creating package descriptor '/ros2/carbi/install/carbi_kinematics/share/carbi_kinematics/package.dsv'
[1.149s] INFO:colcon.colcon_core.shell:Creating package script '/ros2/carbi/install/carbi_kinematics/share/carbi_kinematics/package.sh'
[1.151s] INFO:colcon.colcon_core.shell:Creating package script '/ros2/carbi/install/carbi_kinematics/share/carbi_kinematics/package.bash'
[1.152s] INFO:colcon.colcon_core.shell:Creating package script '/ros2/carbi/install/carbi_kinematics/share/carbi_kinematics/package.zsh'
[1.154s] Level 1:colcon.colcon_core.environment:create_file_with_runtime_dependencies(/ros2/carbi/install/carbi_kinematics/share/colcon-core/packages/carbi_kinematics)
[1.162s] Level 1:colcon.colcon_core.environment:create_environment_scripts_only(carbi_bridge)
[1.163s] Level 1:colcon.colcon_core.environment:checking '/ros2/carbi/install/carbi_bridge' for CMake module files
[1.164s] Level 1:colcon.colcon_core.environment:checking '/ros2/carbi/install/carbi_bridge' for CMake config files
[1.165s] Level 1:colcon.colcon_core.shell:create_environment_hook('carbi_bridge', 'cmake_prefix_path')
[1.165s] INFO:colcon.colcon_core.shell:Creating environment hook '/ros2/carbi/install/carbi_bridge/share/carbi_bridge/hook/cmake_prefix_path.ps1'
[1.168s] INFO:colcon.colcon_core.shell:Creating environment descriptor '/ros2/carbi/install/carbi_bridge/share/carbi_bridge/hook/cmake_prefix_path.dsv'
[1.178s] INFO:colcon.colcon_core.shell:Creating environment hook '/ros2/carbi/install/carbi_bridge/share/carbi_bridge/hook/cmake_prefix_path.sh'
[1.180s] Level 1:colcon.colcon_core.environment:checking '/ros2/carbi/install/carbi_bridge/lib'
[1.180s] Level 1:colcon.colcon_core.environment:checking '/ros2/carbi/install/carbi_bridge/bin'
[1.181s] Level 1:colcon.colcon_core.environment:checking '/ros2/carbi/install/carbi_bridge/lib/pkgconfig/carbi_bridge.pc'
[1.181s] Level 1:colcon.colcon_core.environment:checking '/ros2/carbi/install/carbi_bridge/lib/python3.10/site-packages'
[1.181s] Level 1:colcon.colcon_core.environment:checking '/ros2/carbi/install/carbi_bridge/bin'
[1.182s] INFO:colcon.colcon_core.shell:Creating package script '/ros2/carbi/install/carbi_bridge/share/carbi_bridge/package.ps1'
[1.184s] INFO:colcon.colcon_core.shell:Creating package descriptor '/ros2/carbi/install/carbi_bridge/share/carbi_bridge/package.dsv'
[1.186s] INFO:colcon.colcon_core.shell:Creating package script '/ros2/carbi/install/carbi_bridge/share/carbi_bridge/package.sh'
[1.191s] INFO:colcon.colcon_core.shell:Creating package script '/ros2/carbi/install/carbi_bridge/share/carbi_bridge/package.bash'
[1.194s] INFO:colcon.colcon_core.shell:Creating package script '/ros2/carbi/install/carbi_bridge/share/carbi_bridge/package.zsh'
[1.204s] Level 1:colcon.colcon_core.environment:create_file_with_runtime_dependencies(/ros2/carbi/install/carbi_bridge/share/colcon-core/packages/carbi_bridge)
[1.215s] INFO:colcon.colcon_ros.task.ament_cmake.build:Building ROS package in '/ros2/carbi/src/rplidar_ros2' with build type 'ament_cmake'
[1.216s] INFO:colcon.colcon_cmake.task.cmake.build:Building CMake package in '/ros2/carbi/src/rplidar_ros2'
[1.217s] INFO:colcon.colcon_core.shell:Skip shell extension 'powershell' for command environment: Not usable outside of PowerShell
[1.217s] DEBUG:colcon.colcon_core.shell:Skip shell extension 'dsv' for command environment
[1.248s] Level 1:colcon.colcon_core.environment:create_environment_scripts_only(carbi_robot_description)
[1.250s] Level 1:colcon.colcon_core.environment:checking '/ros2/carbi/install/carbi_robot_description' for CMake module files
[1.251s] Level 1:colcon.colcon_core.environment:checking '/ros2/carbi/install/carbi_robot_description' for CMake config files
[1.252s] Level 1:colcon.colcon_core.shell:create_environment_hook('carbi_robot_description', 'cmake_prefix_path')
[1.253s] INFO:colcon.colcon_core.shell:Creating environment hook '/ros2/carbi/install/carbi_robot_description/share/carbi_robot_description/hook/cmake_prefix_path.ps1'
[1.259s] INFO:colcon.colcon_core.shell:Creating environment descriptor '/ros2/carbi/install/carbi_robot_description/share/carbi_robot_description/hook/cmake_prefix_path.dsv'
[1.265s] INFO:colcon.colcon_core.shell:Creating environment hook '/ros2/carbi/install/carbi_robot_description/share/carbi_robot_description/hook/cmake_prefix_path.sh'
[1.267s] Level 1:colcon.colcon_core.environment:checking '/ros2/carbi/install/carbi_robot_description/bin'
[1.267s] Level 1:colcon.colcon_core.environment:checking '/ros2/carbi/install/carbi_robot_description/lib/pkgconfig/carbi_robot_description.pc'
[1.268s] Level 1:colcon.colcon_core.environment:checking '/ros2/carbi/install/carbi_robot_description/lib/python3.10/site-packages'
[1.268s] Level 1:colcon.colcon_core.environment:checking '/ros2/carbi/install/carbi_robot_description/bin'
[1.269s] INFO:colcon.colcon_core.shell:Creating package script '/ros2/carbi/install/carbi_robot_description/share/carbi_robot_description/package.ps1'
[1.271s] INFO:colcon.colcon_core.shell:Creating package descriptor '/ros2/carbi/install/carbi_robot_description/share/carbi_robot_description/package.dsv'
[1.273s] INFO:colcon.colcon_core.shell:Creating package script '/ros2/carbi/install/carbi_robot_description/share/carbi_robot_description/package.sh'
[1.275s] INFO:colcon.colcon_core.shell:Creating package script '/ros2/carbi/install/carbi_robot_description/share/carbi_robot_description/package.bash'
[1.276s] INFO:colcon.colcon_core.shell:Creating package script '/ros2/carbi/install/carbi_robot_description/share/carbi_robot_description/package.zsh'
[1.278s] Level 1:colcon.colcon_core.environment:create_file_with_runtime_dependencies(/ros2/carbi/install/carbi_robot_description/share/colcon-core/packages/carbi_robot_description)
[1.299s] Level 1:colcon.colcon_core.environment:create_environment_scripts_only(carbi_sensor_interface)
[1.300s] DEBUG:colcon.colcon_core.event_handler.log_command:Invoking command in '/ros2/carbi/build/rplidar_ros': CMAKE_PREFIX_PATH=${CMAKE_PREFIX_PATH}:/opt/ros/humble /usr/bin/cmake --build /ros2/carbi/build/rplidar_ros -- -j4 -l4
[1.301s] Level 1:colcon.colcon_core.environment:checking '/ros2/carbi/install/carbi_sensor_interface' for CMake module files
[1.303s] Level 1:colcon.colcon_core.environment:checking '/ros2/carbi/install/carbi_sensor_interface' for CMake config files
[1.304s] Level 1:colcon.colcon_core.shell:create_environment_hook('carbi_sensor_interface', 'cmake_prefix_path')
[1.306s] INFO:colcon.colcon_core.shell:Creating environment hook '/ros2/carbi/install/carbi_sensor_interface/share/carbi_sensor_interface/hook/cmake_prefix_path.ps1'
[1.309s] INFO:colcon.colcon_core.shell:Creating environment descriptor '/ros2/carbi/install/carbi_sensor_interface/share/carbi_sensor_interface/hook/cmake_prefix_path.dsv'
[1.311s] INFO:colcon.colcon_core.shell:Creating environment hook '/ros2/carbi/install/carbi_sensor_interface/share/carbi_sensor_interface/hook/cmake_prefix_path.sh'
[1.316s] Level 1:colcon.colcon_core.environment:checking '/ros2/carbi/install/carbi_sensor_interface/lib'
[1.317s] Level 1:colcon.colcon_core.environment:checking '/ros2/carbi/install/carbi_sensor_interface/bin'
[1.317s] Level 1:colcon.colcon_core.environment:checking '/ros2/carbi/install/carbi_sensor_interface/lib/pkgconfig/carbi_sensor_interface.pc'
[1.318s] Level 1:colcon.colcon_core.environment:checking '/ros2/carbi/install/carbi_sensor_interface/lib/python3.10/site-packages'
[1.318s] Level 1:colcon.colcon_core.environment:checking '/ros2/carbi/install/carbi_sensor_interface/bin'
[1.319s] INFO:colcon.colcon_core.shell:Creating package script '/ros2/carbi/install/carbi_sensor_interface/share/carbi_sensor_interface/package.ps1'
[1.321s] INFO:colcon.colcon_core.shell:Creating package descriptor '/ros2/carbi/install/carbi_sensor_interface/share/carbi_sensor_interface/package.dsv'
[1.323s] INFO:colcon.colcon_core.shell:Creating package script '/ros2/carbi/install/carbi_sensor_interface/share/carbi_sensor_interface/package.sh'
[1.325s] INFO:colcon.colcon_core.shell:Creating package script '/ros2/carbi/install/carbi_sensor_interface/share/carbi_sensor_interface/package.bash'
[1.326s] INFO:colcon.colcon_core.shell:Creating package script '/ros2/carbi/install/carbi_sensor_interface/share/carbi_sensor_interface/package.zsh'
[1.327s] Level 1:colcon.colcon_core.environment:create_file_with_runtime_dependencies(/ros2/carbi/install/carbi_sensor_interface/share/colcon-core/packages/carbi_sensor_interface)
[1.328s] Level 1:colcon.colcon_core.environment:create_environment_scripts_only(carbi_kinematics)
[1.328s] Level 1:colcon.colcon_core.environment:checking '/ros2/carbi/install/carbi_kinematics' for CMake module files
[1.330s] Level 1:colcon.colcon_core.environment:checking '/ros2/carbi/install/carbi_kinematics' for CMake config files
[1.331s] Level 1:colcon.colcon_core.shell:create_environment_hook('carbi_kinematics', 'cmake_prefix_path')
[1.332s] INFO:colcon.colcon_core.shell:Creating environment hook '/ros2/carbi/install/carbi_kinematics/share/carbi_kinematics/hook/cmake_prefix_path.ps1'
[1.333s] INFO:colcon.colcon_core.shell:Creating environment descriptor '/ros2/carbi/install/carbi_kinematics/share/carbi_kinematics/hook/cmake_prefix_path.dsv'
[1.333s] INFO:colcon.colcon_core.shell:Creating environment hook '/ros2/carbi/install/carbi_kinematics/share/carbi_kinematics/hook/cmake_prefix_path.sh'
[1.334s] Level 1:colcon.colcon_core.environment:checking '/ros2/carbi/install/carbi_kinematics/lib'
[1.334s] Level 1:colcon.colcon_core.environment:checking '/ros2/carbi/install/carbi_kinematics/bin'
[1.335s] Level 1:colcon.colcon_core.environment:checking '/ros2/carbi/install/carbi_kinematics/lib/pkgconfig/carbi_kinematics.pc'
[1.335s] Level 1:colcon.colcon_core.environment:checking '/ros2/carbi/install/carbi_kinematics/lib/python3.10/site-packages'
[1.335s] Level 1:colcon.colcon_core.environment:checking '/ros2/carbi/install/carbi_kinematics/bin'
[1.336s] INFO:colcon.colcon_core.shell:Creating package script '/ros2/carbi/install/carbi_kinematics/share/carbi_kinematics/package.ps1'
[1.337s] INFO:colcon.colcon_core.shell:Creating package descriptor '/ros2/carbi/install/carbi_kinematics/share/carbi_kinematics/package.dsv'
[1.338s] INFO:colcon.colcon_core.shell:Creating package script '/ros2/carbi/install/carbi_kinematics/share/carbi_kinematics/package.sh'
[1.339s] INFO:colcon.colcon_core.shell:Creating package script '/ros2/carbi/install/carbi_kinematics/share/carbi_kinematics/package.bash'
[1.340s] INFO:colcon.colcon_core.shell:Creating package script '/ros2/carbi/install/carbi_kinematics/share/carbi_kinematics/package.zsh'
[1.341s] Level 1:colcon.colcon_core.environment:create_file_with_runtime_dependencies(/ros2/carbi/install/carbi_kinematics/share/colcon-core/packages/carbi_kinematics)
[1.546s] DEBUG:colcon.colcon_core.event_handler.log_command:Invoked command in '/ros2/carbi/build/rplidar_ros' returned '0': CMAKE_PREFIX_PATH=${CMAKE_PREFIX_PATH}:/opt/ros/humble /usr/bin/cmake --build /ros2/carbi/build/rplidar_ros -- -j4 -l4
[1.642s] DEBUG:colcon.colcon_core.event_handler.log_command:Invoking command in '/ros2/carbi/build/rplidar_ros': CMAKE_PREFIX_PATH=${CMAKE_PREFIX_PATH}:/opt/ros/humble /usr/bin/cmake --install /ros2/carbi/build/rplidar_ros
[1.666s] Level 1:colcon.colcon_core.environment:create_environment_scripts_only(rplidar_ros)
[1.667s] Level 1:colcon.colcon_core.environment:checking '/ros2/carbi/install/rplidar_ros' for CMake module files
[1.667s] DEBUG:colcon.colcon_core.event_handler.log_command:Invoked command in '/ros2/carbi/build/rplidar_ros' returned '0': CMAKE_PREFIX_PATH=${CMAKE_PREFIX_PATH}:/opt/ros/humble /usr/bin/cmake --install /ros2/carbi/build/rplidar_ros
[1.668s] Level 1:colcon.colcon_core.environment:checking '/ros2/carbi/install/rplidar_ros' for CMake config files
[1.668s] Level 1:colcon.colcon_core.shell:create_environment_hook('rplidar_ros', 'cmake_prefix_path')
[1.669s] INFO:colcon.colcon_core.shell:Creating environment hook '/ros2/carbi/install/rplidar_ros/share/rplidar_ros/hook/cmake_prefix_path.ps1'
[1.670s] INFO:colcon.colcon_core.shell:Creating environment descriptor '/ros2/carbi/install/rplidar_ros/share/rplidar_ros/hook/cmake_prefix_path.dsv'
[1.670s] INFO:colcon.colcon_core.shell:Creating environment hook '/ros2/carbi/install/rplidar_ros/share/rplidar_ros/hook/cmake_prefix_path.sh'
[1.672s] Level 1:colcon.colcon_core.environment:checking '/ros2/carbi/install/rplidar_ros/lib'
[1.672s] Level 1:colcon.colcon_core.shell:create_environment_hook('rplidar_ros', 'ld_library_path_lib')
[1.672s] INFO:colcon.colcon_core.shell:Creating environment hook '/ros2/carbi/install/rplidar_ros/share/rplidar_ros/hook/ld_library_path_lib.ps1'
[1.673s] INFO:colcon.colcon_core.shell:Creating environment descriptor '/ros2/carbi/install/rplidar_ros/share/rplidar_ros/hook/ld_library_path_lib.dsv'
[1.673s] INFO:colcon.colcon_core.shell:Creating environment hook '/ros2/carbi/install/rplidar_ros/share/rplidar_ros/hook/ld_library_path_lib.sh'
[1.674s] Level 1:colcon.colcon_core.environment:checking '/ros2/carbi/install/rplidar_ros/bin'
[1.674s] Level 1:colcon.colcon_core.environment:checking '/ros2/carbi/install/rplidar_ros/lib/pkgconfig/rplidar_ros.pc'
[1.674s] Level 1:colcon.colcon_core.environment:checking '/ros2/carbi/install/rplidar_ros/lib/python3.10/site-packages'
[1.674s] Level 1:colcon.colcon_core.environment:checking '/ros2/carbi/install/rplidar_ros/bin'
[1.675s] INFO:colcon.colcon_core.shell:Creating package script '/ros2/carbi/install/rplidar_ros/share/rplidar_ros/package.ps1'
[1.675s] INFO:colcon.colcon_core.shell:Creating package descriptor '/ros2/carbi/install/rplidar_ros/share/rplidar_ros/package.dsv'
[1.676s] INFO:colcon.colcon_core.shell:Creating package script '/ros2/carbi/install/rplidar_ros/share/rplidar_ros/package.sh'
[1.677s] INFO:colcon.colcon_core.shell:Creating package script '/ros2/carbi/install/rplidar_ros/share/rplidar_ros/package.bash'
[1.677s] INFO:colcon.colcon_core.shell:Creating package script '/ros2/carbi/install/rplidar_ros/share/rplidar_ros/package.zsh'
[1.677s] Level 1:colcon.colcon_core.environment:create_file_with_runtime_dependencies(/ros2/carbi/install/rplidar_ros/share/colcon-core/packages/rplidar_ros)
[1.776s] Level 1:colcon.colcon_core.environment:create_environment_scripts_only(rplidar_ros)
[1.776s] Level 1:colcon.colcon_core.environment:checking '/ros2/carbi/install/rplidar_ros' for CMake module files
[1.777s] Level 1:colcon.colcon_core.environment:checking '/ros2/carbi/install/rplidar_ros' for CMake config files
[1.778s] Level 1:colcon.colcon_core.shell:create_environment_hook('rplidar_ros', 'cmake_prefix_path')
[1.778s] INFO:colcon.colcon_core.shell:Creating environment hook '/ros2/carbi/install/rplidar_ros/share/rplidar_ros/hook/cmake_prefix_path.ps1'
[1.779s] INFO:colcon.colcon_core.shell:Creating environment descriptor '/ros2/carbi/install/rplidar_ros/share/rplidar_ros/hook/cmake_prefix_path.dsv'
[1.779s] INFO:colcon.colcon_core.shell:Creating environment hook '/ros2/carbi/install/rplidar_ros/share/rplidar_ros/hook/cmake_prefix_path.sh'
[1.780s] Level 1:colcon.colcon_core.environment:checking '/ros2/carbi/install/rplidar_ros/lib'
[1.780s] Level 1:colcon.colcon_core.shell:create_environment_hook('rplidar_ros', 'ld_library_path_lib')
[1.781s] INFO:colcon.colcon_core.shell:Creating environment hook '/ros2/carbi/install/rplidar_ros/share/rplidar_ros/hook/ld_library_path_lib.ps1'
[1.781s] INFO:colcon.colcon_core.shell:Creating environment descriptor '/ros2/carbi/install/rplidar_ros/share/rplidar_ros/hook/ld_library_path_lib.dsv'
[1.782s] INFO:colcon.colcon_core.shell:Creating environment hook '/ros2/carbi/install/rplidar_ros/share/rplidar_ros/hook/ld_library_path_lib.sh'
[1.783s] Level 1:colcon.colcon_core.environment:checking '/ros2/carbi/install/rplidar_ros/bin'
[1.783s] Level 1:colcon.colcon_core.environment:checking '/ros2/carbi/install/rplidar_ros/lib/pkgconfig/rplidar_ros.pc'
[1.783s] Level 1:colcon.colcon_core.environment:checking '/ros2/carbi/install/rplidar_ros/lib/python3.10/site-packages'
[1.784s] Level 1:colcon.colcon_core.environment:checking '/ros2/carbi/install/rplidar_ros/bin'
[1.787s] INFO:colcon.colcon_core.shell:Creating package script '/ros2/carbi/install/rplidar_ros/share/rplidar_ros/package.ps1'
[1.794s] INFO:colcon.colcon_core.shell:Creating package descriptor '/ros2/carbi/install/rplidar_ros/share/rplidar_ros/package.dsv'
[1.801s] INFO:colcon.colcon_core.shell:Creating package script '/ros2/carbi/install/rplidar_ros/share/rplidar_ros/package.sh'
[1.806s] INFO:colcon.colcon_core.shell:Creating package script '/ros2/carbi/install/rplidar_ros/share/rplidar_ros/package.bash'
[1.808s] INFO:colcon.colcon_core.shell:Creating package script '/ros2/carbi/install/rplidar_ros/share/rplidar_ros/package.zsh'
[1.809s] Level 1:colcon.colcon_core.environment:create_file_with_runtime_dependencies(/ros2/carbi/install/rplidar_ros/share/colcon-core/packages/rplidar_ros)
[1.811s] DEBUG:colcon.colcon_parallel_executor.executor.parallel:closing loop
[1.813s] DEBUG:colcon.colcon_parallel_executor.executor.parallel:loop closed
[1.814s] DEBUG:colcon.colcon_parallel_executor.executor.parallel:run_until_complete finished with '0'
[1.814s] DEBUG:colcon.colcon_core.event_reactor:joining thread
[1.875s] INFO:colcon.colcon_core.plugin_system:Skipping extension 'colcon_notification.desktop_notification.notify_send': Could not find 'notify-send'
[1.875s] INFO:colcon.colcon_core.plugin_system:Skipping extension 'colcon_notification.desktop_notification.terminal_notifier': Not used on non-Darwin systems
[1.875s] INFO:colcon.colcon_core.plugin_system:Skipping extension 'colcon_notification.desktop_notification.win32': Not used on non-Windows systems
[1.875s] INFO:colcon.colcon_notification.desktop_notification:Sending desktop notification using 'notify2'
[1.880s] DEBUG:colcon.colcon_notification.desktop_notification.notify2:Failed to initialize notify2: org.freedesktop.DBus.Error.Spawn.ExecFailed: /usr/bin/dbus-launch terminated abnormally without any error message
[1.881s] DEBUG:colcon.colcon_core.event_reactor:joined thread
[1.882s] INFO:colcon.colcon_core.shell:Creating prefix script '/ros2/carbi/install/local_setup.ps1'
[1.884s] INFO:colcon.colcon_core.shell:Creating prefix util module '/ros2/carbi/install/_local_setup_util_ps1.py'
[1.886s] INFO:colcon.colcon_core.shell:Creating prefix chain script '/ros2/carbi/install/setup.ps1'
[1.888s] INFO:colcon.colcon_core.shell:Creating prefix script '/ros2/carbi/install/local_setup.sh'
[1.889s] INFO:colcon.colcon_core.shell:Creating prefix util module '/ros2/carbi/install/_local_setup_util_sh.py'
[1.890s] INFO:colcon.colcon_core.shell:Creating prefix chain script '/ros2/carbi/install/setup.sh'
[1.892s] INFO:colcon.colcon_core.shell:Creating prefix script '/ros2/carbi/install/local_setup.bash'
[1.893s] INFO:colcon.colcon_core.shell:Creating prefix chain script '/ros2/carbi/install/setup.bash'
[1.895s] INFO:colcon.colcon_core.shell:Creating prefix script '/ros2/carbi/install/local_setup.zsh'
[1.896s] INFO:colcon.colcon_core.shell:Creating prefix chain script '/ros2/carbi/install/setup.zsh'
