[0.171s] DEBUG:colcon:Command line arguments: ['/usr/bin/colcon', 'build']
[0.171s] DEBUG:colcon:Parsed command line arguments: Namespace(log_base=None, log_level=None, verb_name='build', build_base='build', install_base='install', merge_install=False, symlink_install=False, test_result_base=None, continue_on_error=False, executor='parallel', parallel_workers=4, event_handlers=None, ignore_user_meta=False, metas=['./colcon.meta'], base_paths=['.'], packages_ignore=None, packages_ignore_regex=None, paths=None, packages_up_to=None, packages_up_to_regex=None, packages_above=None, packages_above_and_dependencies=None, packages_above_depth=None, packages_select_by_dep=None, packages_skip_by_dep=None, packages_skip_up_to=None, packages_select_build_failed=False, packages_skip_build_finished=False, packages_select_test_failures=False, packages_skip_test_passed=False, packages_select=None, packages_skip=None, packages_select_regex=None, packages_skip_regex=None, packages_start=None, packages_end=None, cmake_args=None, cmake_target=None, cmake_target_skip_unavailable=False, cmake_clean_cache=False, cmake_clean_first=False, cmake_force_configure=False, ament_cmake_args=None, catkin_cmake_args=None, catkin_skip_building_tests=False, mixin_files=None, mixin=None, verb_parser=<colcon_mixin.mixin.mixin_argument.MixinArgumentDecorator object at 0xffff8ee4ff40>, verb_extension=<colcon_core.verb.build.BuildVerb object at 0xffff8ee4fa00>, main=<bound method BuildVerb.main of <colcon_core.verb.build.BuildVerb object at 0xffff8ee4fa00>>, mixin_verb=('build',))
[0.369s] Level 1:colcon.colcon_core.package_discovery:discover_packages(colcon_meta) check parameters
[0.370s] INFO:colcon.colcon_metadata.package_discovery.colcon_meta:Using configuration from '/root/.colcon/metadata/default/Gazebo.meta'
[0.371s] INFO:colcon.colcon_metadata.package_discovery.colcon_meta:Using configuration from '/root/.colcon/metadata/default/fastrtps.meta'
[0.371s] Level 1:colcon.colcon_core.package_discovery:discover_packages(recursive) check parameters
[0.371s] Level 1:colcon.colcon_core.package_discovery:discover_packages(ignore) check parameters
[0.371s] Level 1:colcon.colcon_core.package_discovery:discover_packages(path) check parameters
[0.371s] Level 1:colcon.colcon_core.package_discovery:discover_packages(colcon_meta) discover
[0.371s] Level 1:colcon.colcon_core.package_discovery:discover_packages(recursive) discover
[0.371s] INFO:colcon.colcon_core.package_discovery:Crawling recursively for packages in '/ros2/carbi'
[0.371s] Level 1:colcon.colcon_core.package_identification:_identify(.) by extensions ['ignore', 'ignore_ament_install']
[0.371s] Level 1:colcon.colcon_core.package_identification:_identify(.) by extension 'ignore'
[0.371s] Level 1:colcon.colcon_core.package_identification:_identify(.) by extension 'ignore_ament_install'
[0.372s] Level 1:colcon.colcon_core.package_identification:_identify(.) by extensions ['colcon_pkg']
[0.372s] Level 1:colcon.colcon_core.package_identification:_identify(.) by extension 'colcon_pkg'
[0.372s] Level 1:colcon.colcon_core.package_identification:_identify(.) by extensions ['colcon_meta']
[0.372s] Level 1:colcon.colcon_core.package_identification:_identify(.) by extension 'colcon_meta'
[0.372s] Level 1:colcon.colcon_core.package_identification:_identify(.) by extensions ['ros']
[0.372s] Level 1:colcon.colcon_core.package_identification:_identify(.) by extension 'ros'
[0.390s] Level 1:colcon.colcon_core.package_identification:_identify(.) by extensions ['cmake', 'python']
[0.391s] Level 1:colcon.colcon_core.package_identification:_identify(.) by extension 'cmake'
[0.391s] Level 1:colcon.colcon_core.package_identification:_identify(.) by extension 'python'
[0.391s] Level 1:colcon.colcon_core.package_identification:_identify(.) by extensions ['python_setup_py']
[0.391s] Level 1:colcon.colcon_core.package_identification:_identify(.) by extension 'python_setup_py'
[0.391s] Level 1:colcon.colcon_core.package_identification:_identify(build) by extensions ['ignore', 'ignore_ament_install']
[0.391s] Level 1:colcon.colcon_core.package_identification:_identify(build) by extension 'ignore'
[0.392s] Level 1:colcon.colcon_core.package_identification:_identify(build) ignored
[0.392s] Level 1:colcon.colcon_core.package_identification:_identify(install) by extensions ['ignore', 'ignore_ament_install']
[0.392s] Level 1:colcon.colcon_core.package_identification:_identify(install) by extension 'ignore'
[0.392s] Level 1:colcon.colcon_core.package_identification:_identify(install) ignored
[0.392s] Level 1:colcon.colcon_core.package_identification:_identify(log) by extensions ['ignore', 'ignore_ament_install']
[0.393s] Level 1:colcon.colcon_core.package_identification:_identify(log) by extension 'ignore'
[0.393s] Level 1:colcon.colcon_core.package_identification:_identify(log) ignored
[0.393s] Level 1:colcon.colcon_core.package_identification:_identify(src) by extensions ['ignore', 'ignore_ament_install']
[0.393s] Level 1:colcon.colcon_core.package_identification:_identify(src) by extension 'ignore'
[0.393s] Level 1:colcon.colcon_core.package_identification:_identify(src) by extension 'ignore_ament_install'
[0.393s] Level 1:colcon.colcon_core.package_identification:_identify(src) by extensions ['colcon_pkg']
[0.393s] Level 1:colcon.colcon_core.package_identification:_identify(src) by extension 'colcon_pkg'
[0.393s] Level 1:colcon.colcon_core.package_identification:_identify(src) by extensions ['colcon_meta']
[0.393s] Level 1:colcon.colcon_core.package_identification:_identify(src) by extension 'colcon_meta'
[0.393s] Level 1:colcon.colcon_core.package_identification:_identify(src) by extensions ['ros']
[0.393s] Level 1:colcon.colcon_core.package_identification:_identify(src) by extension 'ros'
[0.393s] Level 1:colcon.colcon_core.package_identification:_identify(src) by extensions ['cmake', 'python']
[0.394s] Level 1:colcon.colcon_core.package_identification:_identify(src) by extension 'cmake'
[0.394s] Level 1:colcon.colcon_core.package_identification:_identify(src) by extension 'python'
[0.394s] Level 1:colcon.colcon_core.package_identification:_identify(src) by extensions ['python_setup_py']
[0.394s] Level 1:colcon.colcon_core.package_identification:_identify(src) by extension 'python_setup_py'
[0.394s] Level 1:colcon.colcon_core.package_identification:_identify(src/carbi_bridge) by extensions ['ignore', 'ignore_ament_install']
[0.394s] Level 1:colcon.colcon_core.package_identification:_identify(src/carbi_bridge) by extension 'ignore'
[0.394s] Level 1:colcon.colcon_core.package_identification:_identify(src/carbi_bridge) by extension 'ignore_ament_install'
[0.394s] Level 1:colcon.colcon_core.package_identification:_identify(src/carbi_bridge) by extensions ['colcon_pkg']
[0.394s] Level 1:colcon.colcon_core.package_identification:_identify(src/carbi_bridge) by extension 'colcon_pkg'
[0.394s] Level 1:colcon.colcon_core.package_identification:_identify(src/carbi_bridge) by extensions ['colcon_meta']
[0.394s] Level 1:colcon.colcon_core.package_identification:_identify(src/carbi_bridge) by extension 'colcon_meta'
[0.394s] Level 1:colcon.colcon_core.package_identification:_identify(src/carbi_bridge) by extensions ['ros']
[0.394s] Level 1:colcon.colcon_core.package_identification:_identify(src/carbi_bridge) by extension 'ros'
[0.402s] DEBUG:colcon.colcon_core.package_identification:Package 'src/carbi_bridge' with type 'ros.ament_cmake' and name 'carbi_bridge'
[0.402s] Level 1:colcon.colcon_core.package_identification:_identify(src/carbi_kinematics) by extensions ['ignore', 'ignore_ament_install']
[0.403s] Level 1:colcon.colcon_core.package_identification:_identify(src/carbi_kinematics) by extension 'ignore'
[0.403s] Level 1:colcon.colcon_core.package_identification:_identify(src/carbi_kinematics) by extension 'ignore_ament_install'
[0.403s] Level 1:colcon.colcon_core.package_identification:_identify(src/carbi_kinematics) by extensions ['colcon_pkg']
[0.403s] Level 1:colcon.colcon_core.package_identification:_identify(src/carbi_kinematics) by extension 'colcon_pkg'
[0.403s] Level 1:colcon.colcon_core.package_identification:_identify(src/carbi_kinematics) by extensions ['colcon_meta']
[0.403s] Level 1:colcon.colcon_core.package_identification:_identify(src/carbi_kinematics) by extension 'colcon_meta'
[0.403s] Level 1:colcon.colcon_core.package_identification:_identify(src/carbi_kinematics) by extensions ['ros']
[0.403s] Level 1:colcon.colcon_core.package_identification:_identify(src/carbi_kinematics) by extension 'ros'
[0.404s] DEBUG:colcon.colcon_core.package_identification:Package 'src/carbi_kinematics' with type 'ros.ament_cmake' and name 'carbi_kinematics'
[0.404s] Level 1:colcon.colcon_core.package_identification:_identify(src/carbi_robot_description) by extensions ['ignore', 'ignore_ament_install']
[0.404s] Level 1:colcon.colcon_core.package_identification:_identify(src/carbi_robot_description) by extension 'ignore'
[0.405s] Level 1:colcon.colcon_core.package_identification:_identify(src/carbi_robot_description) by extension 'ignore_ament_install'
[0.405s] Level 1:colcon.colcon_core.package_identification:_identify(src/carbi_robot_description) by extensions ['colcon_pkg']
[0.405s] Level 1:colcon.colcon_core.package_identification:_identify(src/carbi_robot_description) by extension 'colcon_pkg'
[0.405s] Level 1:colcon.colcon_core.package_identification:_identify(src/carbi_robot_description) by extensions ['colcon_meta']
[0.405s] Level 1:colcon.colcon_core.package_identification:_identify(src/carbi_robot_description) by extension 'colcon_meta'
[0.405s] Level 1:colcon.colcon_core.package_identification:_identify(src/carbi_robot_description) by extensions ['ros']
[0.405s] Level 1:colcon.colcon_core.package_identification:_identify(src/carbi_robot_description) by extension 'ros'
[0.406s] DEBUG:colcon.colcon_core.package_identification:Package 'src/carbi_robot_description' with type 'ros.ament_cmake' and name 'carbi_robot_description'
[0.406s] Level 1:colcon.colcon_core.package_identification:_identify(src/carbi_sensor_interface) by extensions ['ignore', 'ignore_ament_install']
[0.406s] Level 1:colcon.colcon_core.package_identification:_identify(src/carbi_sensor_interface) by extension 'ignore'
[0.406s] Level 1:colcon.colcon_core.package_identification:_identify(src/carbi_sensor_interface) by extension 'ignore_ament_install'
[0.406s] Level 1:colcon.colcon_core.package_identification:_identify(src/carbi_sensor_interface) by extensions ['colcon_pkg']
[0.406s] Level 1:colcon.colcon_core.package_identification:_identify(src/carbi_sensor_interface) by extension 'colcon_pkg'
[0.406s] Level 1:colcon.colcon_core.package_identification:_identify(src/carbi_sensor_interface) by extensions ['colcon_meta']
[0.406s] Level 1:colcon.colcon_core.package_identification:_identify(src/carbi_sensor_interface) by extension 'colcon_meta'
[0.406s] Level 1:colcon.colcon_core.package_identification:_identify(src/carbi_sensor_interface) by extensions ['ros']
[0.406s] Level 1:colcon.colcon_core.package_identification:_identify(src/carbi_sensor_interface) by extension 'ros'
[0.407s] DEBUG:colcon.colcon_core.package_identification:Package 'src/carbi_sensor_interface' with type 'ros.ament_cmake' and name 'carbi_sensor_interface'
[0.407s] Level 1:colcon.colcon_core.package_identification:_identify(src/rplidar_ros2) by extensions ['ignore', 'ignore_ament_install']
[0.407s] Level 1:colcon.colcon_core.package_identification:_identify(src/rplidar_ros2) by extension 'ignore'
[0.407s] Level 1:colcon.colcon_core.package_identification:_identify(src/rplidar_ros2) by extension 'ignore_ament_install'
[0.408s] Level 1:colcon.colcon_core.package_identification:_identify(src/rplidar_ros2) by extensions ['colcon_pkg']
[0.408s] Level 1:colcon.colcon_core.package_identification:_identify(src/rplidar_ros2) by extension 'colcon_pkg'
[0.408s] Level 1:colcon.colcon_core.package_identification:_identify(src/rplidar_ros2) by extensions ['colcon_meta']
[0.408s] Level 1:colcon.colcon_core.package_identification:_identify(src/rplidar_ros2) by extension 'colcon_meta'
[0.408s] Level 1:colcon.colcon_core.package_identification:_identify(src/rplidar_ros2) by extensions ['ros']
[0.408s] Level 1:colcon.colcon_core.package_identification:_identify(src/rplidar_ros2) by extension 'ros'
[0.409s] DEBUG:colcon.colcon_core.package_identification:Package 'src/rplidar_ros2' with type 'ros.ament_cmake' and name 'rplidar_ros'
[0.409s] Level 1:colcon.colcon_core.package_discovery:discover_packages(recursive) using defaults
[0.409s] Level 1:colcon.colcon_core.package_discovery:discover_packages(ignore) discover
[0.409s] Level 1:colcon.colcon_core.package_discovery:discover_packages(ignore) using defaults
[0.409s] Level 1:colcon.colcon_core.package_discovery:discover_packages(path) discover
[0.409s] Level 1:colcon.colcon_core.package_discovery:discover_packages(path) using defaults
[0.439s] Level 5:colcon.colcon_core.verb:set package 'carbi_bridge' build argument 'cmake_args' from command line to 'None'
[0.439s] Level 5:colcon.colcon_core.verb:set package 'carbi_bridge' build argument 'cmake_target' from command line to 'None'
[0.439s] Level 5:colcon.colcon_core.verb:set package 'carbi_bridge' build argument 'cmake_target_skip_unavailable' from command line to 'False'
[0.439s] Level 5:colcon.colcon_core.verb:set package 'carbi_bridge' build argument 'cmake_clean_cache' from command line to 'False'
[0.439s] Level 5:colcon.colcon_core.verb:set package 'carbi_bridge' build argument 'cmake_clean_first' from command line to 'False'
[0.439s] Level 5:colcon.colcon_core.verb:set package 'carbi_bridge' build argument 'cmake_force_configure' from command line to 'False'
[0.439s] Level 5:colcon.colcon_core.verb:set package 'carbi_bridge' build argument 'ament_cmake_args' from command line to 'None'
[0.439s] Level 5:colcon.colcon_core.verb:set package 'carbi_bridge' build argument 'catkin_cmake_args' from command line to 'None'
[0.439s] Level 5:colcon.colcon_core.verb:set package 'carbi_bridge' build argument 'catkin_skip_building_tests' from command line to 'False'
[0.439s] DEBUG:colcon.colcon_core.verb:Building package 'carbi_bridge' with the following arguments: {'ament_cmake_args': None, 'build_base': '/ros2/carbi/build/carbi_bridge', 'catkin_cmake_args': None, 'catkin_skip_building_tests': False, 'cmake_args': None, 'cmake_clean_cache': False, 'cmake_clean_first': False, 'cmake_force_configure': False, 'cmake_target': None, 'cmake_target_skip_unavailable': False, 'install_base': '/ros2/carbi/install/carbi_bridge', 'merge_install': False, 'path': '/ros2/carbi/src/carbi_bridge', 'symlink_install': False, 'test_result_base': None}
[0.440s] Level 5:colcon.colcon_core.verb:set package 'carbi_kinematics' build argument 'cmake_args' from command line to 'None'
[0.440s] Level 5:colcon.colcon_core.verb:set package 'carbi_kinematics' build argument 'cmake_target' from command line to 'None'
[0.440s] Level 5:colcon.colcon_core.verb:set package 'carbi_kinematics' build argument 'cmake_target_skip_unavailable' from command line to 'False'
[0.440s] Level 5:colcon.colcon_core.verb:set package 'carbi_kinematics' build argument 'cmake_clean_cache' from command line to 'False'
[0.440s] Level 5:colcon.colcon_core.verb:set package 'carbi_kinematics' build argument 'cmake_clean_first' from command line to 'False'
[0.440s] Level 5:colcon.colcon_core.verb:set package 'carbi_kinematics' build argument 'cmake_force_configure' from command line to 'False'
[0.440s] Level 5:colcon.colcon_core.verb:set package 'carbi_kinematics' build argument 'ament_cmake_args' from command line to 'None'
[0.440s] Level 5:colcon.colcon_core.verb:set package 'carbi_kinematics' build argument 'catkin_cmake_args' from command line to 'None'
[0.440s] Level 5:colcon.colcon_core.verb:set package 'carbi_kinematics' build argument 'catkin_skip_building_tests' from command line to 'False'
[0.440s] DEBUG:colcon.colcon_core.verb:Building package 'carbi_kinematics' with the following arguments: {'ament_cmake_args': None, 'build_base': '/ros2/carbi/build/carbi_kinematics', 'catkin_cmake_args': None, 'catkin_skip_building_tests': False, 'cmake_args': None, 'cmake_clean_cache': False, 'cmake_clean_first': False, 'cmake_force_configure': False, 'cmake_target': None, 'cmake_target_skip_unavailable': False, 'install_base': '/ros2/carbi/install/carbi_kinematics', 'merge_install': False, 'path': '/ros2/carbi/src/carbi_kinematics', 'symlink_install': False, 'test_result_base': None}
[0.440s] Level 5:colcon.colcon_core.verb:set package 'carbi_robot_description' build argument 'cmake_args' from command line to 'None'
[0.441s] Level 5:colcon.colcon_core.verb:set package 'carbi_robot_description' build argument 'cmake_target' from command line to 'None'
[0.441s] Level 5:colcon.colcon_core.verb:set package 'carbi_robot_description' build argument 'cmake_target_skip_unavailable' from command line to 'False'
[0.441s] Level 5:colcon.colcon_core.verb:set package 'carbi_robot_description' build argument 'cmake_clean_cache' from command line to 'False'
[0.441s] Level 5:colcon.colcon_core.verb:set package 'carbi_robot_description' build argument 'cmake_clean_first' from command line to 'False'
[0.441s] Level 5:colcon.colcon_core.verb:set package 'carbi_robot_description' build argument 'cmake_force_configure' from command line to 'False'
[0.441s] Level 5:colcon.colcon_core.verb:set package 'carbi_robot_description' build argument 'ament_cmake_args' from command line to 'None'
[0.441s] Level 5:colcon.colcon_core.verb:set package 'carbi_robot_description' build argument 'catkin_cmake_args' from command line to 'None'
[0.441s] Level 5:colcon.colcon_core.verb:set package 'carbi_robot_description' build argument 'catkin_skip_building_tests' from command line to 'False'
[0.441s] DEBUG:colcon.colcon_core.verb:Building package 'carbi_robot_description' with the following arguments: {'ament_cmake_args': None, 'build_base': '/ros2/carbi/build/carbi_robot_description', 'catkin_cmake_args': None, 'catkin_skip_building_tests': False, 'cmake_args': None, 'cmake_clean_cache': False, 'cmake_clean_first': False, 'cmake_force_configure': False, 'cmake_target': None, 'cmake_target_skip_unavailable': False, 'install_base': '/ros2/carbi/install/carbi_robot_description', 'merge_install': False, 'path': '/ros2/carbi/src/carbi_robot_description', 'symlink_install': False, 'test_result_base': None}
[0.441s] Level 5:colcon.colcon_core.verb:set package 'carbi_sensor_interface' build argument 'cmake_args' from command line to 'None'
[0.441s] Level 5:colcon.colcon_core.verb:set package 'carbi_sensor_interface' build argument 'cmake_target' from command line to 'None'
[0.441s] Level 5:colcon.colcon_core.verb:set package 'carbi_sensor_interface' build argument 'cmake_target_skip_unavailable' from command line to 'False'
[0.441s] Level 5:colcon.colcon_core.verb:set package 'carbi_sensor_interface' build argument 'cmake_clean_cache' from command line to 'False'
[0.441s] Level 5:colcon.colcon_core.verb:set package 'carbi_sensor_interface' build argument 'cmake_clean_first' from command line to 'False'
[0.441s] Level 5:colcon.colcon_core.verb:set package 'carbi_sensor_interface' build argument 'cmake_force_configure' from command line to 'False'
[0.441s] Level 5:colcon.colcon_core.verb:set package 'carbi_sensor_interface' build argument 'ament_cmake_args' from command line to 'None'
[0.441s] Level 5:colcon.colcon_core.verb:set package 'carbi_sensor_interface' build argument 'catkin_cmake_args' from command line to 'None'
[0.441s] Level 5:colcon.colcon_core.verb:set package 'carbi_sensor_interface' build argument 'catkin_skip_building_tests' from command line to 'False'
[0.441s] DEBUG:colcon.colcon_core.verb:Building package 'carbi_sensor_interface' with the following arguments: {'ament_cmake_args': None, 'build_base': '/ros2/carbi/build/carbi_sensor_interface', 'catkin_cmake_args': None, 'catkin_skip_building_tests': False, 'cmake_args': None, 'cmake_clean_cache': False, 'cmake_clean_first': False, 'cmake_force_configure': False, 'cmake_target': None, 'cmake_target_skip_unavailable': False, 'install_base': '/ros2/carbi/install/carbi_sensor_interface', 'merge_install': False, 'path': '/ros2/carbi/src/carbi_sensor_interface', 'symlink_install': False, 'test_result_base': None}
[0.442s] Level 5:colcon.colcon_core.verb:set package 'rplidar_ros' build argument 'cmake_args' from command line to 'None'
[0.442s] Level 5:colcon.colcon_core.verb:set package 'rplidar_ros' build argument 'cmake_target' from command line to 'None'
[0.442s] Level 5:colcon.colcon_core.verb:set package 'rplidar_ros' build argument 'cmake_target_skip_unavailable' from command line to 'False'
[0.442s] Level 5:colcon.colcon_core.verb:set package 'rplidar_ros' build argument 'cmake_clean_cache' from command line to 'False'
[0.442s] Level 5:colcon.colcon_core.verb:set package 'rplidar_ros' build argument 'cmake_clean_first' from command line to 'False'
[0.442s] Level 5:colcon.colcon_core.verb:set package 'rplidar_ros' build argument 'cmake_force_configure' from command line to 'False'
[0.442s] Level 5:colcon.colcon_core.verb:set package 'rplidar_ros' build argument 'ament_cmake_args' from command line to 'None'
[0.442s] Level 5:colcon.colcon_core.verb:set package 'rplidar_ros' build argument 'catkin_cmake_args' from command line to 'None'
[0.442s] Level 5:colcon.colcon_core.verb:set package 'rplidar_ros' build argument 'catkin_skip_building_tests' from command line to 'False'
[0.442s] DEBUG:colcon.colcon_core.verb:Building package 'rplidar_ros' with the following arguments: {'ament_cmake_args': None, 'build_base': '/ros2/carbi/build/rplidar_ros', 'catkin_cmake_args': None, 'catkin_skip_building_tests': False, 'cmake_args': None, 'cmake_clean_cache': False, 'cmake_clean_first': False, 'cmake_force_configure': False, 'cmake_target': None, 'cmake_target_skip_unavailable': False, 'install_base': '/ros2/carbi/install/rplidar_ros', 'merge_install': False, 'path': '/ros2/carbi/src/rplidar_ros2', 'symlink_install': False, 'test_result_base': None}
[0.442s] INFO:colcon.colcon_core.executor:Executing jobs using 'parallel' executor
[0.444s] DEBUG:colcon.colcon_parallel_executor.executor.parallel:run_until_complete
[0.444s] INFO:colcon.colcon_ros.task.ament_cmake.build:Building ROS package in '/ros2/carbi/src/carbi_bridge' with build type 'ament_cmake'
[0.445s] INFO:colcon.colcon_cmake.task.cmake.build:Building CMake package in '/ros2/carbi/src/carbi_bridge'
[0.448s] INFO:colcon.colcon_core.plugin_system:Skipping extension 'colcon_core.shell.bat': Not used on non-Windows systems
[0.448s] INFO:colcon.colcon_core.shell:Skip shell extension 'powershell' for command environment: Not usable outside of PowerShell
[0.448s] DEBUG:colcon.colcon_core.shell:Skip shell extension 'dsv' for command environment
[0.457s] INFO:colcon.colcon_ros.task.ament_cmake.build:Building ROS package in '/ros2/carbi/src/carbi_kinematics' with build type 'ament_cmake'
[0.458s] INFO:colcon.colcon_cmake.task.cmake.build:Building CMake package in '/ros2/carbi/src/carbi_kinematics'
[0.459s] INFO:colcon.colcon_core.shell:Skip shell extension 'powershell' for command environment: Not usable outside of PowerShell
[0.459s] DEBUG:colcon.colcon_core.shell:Skip shell extension 'dsv' for command environment
[0.466s] INFO:colcon.colcon_ros.task.ament_cmake.build:Building ROS package in '/ros2/carbi/src/carbi_robot_description' with build type 'ament_cmake'
[0.466s] INFO:colcon.colcon_cmake.task.cmake.build:Building CMake package in '/ros2/carbi/src/carbi_robot_description'
[0.467s] INFO:colcon.colcon_core.shell:Skip shell extension 'powershell' for command environment: Not usable outside of PowerShell
[0.467s] DEBUG:colcon.colcon_core.shell:Skip shell extension 'dsv' for command environment
[0.476s] INFO:colcon.colcon_ros.task.ament_cmake.build:Building ROS package in '/ros2/carbi/src/carbi_sensor_interface' with build type 'ament_cmake'
[0.477s] INFO:colcon.colcon_cmake.task.cmake.build:Building CMake package in '/ros2/carbi/src/carbi_sensor_interface'
[0.478s] INFO:colcon.colcon_core.shell:Skip shell extension 'powershell' for command environment: Not usable outside of PowerShell
[0.478s] DEBUG:colcon.colcon_core.shell:Skip shell extension 'dsv' for command environment
[0.492s] DEBUG:colcon.colcon_core.event_handler.log_command:Invoking command in '/ros2/carbi/build/carbi_bridge': CMAKE_PREFIX_PATH=${CMAKE_PREFIX_PATH}:/opt/ros/humble /usr/bin/cmake --build /ros2/carbi/build/carbi_bridge -- -j4 -l4
[0.499s] DEBUG:colcon.colcon_core.event_handler.log_command:Invoking command in '/ros2/carbi/build/carbi_kinematics': CMAKE_PREFIX_PATH=${CMAKE_PREFIX_PATH}:/opt/ros/humble /usr/bin/cmake --build /ros2/carbi/build/carbi_kinematics -- -j4 -l4
[0.505s] DEBUG:colcon.colcon_core.event_handler.log_command:Invoking command in '/ros2/carbi/build/carbi_robot_description': CMAKE_PREFIX_PATH=${CMAKE_PREFIX_PATH}:/opt/ros/humble /usr/bin/cmake --build /ros2/carbi/build/carbi_robot_description -- -j4 -l4
[0.529s] DEBUG:colcon.colcon_core.event_handler.log_command:Invoking command in '/ros2/carbi/build/carbi_sensor_interface': CMAKE_PREFIX_PATH=${CMAKE_PREFIX_PATH}:/opt/ros/humble /usr/bin/cmake --build /ros2/carbi/build/carbi_sensor_interface -- -j4 -l4
[0.603s] DEBUG:colcon.colcon_core.event_handler.log_command:Invoked command in '/ros2/carbi/build/carbi_kinematics' returned '0': CMAKE_PREFIX_PATH=${CMAKE_PREFIX_PATH}:/opt/ros/humble /usr/bin/cmake --build /ros2/carbi/build/carbi_kinematics -- -j4 -l4
[0.610s] DEBUG:colcon.colcon_core.event_handler.log_command:Invoked command in '/ros2/carbi/build/carbi_bridge' returned '0': CMAKE_PREFIX_PATH=${CMAKE_PREFIX_PATH}:/opt/ros/humble /usr/bin/cmake --build /ros2/carbi/build/carbi_bridge -- -j4 -l4
[0.621s] DEBUG:colcon.colcon_core.event_handler.log_command:Invoked command in '/ros2/carbi/build/carbi_robot_description' returned '0': CMAKE_PREFIX_PATH=${CMAKE_PREFIX_PATH}:/opt/ros/humble /usr/bin/cmake --build /ros2/carbi/build/carbi_robot_description -- -j4 -l4
[0.629s] DEBUG:colcon.colcon_core.event_handler.log_command:Invoked command in '/ros2/carbi/build/carbi_sensor_interface' returned '0': CMAKE_PREFIX_PATH=${CMAKE_PREFIX_PATH}:/opt/ros/humble /usr/bin/cmake --build /ros2/carbi/build/carbi_sensor_interface -- -j4 -l4
[0.686s] DEBUG:colcon.colcon_core.event_handler.log_command:Invoking command in '/ros2/carbi/build/carbi_bridge': CMAKE_PREFIX_PATH=${CMAKE_PREFIX_PATH}:/opt/ros/humble /usr/bin/cmake --install /ros2/carbi/build/carbi_bridge
[0.699s] DEBUG:colcon.colcon_core.event_handler.log_command:Invoking command in '/ros2/carbi/build/carbi_kinematics': CMAKE_PREFIX_PATH=${CMAKE_PREFIX_PATH}:/opt/ros/humble /usr/bin/cmake --install /ros2/carbi/build/carbi_kinematics
[0.704s] DEBUG:colcon.colcon_core.event_handler.log_command:Invoking command in '/ros2/carbi/build/carbi_robot_description': CMAKE_PREFIX_PATH=${CMAKE_PREFIX_PATH}:/opt/ros/humble /usr/bin/cmake --install /ros2/carbi/build/carbi_robot_description
[0.739s] DEBUG:colcon.colcon_core.event_handler.log_command:Invoking command in '/ros2/carbi/build/carbi_sensor_interface': CMAKE_PREFIX_PATH=${CMAKE_PREFIX_PATH}:/opt/ros/humble /usr/bin/cmake --install /ros2/carbi/build/carbi_sensor_interface
[0.742s] Level 1:colcon.colcon_core.environment:create_environment_scripts_only(carbi_bridge)
[0.743s] DEBUG:colcon.colcon_core.event_handler.log_command:Invoked command in '/ros2/carbi/build/carbi_bridge' returned '0': CMAKE_PREFIX_PATH=${CMAKE_PREFIX_PATH}:/opt/ros/humble /usr/bin/cmake --install /ros2/carbi/build/carbi_bridge
[0.748s] Level 1:colcon.colcon_core.environment:checking '/ros2/carbi/install/carbi_bridge' for CMake module files
[0.748s] Level 1:colcon.colcon_core.environment:checking '/ros2/carbi/install/carbi_bridge' for CMake config files
[0.749s] Level 1:colcon.colcon_core.shell:create_environment_hook('carbi_bridge', 'cmake_prefix_path')
[0.749s] INFO:colcon.colcon_core.shell:Creating environment hook '/ros2/carbi/install/carbi_bridge/share/carbi_bridge/hook/cmake_prefix_path.ps1'
[0.751s] INFO:colcon.colcon_core.shell:Creating environment descriptor '/ros2/carbi/install/carbi_bridge/share/carbi_bridge/hook/cmake_prefix_path.dsv'
[0.753s] INFO:colcon.colcon_core.shell:Creating environment hook '/ros2/carbi/install/carbi_bridge/share/carbi_bridge/hook/cmake_prefix_path.sh'
[0.755s] Level 1:colcon.colcon_core.environment:checking '/ros2/carbi/install/carbi_bridge/bin'
[0.755s] Level 1:colcon.colcon_core.environment:checking '/ros2/carbi/install/carbi_bridge/lib/pkgconfig/carbi_bridge.pc'
[0.759s] Level 1:colcon.colcon_core.environment:checking '/ros2/carbi/install/carbi_bridge/lib/python3.10/site-packages'
[0.760s] Level 1:colcon.colcon_core.environment:checking '/ros2/carbi/install/carbi_bridge/bin'
[0.760s] INFO:colcon.colcon_core.shell:Creating package script '/ros2/carbi/install/carbi_bridge/share/carbi_bridge/package.ps1'
[0.766s] INFO:colcon.colcon_core.shell:Creating package descriptor '/ros2/carbi/install/carbi_bridge/share/carbi_bridge/package.dsv'
[0.767s] INFO:colcon.colcon_core.shell:Creating package script '/ros2/carbi/install/carbi_bridge/share/carbi_bridge/package.sh'
[0.769s] INFO:colcon.colcon_core.shell:Creating package script '/ros2/carbi/install/carbi_bridge/share/carbi_bridge/package.bash'
[0.770s] INFO:colcon.colcon_core.shell:Creating package script '/ros2/carbi/install/carbi_bridge/share/carbi_bridge/package.zsh'
[0.773s] Level 1:colcon.colcon_core.environment:create_file_with_runtime_dependencies(/ros2/carbi/install/carbi_bridge/share/colcon-core/packages/carbi_bridge)
[0.780s] Level 1:colcon.colcon_core.environment:create_environment_scripts_only(carbi_robot_description)
[0.780s] Level 1:colcon.colcon_core.environment:checking '/ros2/carbi/install/carbi_robot_description' for CMake module files
[0.781s] Level 1:colcon.colcon_core.environment:checking '/ros2/carbi/install/carbi_robot_description' for CMake config files
[0.783s] DEBUG:colcon.colcon_core.event_handler.log_command:Invoked command in '/ros2/carbi/build/carbi_robot_description' returned '0': CMAKE_PREFIX_PATH=${CMAKE_PREFIX_PATH}:/opt/ros/humble /usr/bin/cmake --install /ros2/carbi/build/carbi_robot_description
[0.783s] Level 1:colcon.colcon_core.shell:create_environment_hook('carbi_robot_description', 'cmake_prefix_path')
[0.784s] INFO:colcon.colcon_core.shell:Creating environment hook '/ros2/carbi/install/carbi_robot_description/share/carbi_robot_description/hook/cmake_prefix_path.ps1'
[0.785s] INFO:colcon.colcon_core.shell:Creating environment descriptor '/ros2/carbi/install/carbi_robot_description/share/carbi_robot_description/hook/cmake_prefix_path.dsv'
[0.786s] INFO:colcon.colcon_core.shell:Creating environment hook '/ros2/carbi/install/carbi_robot_description/share/carbi_robot_description/hook/cmake_prefix_path.sh'
[0.787s] Level 1:colcon.colcon_core.environment:checking '/ros2/carbi/install/carbi_robot_description/bin'
[0.788s] Level 1:colcon.colcon_core.environment:checking '/ros2/carbi/install/carbi_robot_description/lib/pkgconfig/carbi_robot_description.pc'
[0.788s] Level 1:colcon.colcon_core.environment:checking '/ros2/carbi/install/carbi_robot_description/lib/python3.10/site-packages'
[0.789s] Level 1:colcon.colcon_core.environment:checking '/ros2/carbi/install/carbi_robot_description/bin'
[0.790s] INFO:colcon.colcon_core.shell:Creating package script '/ros2/carbi/install/carbi_robot_description/share/carbi_robot_description/package.ps1'
[0.791s] INFO:colcon.colcon_core.shell:Creating package descriptor '/ros2/carbi/install/carbi_robot_description/share/carbi_robot_description/package.dsv'
[0.792s] INFO:colcon.colcon_core.shell:Creating package script '/ros2/carbi/install/carbi_robot_description/share/carbi_robot_description/package.sh'
[0.793s] INFO:colcon.colcon_core.shell:Creating package script '/ros2/carbi/install/carbi_robot_description/share/carbi_robot_description/package.bash'
[0.794s] INFO:colcon.colcon_core.shell:Creating package script '/ros2/carbi/install/carbi_robot_description/share/carbi_robot_description/package.zsh'
[0.795s] Level 1:colcon.colcon_core.environment:create_file_with_runtime_dependencies(/ros2/carbi/install/carbi_robot_description/share/colcon-core/packages/carbi_robot_description)
[0.798s] Level 1:colcon.colcon_core.environment:create_environment_scripts_only(carbi_kinematics)
[0.798s] Level 1:colcon.colcon_core.environment:checking '/ros2/carbi/install/carbi_kinematics' for CMake module files
[0.799s] Level 1:colcon.colcon_core.environment:checking '/ros2/carbi/install/carbi_kinematics' for CMake config files
[0.799s] DEBUG:colcon.colcon_core.event_handler.log_command:Invoked command in '/ros2/carbi/build/carbi_kinematics' returned '0': CMAKE_PREFIX_PATH=${CMAKE_PREFIX_PATH}:/opt/ros/humble /usr/bin/cmake --install /ros2/carbi/build/carbi_kinematics
[0.801s] Level 1:colcon.colcon_core.shell:create_environment_hook('carbi_kinematics', 'cmake_prefix_path')
[0.801s] INFO:colcon.colcon_core.shell:Creating environment hook '/ros2/carbi/install/carbi_kinematics/share/carbi_kinematics/hook/cmake_prefix_path.ps1'
[0.803s] INFO:colcon.colcon_core.shell:Creating environment descriptor '/ros2/carbi/install/carbi_kinematics/share/carbi_kinematics/hook/cmake_prefix_path.dsv'
[0.804s] INFO:colcon.colcon_core.shell:Creating environment hook '/ros2/carbi/install/carbi_kinematics/share/carbi_kinematics/hook/cmake_prefix_path.sh'
[0.805s] Level 1:colcon.colcon_core.environment:checking '/ros2/carbi/install/carbi_kinematics/lib'
[0.806s] Level 1:colcon.colcon_core.environment:checking '/ros2/carbi/install/carbi_kinematics/bin'
[0.806s] Level 1:colcon.colcon_core.environment:checking '/ros2/carbi/install/carbi_kinematics/lib/pkgconfig/carbi_kinematics.pc'
[0.807s] Level 1:colcon.colcon_core.environment:checking '/ros2/carbi/install/carbi_kinematics/lib/python3.10/site-packages'
[0.807s] Level 1:colcon.colcon_core.environment:checking '/ros2/carbi/install/carbi_kinematics/bin'
[0.808s] INFO:colcon.colcon_core.shell:Creating package script '/ros2/carbi/install/carbi_kinematics/share/carbi_kinematics/package.ps1'
[0.809s] INFO:colcon.colcon_core.shell:Creating package descriptor '/ros2/carbi/install/carbi_kinematics/share/carbi_kinematics/package.dsv'
[0.811s] INFO:colcon.colcon_core.shell:Creating package script '/ros2/carbi/install/carbi_kinematics/share/carbi_kinematics/package.sh'
[0.812s] INFO:colcon.colcon_core.shell:Creating package script '/ros2/carbi/install/carbi_kinematics/share/carbi_kinematics/package.bash'
[0.813s] INFO:colcon.colcon_core.shell:Creating package script '/ros2/carbi/install/carbi_kinematics/share/carbi_kinematics/package.zsh'
[0.814s] Level 1:colcon.colcon_core.environment:create_file_with_runtime_dependencies(/ros2/carbi/install/carbi_kinematics/share/colcon-core/packages/carbi_kinematics)
[0.820s] Level 1:colcon.colcon_core.environment:create_environment_scripts_only(carbi_sensor_interface)
[0.821s] Level 1:colcon.colcon_core.environment:checking '/ros2/carbi/install/carbi_sensor_interface' for CMake module files
[0.822s] Level 1:colcon.colcon_core.environment:checking '/ros2/carbi/install/carbi_sensor_interface' for CMake config files
[0.823s] DEBUG:colcon.colcon_core.event_handler.log_command:Invoked command in '/ros2/carbi/build/carbi_sensor_interface' returned '0': CMAKE_PREFIX_PATH=${CMAKE_PREFIX_PATH}:/opt/ros/humble /usr/bin/cmake --install /ros2/carbi/build/carbi_sensor_interface
[0.824s] Level 1:colcon.colcon_core.shell:create_environment_hook('carbi_sensor_interface', 'cmake_prefix_path')
[0.824s] INFO:colcon.colcon_core.shell:Creating environment hook '/ros2/carbi/install/carbi_sensor_interface/share/carbi_sensor_interface/hook/cmake_prefix_path.ps1'
[0.825s] INFO:colcon.colcon_core.shell:Creating environment descriptor '/ros2/carbi/install/carbi_sensor_interface/share/carbi_sensor_interface/hook/cmake_prefix_path.dsv'
[0.826s] INFO:colcon.colcon_core.shell:Creating environment hook '/ros2/carbi/install/carbi_sensor_interface/share/carbi_sensor_interface/hook/cmake_prefix_path.sh'
[0.828s] Level 1:colcon.colcon_core.environment:checking '/ros2/carbi/install/carbi_sensor_interface/lib'
[0.828s] Level 1:colcon.colcon_core.environment:checking '/ros2/carbi/install/carbi_sensor_interface/bin'
[0.829s] Level 1:colcon.colcon_core.environment:checking '/ros2/carbi/install/carbi_sensor_interface/lib/pkgconfig/carbi_sensor_interface.pc'
[0.829s] Level 1:colcon.colcon_core.environment:checking '/ros2/carbi/install/carbi_sensor_interface/lib/python3.10/site-packages'
[0.830s] Level 1:colcon.colcon_core.environment:checking '/ros2/carbi/install/carbi_sensor_interface/bin'
[0.830s] INFO:colcon.colcon_core.shell:Creating package script '/ros2/carbi/install/carbi_sensor_interface/share/carbi_sensor_interface/package.ps1'
[0.831s] INFO:colcon.colcon_core.shell:Creating package descriptor '/ros2/carbi/install/carbi_sensor_interface/share/carbi_sensor_interface/package.dsv'
[0.833s] INFO:colcon.colcon_core.shell:Creating package script '/ros2/carbi/install/carbi_sensor_interface/share/carbi_sensor_interface/package.sh'
[0.834s] INFO:colcon.colcon_core.shell:Creating package script '/ros2/carbi/install/carbi_sensor_interface/share/carbi_sensor_interface/package.bash'
[0.835s] INFO:colcon.colcon_core.shell:Creating package script '/ros2/carbi/install/carbi_sensor_interface/share/carbi_sensor_interface/package.zsh'
[0.836s] Level 1:colcon.colcon_core.environment:create_file_with_runtime_dependencies(/ros2/carbi/install/carbi_sensor_interface/share/colcon-core/packages/carbi_sensor_interface)
[0.844s] Level 1:colcon.colcon_core.environment:create_environment_scripts_only(carbi_bridge)
[0.844s] Level 1:colcon.colcon_core.environment:checking '/ros2/carbi/install/carbi_bridge' for CMake module files
[0.845s] Level 1:colcon.colcon_core.environment:checking '/ros2/carbi/install/carbi_bridge' for CMake config files
[0.846s] Level 1:colcon.colcon_core.shell:create_environment_hook('carbi_bridge', 'cmake_prefix_path')
[0.846s] INFO:colcon.colcon_core.shell:Creating environment hook '/ros2/carbi/install/carbi_bridge/share/carbi_bridge/hook/cmake_prefix_path.ps1'
[0.848s] INFO:colcon.colcon_core.shell:Creating environment descriptor '/ros2/carbi/install/carbi_bridge/share/carbi_bridge/hook/cmake_prefix_path.dsv'
[0.854s] INFO:colcon.colcon_core.shell:Creating environment hook '/ros2/carbi/install/carbi_bridge/share/carbi_bridge/hook/cmake_prefix_path.sh'
[0.856s] Level 1:colcon.colcon_core.environment:checking '/ros2/carbi/install/carbi_bridge/bin'
[0.856s] Level 1:colcon.colcon_core.environment:checking '/ros2/carbi/install/carbi_bridge/lib/pkgconfig/carbi_bridge.pc'
[0.857s] Level 1:colcon.colcon_core.environment:checking '/ros2/carbi/install/carbi_bridge/lib/python3.10/site-packages'
[0.857s] Level 1:colcon.colcon_core.environment:checking '/ros2/carbi/install/carbi_bridge/bin'
[0.858s] INFO:colcon.colcon_core.shell:Creating package script '/ros2/carbi/install/carbi_bridge/share/carbi_bridge/package.ps1'
[0.859s] INFO:colcon.colcon_core.shell:Creating package descriptor '/ros2/carbi/install/carbi_bridge/share/carbi_bridge/package.dsv'
[0.861s] INFO:colcon.colcon_core.shell:Creating package script '/ros2/carbi/install/carbi_bridge/share/carbi_bridge/package.sh'
[0.863s] INFO:colcon.colcon_core.shell:Creating package script '/ros2/carbi/install/carbi_bridge/share/carbi_bridge/package.bash'
[0.865s] INFO:colcon.colcon_core.shell:Creating package script '/ros2/carbi/install/carbi_bridge/share/carbi_bridge/package.zsh'
[0.867s] Level 1:colcon.colcon_core.environment:create_file_with_runtime_dependencies(/ros2/carbi/install/carbi_bridge/share/colcon-core/packages/carbi_bridge)
[0.874s] INFO:colcon.colcon_ros.task.ament_cmake.build:Building ROS package in '/ros2/carbi/src/rplidar_ros2' with build type 'ament_cmake'
[0.874s] INFO:colcon.colcon_cmake.task.cmake.build:Building CMake package in '/ros2/carbi/src/rplidar_ros2'
[0.875s] INFO:colcon.colcon_core.shell:Skip shell extension 'powershell' for command environment: Not usable outside of PowerShell
[0.875s] DEBUG:colcon.colcon_core.shell:Skip shell extension 'dsv' for command environment
[0.894s] Level 1:colcon.colcon_core.environment:create_environment_scripts_only(carbi_robot_description)
[0.895s] Level 1:colcon.colcon_core.environment:checking '/ros2/carbi/install/carbi_robot_description' for CMake module files
[0.896s] Level 1:colcon.colcon_core.environment:checking '/ros2/carbi/install/carbi_robot_description' for CMake config files
[0.897s] Level 1:colcon.colcon_core.shell:create_environment_hook('carbi_robot_description', 'cmake_prefix_path')
[0.898s] INFO:colcon.colcon_core.shell:Creating environment hook '/ros2/carbi/install/carbi_robot_description/share/carbi_robot_description/hook/cmake_prefix_path.ps1'
[0.900s] INFO:colcon.colcon_core.shell:Creating environment descriptor '/ros2/carbi/install/carbi_robot_description/share/carbi_robot_description/hook/cmake_prefix_path.dsv'
[0.901s] INFO:colcon.colcon_core.shell:Creating environment hook '/ros2/carbi/install/carbi_robot_description/share/carbi_robot_description/hook/cmake_prefix_path.sh'
[0.902s] Level 1:colcon.colcon_core.environment:checking '/ros2/carbi/install/carbi_robot_description/bin'
[0.903s] Level 1:colcon.colcon_core.environment:checking '/ros2/carbi/install/carbi_robot_description/lib/pkgconfig/carbi_robot_description.pc'
[0.903s] Level 1:colcon.colcon_core.environment:checking '/ros2/carbi/install/carbi_robot_description/lib/python3.10/site-packages'
[0.903s] Level 1:colcon.colcon_core.environment:checking '/ros2/carbi/install/carbi_robot_description/bin'
[0.904s] INFO:colcon.colcon_core.shell:Creating package script '/ros2/carbi/install/carbi_robot_description/share/carbi_robot_description/package.ps1'
[0.906s] INFO:colcon.colcon_core.shell:Creating package descriptor '/ros2/carbi/install/carbi_robot_description/share/carbi_robot_description/package.dsv'
[0.907s] INFO:colcon.colcon_core.shell:Creating package script '/ros2/carbi/install/carbi_robot_description/share/carbi_robot_description/package.sh'
[0.914s] INFO:colcon.colcon_core.shell:Creating package script '/ros2/carbi/install/carbi_robot_description/share/carbi_robot_description/package.bash'
[0.916s] INFO:colcon.colcon_core.shell:Creating package script '/ros2/carbi/install/carbi_robot_description/share/carbi_robot_description/package.zsh'
[0.918s] Level 1:colcon.colcon_core.environment:create_file_with_runtime_dependencies(/ros2/carbi/install/carbi_robot_description/share/colcon-core/packages/carbi_robot_description)
[0.921s] Level 1:colcon.colcon_core.environment:create_environment_scripts_only(carbi_kinematics)
[0.921s] Level 1:colcon.colcon_core.environment:checking '/ros2/carbi/install/carbi_kinematics' for CMake module files
[0.923s] Level 1:colcon.colcon_core.environment:checking '/ros2/carbi/install/carbi_kinematics' for CMake config files
[0.924s] Level 1:colcon.colcon_core.shell:create_environment_hook('carbi_kinematics', 'cmake_prefix_path')
[0.924s] INFO:colcon.colcon_core.shell:Creating environment hook '/ros2/carbi/install/carbi_kinematics/share/carbi_kinematics/hook/cmake_prefix_path.ps1'
[0.925s] INFO:colcon.colcon_core.shell:Creating environment descriptor '/ros2/carbi/install/carbi_kinematics/share/carbi_kinematics/hook/cmake_prefix_path.dsv'
[0.927s] INFO:colcon.colcon_core.shell:Creating environment hook '/ros2/carbi/install/carbi_kinematics/share/carbi_kinematics/hook/cmake_prefix_path.sh'
[0.929s] Level 1:colcon.colcon_core.environment:checking '/ros2/carbi/install/carbi_kinematics/lib'
[0.929s] Level 1:colcon.colcon_core.environment:checking '/ros2/carbi/install/carbi_kinematics/bin'
[0.929s] Level 1:colcon.colcon_core.environment:checking '/ros2/carbi/install/carbi_kinematics/lib/pkgconfig/carbi_kinematics.pc'
[0.929s] Level 1:colcon.colcon_core.environment:checking '/ros2/carbi/install/carbi_kinematics/lib/python3.10/site-packages'
[0.930s] Level 1:colcon.colcon_core.environment:checking '/ros2/carbi/install/carbi_kinematics/bin'
[0.931s] INFO:colcon.colcon_core.shell:Creating package script '/ros2/carbi/install/carbi_kinematics/share/carbi_kinematics/package.ps1'
[0.932s] INFO:colcon.colcon_core.shell:Creating package descriptor '/ros2/carbi/install/carbi_kinematics/share/carbi_kinematics/package.dsv'
[0.933s] INFO:colcon.colcon_core.shell:Creating package script '/ros2/carbi/install/carbi_kinematics/share/carbi_kinematics/package.sh'
[0.934s] INFO:colcon.colcon_core.shell:Creating package script '/ros2/carbi/install/carbi_kinematics/share/carbi_kinematics/package.bash'
[0.936s] INFO:colcon.colcon_core.shell:Creating package script '/ros2/carbi/install/carbi_kinematics/share/carbi_kinematics/package.zsh'
[0.937s] Level 1:colcon.colcon_core.environment:create_file_with_runtime_dependencies(/ros2/carbi/install/carbi_kinematics/share/colcon-core/packages/carbi_kinematics)
[0.946s] DEBUG:colcon.colcon_core.event_handler.log_command:Invoking command in '/ros2/carbi/build/rplidar_ros': CMAKE_PREFIX_PATH=${CMAKE_PREFIX_PATH}:/opt/ros/humble /usr/bin/cmake --build /ros2/carbi/build/rplidar_ros -- -j4 -l4
[0.955s] Level 1:colcon.colcon_core.environment:create_environment_scripts_only(carbi_sensor_interface)
[0.956s] Level 1:colcon.colcon_core.environment:checking '/ros2/carbi/install/carbi_sensor_interface' for CMake module files
[0.957s] Level 1:colcon.colcon_core.environment:checking '/ros2/carbi/install/carbi_sensor_interface' for CMake config files
[0.957s] Level 1:colcon.colcon_core.shell:create_environment_hook('carbi_sensor_interface', 'cmake_prefix_path')
[0.959s] INFO:colcon.colcon_core.shell:Creating environment hook '/ros2/carbi/install/carbi_sensor_interface/share/carbi_sensor_interface/hook/cmake_prefix_path.ps1'
[0.960s] INFO:colcon.colcon_core.shell:Creating environment descriptor '/ros2/carbi/install/carbi_sensor_interface/share/carbi_sensor_interface/hook/cmake_prefix_path.dsv'
[0.962s] INFO:colcon.colcon_core.shell:Creating environment hook '/ros2/carbi/install/carbi_sensor_interface/share/carbi_sensor_interface/hook/cmake_prefix_path.sh'
[0.964s] Level 1:colcon.colcon_core.environment:checking '/ros2/carbi/install/carbi_sensor_interface/lib'
[0.964s] Level 1:colcon.colcon_core.environment:checking '/ros2/carbi/install/carbi_sensor_interface/bin'
[0.964s] Level 1:colcon.colcon_core.environment:checking '/ros2/carbi/install/carbi_sensor_interface/lib/pkgconfig/carbi_sensor_interface.pc'
[0.965s] Level 1:colcon.colcon_core.environment:checking '/ros2/carbi/install/carbi_sensor_interface/lib/python3.10/site-packages'
[0.965s] Level 1:colcon.colcon_core.environment:checking '/ros2/carbi/install/carbi_sensor_interface/bin'
[0.966s] INFO:colcon.colcon_core.shell:Creating package script '/ros2/carbi/install/carbi_sensor_interface/share/carbi_sensor_interface/package.ps1'
[0.967s] INFO:colcon.colcon_core.shell:Creating package descriptor '/ros2/carbi/install/carbi_sensor_interface/share/carbi_sensor_interface/package.dsv'
[0.969s] INFO:colcon.colcon_core.shell:Creating package script '/ros2/carbi/install/carbi_sensor_interface/share/carbi_sensor_interface/package.sh'
[0.970s] INFO:colcon.colcon_core.shell:Creating package script '/ros2/carbi/install/carbi_sensor_interface/share/carbi_sensor_interface/package.bash'
[0.971s] INFO:colcon.colcon_core.shell:Creating package script '/ros2/carbi/install/carbi_sensor_interface/share/carbi_sensor_interface/package.zsh'
[0.973s] Level 1:colcon.colcon_core.environment:create_file_with_runtime_dependencies(/ros2/carbi/install/carbi_sensor_interface/share/colcon-core/packages/carbi_sensor_interface)
[1.254s] DEBUG:colcon.colcon_core.event_handler.log_command:Invoked command in '/ros2/carbi/build/rplidar_ros' returned '0': CMAKE_PREFIX_PATH=${CMAKE_PREFIX_PATH}:/opt/ros/humble /usr/bin/cmake --build /ros2/carbi/build/rplidar_ros -- -j4 -l4
[1.377s] DEBUG:colcon.colcon_core.event_handler.log_command:Invoking command in '/ros2/carbi/build/rplidar_ros': CMAKE_PREFIX_PATH=${CMAKE_PREFIX_PATH}:/opt/ros/humble /usr/bin/cmake --install /ros2/carbi/build/rplidar_ros
[1.409s] Level 1:colcon.colcon_core.environment:create_environment_scripts_only(rplidar_ros)
[1.410s] Level 1:colcon.colcon_core.environment:checking '/ros2/carbi/install/rplidar_ros' for CMake module files
[1.411s] DEBUG:colcon.colcon_core.event_handler.log_command:Invoked command in '/ros2/carbi/build/rplidar_ros' returned '0': CMAKE_PREFIX_PATH=${CMAKE_PREFIX_PATH}:/opt/ros/humble /usr/bin/cmake --install /ros2/carbi/build/rplidar_ros
[1.411s] Level 1:colcon.colcon_core.environment:checking '/ros2/carbi/install/rplidar_ros' for CMake config files
[1.412s] Level 1:colcon.colcon_core.shell:create_environment_hook('rplidar_ros', 'cmake_prefix_path')
[1.412s] INFO:colcon.colcon_core.shell:Creating environment hook '/ros2/carbi/install/rplidar_ros/share/rplidar_ros/hook/cmake_prefix_path.ps1'
[1.413s] INFO:colcon.colcon_core.shell:Creating environment descriptor '/ros2/carbi/install/rplidar_ros/share/rplidar_ros/hook/cmake_prefix_path.dsv'
[1.414s] INFO:colcon.colcon_core.shell:Creating environment hook '/ros2/carbi/install/rplidar_ros/share/rplidar_ros/hook/cmake_prefix_path.sh'
[1.415s] Level 1:colcon.colcon_core.environment:checking '/ros2/carbi/install/rplidar_ros/lib'
[1.415s] Level 1:colcon.colcon_core.shell:create_environment_hook('rplidar_ros', 'ld_library_path_lib')
[1.416s] INFO:colcon.colcon_core.shell:Creating environment hook '/ros2/carbi/install/rplidar_ros/share/rplidar_ros/hook/ld_library_path_lib.ps1'
[1.416s] INFO:colcon.colcon_core.shell:Creating environment descriptor '/ros2/carbi/install/rplidar_ros/share/rplidar_ros/hook/ld_library_path_lib.dsv'
[1.417s] INFO:colcon.colcon_core.shell:Creating environment hook '/ros2/carbi/install/rplidar_ros/share/rplidar_ros/hook/ld_library_path_lib.sh'
[1.418s] Level 1:colcon.colcon_core.environment:checking '/ros2/carbi/install/rplidar_ros/bin'
[1.418s] Level 1:colcon.colcon_core.environment:checking '/ros2/carbi/install/rplidar_ros/lib/pkgconfig/rplidar_ros.pc'
[1.418s] Level 1:colcon.colcon_core.environment:checking '/ros2/carbi/install/rplidar_ros/lib/python3.10/site-packages'
[1.418s] Level 1:colcon.colcon_core.environment:checking '/ros2/carbi/install/rplidar_ros/bin'
[1.419s] INFO:colcon.colcon_core.shell:Creating package script '/ros2/carbi/install/rplidar_ros/share/rplidar_ros/package.ps1'
[1.420s] INFO:colcon.colcon_core.shell:Creating package descriptor '/ros2/carbi/install/rplidar_ros/share/rplidar_ros/package.dsv'
[1.421s] INFO:colcon.colcon_core.shell:Creating package script '/ros2/carbi/install/rplidar_ros/share/rplidar_ros/package.sh'
[1.422s] INFO:colcon.colcon_core.shell:Creating package script '/ros2/carbi/install/rplidar_ros/share/rplidar_ros/package.bash'
[1.422s] INFO:colcon.colcon_core.shell:Creating package script '/ros2/carbi/install/rplidar_ros/share/rplidar_ros/package.zsh'
[1.423s] Level 1:colcon.colcon_core.environment:create_file_with_runtime_dependencies(/ros2/carbi/install/rplidar_ros/share/colcon-core/packages/rplidar_ros)
[1.497s] Level 1:colcon.colcon_core.environment:create_environment_scripts_only(rplidar_ros)
[1.497s] Level 1:colcon.colcon_core.environment:checking '/ros2/carbi/install/rplidar_ros' for CMake module files
[1.498s] Level 1:colcon.colcon_core.environment:checking '/ros2/carbi/install/rplidar_ros' for CMake config files
[1.499s] Level 1:colcon.colcon_core.shell:create_environment_hook('rplidar_ros', 'cmake_prefix_path')
[1.500s] INFO:colcon.colcon_core.shell:Creating environment hook '/ros2/carbi/install/rplidar_ros/share/rplidar_ros/hook/cmake_prefix_path.ps1'
[1.500s] INFO:colcon.colcon_core.shell:Creating environment descriptor '/ros2/carbi/install/rplidar_ros/share/rplidar_ros/hook/cmake_prefix_path.dsv'
[1.501s] INFO:colcon.colcon_core.shell:Creating environment hook '/ros2/carbi/install/rplidar_ros/share/rplidar_ros/hook/cmake_prefix_path.sh'
[1.502s] Level 1:colcon.colcon_core.environment:checking '/ros2/carbi/install/rplidar_ros/lib'
[1.502s] Level 1:colcon.colcon_core.shell:create_environment_hook('rplidar_ros', 'ld_library_path_lib')
[1.502s] INFO:colcon.colcon_core.shell:Creating environment hook '/ros2/carbi/install/rplidar_ros/share/rplidar_ros/hook/ld_library_path_lib.ps1'
[1.503s] INFO:colcon.colcon_core.shell:Creating environment descriptor '/ros2/carbi/install/rplidar_ros/share/rplidar_ros/hook/ld_library_path_lib.dsv'
[1.503s] INFO:colcon.colcon_core.shell:Creating environment hook '/ros2/carbi/install/rplidar_ros/share/rplidar_ros/hook/ld_library_path_lib.sh'
[1.504s] Level 1:colcon.colcon_core.environment:checking '/ros2/carbi/install/rplidar_ros/bin'
[1.504s] Level 1:colcon.colcon_core.environment:checking '/ros2/carbi/install/rplidar_ros/lib/pkgconfig/rplidar_ros.pc'
[1.504s] Level 1:colcon.colcon_core.environment:checking '/ros2/carbi/install/rplidar_ros/lib/python3.10/site-packages'
[1.504s] Level 1:colcon.colcon_core.environment:checking '/ros2/carbi/install/rplidar_ros/bin'
[1.505s] INFO:colcon.colcon_core.shell:Creating package script '/ros2/carbi/install/rplidar_ros/share/rplidar_ros/package.ps1'
[1.506s] INFO:colcon.colcon_core.shell:Creating package descriptor '/ros2/carbi/install/rplidar_ros/share/rplidar_ros/package.dsv'
[1.506s] INFO:colcon.colcon_core.shell:Creating package script '/ros2/carbi/install/rplidar_ros/share/rplidar_ros/package.sh'
[1.507s] INFO:colcon.colcon_core.shell:Creating package script '/ros2/carbi/install/rplidar_ros/share/rplidar_ros/package.bash'
[1.508s] INFO:colcon.colcon_core.shell:Creating package script '/ros2/carbi/install/rplidar_ros/share/rplidar_ros/package.zsh'
[1.508s] Level 1:colcon.colcon_core.environment:create_file_with_runtime_dependencies(/ros2/carbi/install/rplidar_ros/share/colcon-core/packages/rplidar_ros)
[1.509s] DEBUG:colcon.colcon_parallel_executor.executor.parallel:closing loop
[1.509s] DEBUG:colcon.colcon_parallel_executor.executor.parallel:loop closed
[1.509s] DEBUG:colcon.colcon_parallel_executor.executor.parallel:run_until_complete finished with '0'
[1.510s] DEBUG:colcon.colcon_core.event_reactor:joining thread
[1.550s] INFO:colcon.colcon_core.plugin_system:Skipping extension 'colcon_notification.desktop_notification.notify_send': Could not find 'notify-send'
[1.550s] INFO:colcon.colcon_core.plugin_system:Skipping extension 'colcon_notification.desktop_notification.terminal_notifier': Not used on non-Darwin systems
[1.550s] INFO:colcon.colcon_core.plugin_system:Skipping extension 'colcon_notification.desktop_notification.win32': Not used on non-Windows systems
[1.550s] INFO:colcon.colcon_notification.desktop_notification:Sending desktop notification using 'notify2'
[1.555s] DEBUG:colcon.colcon_notification.desktop_notification.notify2:Failed to initialize notify2: org.freedesktop.DBus.Error.Spawn.ExecFailed: /usr/bin/dbus-launch terminated abnormally without any error message
[1.556s] DEBUG:colcon.colcon_core.event_reactor:joined thread
[1.556s] INFO:colcon.colcon_core.shell:Creating prefix script '/ros2/carbi/install/local_setup.ps1'
[1.558s] INFO:colcon.colcon_core.shell:Creating prefix util module '/ros2/carbi/install/_local_setup_util_ps1.py'
[1.560s] INFO:colcon.colcon_core.shell:Creating prefix chain script '/ros2/carbi/install/setup.ps1'
[1.562s] INFO:colcon.colcon_core.shell:Creating prefix script '/ros2/carbi/install/local_setup.sh'
[1.563s] INFO:colcon.colcon_core.shell:Creating prefix util module '/ros2/carbi/install/_local_setup_util_sh.py'
[1.564s] INFO:colcon.colcon_core.shell:Creating prefix chain script '/ros2/carbi/install/setup.sh'
[1.565s] INFO:colcon.colcon_core.shell:Creating prefix script '/ros2/carbi/install/local_setup.bash'
[1.566s] INFO:colcon.colcon_core.shell:Creating prefix chain script '/ros2/carbi/install/setup.bash'
[1.568s] INFO:colcon.colcon_core.shell:Creating prefix script '/ros2/carbi/install/local_setup.zsh'
[1.569s] INFO:colcon.colcon_core.shell:Creating prefix chain script '/ros2/carbi/install/setup.zsh'
