[0.045s] Invoking command in '/ros2/carbi/build/rplidar_ros': CMAKE_PREFIX_PATH=/opt/ros/humble /usr/bin/cmake /ros2/carbi/src/rplidar_ros2 -DCMAKE_INSTALL_PREFIX=/ros2/carbi/install/rplidar_ros
[0.202s] -- The C compiler identification is GNU 11.4.0
[0.456s] -- The CXX compiler identification is GNU 11.4.0
[0.476s] -- Detecting C compiler ABI info
[0.723s] -- Detecting C compiler ABI info - done
[0.737s] -- Check for working C compiler: /usr/bin/cc - skipped
[0.738s] -- Detecting C compile features
[0.740s] -- Detecting C compile features - done
[0.743s] -- Detecting CXX compiler ABI info
[1.035s] -- Detecting CXX compiler ABI info - done
[1.072s] -- Check for working CXX compiler: /usr/bin/c++ - skipped
[1.072s] -- Detecting CXX compile features
[1.073s] -- Detecting CXX compile features - done
[1.087s] -- Found ament_cmake_auto: 1.3.8 (/opt/ros/humble/share/ament_cmake_auto/cmake)
[1.713s] -- Found Python3: /usr/bin/python3 (found version "3.10.12") found components: Interpreter 
[1.954s] -- Found ament_cmake_ros: 0.10.0 (/opt/ros/humble/share/ament_cmake_ros/cmake)
[2.353s] -- Found rosidl_generator_c: 3.1.5 (/opt/ros/humble/share/rosidl_generator_c/cmake)
[2.367s] -- Found rosidl_adapter: 3.1.5 (/opt/ros/humble/share/rosidl_adapter/cmake)
[2.402s] -- Found rosidl_generator_cpp: 3.1.5 (/opt/ros/humble/share/rosidl_generator_cpp/cmake)
[2.468s] -- Using all available rosidl_typesupport_c: rosidl_typesupport_fastrtps_c;rosidl_typesupport_introspection_c
[2.526s] -- Using all available rosidl_typesupport_cpp: rosidl_typesupport_fastrtps_cpp;rosidl_typesupport_introspection_cpp
[2.709s] -- Found rmw_implementation_cmake: 6.1.1 (/opt/ros/humble/share/rmw_implementation_cmake/cmake)
[2.717s] -- Found rmw_fastrtps_cpp: 6.2.6 (/opt/ros/humble/share/rmw_fastrtps_cpp/cmake)
[2.984s] -- Found OpenSSL: /usr/lib/aarch64-linux-gnu/libcrypto.so (found version "3.0.2")  
[3.040s] -- Found FastRTPS: /opt/ros/humble/include  
[3.131s] -- Using RMW implementation 'rmw_fastrtps_cpp' as default
[3.158s] -- Looking for pthread.h
[3.378s] -- Looking for pthread.h - found
[3.378s] -- Performing Test CMAKE_HAVE_LIBC_PTHREAD
[3.572s] -- Performing Test CMAKE_HAVE_LIBC_PTHREAD - Success
[3.574s] -- Found Threads: TRUE  
[4.319s] -- Configuring done
[4.345s] -- Generating done
[4.349s] -- Build files have been written to: /ros2/carbi/build/rplidar_ros
[4.369s] Invoked command in '/ros2/carbi/build/rplidar_ros' returned '0': CMAKE_PREFIX_PATH=/opt/ros/humble /usr/bin/cmake /ros2/carbi/src/rplidar_ros2 -DCMAKE_INSTALL_PREFIX=/ros2/carbi/install/rplidar_ros
[4.372s] Invoking command in '/ros2/carbi/build/rplidar_ros': CMAKE_PREFIX_PATH=/opt/ros/humble /usr/bin/cmake --build /ros2/carbi/build/rplidar_ros -- -j4 -l4
[4.482s] [ 22%] [32mBuilding CXX object CMakeFiles/rplidar_composition_node.dir/sdk/src/arch/linux/net_serial.cpp.o[0m
[4.483s] [ 22%] [32mBuilding CXX object CMakeFiles/rplidar_composition_node.dir/sdk/src/arch/linux/net_socket.cpp.o[0m
[4.486s] [ 33%] [32mBuilding CXX object CMakeFiles/rplidar_composition_node.dir/src/rplidar_node.cpp.o[0m
[5.367s] In file included from [01m[K/ros2/carbi/src/rplidar_ros2/./sdk/include/rplidar.h:39[m[K,
[5.367s]                  from [01m[K/ros2/carbi/src/rplidar_ros2/./sdk/src/sdkcommon.h:48[m[K,
[5.367s]                  from [01m[K/ros2/carbi/src/rplidar_ros2/sdk/src/arch/linux/net_socket.cpp:10[m[K:
[5.368s] [01m[K/ros2/carbi/src/rplidar_ros2/./sdk/include/rplidar_protocol.h:59:14:[m[K [01;35m[Kwarning: [m[KISO C++ forbids zero-size array ‘[01m[Kdata[m[K’ [[01;35m[K-Wpedantic[m[K]
[5.368s]    59 |     _u8 data[[01;35m[K0[m[K];
[5.368s]       |              [01;35m[K^[m[K
[5.370s] In file included from [01m[K/ros2/carbi/src/rplidar_ros2/./sdk/include/rplidar.h:40[m[K,
[5.370s]                  from [01m[K/ros2/carbi/src/rplidar_ros2/./sdk/src/sdkcommon.h:48[m[K,
[5.370s]                  from [01m[K/ros2/carbi/src/rplidar_ros2/sdk/src/arch/linux/net_socket.cpp:10[m[K:
[5.370s] [01m[K/ros2/carbi/src/rplidar_ros2/./sdk/include/rplidar_cmd.h:260:18:[m[K [01;35m[Kwarning: [m[KISO C++ forbids zero-size array ‘[01m[Kpayload[m[K’ [[01;35m[K-Wpedantic[m[K]
[5.370s]   260 |     _u8  payload[[01;35m[K0[m[K];
[5.370s]       |                  [01;35m[K^[m[K
[5.386s] [01m[K/ros2/carbi/src/rplidar_ros2/sdk/src/arch/linux/net_socket.cpp:[m[K In member function ‘[01m[Kvirtual u_result rp::arch::net::StreamSocketImpl::send(const void*, size_t)[m[K’:
[5.386s] [01m[K/ros2/carbi/src/rplidar_ros2/sdk/src/arch/linux/net_socket.cpp:438:17:[m[K [01;35m[Kwarning: [m[Kcomparison of integer expressions of different signedness: ‘[01m[Ksize_t[m[K’ {aka ‘[01m[Klong unsigned int[m[K’} and ‘[01m[Kint[m[K’ [[01;35m[K-Wsign-compare[m[K]
[5.386s]   438 |         if ([01;35m[Kans == (int)len[m[K) {
[5.386s]       |             [01;35m[K~~~~^~~~~~~~~~~[m[K
[5.390s] In file included from [01m[K/ros2/carbi/src/rplidar_ros2/./sdk/src/arch/linux/arch_linux.h:42[m[K,
[5.390s]                  from [01m[K/ros2/carbi/src/rplidar_ros2/./sdk/src/sdkcommon.h:40[m[K,
[5.390s]                  from [01m[K/ros2/carbi/src/rplidar_ros2/sdk/src/arch/linux/net_socket.cpp:10[m[K:
[5.390s] [01m[K/ros2/carbi/src/rplidar_ros2/sdk/src/arch/linux/net_socket.cpp:[m[K In member function ‘[01m[Kvirtual u_result rp::arch::net::DGramSocketImpl::sendTo(const rp::net::SocketAddress&, const void*, size_t)[m[K’:
[5.390s] [01m[K/ros2/carbi/src/rplidar_ros2/sdk/src/arch/linux/net_socket.cpp:726:24:[m[K [01;35m[Kwarning: [m[Kcomparison of integer expressions of different signedness: ‘[01m[Ksize_t[m[K’ {aka ‘[01m[Klong unsigned int[m[K’} and ‘[01m[Kint[m[K’ [[01;35m[K-Wsign-compare[m[K]
[5.391s]   726 |             assert([01;35m[Kans == (int)len[m[K);
[5.391s]       |                    [01;35m[K~~~~^~~~~~~~~~~[m[K
[5.414s] In file included from [01m[K/ros2/carbi/src/rplidar_ros2/src/rplidar_node.cpp:36[m[K:
[5.414s] [01m[K/ros2/carbi/src/rplidar_ros2/include/rplidar_node.hpp:50:[m[K [01;35m[Kwarning: [m[K"M_PI" redefined
[5.414s]    50 | #define M_PI 3.1415926535897932384626433832795
[5.414s]       | 
[5.414s] In file included from [01m[K/usr/include/c++/11/cmath:45[m[K,
[5.415s]                  from [01m[K/opt/ros/humble/include/libstatistics_collector/libstatistics_collector/moving_average_statistics/types.hpp:18[m[K,
[5.415s]                  from [01m[K/opt/ros/humble/include/libstatistics_collector/libstatistics_collector/collector/generate_statistics_message.hpp:24[m[K,
[5.415s]                  from [01m[K/opt/ros/humble/include/rclcpp/rclcpp/topic_statistics/subscription_topic_statistics.hpp:23[m[K,
[5.415s]                  from [01m[K/opt/ros/humble/include/rclcpp/rclcpp/subscription.hpp:50[m[K,
[5.415s]                  from [01m[K/opt/ros/humble/include/rclcpp/rclcpp/any_executable.hpp:25[m[K,
[5.415s]                  from [01m[K/opt/ros/humble/include/rclcpp/rclcpp/memory_strategy.hpp:25[m[K,
[5.415s]                  from [01m[K/opt/ros/humble/include/rclcpp/rclcpp/memory_strategies.hpp:18[m[K,
[5.415s]                  from [01m[K/opt/ros/humble/include/rclcpp/rclcpp/executor_options.hpp:20[m[K,
[5.415s]                  from [01m[K/opt/ros/humble/include/rclcpp/rclcpp/executor.hpp:37[m[K,
[5.415s]                  from [01m[K/opt/ros/humble/include/rclcpp/rclcpp/executors/multi_threaded_executor.hpp:25[m[K,
[5.415s]                  from [01m[K/opt/ros/humble/include/rclcpp/rclcpp/executors.hpp:21[m[K,
[5.415s]                  from [01m[K/opt/ros/humble/include/rclcpp/rclcpp/rclcpp.hpp:155[m[K,
[5.416s]                  from [01m[K/ros2/carbi/src/rplidar_ros2/include/rplidar_node.hpp:34[m[K,
[5.416s]                  from [01m[K/ros2/carbi/src/rplidar_ros2/src/rplidar_node.cpp:36[m[K:
[5.416s] [01m[K/usr/include/math.h:1151:[m[K [01;36m[Knote: [m[Kthis is the location of the previous definition
[5.416s]  1151 | # define M_PI           3.14159265358979323846  /* pi */
[5.416s]       | 
[5.523s] [ 44%] [32mBuilding CXX object CMakeFiles/rplidar_composition_node.dir/sdk/src/arch/linux/timer.cpp.o[0m
[5.677s] [01m[K/ros2/carbi/src/rplidar_ros2/sdk/src/arch/linux/net_serial.cpp:[m[K In member function ‘[01m[Kbool rp::arch::net::raw_serial::open(const char*, uint32_t, uint32_t)[m[K’:
[5.677s] [01m[K/ros2/carbi/src/rplidar_ros2/sdk/src/arch/linux/net_serial.cpp:97:74:[m[K [01;35m[Kwarning: [m[Kunused parameter ‘[01m[Kflags[m[K’ [[01;35m[K-Wunused-parameter[m[K]
[5.677s]    97 | bool raw_serial::open(const char * portname, uint32_t baudrate, [01;35m[Kuint32_t flags[m[K)
[5.677s]       |                                                                 [01;35m[K~~~~~~~~~^~~~~[m[K
[5.679s] [01m[K/ros2/carbi/src/rplidar_ros2/sdk/src/arch/linux/net_serial.cpp:[m[K In member function ‘[01m[Kvirtual void rp::arch::net::raw_serial::flush(_u32)[m[K’:
[5.679s] [01m[K/ros2/carbi/src/rplidar_ros2/sdk/src/arch/linux/net_serial.cpp:281:30:[m[K [01;35m[Kwarning: [m[Kunused parameter ‘[01m[Kflags[m[K’ [[01;35m[K-Wunused-parameter[m[K]
[5.679s]   281 | void raw_serial::flush( [01;35m[K_u32 flags[m[K)
[5.679s]       |                         [01;35m[K~~~~~^~~~~[m[K
[5.680s] [01m[K/ros2/carbi/src/rplidar_ros2/sdk/src/arch/linux/net_serial.cpp:[m[K In member function ‘[01m[Kvirtual int rp::arch::net::raw_serial::waitforsent(_u32, size_t*)[m[K’:
[5.680s] [01m[K/ros2/carbi/src/rplidar_ros2/sdk/src/arch/linux/net_serial.cpp:286:34:[m[K [01;35m[Kwarning: [m[Kunused parameter ‘[01m[Ktimeout[m[K’ [[01;35m[K-Wunused-parameter[m[K]
[5.680s]   286 | int raw_serial::waitforsent([01;35m[K_u32 timeout[m[K, size_t * returned_size)
[5.680s]       |                             [01;35m[K~~~~~^~~~~~~[m[K
[5.681s] [01m[K/ros2/carbi/src/rplidar_ros2/sdk/src/arch/linux/net_serial.cpp:[m[K In member function ‘[01m[Kvirtual int rp::arch::net::raw_serial::waitforrecv(_u32, size_t*)[m[K’:
[5.681s] [01m[K/ros2/carbi/src/rplidar_ros2/sdk/src/arch/linux/net_serial.cpp:292:34:[m[K [01;35m[Kwarning: [m[Kunused parameter ‘[01m[Ktimeout[m[K’ [[01;35m[K-Wunused-parameter[m[K]
[5.681s]   292 | int raw_serial::waitforrecv([01;35m[K_u32 timeout[m[K, size_t * returned_size)
[5.681s]       |                             [01;35m[K~~~~~^~~~~~~[m[K
[5.842s] [ 55%] [32mBuilding CXX object CMakeFiles/rplidar_composition_node.dir/sdk/src/hal/thread.cpp.o[0m
[5.952s] [ 66%] [32mBuilding CXX object CMakeFiles/rplidar_composition_node.dir/sdk/src/rplidar_driver.cpp.o[0m
[6.869s] In file included from [01m[K/ros2/carbi/src/rplidar_ros2/./sdk/include/rplidar.h:39[m[K,
[6.869s]                  from [01m[K/ros2/carbi/src/rplidar_ros2/./sdk/src/sdkcommon.h:48[m[K,
[6.869s]                  from [01m[K/ros2/carbi/src/rplidar_ros2/sdk/src/hal/thread.cpp:35[m[K:
[6.869s] [01m[K/ros2/carbi/src/rplidar_ros2/./sdk/include/rplidar_protocol.h:59:14:[m[K [01;35m[Kwarning: [m[KISO C++ forbids zero-size array ‘[01m[Kdata[m[K’ [[01;35m[K-Wpedantic[m[K]
[6.869s]    59 |     _u8 data[[01;35m[K0[m[K];
[6.869s]       |              [01;35m[K^[m[K
[6.870s] In file included from [01m[K/ros2/carbi/src/rplidar_ros2/./sdk/include/rplidar.h:40[m[K,
[6.870s]                  from [01m[K/ros2/carbi/src/rplidar_ros2/./sdk/src/sdkcommon.h:48[m[K,
[6.871s]                  from [01m[K/ros2/carbi/src/rplidar_ros2/sdk/src/hal/thread.cpp:35[m[K:
[6.871s] [01m[K/ros2/carbi/src/rplidar_ros2/./sdk/include/rplidar_cmd.h:260:18:[m[K [01;35m[Kwarning: [m[KISO C++ forbids zero-size array ‘[01m[Kpayload[m[K’ [[01;35m[K-Wpedantic[m[K]
[6.871s]   260 |     _u8  payload[[01;35m[K0[m[K];
[6.871s]       |                  [01;35m[K^[m[K
[6.874s] In file included from [01m[K/ros2/carbi/src/rplidar_ros2/sdk/src/hal/thread.cpp:43[m[K:
[6.874s] [01m[K/ros2/carbi/src/rplidar_ros2/./sdk/src/arch/linux/thread.hpp:[m[K In static member function ‘[01m[Kstatic rp::hal::Thread rp::hal::Thread::create(thread_proc_t, void*)[m[K’:
[6.874s] [01m[K/ros2/carbi/src/rplidar_ros2/./sdk/src/arch/linux/thread.hpp:48:57:[m[K [01;35m[Kwarning: [m[Kcast between incompatible function types from ‘[01m[Kthread_proc_t[m[K’ {aka ‘[01m[Klong unsigned int (*)(void*)[m[K’} to ‘[01m[Kvoid* (*)(void*)[m[K’ [[01;35m[K-Wcast-function-type[m[K]
[6.874s]    48 |     pthread_create((pthread_t *)&newborn._handle, NULL, [01;35m[K(void * (*)(void *))proc[m[K, data);
[6.874s]       |                                                         [01;35m[K^~~~~~~~~~~~~~~~~~~~~~~~[m[K
[6.876s] [01m[K/ros2/carbi/src/rplidar_ros2/./sdk/src/arch/linux/thread.hpp:[m[K In member function ‘[01m[Ku_result rp::hal::Thread::join(long unsigned int)[m[K’:
[6.877s] [01m[K/ros2/carbi/src/rplidar_ros2/./sdk/src/arch/linux/thread.hpp:129:37:[m[K [01;35m[Kwarning: [m[Kunused parameter ‘[01m[Ktimeout[m[K’ [[01;35m[K-Wunused-parameter[m[K]
[6.877s]   129 | u_result Thread::join([01;35m[Kunsigned long timeout[m[K)
[6.877s]       |                       [01;35m[K~~~~~~~~~~~~~~^~~~~~~[m[K
[7.001s] In file included from [01m[K/ros2/carbi/src/rplidar_ros2/./sdk/include/rplidar.h:39[m[K,
[7.002s]                  from [01m[K/ros2/carbi/src/rplidar_ros2/sdk/src/sdkcommon.h:48[m[K,
[7.002s]                  from [01m[K/ros2/carbi/src/rplidar_ros2/sdk/src/rplidar_driver.cpp:35[m[K:
[7.002s] [01m[K/ros2/carbi/src/rplidar_ros2/./sdk/include/rplidar_protocol.h:59:14:[m[K [01;35m[Kwarning: [m[KISO C++ forbids zero-size array ‘[01m[Kdata[m[K’ [[01;35m[K-Wpedantic[m[K]
[7.002s]    59 |     _u8 data[[01;35m[K0[m[K];
[7.002s]       |              [01;35m[K^[m[K
[7.004s] In file included from [01m[K/ros2/carbi/src/rplidar_ros2/./sdk/include/rplidar.h:40[m[K,
[7.004s]                  from [01m[K/ros2/carbi/src/rplidar_ros2/sdk/src/sdkcommon.h:48[m[K,
[7.005s]                  from [01m[K/ros2/carbi/src/rplidar_ros2/sdk/src/rplidar_driver.cpp:35[m[K:
[7.005s] [01m[K/ros2/carbi/src/rplidar_ros2/./sdk/include/rplidar_cmd.h:260:18:[m[K [01;35m[Kwarning: [m[KISO C++ forbids zero-size array ‘[01m[Kpayload[m[K’ [[01;35m[K-Wpedantic[m[K]
[7.005s]   260 |     _u8  payload[[01;35m[K0[m[K];
[7.005s]       |                  [01;35m[K^[m[K
[7.271s] [01m[K/ros2/carbi/src/rplidar_ros2/sdk/src/rplidar_driver.cpp:[m[K In member function ‘[01m[Kvirtual u_result rp::standalone::rplidar::RPlidarDriverImplCommon::reset(_u32)[m[K’:
[7.271s] [01m[K/ros2/carbi/src/rplidar_ros2/sdk/src/rplidar_driver.cpp:121:46:[m[K [01;35m[Kwarning: [m[Kunused parameter ‘[01m[Ktimeout[m[K’ [[01;35m[K-Wunused-parameter[m[K]
[7.272s]   121 | u_result RPlidarDriverImplCommon::reset([01;35m[K_u32 timeout[m[K)
[7.272s]       |                                         [01;35m[K~~~~~^~~~~~~[m[K
[7.273s] [01m[K/ros2/carbi/src/rplidar_ros2/sdk/src/rplidar_driver.cpp:[m[K In member function ‘[01m[Kvirtual u_result rp::standalone::rplidar::RPlidarDriverImplCommon::checkIfTofLidar(bool&, _u32)[m[K’:
[7.273s] [01m[K/ros2/carbi/src/rplidar_ros2/sdk/src/rplidar_driver.cpp:275:75:[m[K [01;35m[Kwarning: [m[Kunused parameter ‘[01m[Ktimeout[m[K’ [[01;35m[K-Wunused-parameter[m[K]
[7.273s]   275 | u_result RPlidarDriverImplCommon::checkIfTofLidar(bool & isTofLidar, [01;35m[K_u32 timeout[m[K)
[7.274s]       |                                                                      [01;35m[K~~~~~^~~~~~~[m[K
[7.279s] [01m[K/ros2/carbi/src/rplidar_ros2/sdk/src/rplidar_driver.cpp:[m[K In member function ‘[01m[Kvirtual int rp::standalone::rplidar::RPlidarDriverImplCommon::_getSyncBitByAngle(int, int)[m[K’:
[7.279s] [01m[K/ros2/carbi/src/rplidar_ros2/sdk/src/rplidar_driver.cpp:671:16:[m[K [01;35m[Kwarning: [m[Kvariable ‘[01m[Klast_angleInc_q16[m[K’ set but not used [[01;35m[K-Wunused-but-set-variable[m[K]
[7.279s]   671 |     static int [01;35m[Klast_angleInc_q16[m[K = 0;
[7.279s]       |                [01;35m[K^~~~~~~~~~~~~~~~~[m[K
[7.280s] [01m[K/ros2/carbi/src/rplidar_ros2/sdk/src/rplidar_driver.cpp:673:9:[m[K [01;35m[Kwarning: [m[Kunused variable ‘[01m[KsyncBit_check_threshold[m[K’ [[01;35m[K-Wunused-variable[m[K]
[7.280s]   673 |     int [01;35m[KsyncBit_check_threshold[m[K = (int)((5 << 16) / angleInc_q16) + 1;//find syncBit in 0~3 degree
[7.280s]       |         [01;35m[K^~~~~~~~~~~~~~~~~~~~~~~[m[K
[7.281s] [01m[K/ros2/carbi/src/rplidar_ros2/sdk/src/rplidar_driver.cpp:[m[K In member function ‘[01m[Kvirtual u_result rp::standalone::rplidar::RPlidarDriverImplCommon::_cacheUltraCapsuledScanData()[m[K’:
[7.282s] [01m[K/ros2/carbi/src/rplidar_ros2/sdk/src/rplidar_driver.cpp:771:46:[m[K [01;35m[Kwarning: [m[Kunused variable ‘[01m[Klast_scan_count[m[K’ [[01;35m[K-Wunused-variable[m[K]
[7.282s]   771 |     size_t                                   [01;35m[Klast_scan_count[m[K = 0;
[7.282s]       |                                              [01;35m[K^~~~~~~~~~~~~~~[m[K
[7.284s] [01m[K/ros2/carbi/src/rplidar_ros2/sdk/src/rplidar_driver.cpp:[m[K In member function ‘[01m[Kvirtual void rp::standalone::rplidar::RPlidarDriverImplCommon::_capsuleToNormal(const rplidar_response_capsule_measurement_nodes_t&, rplidar_response_measurement_node_hq_t*, size_t&)[m[K’:
[7.284s] [01m[K/ros2/carbi/src/rplidar_ros2/sdk/src/rplidar_driver.cpp:850:17:[m[K [01;35m[Kwarning: [m[Kunused variable ‘[01m[KsyncBit_check_threshold[m[K’ [[01;35m[K-Wunused-variable[m[K]
[7.285s]   850 |             int [01;35m[KsyncBit_check_threshold[m[K = (int)((2 << 16) / angleInc_q16) + 1;//find syncBit in 0~1 degree
[7.285s]       |                 [01;35m[K^~~~~~~~~~~~~~~~~~~~~~~[m[K
[7.285s] [01m[K/ros2/carbi/src/rplidar_ros2/sdk/src/rplidar_driver.cpp:[m[K In member function ‘[01m[Kvirtual void rp::standalone::rplidar::RPlidarDriverImplCommon::_dense_capsuleToNormal(const rplidar_response_capsule_measurement_nodes_t&, rplidar_response_measurement_node_hq_t*, size_t&)[m[K’:
[7.286s] [01m[K/ros2/carbi/src/rplidar_ros2/sdk/src/rplidar_driver.cpp:903:30:[m[K [01;35m[Kwarning: [m[Ktype qualifiers ignored on cast result type [[01;35m[K-Wignored-qualifiers[m[K]
[7.286s]   903 |             const int dist = [01;35m[Kstatic_cast<const int>(_cached_previous_dense_capsuledata.cabins[pos].distance)[m[K;
[7.286s]       |                              [01;35m[K^~~~~~~~~~~~~~~~~~~~~~~~~~~~~~~~~~~~~~~~~~~~~~~~~~~~~~~~~~~~~~~~~~~~~~~~~~~~~~~[m[K
[7.287s] [01m[K/ros2/carbi/src/rplidar_ros2/sdk/src/rplidar_driver.cpp:[m[K In function ‘[01m[K_u32 rp::standalone::rplidar::_crc32cal(_u32, void*, _u16)[m[K’:
[7.287s] [01m[K/ros2/carbi/src/rplidar_ros2/sdk/src/rplidar_driver.cpp:1027:23:[m[K [01;35m[Kwarning: [m[Ksuggest parentheses around ‘[01m[K-[m[K’ in operand of ‘[01m[K&[m[K’ [[01;35m[K-Wparentheses[m[K]
[7.287s]  1027 |     _u8 leftBytes = [01;35m[K4 - len[m[K & 0x3;
[7.287s]       |                     [01;35m[K~~^~~~~[m[K
[7.289s] [01m[K/ros2/carbi/src/rplidar_ros2/sdk/src/rplidar_driver.cpp:[m[K In member function ‘[01m[Kvirtual void rp::standalone::rplidar::RPlidarDriverImplCommon::_ultraCapsuleToNormal(const rplidar_response_ultra_capsule_measurement_nodes_t&, rplidar_response_measurement_node_hq_t*, size_t&)[m[K’:
[7.289s] [01m[K/ros2/carbi/src/rplidar_ros2/sdk/src/rplidar_driver.cpp:1238:32:[m[K [01;35m[Kwarning: [m[Kcomparison of integer expressions of different signedness: ‘[01m[Kint[m[K’ and ‘[01m[Kunsigned int[m[K’ [[01;35m[K-Wsign-compare[m[K]
[7.290s]  1238 |             if (([01;35m[Kdist_predict1 == 0xFFFFFE00[m[K) || (dist_predict1 == 0x1FF)) {
[7.290s]       |                  [01;35m[K~~~~~~~~~~~~~~^~~~~~~~~~~~~[m[K
[7.290s] [01m[K/ros2/carbi/src/rplidar_ros2/sdk/src/rplidar_driver.cpp:1246:32:[m[K [01;35m[Kwarning: [m[Kcomparison of integer expressions of different signedness: ‘[01m[Kint[m[K’ and ‘[01m[Kunsigned int[m[K’ [[01;35m[K-Wsign-compare[m[K]
[7.290s]  1246 |             if (([01;35m[Kdist_predict2 == 0xFFFFFE00[m[K) || (dist_predict2 == 0x1FF)) {
[7.290s]       |                  [01;35m[K~~~~~~~~~~~~~~^~~~~~~~~~~~~[m[K
[7.290s] [01m[K/ros2/carbi/src/rplidar_ros2/sdk/src/rplidar_driver.cpp:1256:21:[m[K [01;35m[Kwarning: [m[Kunused variable ‘[01m[KsyncBit_check_threshold[m[K’ [[01;35m[K-Wunused-variable[m[K]
[7.291s]  1256 |                 int [01;35m[KsyncBit_check_threshold[m[K = (int)((3 << 16) / angleInc_q16)+1;//find syncBit in 0~1 degree
[7.291s]       |                     [01;35m[K^~~~~~~~~~~~~~~~~~~~~~~[m[K
[7.299s] [01m[K/ros2/carbi/src/rplidar_ros2/sdk/src/rplidar_driver.cpp:[m[K In member function ‘[01m[Kvirtual u_result rp::standalone::rplidar::RPlidarDriverImplCommon::getAllSupportedScanModes(std::vector<rp::standalone::rplidar::RplidarScanMode>&, _u32)[m[K’:
[7.300s] [01m[K/ros2/carbi/src/rplidar_ros2/sdk/src/rplidar_driver.cpp:1484:105:[m[K [01;35m[Kwarning: [m[Kunused parameter ‘[01m[KtimeoutInMs[m[K’ [[01;35m[K-Wunused-parameter[m[K]
[7.300s]  1484 | u_result RPlidarDriverImplCommon::getAllSupportedScanModes(std::vector<RplidarScanMode>& outModes, [01;35m[K_u32 timeoutInMs[m[K)
[7.300s]       |                                                                                                    [01;35m[K~~~~~^~~~~~~~~~~[m[K
[7.301s] [01m[K/ros2/carbi/src/rplidar_ros2/sdk/src/rplidar_driver.cpp:[m[K In member function ‘[01m[Kvirtual u_result rp::standalone::rplidar::RPlidarDriverImplCommon::startScan(bool, bool, _u32, rp::standalone::rplidar::RplidarScanMode*)[m[K’:
[7.301s] [01m[K/ros2/carbi/src/rplidar_ros2/sdk/src/rplidar_driver.cpp:1581:83:[m[K [01;35m[Kwarning: [m[Kunused parameter ‘[01m[Koptions[m[K’ [[01;35m[K-Wunused-parameter[m[K]
[7.301s]  1581 | u_result RPlidarDriverImplCommon::startScan(bool force, bool useTypicalScan, [01;35m[K_u32 options[m[K, RplidarScanMode* outUsedScanMode)
[7.301s]       |                                                                              [01;35m[K~~~~~^~~~~~~[m[K
[7.303s] [01m[K/ros2/carbi/src/rplidar_ros2/sdk/src/rplidar_driver.cpp:[m[K In member function ‘[01m[Kvirtual u_result rp::standalone::rplidar::RPlidarDriverImplCommon::stop(_u32)[m[K’:
[7.303s] [01m[K/ros2/carbi/src/rplidar_ros2/sdk/src/rplidar_driver.cpp:1805:45:[m[K [01;35m[Kwarning: [m[Kunused parameter ‘[01m[Ktimeout[m[K’ [[01;35m[K-Wunused-parameter[m[K]
[7.303s]  1805 | u_result RPlidarDriverImplCommon::stop([01;35m[K_u32 timeout[m[K)
[7.303s]       |                                        [01;35m[K~~~~~^~~~~~~[m[K
[7.308s] [01m[K/ros2/carbi/src/rplidar_ros2/sdk/src/rplidar_driver.cpp:[m[K In member function ‘[01m[Kvirtual u_result rp::standalone::rplidar::RPlidarDriverImplCommon::setLidarSpinSpeed(_u16, _u32)[m[K’:
[7.320s] [01m[K/ros2/carbi/src/rplidar_ros2/sdk/src/rplidar_driver.cpp:2193:68:[m[K [01;35m[Kwarning: [m[Kunused parameter ‘[01m[Ktimeout[m[K’ [[01;35m[K-Wunused-parameter[m[K]
[7.320s]  2193 | u_result RPlidarDriverImplCommon::setLidarSpinSpeed(_u16 rpm, [01;35m[K_u32 timeout[m[K)
[7.321s]       |                                                               [01;35m[K~~~~~^~~~~~~[m[K
[7.321s] [01m[K/ros2/carbi/src/rplidar_ros2/sdk/src/rplidar_driver.cpp:[m[K In member function ‘[01m[Kvirtual u_result rp::standalone::rplidar::RPlidarDriverSerial::connect(const char*, _u32, _u32)[m[K’:
[7.321s] [01m[K/ros2/carbi/src/rplidar_ros2/sdk/src/rplidar_driver.cpp:2270:83:[m[K [01;35m[Kwarning: [m[Kunused parameter ‘[01m[Kflag[m[K’ [[01;35m[K-Wunused-parameter[m[K]
[7.321s]  2270 | u_result RPlidarDriverSerial::connect(const char * port_path, _u32 baudrate, [01;35m[K_u32 flag[m[K)
[7.321s]       |                                                                              [01;35m[K~~~~~^~~~[m[K
[7.321s] [01m[K/ros2/carbi/src/rplidar_ros2/sdk/src/rplidar_driver.cpp:[m[K In member function ‘[01m[Kvirtual u_result rp::standalone::rplidar::RPlidarDriverTCP::connect(const char*, _u32, _u32)[m[K’:
[7.321s] [01m[K/ros2/carbi/src/rplidar_ros2/sdk/src/rplidar_driver.cpp:2312:72:[m[K [01;35m[Kwarning: [m[Kunused parameter ‘[01m[Kflag[m[K’ [[01;35m[K-Wunused-parameter[m[K]
[7.321s]  2312 | u_result RPlidarDriverTCP::connect(const char * ipStr, _u32 port, [01;35m[K_u32 flag[m[K)
[7.321s]       |                                                                   [01;35m[K~~~~~^~~~[m[K
[7.354s] /ros2/carbi/src/rplidar_ros2/sdk/src/rplidar_driver.cpp: In instantiation of ‘[01m[Ku_result rp::standalone::rplidar::ascendScanData_(TNode*, size_t) [with TNode = _rplidar_response_measurement_node_t; u_result = unsigned int; size_t = long unsigned int][m[K’:
[7.355s] [01m[K/ros2/carbi/src/rplidar_ros2/sdk/src/rplidar_driver.cpp:2025:64:[m[K   required from here
[7.355s] [01m[K/ros2/carbi/src/rplidar_ros2/sdk/src/rplidar_driver.cpp:1991:27:[m[K [01;35m[Kwarning: [m[Kcomparison of unsigned expression in ‘[01m[K>= 0[m[K’ is always true [[01;35m[K-Wtype-limits[m[K]
[7.355s]  1991 |     for (i = count - 1; [01;35m[Ki >= 0[m[K; i--) {
[7.355s]       |                         [01;35m[K~~^~~~[m[K
[7.355s] /ros2/carbi/src/rplidar_ros2/sdk/src/rplidar_driver.cpp: In instantiation of ‘[01m[Ku_result rp::standalone::rplidar::ascendScanData_(TNode*, size_t) [with TNode = rplidar_response_measurement_node_hq_t; u_result = unsigned int; size_t = long unsigned int][m[K’:
[7.355s] [01m[K/ros2/carbi/src/rplidar_ros2/sdk/src/rplidar_driver.cpp:2030:67:[m[K   required from here
[7.355s] [01m[K/ros2/carbi/src/rplidar_ros2/sdk/src/rplidar_driver.cpp:1991:27:[m[K [01;35m[Kwarning: [m[Kcomparison of unsigned expression in ‘[01m[K>= 0[m[K’ is always true [[01;35m[K-Wtype-limits[m[K]
[7.463s] [01m[K/ros2/carbi/src/rplidar_ros2/sdk/src/rplidar_driver.cpp:[m[K In member function ‘[01m[Kvirtual u_result rp::standalone::rplidar::RPlidarDriverImplCommon::startMotor()[m[K’:
[7.463s] [01m[K/ros2/carbi/src/rplidar_ros2/sdk/src/rplidar_driver.cpp:2225:1:[m[K [01;35m[Kwarning: [m[Kcontrol reaches end of non-void function [[01;35m[K-Wreturn-type[m[K]
[7.463s]  2225 | [01;35m[K}[m[K
[7.463s]       | [01;35m[K^[m[K
[10.088s] In file included from [01m[K/ros2/carbi/src/rplidar_ros2/./sdk/include/rplidar.h:39[m[K,
[10.089s]                  from [01m[K/ros2/carbi/src/rplidar_ros2/include/rplidar_node.hpp:41[m[K,
[10.089s]                  from [01m[K/ros2/carbi/src/rplidar_ros2/src/rplidar_node.cpp:36[m[K:
[10.089s] [01m[K/ros2/carbi/src/rplidar_ros2/./sdk/include/rplidar_protocol.h:59:14:[m[K [01;35m[Kwarning: [m[KISO C++ forbids zero-size array ‘[01m[Kdata[m[K’ [[01;35m[K-Wpedantic[m[K]
[10.089s]    59 |     _u8 data[[01;35m[K0[m[K];
[10.089s]       |              [01;35m[K^[m[K
[10.089s] In file included from [01m[K/ros2/carbi/src/rplidar_ros2/./sdk/include/rplidar.h:40[m[K,
[10.089s]                  from [01m[K/ros2/carbi/src/rplidar_ros2/include/rplidar_node.hpp:41[m[K,
[10.089s]                  from [01m[K/ros2/carbi/src/rplidar_ros2/src/rplidar_node.cpp:36[m[K:
[10.089s] [01m[K/ros2/carbi/src/rplidar_ros2/./sdk/include/rplidar_cmd.h:260:18:[m[K [01;35m[Kwarning: [m[KISO C++ forbids zero-size array ‘[01m[Kpayload[m[K’ [[01;35m[K-Wpedantic[m[K]
[10.089s]   260 |     _u8  payload[[01;35m[K0[m[K];
[10.089s]       |                  [01;35m[K^[m[K
[10.239s] [01m[K/ros2/carbi/src/rplidar_ros2/src/rplidar_node.cpp:[m[K In member function ‘[01m[Kvoid rplidar_ros::rplidar_node::stop_motor({anonymous}::EmptyRequest, {anonymous}::EmptyResponse)[m[K’:
[10.239s] [01m[K/ros2/carbi/src/rplidar_ros2/src/rplidar_node.cpp:248:50:[m[K [01;35m[Kwarning: [m[Kunused parameter ‘[01m[Kreq[m[K’ [[01;35m[K-Wunused-parameter[m[K]
[10.239s]   248 | void rplidar_node::stop_motor([01;35m[Kconst EmptyRequest req[m[K, EmptyResponse res)
[10.239s]       |                               [01;35m[K~~~~~~~~~~~~~~~~~~~^~~[m[K
[10.239s] [01m[K/ros2/carbi/src/rplidar_ros2/src/rplidar_node.cpp:248:69:[m[K [01;35m[Kwarning: [m[Kunused parameter ‘[01m[Kres[m[K’ [[01;35m[K-Wunused-parameter[m[K]
[10.240s]   248 | oid rplidar_node::stop_motor(const EmptyRequest req, [01;35m[KEmptyResponse res[m[K)
[10.240s]       |                                                      [01;35m[K~~~~~~~~~~~~~~^~~[m[K
[10.240s] 
[10.240s] [01m[K/ros2/carbi/src/rplidar_ros2/src/rplidar_node.cpp:[m[K In member function ‘[01m[Kvoid rplidar_ros::rplidar_node::start_motor({anonymous}::EmptyRequest, {anonymous}::EmptyResponse)[m[K’:
[10.240s] [01m[K/ros2/carbi/src/rplidar_ros2/src/rplidar_node.cpp:259:51:[m[K [01;35m[Kwarning: [m[Kunused parameter ‘[01m[Kreq[m[K’ [[01;35m[K-Wunused-parameter[m[K]
[10.240s]   259 | void rplidar_node::start_motor([01;35m[Kconst EmptyRequest req[m[K, EmptyResponse res)
[10.240s]       |                                [01;35m[K~~~~~~~~~~~~~~~~~~~^~~[m[K
[10.240s] [01m[K/ros2/carbi/src/rplidar_ros2/src/rplidar_node.cpp:259:70:[m[K [01;35m[Kwarning: [m[Kunused parameter ‘[01m[Kres[m[K’ [[01;35m[K-Wunused-parameter[m[K]
[10.241s]   259 | id rplidar_node::start_motor(const EmptyRequest req, [01;35m[KEmptyResponse res[m[K)
[10.241s]       |                                                      [01;35m[K~~~~~~~~~~~~~~^~~[m[K
[10.241s] 
[10.253s] [01m[K/ros2/carbi/src/rplidar_ros2/src/rplidar_node.cpp:[m[K In member function ‘[01m[Kvoid rplidar_ros::rplidar_node::publish_loop()[m[K’:
[10.253s] [01m[K/ros2/carbi/src/rplidar_ros2/src/rplidar_node.cpp:362:25:[m[K [01;35m[Kwarning: [m[Kcomparison of integer expressions of different signedness: ‘[01m[Ksize_t[m[K’ {aka ‘[01m[Klong unsigned int[m[K’} and ‘[01m[Kint[m[K’ [[01;35m[K-Wsign-compare[m[K]
[10.253s]   362 |           for (j = 0; [01;35m[Kj < m_angle_compensate_multiple[m[K; j++) {
[10.253s]       |                       [01;35m[K~~^~~~~~~~~~~~~~~~~~~~~~~~~~~~~[m[K
[10.256s] [01m[K/ros2/carbi/src/rplidar_ros2/src/rplidar_node.cpp:383:44:[m[K [01;35m[Kwarning: [m[Kcomparison of integer expressions of different signedness: ‘[01m[Ksize_t[m[K’ {aka ‘[01m[Klong unsigned int[m[K’} and ‘[01m[Kint[m[K’ [[01;35m[K-Wsign-compare[m[K]
[10.256s]   383 |       for (size_t x = start_node, y = 0; [01;35m[Kx < end_node[m[K; ++x, ++y) {
[10.257s]       |                                          [01;35m[K~~^~~~~~~~~~[m[K
[10.257s] [01m[K/ros2/carbi/src/rplidar_ros2/src/rplidar_node.cpp:390:11:[m[K [01;35m[Kwarning: [m[Kunused variable ‘[01m[Kangle_min[m[K’ [[01;35m[K-Wunused-variable[m[K]
[10.257s]   390 |     float [01;35m[Kangle_min[m[K = deg_2_rad(0.0f);
[10.257s]       |           [01;35m[K^~~~~~~~~[m[K
[10.257s] [01m[K/ros2/carbi/src/rplidar_ros2/src/rplidar_node.cpp:391:11:[m[K [01;35m[Kwarning: [m[Kunused variable ‘[01m[Kangle_max[m[K’ [[01;35m[K-Wunused-variable[m[K]
[10.257s]   391 |     float [01;35m[Kangle_max[m[K = deg_2_rad(359.0f);
[10.257s]       |           [01;35m[K^~~~~~~~~[m[K
[16.019s] [ 77%] [32m[1mLinking CXX shared library librplidar_composition_node.so[0m
[16.887s] [ 77%] Built target rplidar_composition_node
[16.930s] [ 88%] [32mBuilding CXX object CMakeFiles/rplidar_composition.dir/src/standalone_rplidar.cpp.o[0m
[17.403s] In file included from [01m[K/ros2/carbi/src/rplidar_ros2/src/standalone_rplidar.cpp:16[m[K:
[17.403s] [01m[K/ros2/carbi/src/rplidar_ros2/include/rplidar_node.hpp:50:[m[K [01;35m[Kwarning: [m[K"M_PI" redefined
[17.404s]    50 | #define M_PI 3.1415926535897932384626433832795
[17.404s]       | 
[17.404s] In file included from [01m[K/usr/include/c++/11/cmath:45[m[K,
[17.404s]                  from [01m[K/opt/ros/humble/include/libstatistics_collector/libstatistics_collector/moving_average_statistics/types.hpp:18[m[K,
[17.404s]                  from [01m[K/opt/ros/humble/include/libstatistics_collector/libstatistics_collector/collector/generate_statistics_message.hpp:24[m[K,
[17.404s]                  from [01m[K/opt/ros/humble/include/rclcpp/rclcpp/topic_statistics/subscription_topic_statistics.hpp:23[m[K,
[17.404s]                  from [01m[K/opt/ros/humble/include/rclcpp/rclcpp/subscription.hpp:50[m[K,
[17.404s]                  from [01m[K/opt/ros/humble/include/rclcpp/rclcpp/any_executable.hpp:25[m[K,
[17.404s]                  from [01m[K/opt/ros/humble/include/rclcpp/rclcpp/memory_strategy.hpp:25[m[K,
[17.404s]                  from [01m[K/opt/ros/humble/include/rclcpp/rclcpp/memory_strategies.hpp:18[m[K,
[17.404s]                  from [01m[K/opt/ros/humble/include/rclcpp/rclcpp/executor_options.hpp:20[m[K,
[17.405s]                  from [01m[K/opt/ros/humble/include/rclcpp/rclcpp/executor.hpp:37[m[K,
[17.405s]                  from [01m[K/opt/ros/humble/include/rclcpp/rclcpp/executors/multi_threaded_executor.hpp:25[m[K,
[17.405s]                  from [01m[K/opt/ros/humble/include/rclcpp/rclcpp/executors.hpp:21[m[K,
[17.405s]                  from [01m[K/opt/ros/humble/include/rclcpp/rclcpp/rclcpp.hpp:155[m[K,
[17.405s]                  from [01m[K/ros2/carbi/src/rplidar_ros2/include/rplidar_node.hpp:34[m[K,
[17.405s]                  from [01m[K/ros2/carbi/src/rplidar_ros2/src/standalone_rplidar.cpp:16[m[K:
[17.405s] [01m[K/usr/include/math.h:1151:[m[K [01;36m[Knote: [m[Kthis is the location of the previous definition
[17.405s]  1151 | # define M_PI           3.14159265358979323846  /* pi */
[17.405s]       | 
[21.273s] In file included from [01m[K/ros2/carbi/src/rplidar_ros2/./sdk/include/rplidar.h:39[m[K,
[21.274s]                  from [01m[K/ros2/carbi/src/rplidar_ros2/include/rplidar_node.hpp:41[m[K,
[21.274s]                  from [01m[K/ros2/carbi/src/rplidar_ros2/src/standalone_rplidar.cpp:16[m[K:
[21.274s] [01m[K/ros2/carbi/src/rplidar_ros2/./sdk/include/rplidar_protocol.h:59:14:[m[K [01;35m[Kwarning: [m[KISO C++ forbids zero-size array ‘[01m[Kdata[m[K’ [[01;35m[K-Wpedantic[m[K]
[21.274s]    59 |     _u8 data[[01;35m[K0[m[K];
[21.274s]       |              [01;35m[K^[m[K
[21.276s] In file included from [01m[K/ros2/carbi/src/rplidar_ros2/./sdk/include/rplidar.h:40[m[K,
[21.276s]                  from [01m[K/ros2/carbi/src/rplidar_ros2/include/rplidar_node.hpp:41[m[K,
[21.276s]                  from [01m[K/ros2/carbi/src/rplidar_ros2/src/standalone_rplidar.cpp:16[m[K:
[21.276s] [01m[K/ros2/carbi/src/rplidar_ros2/./sdk/include/rplidar_cmd.h:260:18:[m[K [01;35m[Kwarning: [m[KISO C++ forbids zero-size array ‘[01m[Kpayload[m[K’ [[01;35m[K-Wpedantic[m[K]
[21.276s]   260 |     _u8  payload[[01;35m[K0[m[K];
[21.276s]       |                  [01;35m[K^[m[K
[22.033s] In file included from [01m[K/ros2/carbi/src/rplidar_ros2/src/standalone_rplidar.cpp:16[m[K:
[22.034s] [01m[K/ros2/carbi/src/rplidar_ros2/include/rplidar_node.hpp:76:14:[m[K [01;35m[Kwarning: [m[K‘[01m[Kfloat rplidar_ros::getAngle(const rplidar_response_measurement_node_hq_t&)[m[K’ defined but not used [[01;35m[K-Wunused-function[m[K]
[22.034s]    76 | static float [01;35m[KgetAngle[m[K(const rplidar_response_measurement_node_hq_t & node)
[22.034s]       |              [01;35m[K^~~~~~~~[m[K
[22.253s] [100%] [32m[1mLinking CXX executable rplidar_composition[0m
[22.729s] [100%] Built target rplidar_composition
[22.753s] Invoked command in '/ros2/carbi/build/rplidar_ros' returned '0': CMAKE_PREFIX_PATH=/opt/ros/humble /usr/bin/cmake --build /ros2/carbi/build/rplidar_ros -- -j4 -l4
[22.832s] Invoking command in '/ros2/carbi/build/rplidar_ros': CMAKE_PREFIX_PATH=/opt/ros/humble /usr/bin/cmake --install /ros2/carbi/build/rplidar_ros
[22.849s] -- Install configuration: ""
[22.849s] -- Installing: /ros2/carbi/install/rplidar_ros/lib/rplidar_ros/rplidar_composition
[22.850s] -- Set runtime path of "/ros2/carbi/install/rplidar_ros/lib/rplidar_ros/rplidar_composition" to ""
[22.850s] -- Installing: /ros2/carbi/install/rplidar_ros/share/rplidar_ros/launch
[22.851s] -- Installing: /ros2/carbi/install/rplidar_ros/share/rplidar_ros/launch/rplidar_s1.launch.py
[22.852s] -- Installing: /ros2/carbi/install/rplidar_ros/share/rplidar_ros/launch/rplidar.launch.py
[22.852s] -- Installing: /ros2/carbi/install/rplidar_ros/share/rplidar_ros/launch/rplidar_a3.launch.py
[22.853s] -- Installing: /ros2/carbi/install/rplidar_ros/share/rplidar_ros/launch/view_rplidar_a3.launch.py
[22.853s] -- Installing: /ros2/carbi/install/rplidar_ros/share/rplidar_ros/launch/view_rplidar_s1_tcp.launch.py
[22.854s] -- Installing: /ros2/carbi/install/rplidar_ros/share/rplidar_ros/launch/test_rplidar_a3.launch.py
[22.854s] -- Installing: /ros2/carbi/install/rplidar_ros/share/rplidar_ros/launch/view_rplidar.launch.py
[22.855s] -- Installing: /ros2/carbi/install/rplidar_ros/share/rplidar_ros/launch/view_rplidar_s1.launch.py
[22.855s] -- Installing: /ros2/carbi/install/rplidar_ros/share/rplidar_ros/launch/rplidar_s1_tcp.launch.py
[22.856s] -- Installing: /ros2/carbi/install/rplidar_ros/share/rplidar_ros/rviz
[22.856s] -- Installing: /ros2/carbi/install/rplidar_ros/share/rplidar_ros/rviz/rplidar.rviz
[22.857s] -- Installing: /ros2/carbi/install/rplidar_ros/lib/librplidar_composition_node.so
[22.864s] -- Set runtime path of "/ros2/carbi/install/rplidar_ros/lib/librplidar_composition_node.so" to ""
[22.865s] -- Installing: /ros2/carbi/install/rplidar_ros/include
[22.865s] -- Installing: /ros2/carbi/install/rplidar_ros/include/rplidar_node.hpp
[22.865s] -- Installing: /ros2/carbi/install/rplidar_ros/include/visibility.h
[22.865s] -- Up-to-date: /ros2/carbi/install/rplidar_ros/lib/rplidar_ros/rplidar_composition
[22.866s] -- Installing: /ros2/carbi/install/rplidar_ros/share/ament_index/resource_index/package_run_dependencies/rplidar_ros
[22.866s] -- Installing: /ros2/carbi/install/rplidar_ros/share/ament_index/resource_index/parent_prefix_path/rplidar_ros
[22.866s] -- Installing: /ros2/carbi/install/rplidar_ros/share/rplidar_ros/environment/ament_prefix_path.sh
[22.866s] -- Installing: /ros2/carbi/install/rplidar_ros/share/rplidar_ros/environment/ament_prefix_path.dsv
[22.867s] -- Installing: /ros2/carbi/install/rplidar_ros/share/rplidar_ros/environment/path.sh
[22.867s] -- Installing: /ros2/carbi/install/rplidar_ros/share/rplidar_ros/environment/path.dsv
[22.867s] -- Installing: /ros2/carbi/install/rplidar_ros/share/rplidar_ros/local_setup.bash
[22.867s] -- Installing: /ros2/carbi/install/rplidar_ros/share/rplidar_ros/local_setup.sh
[22.868s] -- Installing: /ros2/carbi/install/rplidar_ros/share/rplidar_ros/local_setup.zsh
[22.868s] -- Installing: /ros2/carbi/install/rplidar_ros/share/rplidar_ros/local_setup.dsv
[22.868s] -- Installing: /ros2/carbi/install/rplidar_ros/share/rplidar_ros/package.dsv
[22.868s] -- Installing: /ros2/carbi/install/rplidar_ros/share/ament_index/resource_index/packages/rplidar_ros
[22.869s] -- Installing: /ros2/carbi/install/rplidar_ros/share/ament_index/resource_index/rclcpp_components/rplidar_ros
[22.869s] -- Installing: /ros2/carbi/install/rplidar_ros/share/rplidar_ros/cmake/ament_cmake_export_dependencies-extras.cmake
[22.869s] -- Installing: /ros2/carbi/install/rplidar_ros/share/rplidar_ros/cmake/ament_cmake_export_include_directories-extras.cmake
[22.870s] -- Installing: /ros2/carbi/install/rplidar_ros/share/rplidar_ros/cmake/rplidar_rosConfig.cmake
[22.870s] -- Installing: /ros2/carbi/install/rplidar_ros/share/rplidar_ros/cmake/rplidar_rosConfig-version.cmake
[22.870s] -- Installing: /ros2/carbi/install/rplidar_ros/share/rplidar_ros/package.xml
[22.874s] Invoked command in '/ros2/carbi/build/rplidar_ros' returned '0': CMAKE_PREFIX_PATH=/opt/ros/humble /usr/bin/cmake --install /ros2/carbi/build/rplidar_ros
