[0.085s] Invoking command in '/ros2/carbi/build/carbi_bridge': CMAKE_PREFIX_PATH=${CMAKE_PREFIX_PATH}:/opt/ros/humble /usr/bin/cmake --build /ros2/carbi/build/carbi_bridge -- -j4 -l4
[0.251s] Invoked command in '/ros2/carbi/build/carbi_bridge' returned '0': CMAKE_PREFIX_PATH=${CMAKE_PREFIX_PATH}:/opt/ros/humble /usr/bin/cmake --build /ros2/carbi/build/carbi_bridge -- -j4 -l4
[0.372s] Invoking command in '/ros2/carbi/build/carbi_bridge': CMAKE_PREFIX_PATH=${CMAKE_PREFIX_PATH}:/opt/ros/humble /usr/bin/cmake --install /ros2/carbi/build/carbi_bridge
[0.395s] -- Install configuration: ""
[0.395s] -- Up-to-date: /ros2/carbi/install/carbi_bridge/lib/carbi_bridge/bridge.py
[0.401s] -- Up-to-date: /ros2/carbi/install/carbi_bridge/lib/carbi_bridge/kinematics.py
[0.401s] -- Up-to-date: /ros2/carbi/install/carbi_bridge/share/carbi_bridge/scripts
[0.401s] -- Up-to-date: /ros2/carbi/install/carbi_bridge/share/carbi_bridge/scripts/kinematics.py
[0.401s] -- Up-to-date: /ros2/carbi/install/carbi_bridge/share/carbi_bridge/scripts/bridge.py
[0.401s] -- Up-to-date: /ros2/carbi/install/carbi_bridge/share/carbi_bridge/launch
[0.401s] -- Up-to-date: /ros2/carbi/install/carbi_bridge/share/carbi_bridge/launch/carbi.launch.py
[0.401s] -- Up-to-date: /ros2/carbi/install/carbi_bridge/share/ament_index/resource_index/package_run_dependencies/carbi_bridge
[0.402s] -- Up-to-date: /ros2/carbi/install/carbi_bridge/share/ament_index/resource_index/parent_prefix_path/carbi_bridge
[0.402s] -- Up-to-date: /ros2/carbi/install/carbi_bridge/share/carbi_bridge/environment/ament_prefix_path.sh
[0.408s] -- Up-to-date: /ros2/carbi/install/carbi_bridge/share/carbi_bridge/environment/ament_prefix_path.dsv
[0.408s] -- Up-to-date: /ros2/carbi/install/carbi_bridge/share/carbi_bridge/environment/path.sh
[0.409s] -- Up-to-date: /ros2/carbi/install/carbi_bridge/share/carbi_bridge/environment/path.dsv
[0.413s] -- Up-to-date: /ros2/carbi/install/carbi_bridge/share/carbi_bridge/local_setup.bash
[0.413s] -- Up-to-date: /ros2/carbi/install/carbi_bridge/share/carbi_bridge/local_setup.sh
[0.414s] -- Up-to-date: /ros2/carbi/install/carbi_bridge/share/carbi_bridge/local_setup.zsh
[0.414s] -- Up-to-date: /ros2/carbi/install/carbi_bridge/share/carbi_bridge/local_setup.dsv
[0.414s] -- Installing: /ros2/carbi/install/carbi_bridge/share/carbi_bridge/package.dsv
[0.418s] -- Up-to-date: /ros2/carbi/install/carbi_bridge/share/ament_index/resource_index/packages/carbi_bridge
[0.418s] -- Up-to-date: /ros2/carbi/install/carbi_bridge/share/carbi_bridge/cmake/carbi_bridgeConfig.cmake
[0.418s] -- Up-to-date: /ros2/carbi/install/carbi_bridge/share/carbi_bridge/cmake/carbi_bridgeConfig-version.cmake
[0.418s] -- Up-to-date: /ros2/carbi/install/carbi_bridge/share/carbi_bridge/package.xml
[0.451s] Invoked command in '/ros2/carbi/build/carbi_bridge' returned '0': CMAKE_PREFIX_PATH=${CMAKE_PREFIX_PATH}:/opt/ros/humble /usr/bin/cmake --install /ros2/carbi/build/carbi_bridge
