[0.172s] DEBUG:colcon:Command line arguments: ['/usr/bin/colcon', 'build']
[0.172s] DEBUG:colcon:Parsed command line arguments: Namespace(log_base=None, log_level=None, verb_name='build', build_base='build', install_base='install', merge_install=False, symlink_install=False, test_result_base=None, continue_on_error=False, executor='parallel', parallel_workers=4, event_handlers=None, ignore_user_meta=False, metas=['./colcon.meta'], base_paths=['.'], packages_ignore=None, packages_ignore_regex=None, paths=None, packages_up_to=None, packages_up_to_regex=None, packages_above=None, packages_above_and_dependencies=None, packages_above_depth=None, packages_select_by_dep=None, packages_skip_by_dep=None, packages_skip_up_to=None, packages_select_build_failed=False, packages_skip_build_finished=False, packages_select_test_failures=False, packages_skip_test_passed=False, packages_select=None, packages_skip=None, packages_select_regex=None, packages_skip_regex=None, packages_start=None, packages_end=None, cmake_args=None, cmake_target=None, cmake_target_skip_unavailable=False, cmake_clean_cache=False, cmake_clean_first=False, cmake_force_configure=False, ament_cmake_args=None, catkin_cmake_args=None, catkin_skip_building_tests=False, mixin_files=None, mixin=None, verb_parser=<colcon_mixin.mixin.mixin_argument.MixinArgumentDecorator object at 0xffffafafff40>, verb_extension=<colcon_core.verb.build.BuildVerb object at 0xffffafaffa00>, main=<bound method BuildVerb.main of <colcon_core.verb.build.BuildVerb object at 0xffffafaffa00>>, mixin_verb=('build',))
[0.374s] Level 1:colcon.colcon_core.package_discovery:discover_packages(colcon_meta) check parameters
[0.375s] INFO:colcon.colcon_metadata.package_discovery.colcon_meta:Using configuration from '/root/.colcon/metadata/default/Gazebo.meta'
[0.376s] INFO:colcon.colcon_metadata.package_discovery.colcon_meta:Using configuration from '/root/.colcon/metadata/default/fastrtps.meta'
[0.376s] Level 1:colcon.colcon_core.package_discovery:discover_packages(recursive) check parameters
[0.376s] Level 1:colcon.colcon_core.package_discovery:discover_packages(ignore) check parameters
[0.376s] Level 1:colcon.colcon_core.package_discovery:discover_packages(path) check parameters
[0.376s] Level 1:colcon.colcon_core.package_discovery:discover_packages(colcon_meta) discover
[0.376s] Level 1:colcon.colcon_core.package_discovery:discover_packages(recursive) discover
[0.376s] INFO:colcon.colcon_core.package_discovery:Crawling recursively for packages in '/ros2/carbi'
[0.376s] Level 1:colcon.colcon_core.package_identification:_identify(.) by extensions ['ignore', 'ignore_ament_install']
[0.376s] Level 1:colcon.colcon_core.package_identification:_identify(.) by extension 'ignore'
[0.376s] Level 1:colcon.colcon_core.package_identification:_identify(.) by extension 'ignore_ament_install'
[0.376s] Level 1:colcon.colcon_core.package_identification:_identify(.) by extensions ['colcon_pkg']
[0.377s] Level 1:colcon.colcon_core.package_identification:_identify(.) by extension 'colcon_pkg'
[0.377s] Level 1:colcon.colcon_core.package_identification:_identify(.) by extensions ['colcon_meta']
[0.377s] Level 1:colcon.colcon_core.package_identification:_identify(.) by extension 'colcon_meta'
[0.377s] Level 1:colcon.colcon_core.package_identification:_identify(.) by extensions ['ros']
[0.377s] Level 1:colcon.colcon_core.package_identification:_identify(.) by extension 'ros'
[0.393s] Level 1:colcon.colcon_core.package_identification:_identify(.) by extensions ['cmake', 'python']
[0.393s] Level 1:colcon.colcon_core.package_identification:_identify(.) by extension 'cmake'
[0.394s] Level 1:colcon.colcon_core.package_identification:_identify(.) by extension 'python'
[0.394s] Level 1:colcon.colcon_core.package_identification:_identify(.) by extensions ['python_setup_py']
[0.394s] Level 1:colcon.colcon_core.package_identification:_identify(.) by extension 'python_setup_py'
[0.394s] Level 1:colcon.colcon_core.package_identification:_identify(build) by extensions ['ignore', 'ignore_ament_install']
[0.394s] Level 1:colcon.colcon_core.package_identification:_identify(build) by extension 'ignore'
[0.394s] Level 1:colcon.colcon_core.package_identification:_identify(build) ignored
[0.394s] Level 1:colcon.colcon_core.package_identification:_identify(install) by extensions ['ignore', 'ignore_ament_install']
[0.395s] Level 1:colcon.colcon_core.package_identification:_identify(install) by extension 'ignore'
[0.395s] Level 1:colcon.colcon_core.package_identification:_identify(install) ignored
[0.395s] Level 1:colcon.colcon_core.package_identification:_identify(log) by extensions ['ignore', 'ignore_ament_install']
[0.395s] Level 1:colcon.colcon_core.package_identification:_identify(log) by extension 'ignore'
[0.395s] Level 1:colcon.colcon_core.package_identification:_identify(log) ignored
[0.395s] Level 1:colcon.colcon_core.package_identification:_identify(src) by extensions ['ignore', 'ignore_ament_install']
[0.395s] Level 1:colcon.colcon_core.package_identification:_identify(src) by extension 'ignore'
[0.395s] Level 1:colcon.colcon_core.package_identification:_identify(src) by extension 'ignore_ament_install'
[0.396s] Level 1:colcon.colcon_core.package_identification:_identify(src) by extensions ['colcon_pkg']
[0.396s] Level 1:colcon.colcon_core.package_identification:_identify(src) by extension 'colcon_pkg'
[0.396s] Level 1:colcon.colcon_core.package_identification:_identify(src) by extensions ['colcon_meta']
[0.396s] Level 1:colcon.colcon_core.package_identification:_identify(src) by extension 'colcon_meta'
[0.396s] Level 1:colcon.colcon_core.package_identification:_identify(src) by extensions ['ros']
[0.396s] Level 1:colcon.colcon_core.package_identification:_identify(src) by extension 'ros'
[0.396s] Level 1:colcon.colcon_core.package_identification:_identify(src) by extensions ['cmake', 'python']
[0.396s] Level 1:colcon.colcon_core.package_identification:_identify(src) by extension 'cmake'
[0.396s] Level 1:colcon.colcon_core.package_identification:_identify(src) by extension 'python'
[0.396s] Level 1:colcon.colcon_core.package_identification:_identify(src) by extensions ['python_setup_py']
[0.396s] Level 1:colcon.colcon_core.package_identification:_identify(src) by extension 'python_setup_py'
[0.396s] Level 1:colcon.colcon_core.package_identification:_identify(src/carbi_bridge) by extensions ['ignore', 'ignore_ament_install']
[0.396s] Level 1:colcon.colcon_core.package_identification:_identify(src/carbi_bridge) by extension 'ignore'
[0.397s] Level 1:colcon.colcon_core.package_identification:_identify(src/carbi_bridge) by extension 'ignore_ament_install'
[0.397s] Level 1:colcon.colcon_core.package_identification:_identify(src/carbi_bridge) by extensions ['colcon_pkg']
[0.397s] Level 1:colcon.colcon_core.package_identification:_identify(src/carbi_bridge) by extension 'colcon_pkg'
[0.397s] Level 1:colcon.colcon_core.package_identification:_identify(src/carbi_bridge) by extensions ['colcon_meta']
[0.397s] Level 1:colcon.colcon_core.package_identification:_identify(src/carbi_bridge) by extension 'colcon_meta'
[0.397s] Level 1:colcon.colcon_core.package_identification:_identify(src/carbi_bridge) by extensions ['ros']
[0.397s] Level 1:colcon.colcon_core.package_identification:_identify(src/carbi_bridge) by extension 'ros'
[0.405s] DEBUG:colcon.colcon_core.package_identification:Package 'src/carbi_bridge' with type 'ros.ament_cmake' and name 'carbi_bridge'
[0.406s] Level 1:colcon.colcon_core.package_identification:_identify(src/carbi_kinematics) by extensions ['ignore', 'ignore_ament_install']
[0.406s] Level 1:colcon.colcon_core.package_identification:_identify(src/carbi_kinematics) by extension 'ignore'
[0.406s] Level 1:colcon.colcon_core.package_identification:_identify(src/carbi_kinematics) by extension 'ignore_ament_install'
[0.406s] Level 1:colcon.colcon_core.package_identification:_identify(src/carbi_kinematics) by extensions ['colcon_pkg']
[0.406s] Level 1:colcon.colcon_core.package_identification:_identify(src/carbi_kinematics) by extension 'colcon_pkg'
[0.406s] Level 1:colcon.colcon_core.package_identification:_identify(src/carbi_kinematics) by extensions ['colcon_meta']
[0.406s] Level 1:colcon.colcon_core.package_identification:_identify(src/carbi_kinematics) by extension 'colcon_meta'
[0.406s] Level 1:colcon.colcon_core.package_identification:_identify(src/carbi_kinematics) by extensions ['ros']
[0.406s] Level 1:colcon.colcon_core.package_identification:_identify(src/carbi_kinematics) by extension 'ros'
[0.408s] DEBUG:colcon.colcon_core.package_identification:Package 'src/carbi_kinematics' with type 'ros.ament_cmake' and name 'carbi_kinematics'
[0.408s] Level 1:colcon.colcon_core.package_identification:_identify(src/carbi_robot_description) by extensions ['ignore', 'ignore_ament_install']
[0.408s] Level 1:colcon.colcon_core.package_identification:_identify(src/carbi_robot_description) by extension 'ignore'
[0.408s] Level 1:colcon.colcon_core.package_identification:_identify(src/carbi_robot_description) by extension 'ignore_ament_install'
[0.408s] Level 1:colcon.colcon_core.package_identification:_identify(src/carbi_robot_description) by extensions ['colcon_pkg']
[0.408s] Level 1:colcon.colcon_core.package_identification:_identify(src/carbi_robot_description) by extension 'colcon_pkg'
[0.408s] Level 1:colcon.colcon_core.package_identification:_identify(src/carbi_robot_description) by extensions ['colcon_meta']
[0.408s] Level 1:colcon.colcon_core.package_identification:_identify(src/carbi_robot_description) by extension 'colcon_meta'
[0.408s] Level 1:colcon.colcon_core.package_identification:_identify(src/carbi_robot_description) by extensions ['ros']
[0.408s] Level 1:colcon.colcon_core.package_identification:_identify(src/carbi_robot_description) by extension 'ros'
[0.409s] DEBUG:colcon.colcon_core.package_identification:Package 'src/carbi_robot_description' with type 'ros.ament_cmake' and name 'carbi_robot_description'
[0.409s] Level 1:colcon.colcon_core.package_identification:_identify(src/carbi_sensor_interface) by extensions ['ignore', 'ignore_ament_install']
[0.410s] Level 1:colcon.colcon_core.package_identification:_identify(src/carbi_sensor_interface) by extension 'ignore'
[0.410s] Level 1:colcon.colcon_core.package_identification:_identify(src/carbi_sensor_interface) by extension 'ignore_ament_install'
[0.410s] Level 1:colcon.colcon_core.package_identification:_identify(src/carbi_sensor_interface) by extensions ['colcon_pkg']
[0.410s] Level 1:colcon.colcon_core.package_identification:_identify(src/carbi_sensor_interface) by extension 'colcon_pkg'
[0.410s] Level 1:colcon.colcon_core.package_identification:_identify(src/carbi_sensor_interface) by extensions ['colcon_meta']
[0.410s] Level 1:colcon.colcon_core.package_identification:_identify(src/carbi_sensor_interface) by extension 'colcon_meta'
[0.410s] Level 1:colcon.colcon_core.package_identification:_identify(src/carbi_sensor_interface) by extensions ['ros']
[0.410s] Level 1:colcon.colcon_core.package_identification:_identify(src/carbi_sensor_interface) by extension 'ros'
[0.411s] DEBUG:colcon.colcon_core.package_identification:Package 'src/carbi_sensor_interface' with type 'ros.ament_cmake' and name 'carbi_sensor_interface'
[0.411s] Level 1:colcon.colcon_core.package_identification:_identify(src/rplidar_ros2) by extensions ['ignore', 'ignore_ament_install']
[0.411s] Level 1:colcon.colcon_core.package_identification:_identify(src/rplidar_ros2) by extension 'ignore'
[0.411s] Level 1:colcon.colcon_core.package_identification:_identify(src/rplidar_ros2) by extension 'ignore_ament_install'
[0.411s] Level 1:colcon.colcon_core.package_identification:_identify(src/rplidar_ros2) by extensions ['colcon_pkg']
[0.411s] Level 1:colcon.colcon_core.package_identification:_identify(src/rplidar_ros2) by extension 'colcon_pkg'
[0.411s] Level 1:colcon.colcon_core.package_identification:_identify(src/rplidar_ros2) by extensions ['colcon_meta']
[0.411s] Level 1:colcon.colcon_core.package_identification:_identify(src/rplidar_ros2) by extension 'colcon_meta'
[0.411s] Level 1:colcon.colcon_core.package_identification:_identify(src/rplidar_ros2) by extensions ['ros']
[0.412s] Level 1:colcon.colcon_core.package_identification:_identify(src/rplidar_ros2) by extension 'ros'
[0.413s] DEBUG:colcon.colcon_core.package_identification:Package 'src/rplidar_ros2' with type 'ros.ament_cmake' and name 'rplidar_ros'
[0.413s] Level 1:colcon.colcon_core.package_discovery:discover_packages(recursive) using defaults
[0.413s] Level 1:colcon.colcon_core.package_discovery:discover_packages(ignore) discover
[0.413s] Level 1:colcon.colcon_core.package_discovery:discover_packages(ignore) using defaults
[0.413s] Level 1:colcon.colcon_core.package_discovery:discover_packages(path) discover
[0.413s] Level 1:colcon.colcon_core.package_discovery:discover_packages(path) using defaults
[0.447s] Level 5:colcon.colcon_core.verb:set package 'carbi_bridge' build argument 'cmake_args' from command line to 'None'
[0.447s] Level 5:colcon.colcon_core.verb:set package 'carbi_bridge' build argument 'cmake_target' from command line to 'None'
[0.447s] Level 5:colcon.colcon_core.verb:set package 'carbi_bridge' build argument 'cmake_target_skip_unavailable' from command line to 'False'
[0.447s] Level 5:colcon.colcon_core.verb:set package 'carbi_bridge' build argument 'cmake_clean_cache' from command line to 'False'
[0.447s] Level 5:colcon.colcon_core.verb:set package 'carbi_bridge' build argument 'cmake_clean_first' from command line to 'False'
[0.447s] Level 5:colcon.colcon_core.verb:set package 'carbi_bridge' build argument 'cmake_force_configure' from command line to 'False'
[0.447s] Level 5:colcon.colcon_core.verb:set package 'carbi_bridge' build argument 'ament_cmake_args' from command line to 'None'
[0.447s] Level 5:colcon.colcon_core.verb:set package 'carbi_bridge' build argument 'catkin_cmake_args' from command line to 'None'
[0.447s] Level 5:colcon.colcon_core.verb:set package 'carbi_bridge' build argument 'catkin_skip_building_tests' from command line to 'False'
[0.448s] DEBUG:colcon.colcon_core.verb:Building package 'carbi_bridge' with the following arguments: {'ament_cmake_args': None, 'build_base': '/ros2/carbi/build/carbi_bridge', 'catkin_cmake_args': None, 'catkin_skip_building_tests': False, 'cmake_args': None, 'cmake_clean_cache': False, 'cmake_clean_first': False, 'cmake_force_configure': False, 'cmake_target': None, 'cmake_target_skip_unavailable': False, 'install_base': '/ros2/carbi/install/carbi_bridge', 'merge_install': False, 'path': '/ros2/carbi/src/carbi_bridge', 'symlink_install': False, 'test_result_base': None}
[0.448s] Level 5:colcon.colcon_core.verb:set package 'carbi_kinematics' build argument 'cmake_args' from command line to 'None'
[0.448s] Level 5:colcon.colcon_core.verb:set package 'carbi_kinematics' build argument 'cmake_target' from command line to 'None'
[0.448s] Level 5:colcon.colcon_core.verb:set package 'carbi_kinematics' build argument 'cmake_target_skip_unavailable' from command line to 'False'
[0.448s] Level 5:colcon.colcon_core.verb:set package 'carbi_kinematics' build argument 'cmake_clean_cache' from command line to 'False'
[0.448s] Level 5:colcon.colcon_core.verb:set package 'carbi_kinematics' build argument 'cmake_clean_first' from command line to 'False'
[0.448s] Level 5:colcon.colcon_core.verb:set package 'carbi_kinematics' build argument 'cmake_force_configure' from command line to 'False'
[0.448s] Level 5:colcon.colcon_core.verb:set package 'carbi_kinematics' build argument 'ament_cmake_args' from command line to 'None'
[0.448s] Level 5:colcon.colcon_core.verb:set package 'carbi_kinematics' build argument 'catkin_cmake_args' from command line to 'None'
[0.448s] Level 5:colcon.colcon_core.verb:set package 'carbi_kinematics' build argument 'catkin_skip_building_tests' from command line to 'False'
[0.448s] DEBUG:colcon.colcon_core.verb:Building package 'carbi_kinematics' with the following arguments: {'ament_cmake_args': None, 'build_base': '/ros2/carbi/build/carbi_kinematics', 'catkin_cmake_args': None, 'catkin_skip_building_tests': False, 'cmake_args': None, 'cmake_clean_cache': False, 'cmake_clean_first': False, 'cmake_force_configure': False, 'cmake_target': None, 'cmake_target_skip_unavailable': False, 'install_base': '/ros2/carbi/install/carbi_kinematics', 'merge_install': False, 'path': '/ros2/carbi/src/carbi_kinematics', 'symlink_install': False, 'test_result_base': None}
[0.449s] Level 5:colcon.colcon_core.verb:set package 'carbi_robot_description' build argument 'cmake_args' from command line to 'None'
[0.449s] Level 5:colcon.colcon_core.verb:set package 'carbi_robot_description' build argument 'cmake_target' from command line to 'None'
[0.449s] Level 5:colcon.colcon_core.verb:set package 'carbi_robot_description' build argument 'cmake_target_skip_unavailable' from command line to 'False'
[0.449s] Level 5:colcon.colcon_core.verb:set package 'carbi_robot_description' build argument 'cmake_clean_cache' from command line to 'False'
[0.449s] Level 5:colcon.colcon_core.verb:set package 'carbi_robot_description' build argument 'cmake_clean_first' from command line to 'False'
[0.449s] Level 5:colcon.colcon_core.verb:set package 'carbi_robot_description' build argument 'cmake_force_configure' from command line to 'False'
[0.449s] Level 5:colcon.colcon_core.verb:set package 'carbi_robot_description' build argument 'ament_cmake_args' from command line to 'None'
[0.449s] Level 5:colcon.colcon_core.verb:set package 'carbi_robot_description' build argument 'catkin_cmake_args' from command line to 'None'
[0.449s] Level 5:colcon.colcon_core.verb:set package 'carbi_robot_description' build argument 'catkin_skip_building_tests' from command line to 'False'
[0.449s] DEBUG:colcon.colcon_core.verb:Building package 'carbi_robot_description' with the following arguments: {'ament_cmake_args': None, 'build_base': '/ros2/carbi/build/carbi_robot_description', 'catkin_cmake_args': None, 'catkin_skip_building_tests': False, 'cmake_args': None, 'cmake_clean_cache': False, 'cmake_clean_first': False, 'cmake_force_configure': False, 'cmake_target': None, 'cmake_target_skip_unavailable': False, 'install_base': '/ros2/carbi/install/carbi_robot_description', 'merge_install': False, 'path': '/ros2/carbi/src/carbi_robot_description', 'symlink_install': False, 'test_result_base': None}
[0.449s] Level 5:colcon.colcon_core.verb:set package 'carbi_sensor_interface' build argument 'cmake_args' from command line to 'None'
[0.449s] Level 5:colcon.colcon_core.verb:set package 'carbi_sensor_interface' build argument 'cmake_target' from command line to 'None'
[0.449s] Level 5:colcon.colcon_core.verb:set package 'carbi_sensor_interface' build argument 'cmake_target_skip_unavailable' from command line to 'False'
[0.449s] Level 5:colcon.colcon_core.verb:set package 'carbi_sensor_interface' build argument 'cmake_clean_cache' from command line to 'False'
[0.449s] Level 5:colcon.colcon_core.verb:set package 'carbi_sensor_interface' build argument 'cmake_clean_first' from command line to 'False'
[0.450s] Level 5:colcon.colcon_core.verb:set package 'carbi_sensor_interface' build argument 'cmake_force_configure' from command line to 'False'
[0.450s] Level 5:colcon.colcon_core.verb:set package 'carbi_sensor_interface' build argument 'ament_cmake_args' from command line to 'None'
[0.450s] Level 5:colcon.colcon_core.verb:set package 'carbi_sensor_interface' build argument 'catkin_cmake_args' from command line to 'None'
[0.450s] Level 5:colcon.colcon_core.verb:set package 'carbi_sensor_interface' build argument 'catkin_skip_building_tests' from command line to 'False'
[0.450s] DEBUG:colcon.colcon_core.verb:Building package 'carbi_sensor_interface' with the following arguments: {'ament_cmake_args': None, 'build_base': '/ros2/carbi/build/carbi_sensor_interface', 'catkin_cmake_args': None, 'catkin_skip_building_tests': False, 'cmake_args': None, 'cmake_clean_cache': False, 'cmake_clean_first': False, 'cmake_force_configure': False, 'cmake_target': None, 'cmake_target_skip_unavailable': False, 'install_base': '/ros2/carbi/install/carbi_sensor_interface', 'merge_install': False, 'path': '/ros2/carbi/src/carbi_sensor_interface', 'symlink_install': False, 'test_result_base': None}
[0.450s] Level 5:colcon.colcon_core.verb:set package 'rplidar_ros' build argument 'cmake_args' from command line to 'None'
[0.450s] Level 5:colcon.colcon_core.verb:set package 'rplidar_ros' build argument 'cmake_target' from command line to 'None'
[0.450s] Level 5:colcon.colcon_core.verb:set package 'rplidar_ros' build argument 'cmake_target_skip_unavailable' from command line to 'False'
[0.450s] Level 5:colcon.colcon_core.verb:set package 'rplidar_ros' build argument 'cmake_clean_cache' from command line to 'False'
[0.450s] Level 5:colcon.colcon_core.verb:set package 'rplidar_ros' build argument 'cmake_clean_first' from command line to 'False'
[0.450s] Level 5:colcon.colcon_core.verb:set package 'rplidar_ros' build argument 'cmake_force_configure' from command line to 'False'
[0.450s] Level 5:colcon.colcon_core.verb:set package 'rplidar_ros' build argument 'ament_cmake_args' from command line to 'None'
[0.450s] Level 5:colcon.colcon_core.verb:set package 'rplidar_ros' build argument 'catkin_cmake_args' from command line to 'None'
[0.450s] Level 5:colcon.colcon_core.verb:set package 'rplidar_ros' build argument 'catkin_skip_building_tests' from command line to 'False'
[0.450s] DEBUG:colcon.colcon_core.verb:Building package 'rplidar_ros' with the following arguments: {'ament_cmake_args': None, 'build_base': '/ros2/carbi/build/rplidar_ros', 'catkin_cmake_args': None, 'catkin_skip_building_tests': False, 'cmake_args': None, 'cmake_clean_cache': False, 'cmake_clean_first': False, 'cmake_force_configure': False, 'cmake_target': None, 'cmake_target_skip_unavailable': False, 'install_base': '/ros2/carbi/install/rplidar_ros', 'merge_install': False, 'path': '/ros2/carbi/src/rplidar_ros2', 'symlink_install': False, 'test_result_base': None}
[0.451s] INFO:colcon.colcon_core.executor:Executing jobs using 'parallel' executor
[0.452s] DEBUG:colcon.colcon_parallel_executor.executor.parallel:run_until_complete
[0.453s] INFO:colcon.colcon_ros.task.ament_cmake.build:Building ROS package in '/ros2/carbi/src/carbi_bridge' with build type 'ament_cmake'
[0.454s] INFO:colcon.colcon_cmake.task.cmake.build:Building CMake package in '/ros2/carbi/src/carbi_bridge'
[0.457s] INFO:colcon.colcon_core.plugin_system:Skipping extension 'colcon_core.shell.bat': Not used on non-Windows systems
[0.457s] INFO:colcon.colcon_core.shell:Skip shell extension 'powershell' for command environment: Not usable outside of PowerShell
[0.457s] DEBUG:colcon.colcon_core.shell:Skip shell extension 'dsv' for command environment
[0.466s] INFO:colcon.colcon_ros.task.ament_cmake.build:Building ROS package in '/ros2/carbi/src/carbi_kinematics' with build type 'ament_cmake'
[0.468s] INFO:colcon.colcon_cmake.task.cmake.build:Building CMake package in '/ros2/carbi/src/carbi_kinematics'
[0.469s] INFO:colcon.colcon_core.shell:Skip shell extension 'powershell' for command environment: Not usable outside of PowerShell
[0.469s] DEBUG:colcon.colcon_core.shell:Skip shell extension 'dsv' for command environment
[0.476s] INFO:colcon.colcon_ros.task.ament_cmake.build:Building ROS package in '/ros2/carbi/src/carbi_robot_description' with build type 'ament_cmake'
[0.476s] INFO:colcon.colcon_cmake.task.cmake.build:Building CMake package in '/ros2/carbi/src/carbi_robot_description'
[0.477s] INFO:colcon.colcon_core.shell:Skip shell extension 'powershell' for command environment: Not usable outside of PowerShell
[0.477s] DEBUG:colcon.colcon_core.shell:Skip shell extension 'dsv' for command environment
[0.483s] INFO:colcon.colcon_ros.task.ament_cmake.build:Building ROS package in '/ros2/carbi/src/carbi_sensor_interface' with build type 'ament_cmake'
[0.484s] INFO:colcon.colcon_cmake.task.cmake.build:Building CMake package in '/ros2/carbi/src/carbi_sensor_interface'
[0.484s] INFO:colcon.colcon_core.shell:Skip shell extension 'powershell' for command environment: Not usable outside of PowerShell
[0.484s] DEBUG:colcon.colcon_core.shell:Skip shell extension 'dsv' for command environment
[0.515s] DEBUG:colcon.colcon_core.event_handler.log_command:Invoking command in '/ros2/carbi/build/carbi_bridge': CMAKE_PREFIX_PATH=${CMAKE_PREFIX_PATH}:/opt/ros/humble /usr/bin/cmake --build /ros2/carbi/build/carbi_bridge -- -j4 -l4
[0.516s] DEBUG:colcon.colcon_core.event_handler.log_command:Invoking command in '/ros2/carbi/build/carbi_kinematics': CMAKE_PREFIX_PATH=${CMAKE_PREFIX_PATH}:/opt/ros/humble /usr/bin/cmake --build /ros2/carbi/build/carbi_kinematics -- -j4 -l4
[0.534s] DEBUG:colcon.colcon_core.event_handler.log_command:Invoking command in '/ros2/carbi/build/carbi_robot_description': CMAKE_PREFIX_PATH=${CMAKE_PREFIX_PATH}:/opt/ros/humble /usr/bin/cmake --build /ros2/carbi/build/carbi_robot_description -- -j4 -l4
[0.545s] DEBUG:colcon.colcon_core.event_handler.log_command:Invoking command in '/ros2/carbi/build/carbi_sensor_interface': CMAKE_PREFIX_PATH=${CMAKE_PREFIX_PATH}:/opt/ros/humble /usr/bin/cmake --build /ros2/carbi/build/carbi_sensor_interface -- -j4 -l4
[0.641s] DEBUG:colcon.colcon_core.event_handler.log_command:Invoked command in '/ros2/carbi/build/carbi_kinematics' returned '0': CMAKE_PREFIX_PATH=${CMAKE_PREFIX_PATH}:/opt/ros/humble /usr/bin/cmake --build /ros2/carbi/build/carbi_kinematics -- -j4 -l4
[0.646s] DEBUG:colcon.colcon_core.event_handler.log_command:Invoked command in '/ros2/carbi/build/carbi_bridge' returned '0': CMAKE_PREFIX_PATH=${CMAKE_PREFIX_PATH}:/opt/ros/humble /usr/bin/cmake --build /ros2/carbi/build/carbi_bridge -- -j4 -l4
[0.668s] DEBUG:colcon.colcon_core.event_handler.log_command:Invoked command in '/ros2/carbi/build/carbi_sensor_interface' returned '0': CMAKE_PREFIX_PATH=${CMAKE_PREFIX_PATH}:/opt/ros/humble /usr/bin/cmake --build /ros2/carbi/build/carbi_sensor_interface -- -j4 -l4
[0.676s] DEBUG:colcon.colcon_core.event_handler.log_command:Invoked command in '/ros2/carbi/build/carbi_robot_description' returned '0': CMAKE_PREFIX_PATH=${CMAKE_PREFIX_PATH}:/opt/ros/humble /usr/bin/cmake --build /ros2/carbi/build/carbi_robot_description -- -j4 -l4
[0.730s] DEBUG:colcon.colcon_core.event_handler.log_command:Invoking command in '/ros2/carbi/build/carbi_kinematics': CMAKE_PREFIX_PATH=${CMAKE_PREFIX_PATH}:/opt/ros/humble /usr/bin/cmake --install /ros2/carbi/build/carbi_kinematics
[0.734s] DEBUG:colcon.colcon_core.event_handler.log_command:Invoking command in '/ros2/carbi/build/carbi_bridge': CMAKE_PREFIX_PATH=${CMAKE_PREFIX_PATH}:/opt/ros/humble /usr/bin/cmake --install /ros2/carbi/build/carbi_bridge
[0.741s] DEBUG:colcon.colcon_core.event_handler.log_command:Invoking command in '/ros2/carbi/build/carbi_sensor_interface': CMAKE_PREFIX_PATH=${CMAKE_PREFIX_PATH}:/opt/ros/humble /usr/bin/cmake --install /ros2/carbi/build/carbi_sensor_interface
[0.746s] DEBUG:colcon.colcon_core.event_handler.log_command:Invoking command in '/ros2/carbi/build/carbi_robot_description': CMAKE_PREFIX_PATH=${CMAKE_PREFIX_PATH}:/opt/ros/humble /usr/bin/cmake --install /ros2/carbi/build/carbi_robot_description
[0.776s] Level 1:colcon.colcon_core.environment:create_environment_scripts_only(carbi_bridge)
[0.782s] DEBUG:colcon.colcon_core.event_handler.log_command:Invoked command in '/ros2/carbi/build/carbi_bridge' returned '0': CMAKE_PREFIX_PATH=${CMAKE_PREFIX_PATH}:/opt/ros/humble /usr/bin/cmake --install /ros2/carbi/build/carbi_bridge
[0.795s] Level 1:colcon.colcon_core.environment:checking '/ros2/carbi/install/carbi_bridge' for CMake module files
[0.796s] Level 1:colcon.colcon_core.environment:checking '/ros2/carbi/install/carbi_bridge' for CMake config files
[0.797s] Level 1:colcon.colcon_core.shell:create_environment_hook('carbi_bridge', 'cmake_prefix_path')
[0.797s] INFO:colcon.colcon_core.shell:Creating environment hook '/ros2/carbi/install/carbi_bridge/share/carbi_bridge/hook/cmake_prefix_path.ps1'
[0.801s] INFO:colcon.colcon_core.shell:Creating environment descriptor '/ros2/carbi/install/carbi_bridge/share/carbi_bridge/hook/cmake_prefix_path.dsv'
[0.803s] INFO:colcon.colcon_core.shell:Creating environment hook '/ros2/carbi/install/carbi_bridge/share/carbi_bridge/hook/cmake_prefix_path.sh'
[0.805s] Level 1:colcon.colcon_core.environment:checking '/ros2/carbi/install/carbi_bridge/bin'
[0.805s] Level 1:colcon.colcon_core.environment:checking '/ros2/carbi/install/carbi_bridge/lib/pkgconfig/carbi_bridge.pc'
[0.811s] Level 1:colcon.colcon_core.environment:checking '/ros2/carbi/install/carbi_bridge/lib/python3.10/site-packages'
[0.812s] Level 1:colcon.colcon_core.environment:checking '/ros2/carbi/install/carbi_bridge/bin'
[0.812s] INFO:colcon.colcon_core.shell:Creating package script '/ros2/carbi/install/carbi_bridge/share/carbi_bridge/package.ps1'
[0.814s] INFO:colcon.colcon_core.shell:Creating package descriptor '/ros2/carbi/install/carbi_bridge/share/carbi_bridge/package.dsv'
[0.815s] INFO:colcon.colcon_core.shell:Creating package script '/ros2/carbi/install/carbi_bridge/share/carbi_bridge/package.sh'
[0.817s] INFO:colcon.colcon_core.shell:Creating package script '/ros2/carbi/install/carbi_bridge/share/carbi_bridge/package.bash'
[0.818s] INFO:colcon.colcon_core.shell:Creating package script '/ros2/carbi/install/carbi_bridge/share/carbi_bridge/package.zsh'
[0.820s] Level 1:colcon.colcon_core.environment:create_file_with_runtime_dependencies(/ros2/carbi/install/carbi_bridge/share/colcon-core/packages/carbi_bridge)
[0.823s] Level 1:colcon.colcon_core.environment:create_environment_scripts_only(carbi_kinematics)
[0.824s] DEBUG:colcon.colcon_core.event_handler.log_command:Invoked command in '/ros2/carbi/build/carbi_kinematics' returned '0': CMAKE_PREFIX_PATH=${CMAKE_PREFIX_PATH}:/opt/ros/humble /usr/bin/cmake --install /ros2/carbi/build/carbi_kinematics
[0.824s] Level 1:colcon.colcon_core.environment:checking '/ros2/carbi/install/carbi_kinematics' for CMake module files
[0.826s] Level 1:colcon.colcon_core.environment:checking '/ros2/carbi/install/carbi_kinematics' for CMake config files
[0.826s] Level 1:colcon.colcon_core.shell:create_environment_hook('carbi_kinematics', 'cmake_prefix_path')
[0.827s] INFO:colcon.colcon_core.shell:Creating environment hook '/ros2/carbi/install/carbi_kinematics/share/carbi_kinematics/hook/cmake_prefix_path.ps1'
[0.828s] INFO:colcon.colcon_core.shell:Creating environment descriptor '/ros2/carbi/install/carbi_kinematics/share/carbi_kinematics/hook/cmake_prefix_path.dsv'
[0.829s] INFO:colcon.colcon_core.shell:Creating environment hook '/ros2/carbi/install/carbi_kinematics/share/carbi_kinematics/hook/cmake_prefix_path.sh'
[0.830s] Level 1:colcon.colcon_core.environment:checking '/ros2/carbi/install/carbi_kinematics/lib'
[0.831s] Level 1:colcon.colcon_core.environment:checking '/ros2/carbi/install/carbi_kinematics/bin'
[0.832s] Level 1:colcon.colcon_core.environment:checking '/ros2/carbi/install/carbi_kinematics/lib/pkgconfig/carbi_kinematics.pc'
[0.832s] Level 1:colcon.colcon_core.environment:checking '/ros2/carbi/install/carbi_kinematics/lib/python3.10/site-packages'
[0.833s] Level 1:colcon.colcon_core.environment:checking '/ros2/carbi/install/carbi_kinematics/bin'
[0.834s] INFO:colcon.colcon_core.shell:Creating package script '/ros2/carbi/install/carbi_kinematics/share/carbi_kinematics/package.ps1'
[0.836s] INFO:colcon.colcon_core.shell:Creating package descriptor '/ros2/carbi/install/carbi_kinematics/share/carbi_kinematics/package.dsv'
[0.837s] INFO:colcon.colcon_core.shell:Creating package script '/ros2/carbi/install/carbi_kinematics/share/carbi_kinematics/package.sh'
[0.839s] INFO:colcon.colcon_core.shell:Creating package script '/ros2/carbi/install/carbi_kinematics/share/carbi_kinematics/package.bash'
[0.840s] INFO:colcon.colcon_core.shell:Creating package script '/ros2/carbi/install/carbi_kinematics/share/carbi_kinematics/package.zsh'
[0.842s] Level 1:colcon.colcon_core.environment:create_file_with_runtime_dependencies(/ros2/carbi/install/carbi_kinematics/share/colcon-core/packages/carbi_kinematics)
[0.848s] Level 1:colcon.colcon_core.environment:create_environment_scripts_only(carbi_sensor_interface)
[0.849s] DEBUG:colcon.colcon_core.event_handler.log_command:Invoked command in '/ros2/carbi/build/carbi_sensor_interface' returned '0': CMAKE_PREFIX_PATH=${CMAKE_PREFIX_PATH}:/opt/ros/humble /usr/bin/cmake --install /ros2/carbi/build/carbi_sensor_interface
[0.849s] Level 1:colcon.colcon_core.environment:checking '/ros2/carbi/install/carbi_sensor_interface' for CMake module files
[0.850s] Level 1:colcon.colcon_core.environment:checking '/ros2/carbi/install/carbi_sensor_interface' for CMake config files
[0.851s] Level 1:colcon.colcon_core.shell:create_environment_hook('carbi_sensor_interface', 'cmake_prefix_path')
[0.852s] INFO:colcon.colcon_core.shell:Creating environment hook '/ros2/carbi/install/carbi_sensor_interface/share/carbi_sensor_interface/hook/cmake_prefix_path.ps1'
[0.853s] INFO:colcon.colcon_core.shell:Creating environment descriptor '/ros2/carbi/install/carbi_sensor_interface/share/carbi_sensor_interface/hook/cmake_prefix_path.dsv'
[0.854s] INFO:colcon.colcon_core.shell:Creating environment hook '/ros2/carbi/install/carbi_sensor_interface/share/carbi_sensor_interface/hook/cmake_prefix_path.sh'
[0.857s] Level 1:colcon.colcon_core.environment:checking '/ros2/carbi/install/carbi_sensor_interface/lib'
[0.858s] Level 1:colcon.colcon_core.environment:checking '/ros2/carbi/install/carbi_sensor_interface/bin'
[0.858s] Level 1:colcon.colcon_core.environment:checking '/ros2/carbi/install/carbi_sensor_interface/lib/pkgconfig/carbi_sensor_interface.pc'
[0.859s] Level 1:colcon.colcon_core.environment:checking '/ros2/carbi/install/carbi_sensor_interface/lib/python3.10/site-packages'
[0.859s] Level 1:colcon.colcon_core.environment:checking '/ros2/carbi/install/carbi_sensor_interface/bin'
[0.860s] INFO:colcon.colcon_core.shell:Creating package script '/ros2/carbi/install/carbi_sensor_interface/share/carbi_sensor_interface/package.ps1'
[0.862s] INFO:colcon.colcon_core.shell:Creating package descriptor '/ros2/carbi/install/carbi_sensor_interface/share/carbi_sensor_interface/package.dsv'
[0.864s] INFO:colcon.colcon_core.shell:Creating package script '/ros2/carbi/install/carbi_sensor_interface/share/carbi_sensor_interface/package.sh'
[0.865s] INFO:colcon.colcon_core.shell:Creating package script '/ros2/carbi/install/carbi_sensor_interface/share/carbi_sensor_interface/package.bash'
[0.866s] INFO:colcon.colcon_core.shell:Creating package script '/ros2/carbi/install/carbi_sensor_interface/share/carbi_sensor_interface/package.zsh'
[0.868s] Level 1:colcon.colcon_core.environment:create_file_with_runtime_dependencies(/ros2/carbi/install/carbi_sensor_interface/share/colcon-core/packages/carbi_sensor_interface)
[0.884s] Level 1:colcon.colcon_core.environment:create_environment_scripts_only(carbi_robot_description)
[0.884s] Level 1:colcon.colcon_core.environment:checking '/ros2/carbi/install/carbi_robot_description' for CMake module files
[0.885s] Level 1:colcon.colcon_core.environment:checking '/ros2/carbi/install/carbi_robot_description' for CMake config files
[0.886s] Level 1:colcon.colcon_core.shell:create_environment_hook('carbi_robot_description', 'cmake_prefix_path')
[0.887s] INFO:colcon.colcon_core.shell:Creating environment hook '/ros2/carbi/install/carbi_robot_description/share/carbi_robot_description/hook/cmake_prefix_path.ps1'
[0.889s] DEBUG:colcon.colcon_core.event_handler.log_command:Invoked command in '/ros2/carbi/build/carbi_robot_description' returned '0': CMAKE_PREFIX_PATH=${CMAKE_PREFIX_PATH}:/opt/ros/humble /usr/bin/cmake --install /ros2/carbi/build/carbi_robot_description
[0.889s] INFO:colcon.colcon_core.shell:Creating environment descriptor '/ros2/carbi/install/carbi_robot_description/share/carbi_robot_description/hook/cmake_prefix_path.dsv'
[0.890s] INFO:colcon.colcon_core.shell:Creating environment hook '/ros2/carbi/install/carbi_robot_description/share/carbi_robot_description/hook/cmake_prefix_path.sh'
[0.892s] Level 1:colcon.colcon_core.environment:checking '/ros2/carbi/install/carbi_robot_description/bin'
[0.892s] Level 1:colcon.colcon_core.environment:checking '/ros2/carbi/install/carbi_robot_description/lib/pkgconfig/carbi_robot_description.pc'
[0.892s] Level 1:colcon.colcon_core.environment:checking '/ros2/carbi/install/carbi_robot_description/lib/python3.10/site-packages'
[0.893s] Level 1:colcon.colcon_core.environment:checking '/ros2/carbi/install/carbi_robot_description/bin'
[0.894s] INFO:colcon.colcon_core.shell:Creating package script '/ros2/carbi/install/carbi_robot_description/share/carbi_robot_description/package.ps1'
[0.898s] INFO:colcon.colcon_core.shell:Creating package descriptor '/ros2/carbi/install/carbi_robot_description/share/carbi_robot_description/package.dsv'
[0.901s] INFO:colcon.colcon_core.shell:Creating package script '/ros2/carbi/install/carbi_robot_description/share/carbi_robot_description/package.sh'
[0.902s] INFO:colcon.colcon_core.shell:Creating package script '/ros2/carbi/install/carbi_robot_description/share/carbi_robot_description/package.bash'
[0.904s] INFO:colcon.colcon_core.shell:Creating package script '/ros2/carbi/install/carbi_robot_description/share/carbi_robot_description/package.zsh'
[0.905s] Level 1:colcon.colcon_core.environment:create_file_with_runtime_dependencies(/ros2/carbi/install/carbi_robot_description/share/colcon-core/packages/carbi_robot_description)
[0.913s] Level 1:colcon.colcon_core.environment:create_environment_scripts_only(carbi_bridge)
[0.914s] Level 1:colcon.colcon_core.environment:checking '/ros2/carbi/install/carbi_bridge' for CMake module files
[0.915s] Level 1:colcon.colcon_core.environment:checking '/ros2/carbi/install/carbi_bridge' for CMake config files
[0.915s] Level 1:colcon.colcon_core.shell:create_environment_hook('carbi_bridge', 'cmake_prefix_path')
[0.916s] INFO:colcon.colcon_core.shell:Creating environment hook '/ros2/carbi/install/carbi_bridge/share/carbi_bridge/hook/cmake_prefix_path.ps1'
[0.918s] INFO:colcon.colcon_core.shell:Creating environment descriptor '/ros2/carbi/install/carbi_bridge/share/carbi_bridge/hook/cmake_prefix_path.dsv'
[0.920s] INFO:colcon.colcon_core.shell:Creating environment hook '/ros2/carbi/install/carbi_bridge/share/carbi_bridge/hook/cmake_prefix_path.sh'
[0.926s] Level 1:colcon.colcon_core.environment:checking '/ros2/carbi/install/carbi_bridge/bin'
[0.926s] Level 1:colcon.colcon_core.environment:checking '/ros2/carbi/install/carbi_bridge/lib/pkgconfig/carbi_bridge.pc'
[0.927s] Level 1:colcon.colcon_core.environment:checking '/ros2/carbi/install/carbi_bridge/lib/python3.10/site-packages'
[0.928s] Level 1:colcon.colcon_core.environment:checking '/ros2/carbi/install/carbi_bridge/bin'
[0.929s] INFO:colcon.colcon_core.shell:Creating package script '/ros2/carbi/install/carbi_bridge/share/carbi_bridge/package.ps1'
[0.931s] INFO:colcon.colcon_core.shell:Creating package descriptor '/ros2/carbi/install/carbi_bridge/share/carbi_bridge/package.dsv'
[0.933s] INFO:colcon.colcon_core.shell:Creating package script '/ros2/carbi/install/carbi_bridge/share/carbi_bridge/package.sh'
[0.935s] INFO:colcon.colcon_core.shell:Creating package script '/ros2/carbi/install/carbi_bridge/share/carbi_bridge/package.bash'
[0.938s] INFO:colcon.colcon_core.shell:Creating package script '/ros2/carbi/install/carbi_bridge/share/carbi_bridge/package.zsh'
[0.940s] Level 1:colcon.colcon_core.environment:create_file_with_runtime_dependencies(/ros2/carbi/install/carbi_bridge/share/colcon-core/packages/carbi_bridge)
[0.946s] INFO:colcon.colcon_ros.task.ament_cmake.build:Building ROS package in '/ros2/carbi/src/rplidar_ros2' with build type 'ament_cmake'
[0.947s] INFO:colcon.colcon_cmake.task.cmake.build:Building CMake package in '/ros2/carbi/src/rplidar_ros2'
[0.948s] INFO:colcon.colcon_core.shell:Skip shell extension 'powershell' for command environment: Not usable outside of PowerShell
[0.948s] DEBUG:colcon.colcon_core.shell:Skip shell extension 'dsv' for command environment
[0.967s] Level 1:colcon.colcon_core.environment:create_environment_scripts_only(carbi_kinematics)
[0.968s] Level 1:colcon.colcon_core.environment:checking '/ros2/carbi/install/carbi_kinematics' for CMake module files
[0.971s] Level 1:colcon.colcon_core.environment:checking '/ros2/carbi/install/carbi_kinematics' for CMake config files
[0.972s] Level 1:colcon.colcon_core.shell:create_environment_hook('carbi_kinematics', 'cmake_prefix_path')
[0.973s] INFO:colcon.colcon_core.shell:Creating environment hook '/ros2/carbi/install/carbi_kinematics/share/carbi_kinematics/hook/cmake_prefix_path.ps1'
[0.975s] INFO:colcon.colcon_core.shell:Creating environment descriptor '/ros2/carbi/install/carbi_kinematics/share/carbi_kinematics/hook/cmake_prefix_path.dsv'
[0.977s] INFO:colcon.colcon_core.shell:Creating environment hook '/ros2/carbi/install/carbi_kinematics/share/carbi_kinematics/hook/cmake_prefix_path.sh'
[0.980s] Level 1:colcon.colcon_core.environment:checking '/ros2/carbi/install/carbi_kinematics/lib'
[0.980s] Level 1:colcon.colcon_core.environment:checking '/ros2/carbi/install/carbi_kinematics/bin'
[0.980s] Level 1:colcon.colcon_core.environment:checking '/ros2/carbi/install/carbi_kinematics/lib/pkgconfig/carbi_kinematics.pc'
[0.981s] Level 1:colcon.colcon_core.environment:checking '/ros2/carbi/install/carbi_kinematics/lib/python3.10/site-packages'
[0.982s] Level 1:colcon.colcon_core.environment:checking '/ros2/carbi/install/carbi_kinematics/bin'
[0.983s] INFO:colcon.colcon_core.shell:Creating package script '/ros2/carbi/install/carbi_kinematics/share/carbi_kinematics/package.ps1'
[0.986s] INFO:colcon.colcon_core.shell:Creating package descriptor '/ros2/carbi/install/carbi_kinematics/share/carbi_kinematics/package.dsv'
[0.990s] INFO:colcon.colcon_core.shell:Creating package script '/ros2/carbi/install/carbi_kinematics/share/carbi_kinematics/package.sh'
[0.992s] INFO:colcon.colcon_core.shell:Creating package script '/ros2/carbi/install/carbi_kinematics/share/carbi_kinematics/package.bash'
[0.994s] INFO:colcon.colcon_core.shell:Creating package script '/ros2/carbi/install/carbi_kinematics/share/carbi_kinematics/package.zsh'
[0.995s] Level 1:colcon.colcon_core.environment:create_file_with_runtime_dependencies(/ros2/carbi/install/carbi_kinematics/share/colcon-core/packages/carbi_kinematics)
[0.999s] Level 1:colcon.colcon_core.environment:create_environment_scripts_only(carbi_sensor_interface)
[1.001s] Level 1:colcon.colcon_core.environment:checking '/ros2/carbi/install/carbi_sensor_interface' for CMake module files
[1.002s] Level 1:colcon.colcon_core.environment:checking '/ros2/carbi/install/carbi_sensor_interface' for CMake config files
[1.003s] Level 1:colcon.colcon_core.shell:create_environment_hook('carbi_sensor_interface', 'cmake_prefix_path')
[1.004s] INFO:colcon.colcon_core.shell:Creating environment hook '/ros2/carbi/install/carbi_sensor_interface/share/carbi_sensor_interface/hook/cmake_prefix_path.ps1'
[1.005s] INFO:colcon.colcon_core.shell:Creating environment descriptor '/ros2/carbi/install/carbi_sensor_interface/share/carbi_sensor_interface/hook/cmake_prefix_path.dsv'
[1.007s] INFO:colcon.colcon_core.shell:Creating environment hook '/ros2/carbi/install/carbi_sensor_interface/share/carbi_sensor_interface/hook/cmake_prefix_path.sh'
[1.010s] Level 1:colcon.colcon_core.environment:checking '/ros2/carbi/install/carbi_sensor_interface/lib'
[1.011s] Level 1:colcon.colcon_core.environment:checking '/ros2/carbi/install/carbi_sensor_interface/bin'
[1.011s] Level 1:colcon.colcon_core.environment:checking '/ros2/carbi/install/carbi_sensor_interface/lib/pkgconfig/carbi_sensor_interface.pc'
[1.012s] Level 1:colcon.colcon_core.environment:checking '/ros2/carbi/install/carbi_sensor_interface/lib/python3.10/site-packages'
[1.013s] Level 1:colcon.colcon_core.environment:checking '/ros2/carbi/install/carbi_sensor_interface/bin'
[1.014s] INFO:colcon.colcon_core.shell:Creating package script '/ros2/carbi/install/carbi_sensor_interface/share/carbi_sensor_interface/package.ps1'
[1.016s] INFO:colcon.colcon_core.shell:Creating package descriptor '/ros2/carbi/install/carbi_sensor_interface/share/carbi_sensor_interface/package.dsv'
[1.018s] INFO:colcon.colcon_core.shell:Creating package script '/ros2/carbi/install/carbi_sensor_interface/share/carbi_sensor_interface/package.sh'
[1.019s] INFO:colcon.colcon_core.shell:Creating package script '/ros2/carbi/install/carbi_sensor_interface/share/carbi_sensor_interface/package.bash'
[1.020s] INFO:colcon.colcon_core.shell:Creating package script '/ros2/carbi/install/carbi_sensor_interface/share/carbi_sensor_interface/package.zsh'
[1.021s] Level 1:colcon.colcon_core.environment:create_file_with_runtime_dependencies(/ros2/carbi/install/carbi_sensor_interface/share/colcon-core/packages/carbi_sensor_interface)
[1.031s] Level 1:colcon.colcon_core.environment:create_environment_scripts_only(carbi_robot_description)
[1.032s] Level 1:colcon.colcon_core.environment:checking '/ros2/carbi/install/carbi_robot_description' for CMake module files
[1.034s] Level 1:colcon.colcon_core.environment:checking '/ros2/carbi/install/carbi_robot_description' for CMake config files
[1.035s] DEBUG:colcon.colcon_core.event_handler.log_command:Invoking command in '/ros2/carbi/build/rplidar_ros': CMAKE_PREFIX_PATH=${CMAKE_PREFIX_PATH}:/opt/ros/humble /usr/bin/cmake --build /ros2/carbi/build/rplidar_ros -- -j4 -l4
[1.038s] Level 1:colcon.colcon_core.shell:create_environment_hook('carbi_robot_description', 'cmake_prefix_path')
[1.039s] INFO:colcon.colcon_core.shell:Creating environment hook '/ros2/carbi/install/carbi_robot_description/share/carbi_robot_description/hook/cmake_prefix_path.ps1'
[1.041s] INFO:colcon.colcon_core.shell:Creating environment descriptor '/ros2/carbi/install/carbi_robot_description/share/carbi_robot_description/hook/cmake_prefix_path.dsv'
[1.043s] INFO:colcon.colcon_core.shell:Creating environment hook '/ros2/carbi/install/carbi_robot_description/share/carbi_robot_description/hook/cmake_prefix_path.sh'
[1.048s] Level 1:colcon.colcon_core.environment:checking '/ros2/carbi/install/carbi_robot_description/bin'
[1.049s] Level 1:colcon.colcon_core.environment:checking '/ros2/carbi/install/carbi_robot_description/lib/pkgconfig/carbi_robot_description.pc'
[1.051s] Level 1:colcon.colcon_core.environment:checking '/ros2/carbi/install/carbi_robot_description/lib/python3.10/site-packages'
[1.052s] Level 1:colcon.colcon_core.environment:checking '/ros2/carbi/install/carbi_robot_description/bin'
[1.053s] INFO:colcon.colcon_core.shell:Creating package script '/ros2/carbi/install/carbi_robot_description/share/carbi_robot_description/package.ps1'
[1.055s] INFO:colcon.colcon_core.shell:Creating package descriptor '/ros2/carbi/install/carbi_robot_description/share/carbi_robot_description/package.dsv'
[1.057s] INFO:colcon.colcon_core.shell:Creating package script '/ros2/carbi/install/carbi_robot_description/share/carbi_robot_description/package.sh'
[1.061s] INFO:colcon.colcon_core.shell:Creating package script '/ros2/carbi/install/carbi_robot_description/share/carbi_robot_description/package.bash'
[1.063s] INFO:colcon.colcon_core.shell:Creating package script '/ros2/carbi/install/carbi_robot_description/share/carbi_robot_description/package.zsh'
[1.064s] Level 1:colcon.colcon_core.environment:create_file_with_runtime_dependencies(/ros2/carbi/install/carbi_robot_description/share/colcon-core/packages/carbi_robot_description)
[1.278s] DEBUG:colcon.colcon_core.event_handler.log_command:Invoked command in '/ros2/carbi/build/rplidar_ros' returned '0': CMAKE_PREFIX_PATH=${CMAKE_PREFIX_PATH}:/opt/ros/humble /usr/bin/cmake --build /ros2/carbi/build/rplidar_ros -- -j4 -l4
[1.361s] DEBUG:colcon.colcon_core.event_handler.log_command:Invoking command in '/ros2/carbi/build/rplidar_ros': CMAKE_PREFIX_PATH=${CMAKE_PREFIX_PATH}:/opt/ros/humble /usr/bin/cmake --install /ros2/carbi/build/rplidar_ros
[1.384s] Level 1:colcon.colcon_core.environment:create_environment_scripts_only(rplidar_ros)
[1.385s] Level 1:colcon.colcon_core.environment:checking '/ros2/carbi/install/rplidar_ros' for CMake module files
[1.385s] DEBUG:colcon.colcon_core.event_handler.log_command:Invoked command in '/ros2/carbi/build/rplidar_ros' returned '0': CMAKE_PREFIX_PATH=${CMAKE_PREFIX_PATH}:/opt/ros/humble /usr/bin/cmake --install /ros2/carbi/build/rplidar_ros
[1.386s] Level 1:colcon.colcon_core.environment:checking '/ros2/carbi/install/rplidar_ros' for CMake config files
[1.386s] Level 1:colcon.colcon_core.shell:create_environment_hook('rplidar_ros', 'cmake_prefix_path')
[1.387s] INFO:colcon.colcon_core.shell:Creating environment hook '/ros2/carbi/install/rplidar_ros/share/rplidar_ros/hook/cmake_prefix_path.ps1'
[1.388s] INFO:colcon.colcon_core.shell:Creating environment descriptor '/ros2/carbi/install/rplidar_ros/share/rplidar_ros/hook/cmake_prefix_path.dsv'
[1.390s] INFO:colcon.colcon_core.shell:Creating environment hook '/ros2/carbi/install/rplidar_ros/share/rplidar_ros/hook/cmake_prefix_path.sh'
[1.392s] Level 1:colcon.colcon_core.environment:checking '/ros2/carbi/install/rplidar_ros/lib'
[1.392s] Level 1:colcon.colcon_core.shell:create_environment_hook('rplidar_ros', 'ld_library_path_lib')
[1.393s] INFO:colcon.colcon_core.shell:Creating environment hook '/ros2/carbi/install/rplidar_ros/share/rplidar_ros/hook/ld_library_path_lib.ps1'
[1.393s] INFO:colcon.colcon_core.shell:Creating environment descriptor '/ros2/carbi/install/rplidar_ros/share/rplidar_ros/hook/ld_library_path_lib.dsv'
[1.394s] INFO:colcon.colcon_core.shell:Creating environment hook '/ros2/carbi/install/rplidar_ros/share/rplidar_ros/hook/ld_library_path_lib.sh'
[1.395s] Level 1:colcon.colcon_core.environment:checking '/ros2/carbi/install/rplidar_ros/bin'
[1.395s] Level 1:colcon.colcon_core.environment:checking '/ros2/carbi/install/rplidar_ros/lib/pkgconfig/rplidar_ros.pc'
[1.395s] Level 1:colcon.colcon_core.environment:checking '/ros2/carbi/install/rplidar_ros/lib/python3.10/site-packages'
[1.395s] Level 1:colcon.colcon_core.environment:checking '/ros2/carbi/install/rplidar_ros/bin'
[1.396s] INFO:colcon.colcon_core.shell:Creating package script '/ros2/carbi/install/rplidar_ros/share/rplidar_ros/package.ps1'
[1.397s] INFO:colcon.colcon_core.shell:Creating package descriptor '/ros2/carbi/install/rplidar_ros/share/rplidar_ros/package.dsv'
[1.398s] INFO:colcon.colcon_core.shell:Creating package script '/ros2/carbi/install/rplidar_ros/share/rplidar_ros/package.sh'
[1.399s] INFO:colcon.colcon_core.shell:Creating package script '/ros2/carbi/install/rplidar_ros/share/rplidar_ros/package.bash'
[1.400s] INFO:colcon.colcon_core.shell:Creating package script '/ros2/carbi/install/rplidar_ros/share/rplidar_ros/package.zsh'
[1.401s] Level 1:colcon.colcon_core.environment:create_file_with_runtime_dependencies(/ros2/carbi/install/rplidar_ros/share/colcon-core/packages/rplidar_ros)
[1.494s] Level 1:colcon.colcon_core.environment:create_environment_scripts_only(rplidar_ros)
[1.496s] Level 1:colcon.colcon_core.environment:checking '/ros2/carbi/install/rplidar_ros' for CMake module files
[1.498s] Level 1:colcon.colcon_core.environment:checking '/ros2/carbi/install/rplidar_ros' for CMake config files
[1.500s] Level 1:colcon.colcon_core.shell:create_environment_hook('rplidar_ros', 'cmake_prefix_path')
[1.501s] INFO:colcon.colcon_core.shell:Creating environment hook '/ros2/carbi/install/rplidar_ros/share/rplidar_ros/hook/cmake_prefix_path.ps1'
[1.502s] INFO:colcon.colcon_core.shell:Creating environment descriptor '/ros2/carbi/install/rplidar_ros/share/rplidar_ros/hook/cmake_prefix_path.dsv'
[1.502s] INFO:colcon.colcon_core.shell:Creating environment hook '/ros2/carbi/install/rplidar_ros/share/rplidar_ros/hook/cmake_prefix_path.sh'
[1.504s] Level 1:colcon.colcon_core.environment:checking '/ros2/carbi/install/rplidar_ros/lib'
[1.504s] Level 1:colcon.colcon_core.shell:create_environment_hook('rplidar_ros', 'ld_library_path_lib')
[1.504s] INFO:colcon.colcon_core.shell:Creating environment hook '/ros2/carbi/install/rplidar_ros/share/rplidar_ros/hook/ld_library_path_lib.ps1'
[1.506s] INFO:colcon.colcon_core.shell:Creating environment descriptor '/ros2/carbi/install/rplidar_ros/share/rplidar_ros/hook/ld_library_path_lib.dsv'
[1.507s] INFO:colcon.colcon_core.shell:Creating environment hook '/ros2/carbi/install/rplidar_ros/share/rplidar_ros/hook/ld_library_path_lib.sh'
[1.509s] Level 1:colcon.colcon_core.environment:checking '/ros2/carbi/install/rplidar_ros/bin'
[1.509s] Level 1:colcon.colcon_core.environment:checking '/ros2/carbi/install/rplidar_ros/lib/pkgconfig/rplidar_ros.pc'
[1.509s] Level 1:colcon.colcon_core.environment:checking '/ros2/carbi/install/rplidar_ros/lib/python3.10/site-packages'
[1.510s] Level 1:colcon.colcon_core.environment:checking '/ros2/carbi/install/rplidar_ros/bin'
[1.510s] INFO:colcon.colcon_core.shell:Creating package script '/ros2/carbi/install/rplidar_ros/share/rplidar_ros/package.ps1'
[1.512s] INFO:colcon.colcon_core.shell:Creating package descriptor '/ros2/carbi/install/rplidar_ros/share/rplidar_ros/package.dsv'
[1.513s] INFO:colcon.colcon_core.shell:Creating package script '/ros2/carbi/install/rplidar_ros/share/rplidar_ros/package.sh'
[1.514s] INFO:colcon.colcon_core.shell:Creating package script '/ros2/carbi/install/rplidar_ros/share/rplidar_ros/package.bash'
[1.514s] INFO:colcon.colcon_core.shell:Creating package script '/ros2/carbi/install/rplidar_ros/share/rplidar_ros/package.zsh'
[1.515s] Level 1:colcon.colcon_core.environment:create_file_with_runtime_dependencies(/ros2/carbi/install/rplidar_ros/share/colcon-core/packages/rplidar_ros)
[1.515s] DEBUG:colcon.colcon_parallel_executor.executor.parallel:closing loop
[1.516s] DEBUG:colcon.colcon_parallel_executor.executor.parallel:loop closed
[1.516s] DEBUG:colcon.colcon_parallel_executor.executor.parallel:run_until_complete finished with '0'
[1.516s] DEBUG:colcon.colcon_core.event_reactor:joining thread
[1.569s] INFO:colcon.colcon_core.plugin_system:Skipping extension 'colcon_notification.desktop_notification.notify_send': Could not find 'notify-send'
[1.570s] INFO:colcon.colcon_core.plugin_system:Skipping extension 'colcon_notification.desktop_notification.terminal_notifier': Not used on non-Darwin systems
[1.570s] INFO:colcon.colcon_core.plugin_system:Skipping extension 'colcon_notification.desktop_notification.win32': Not used on non-Windows systems
[1.570s] INFO:colcon.colcon_notification.desktop_notification:Sending desktop notification using 'notify2'
[1.576s] DEBUG:colcon.colcon_notification.desktop_notification.notify2:Failed to initialize notify2: org.freedesktop.DBus.Error.Spawn.ExecFailed: /usr/bin/dbus-launch terminated abnormally without any error message
[1.576s] DEBUG:colcon.colcon_core.event_reactor:joined thread
[1.577s] INFO:colcon.colcon_core.shell:Creating prefix script '/ros2/carbi/install/local_setup.ps1'
[1.579s] INFO:colcon.colcon_core.shell:Creating prefix util module '/ros2/carbi/install/_local_setup_util_ps1.py'
[1.582s] INFO:colcon.colcon_core.shell:Creating prefix chain script '/ros2/carbi/install/setup.ps1'
[1.585s] INFO:colcon.colcon_core.shell:Creating prefix script '/ros2/carbi/install/local_setup.sh'
[1.586s] INFO:colcon.colcon_core.shell:Creating prefix util module '/ros2/carbi/install/_local_setup_util_sh.py'
[1.587s] INFO:colcon.colcon_core.shell:Creating prefix chain script '/ros2/carbi/install/setup.sh'
[1.589s] INFO:colcon.colcon_core.shell:Creating prefix script '/ros2/carbi/install/local_setup.bash'
[1.590s] INFO:colcon.colcon_core.shell:Creating prefix chain script '/ros2/carbi/install/setup.bash'
[1.592s] INFO:colcon.colcon_core.shell:Creating prefix script '/ros2/carbi/install/local_setup.zsh'
[1.593s] INFO:colcon.colcon_core.shell:Creating prefix chain script '/ros2/carbi/install/setup.zsh'
