[0.048s] Invoking command in '/ros2/carbi/build/carbi_kinematics': CMAKE_PREFIX_PATH=${CMAKE_PREFIX_PATH}:/opt/ros/humble /usr/bin/cmake --build /ros2/carbi/build/carbi_kinematics -- -j4 -l4
[0.252s] Invoked command in '/ros2/carbi/build/carbi_kinematics' returned '0': CMAKE_PREFIX_PATH=${CMAKE_PREFIX_PATH}:/opt/ros/humble /usr/bin/cmake --build /ros2/carbi/build/carbi_kinematics -- -j4 -l4
[0.451s] Invoking command in '/ros2/carbi/build/carbi_kinematics': CMAKE_PREFIX_PATH=${CMAKE_PREFIX_PATH}:/opt/ros/humble /usr/bin/cmake --install /ros2/carbi/build/carbi_kinematics
[0.488s] -- Install configuration: ""
[0.492s] -- Up-to-date: /ros2/carbi/install/carbi_kinematics/lib/carbi_kinematics/kinematics.py
[0.493s] -- Up-to-date: /ros2/carbi/install/carbi_kinematics/share/carbi_kinematics/scripts
[0.499s] -- Up-to-date: /ros2/carbi/install/carbi_kinematics/share/carbi_kinematics/scripts/kinematics.py
[0.499s] -- Up-to-date: /ros2/carbi/install/carbi_kinematics/share/ament_index/resource_index/package_run_dependencies/carbi_kinematics
[0.500s] -- Up-to-date: /ros2/carbi/install/carbi_kinematics/share/ament_index/resource_index/parent_prefix_path/carbi_kinematics
[0.502s] -- Up-to-date: /ros2/carbi/install/carbi_kinematics/share/carbi_kinematics/environment/ament_prefix_path.sh
[0.503s] -- Up-to-date: /ros2/carbi/install/carbi_kinematics/share/carbi_kinematics/environment/ament_prefix_path.dsv
[0.503s] -- Up-to-date: /ros2/carbi/install/carbi_kinematics/share/carbi_kinematics/environment/path.sh
[0.504s] -- Up-to-date: /ros2/carbi/install/carbi_kinematics/share/carbi_kinematics/environment/path.dsv
[0.504s] -- Up-to-date: /ros2/carbi/install/carbi_kinematics/share/carbi_kinematics/local_setup.bash
[0.507s] -- Up-to-date: /ros2/carbi/install/carbi_kinematics/share/carbi_kinematics/local_setup.sh
[0.540s] -- Up-to-date: /ros2/carbi/install/carbi_kinematics/share/carbi_kinematics/local_setup.zsh
[0.541s] -- Up-to-date: /ros2/carbi/install/carbi_kinematics/share/carbi_kinematics/local_setup.dsv
[0.541s] -- Installing: /ros2/carbi/install/carbi_kinematics/share/carbi_kinematics/package.dsv
[0.541s] -- Up-to-date: /ros2/carbi/install/carbi_kinematics/share/ament_index/resource_index/packages/carbi_kinematics
[0.541s] -- Up-to-date: /ros2/carbi/install/carbi_kinematics/share/carbi_kinematics/cmake/carbi_kinematicsConfig.cmake
[0.543s] -- Up-to-date: /ros2/carbi/install/carbi_kinematics/share/carbi_kinematics/cmake/carbi_kinematicsConfig-version.cmake
[0.543s] -- Up-to-date: /ros2/carbi/install/carbi_kinematics/share/carbi_kinematics/package.xml
[0.642s] Invoked command in '/ros2/carbi/build/carbi_kinematics' returned '0': CMAKE_PREFIX_PATH=${CMAKE_PREFIX_PATH}:/opt/ros/humble /usr/bin/cmake --install /ros2/carbi/build/carbi_kinematics
