[0.071s] Invoking command in '/ros2/carbi/build/carbi_bridge': CMAKE_PREFIX_PATH=${CMAKE_PREFIX_PATH}:/opt/ros/humble /usr/bin/cmake --build /ros2/carbi/build/carbi_bridge -- -j4 -l4
[0.305s] Invoked command in '/ros2/carbi/build/carbi_bridge' returned '0': CMAKE_PREFIX_PATH=${CMAKE_PREFIX_PATH}:/opt/ros/humble /usr/bin/cmake --build /ros2/carbi/build/carbi_bridge -- -j4 -l4
[0.485s] Invoking command in '/ros2/carbi/build/carbi_bridge': CMAKE_PREFIX_PATH=${CMAKE_PREFIX_PATH}:/opt/ros/humble /usr/bin/cmake --install /ros2/carbi/build/carbi_bridge
[0.516s] -- Install configuration: ""
[0.538s] -- Up-to-date: /ros2/carbi/install/carbi_bridge/lib/carbi_bridge/bridge.py
[0.552s] -- Up-to-date: /ros2/carbi/install/carbi_bridge/lib/carbi_bridge/kinematics.py
[0.553s] -- Up-to-date: /ros2/carbi/install/carbi_bridge/share/carbi_bridge/scripts
[0.553s] -- Up-to-date: /ros2/carbi/install/carbi_bridge/share/carbi_bridge/scripts/kinematics.py
[0.553s] -- Up-to-date: /ros2/carbi/install/carbi_bridge/share/carbi_bridge/scripts/bridge.py
[0.553s] -- Up-to-date: /ros2/carbi/install/carbi_bridge/share/carbi_bridge/launch
[0.553s] -- Up-to-date: /ros2/carbi/install/carbi_bridge/share/carbi_bridge/launch/carbi.launch.py
[0.553s] -- Up-to-date: /ros2/carbi/install/carbi_bridge/share/ament_index/resource_index/package_run_dependencies/carbi_bridge
[0.554s] -- Up-to-date: /ros2/carbi/install/carbi_bridge/share/ament_index/resource_index/parent_prefix_path/carbi_bridge
[0.554s] -- Up-to-date: /ros2/carbi/install/carbi_bridge/share/carbi_bridge/environment/ament_prefix_path.sh
[0.554s] -- Up-to-date: /ros2/carbi/install/carbi_bridge/share/carbi_bridge/environment/ament_prefix_path.dsv
[0.554s] -- Up-to-date: /ros2/carbi/install/carbi_bridge/share/carbi_bridge/environment/path.sh
[0.555s] -- Up-to-date: /ros2/carbi/install/carbi_bridge/share/carbi_bridge/environment/path.dsv
[0.555s] -- Up-to-date: /ros2/carbi/install/carbi_bridge/share/carbi_bridge/local_setup.bash
[0.556s] -- Up-to-date: /ros2/carbi/install/carbi_bridge/share/carbi_bridge/local_setup.sh
[0.556s] -- Up-to-date: /ros2/carbi/install/carbi_bridge/share/carbi_bridge/local_setup.zsh
[0.562s] -- Up-to-date: /ros2/carbi/install/carbi_bridge/share/carbi_bridge/local_setup.dsv
[0.562s] -- Installing: /ros2/carbi/install/carbi_bridge/share/carbi_bridge/package.dsv
[0.562s] -- Up-to-date: /ros2/carbi/install/carbi_bridge/share/ament_index/resource_index/packages/carbi_bridge
[0.562s] -- Up-to-date: /ros2/carbi/install/carbi_bridge/share/carbi_bridge/cmake/carbi_bridgeConfig.cmake
[0.562s] -- Up-to-date: /ros2/carbi/install/carbi_bridge/share/carbi_bridge/cmake/carbi_bridgeConfig-version.cmake
[0.562s] -- Up-to-date: /ros2/carbi/install/carbi_bridge/share/carbi_bridge/package.xml
[0.661s] Invoked command in '/ros2/carbi/build/carbi_bridge' returned '0': CMAKE_PREFIX_PATH=${CMAKE_PREFIX_PATH}:/opt/ros/humble /usr/bin/cmake --install /ros2/carbi/build/carbi_bridge
