[0.063s] Invoking command in '/ros2/carbi/build/carbi_sensor_interface': CMAKE_PREFIX_PATH=/opt/ros/humble /usr/bin/cmake --build /ros2/carbi/build/carbi_sensor_interface -- -j4 -l4
[0.216s] Invoked command in '/ros2/carbi/build/carbi_sensor_interface' returned '0': CMAKE_PREFIX_PATH=/opt/ros/humble /usr/bin/cmake --build /ros2/carbi/build/carbi_sensor_interface -- -j4 -l4
[0.292s] Invoking command in '/ros2/carbi/build/carbi_sensor_interface': CMAKE_PREFIX_PATH=/opt/ros/humble /usr/bin/cmake --install /ros2/carbi/build/carbi_sensor_interface
[0.344s] -- Install configuration: ""
[0.344s] -- Installing: /ros2/carbi/install/carbi_sensor_interface/lib/carbi_sensor_interface/imu_interface.py
[0.344s] -- Up-to-date: /ros2/carbi/install/carbi_sensor_interface/share/carbi_sensor_interface/scripts
[0.344s] -- Installing: /ros2/carbi/install/carbi_sensor_interface/share/carbi_sensor_interface/scripts/imu_interface.py
[0.346s] -- Up-to-date: /ros2/carbi/install/carbi_sensor_interface/share/ament_index/resource_index/package_run_dependencies/carbi_sensor_interface
[0.346s] -- Up-to-date: /ros2/carbi/install/carbi_sensor_interface/share/ament_index/resource_index/parent_prefix_path/carbi_sensor_interface
[0.346s] -- Up-to-date: /ros2/carbi/install/carbi_sensor_interface/share/carbi_sensor_interface/environment/ament_prefix_path.sh
[0.347s] -- Up-to-date: /ros2/carbi/install/carbi_sensor_interface/share/carbi_sensor_interface/environment/ament_prefix_path.dsv
[0.347s] -- Up-to-date: /ros2/carbi/install/carbi_sensor_interface/share/carbi_sensor_interface/environment/path.sh
[0.347s] -- Up-to-date: /ros2/carbi/install/carbi_sensor_interface/share/carbi_sensor_interface/environment/path.dsv
[0.347s] -- Up-to-date: /ros2/carbi/install/carbi_sensor_interface/share/carbi_sensor_interface/local_setup.bash
[0.348s] -- Up-to-date: /ros2/carbi/install/carbi_sensor_interface/share/carbi_sensor_interface/local_setup.sh
[0.348s] -- Up-to-date: /ros2/carbi/install/carbi_sensor_interface/share/carbi_sensor_interface/local_setup.zsh
[0.348s] -- Up-to-date: /ros2/carbi/install/carbi_sensor_interface/share/carbi_sensor_interface/local_setup.dsv
[0.348s] -- Installing: /ros2/carbi/install/carbi_sensor_interface/share/carbi_sensor_interface/package.dsv
[0.348s] -- Up-to-date: /ros2/carbi/install/carbi_sensor_interface/share/ament_index/resource_index/packages/carbi_sensor_interface
[0.348s] -- Up-to-date: /ros2/carbi/install/carbi_sensor_interface/share/carbi_sensor_interface/cmake/carbi_sensor_interfaceConfig.cmake
[0.348s] -- Up-to-date: /ros2/carbi/install/carbi_sensor_interface/share/carbi_sensor_interface/cmake/carbi_sensor_interfaceConfig-version.cmake
[0.349s] -- Up-to-date: /ros2/carbi/install/carbi_sensor_interface/share/carbi_sensor_interface/package.xml
[0.431s] Invoked command in '/ros2/carbi/build/carbi_sensor_interface' returned '0': CMAKE_PREFIX_PATH=/opt/ros/humble /usr/bin/cmake --install /ros2/carbi/build/carbi_sensor_interface
