[0.049s] Invoking command in '/ros2/carbi/build/carbi_robot_description': CMAKE_PREFIX_PATH=/opt/ros/humble /usr/bin/cmake --build /ros2/carbi/build/carbi_robot_description -- -j4 -l4
[0.273s] Invoked command in '/ros2/carbi/build/carbi_robot_description' returned '0': CMAKE_PREFIX_PATH=/opt/ros/humble /usr/bin/cmake --build /ros2/carbi/build/carbi_robot_description -- -j4 -l4
[0.460s] Invoking command in '/ros2/carbi/build/carbi_robot_description': CMAKE_PREFIX_PATH=/opt/ros/humble /usr/bin/cmake --install /ros2/carbi/build/carbi_robot_description
[0.503s] -- Install configuration: ""
[0.504s] -- Up-to-date: /ros2/carbi/install/carbi_robot_description/share/carbi_robot_description/launch
[0.505s] -- Up-to-date: /ros2/carbi/install/carbi_robot_description/share/carbi_robot_description/launch/display.launch.py
[0.507s] -- Up-to-date: /ros2/carbi/install/carbi_robot_description/share/carbi_robot_description/description
[0.512s] -- Up-to-date: /ros2/carbi/install/carbi_robot_description/share/carbi_robot_description/description/robot.urdf.xacro
[0.512s] -- Up-to-date: /ros2/carbi/install/carbi_robot_description/share/carbi_robot_description/description/robot_config.xacro
[0.512s] -- Up-to-date: /ros2/carbi/install/carbi_robot_description/share/carbi_robot_description/description/BGK_robot.urdf.xacro
[0.512s] -- Up-to-date: /ros2/carbi/install/carbi_robot_description/share/carbi_robot_description/rviz
[0.513s] -- Up-to-date: /ros2/carbi/install/carbi_robot_description/share/carbi_robot_description/rviz/display.rviz
[0.518s] -- Up-to-date: /ros2/carbi/install/carbi_robot_description/share/ament_index/resource_index/package_run_dependencies/carbi_robot_description
[0.519s] -- Up-to-date: /ros2/carbi/install/carbi_robot_description/share/ament_index/resource_index/parent_prefix_path/carbi_robot_description
[0.520s] -- Up-to-date: /ros2/carbi/install/carbi_robot_description/share/carbi_robot_description/environment/ament_prefix_path.sh
[0.521s] -- Up-to-date: /ros2/carbi/install/carbi_robot_description/share/carbi_robot_description/environment/ament_prefix_path.dsv
[0.521s] -- Up-to-date: /ros2/carbi/install/carbi_robot_description/share/carbi_robot_description/environment/path.sh
[0.528s] -- Up-to-date: /ros2/carbi/install/carbi_robot_description/share/carbi_robot_description/environment/path.dsv
[0.528s] -- Up-to-date: /ros2/carbi/install/carbi_robot_description/share/carbi_robot_description/local_setup.bash
[0.528s] -- Up-to-date: /ros2/carbi/install/carbi_robot_description/share/carbi_robot_description/local_setup.sh
[0.529s] -- Up-to-date: /ros2/carbi/install/carbi_robot_description/share/carbi_robot_description/local_setup.zsh
[0.530s] -- Up-to-date: /ros2/carbi/install/carbi_robot_description/share/carbi_robot_description/local_setup.dsv
[0.530s] -- Installing: /ros2/carbi/install/carbi_robot_description/share/carbi_robot_description/package.dsv
[0.530s] -- Up-to-date: /ros2/carbi/install/carbi_robot_description/share/ament_index/resource_index/packages/carbi_robot_description
[0.530s] -- Up-to-date: /ros2/carbi/install/carbi_robot_description/share/carbi_robot_description/cmake/carbi_robot_descriptionConfig.cmake
[0.530s] -- Up-to-date: /ros2/carbi/install/carbi_robot_description/share/carbi_robot_description/cmake/carbi_robot_descriptionConfig-version.cmake
[0.531s] -- Up-to-date: /ros2/carbi/install/carbi_robot_description/share/carbi_robot_description/package.xml
[0.608s] Invoked command in '/ros2/carbi/build/carbi_robot_description' returned '0': CMAKE_PREFIX_PATH=/opt/ros/humble /usr/bin/cmake --install /ros2/carbi/build/carbi_robot_description
