[0.071s] Invoking command in '/ros2/carbi/build/carbi_sensor_interface': CMAKE_PREFIX_PATH=${CMAKE_PREFIX_PATH}:/opt/ros/humble /usr/bin/cmake --build /ros2/carbi/build/carbi_sensor_interface -- -j4 -l4
[0.175s] Invoked command in '/ros2/carbi/build/carbi_sensor_interface' returned '0': CMAKE_PREFIX_PATH=${CMAKE_PREFIX_PATH}:/opt/ros/humble /usr/bin/cmake --build /ros2/carbi/build/carbi_sensor_interface -- -j4 -l4
[0.258s] Invoking command in '/ros2/carbi/build/carbi_sensor_interface': CMAKE_PREFIX_PATH=${CMAKE_PREFIX_PATH}:/opt/ros/humble /usr/bin/cmake --install /ros2/carbi/build/carbi_sensor_interface
[0.310s] -- Install configuration: ""
[0.316s] -- Up-to-date: /ros2/carbi/install/carbi_sensor_interface/lib/carbi_sensor_interface/camera_interface.py
[0.316s] -- Up-to-date: /ros2/carbi/install/carbi_sensor_interface/lib/carbi_sensor_interface/imu_interface.py
[0.317s] -- Up-to-date: /ros2/carbi/install/carbi_sensor_interface/lib/carbi_sensor_interface/mpu9250_i2c.py
[0.317s] -- Up-to-date: /ros2/carbi/install/carbi_sensor_interface/share/carbi_sensor_interface/scripts
[0.317s] -- Up-to-date: /ros2/carbi/install/carbi_sensor_interface/share/carbi_sensor_interface/scripts/imu_interface.py
[0.317s] -- Up-to-date: /ros2/carbi/install/carbi_sensor_interface/share/carbi_sensor_interface/scripts/mpu9250_i2c.py
[0.317s] -- Up-to-date: /ros2/carbi/install/carbi_sensor_interface/share/carbi_sensor_interface/scripts/camera_interface.py
[0.318s] -- Up-to-date: /ros2/carbi/install/carbi_sensor_interface/share/carbi_sensor_interface/scripts/test.py
[0.319s] -- Up-to-date: /ros2/carbi/install/carbi_sensor_interface/share/ament_index/resource_index/package_run_dependencies/carbi_sensor_interface
[0.319s] -- Up-to-date: /ros2/carbi/install/carbi_sensor_interface/share/ament_index/resource_index/parent_prefix_path/carbi_sensor_interface
[0.320s] -- Up-to-date: /ros2/carbi/install/carbi_sensor_interface/share/carbi_sensor_interface/environment/ament_prefix_path.sh
[0.320s] -- Up-to-date: /ros2/carbi/install/carbi_sensor_interface/share/carbi_sensor_interface/environment/ament_prefix_path.dsv
[0.320s] -- Up-to-date: /ros2/carbi/install/carbi_sensor_interface/share/carbi_sensor_interface/environment/path.sh
[0.320s] -- Up-to-date: /ros2/carbi/install/carbi_sensor_interface/share/carbi_sensor_interface/environment/path.dsv
[0.320s] -- Up-to-date: /ros2/carbi/install/carbi_sensor_interface/share/carbi_sensor_interface/local_setup.bash
[0.320s] -- Up-to-date: /ros2/carbi/install/carbi_sensor_interface/share/carbi_sensor_interface/local_setup.sh
[0.320s] -- Up-to-date: /ros2/carbi/install/carbi_sensor_interface/share/carbi_sensor_interface/local_setup.zsh
[0.320s] -- Up-to-date: /ros2/carbi/install/carbi_sensor_interface/share/carbi_sensor_interface/local_setup.dsv
[0.321s] -- Installing: /ros2/carbi/install/carbi_sensor_interface/share/carbi_sensor_interface/package.dsv
[0.321s] -- Up-to-date: /ros2/carbi/install/carbi_sensor_interface/share/ament_index/resource_index/packages/carbi_sensor_interface
[0.321s] -- Up-to-date: /ros2/carbi/install/carbi_sensor_interface/share/carbi_sensor_interface/cmake/carbi_sensor_interfaceConfig.cmake
[0.321s] -- Up-to-date: /ros2/carbi/install/carbi_sensor_interface/share/carbi_sensor_interface/cmake/carbi_sensor_interfaceConfig-version.cmake
[0.321s] -- Up-to-date: /ros2/carbi/install/carbi_sensor_interface/share/carbi_sensor_interface/package.xml
[0.354s] Invoked command in '/ros2/carbi/build/carbi_sensor_interface' returned '0': CMAKE_PREFIX_PATH=${CMAKE_PREFIX_PATH}:/opt/ros/humble /usr/bin/cmake --install /ros2/carbi/build/carbi_sensor_interface
